[inst #6] li      ra,1
Register Write to Reg: 0x01 Val: 0x00000001
[inst #7] li      sp,2
Register Write to Reg: 0x02 Val: 0x00000002
[inst #8] li      gp,3
Register Write to Reg: 0x03 Val: 0x00000003
[inst #9] li      tp,4
Register Write to Reg: 0x04 Val: 0x00000004
[inst #10] li      t0,5
Register Write to Reg: 0x05 Val: 0x00000005
[inst #11] li      t1,6
Register Write to Reg: 0x06 Val: 0x00000006
[inst #12] li      t2,7
Register Write to Reg: 0x07 Val: 0x00000007
[inst #13] li      s0,8
Register Write to Reg: 0x08 Val: 0x00000008
[inst #14] li      s1,9
Register Write to Reg: 0x09 Val: 0x00000009
[inst #15] li      a0,10
Register Write to Reg: 0x0a Val: 0x0000000a
