Memory Write to Addr: 0x10010000 Val: 0x00000000
Warning in C:\Users\Connor\Desktop\horizon\riscv\base.s line 12 column 1: RARS does not recognize the .noaltmacro directive.  Ignored.

[inst #1] addi x2,x0,1
Register Write to Reg: 0x02 Val: 0x00000001
[inst #2] addi x5,x0,10
Register Write to Reg: 0x05 Val: 0x0000000A
[inst #3] addi x6,x0,5
Register Write to Reg: 0x06 Val: 0x00000005
[inst #4] addi x8,x0,15
Register Write to Reg: 0x08 Val: 0x0000000F
[inst #5] add x7,x5,x6
Register Write to Reg: 0x07 Val: 0x0000000F
[inst #6] bne x7,x8,836
[inst #7] addi x2,x0,2
Register Write to Reg: 0x02 Val: 0x00000002
[inst #8] addi x5,x0,10
Register Write to Reg: 0x05 Val: 0x0000000A
[inst #9] addi x8,x0,12
Register Write to Reg: 0x08 Val: 0x0000000C
[inst #10] addi x7,x5,2
Register Write to Reg: 0x07 Val: 0x0000000C
[inst #11] bne x7,x8,816
[inst #12] addi x2,x0,3
Register Write to Reg: 0x02 Val: 0x00000003
[inst #13] addi x5,x0,20
Register Write to Reg: 0x05 Val: 0x00000014
[inst #14] addi x6,x0,5
Register Write to Reg: 0x06 Val: 0x00000005
[inst #15] addi x8,x0,15
Register Write to Reg: 0x08 Val: 0x0000000F
[inst #16] sub x7,x5,x6
Register Write to Reg: 0x07 Val: 0x0000000F
[inst #17] bne x7,x8,792
[inst #18] addi x2,x0,4
Register Write to Reg: 0x02 Val: 0x00000004
[inst #19] addi x5,x0,20
Register Write to Reg: 0x05 Val: 0x00000014
[inst #20] addi x8,x0,12
Register Write to Reg: 0x08 Val: 0x0000000C
[inst #21] addi x7,x5,-8
Register Write to Reg: 0x07 Val: 0x0000000C
[inst #22] bne x7,x8,772
[inst #23] addi x2,x0,5
Register Write to Reg: 0x02 Val: 0x00000005
[inst #24] addi x5,x0,10
Register Write to Reg: 0x05 Val: 0x0000000A
[inst #25] addi x6,x0,12
Register Write to Reg: 0x06 Val: 0x0000000C
[inst #26] addi x8,x0,14
Register Write to Reg: 0x08 Val: 0x0000000E
[inst #27] or x7,x5,x6
Register Write to Reg: 0x07 Val: 0x0000000E
[inst #28] bne x7,x8,748
[inst #29] addi x2,x0,6
Register Write to Reg: 0x02 Val: 0x00000006
[inst #30] addi x5,x0,10
Register Write to Reg: 0x05 Val: 0x0000000A
[inst #31] addi x8,x0,11
Register Write to Reg: 0x08 Val: 0x0000000B
[inst #32] ori x7,x5,1
Register Write to Reg: 0x07 Val: 0x0000000B
[inst #33] bne x7,x8,728
[inst #34] addi x2,x0,7
Register Write to Reg: 0x02 Val: 0x00000007
[inst #35] addi x5,x0,10
Register Write to Reg: 0x05 Val: 0x0000000A
[inst #36] addi x6,x0,3
Register Write to Reg: 0x06 Val: 0x00000003
[inst #37] addi x8,x0,2
Register Write to Reg: 0x08 Val: 0x00000002
[inst #38] and x7,x5,x6
Register Write to Reg: 0x07 Val: 0x00000002
[inst #39] bne x7,x8,704
[inst #40] addi x2,x0,8
Register Write to Reg: 0x02 Val: 0x00000008
[inst #41] addi x5,x0,10
Register Write to Reg: 0x05 Val: 0x0000000A
[inst #42] addi x8,x0,8
Register Write to Reg: 0x08 Val: 0x00000008
[inst #43] andi x7,x5,12
Register Write to Reg: 0x07 Val: 0x00000008
[inst #44] bne x7,x8,684
[inst #45] addi x2,x0,9
Register Write to Reg: 0x02 Val: 0x00000009
[inst #46] addi x5,x0,5
Register Write to Reg: 0x05 Val: 0x00000005
[inst #47] addi x6,x0,15
Register Write to Reg: 0x06 Val: 0x0000000F
[inst #48] xor x7,x5,x6
Register Write to Reg: 0x07 Val: 0x0000000A
[inst #49] addi x8,x0,10
Register Write to Reg: 0x08 Val: 0x0000000A
[inst #50] bne x7,x8,660
[inst #51] addi x2,x0,10
Register Write to Reg: 0x02 Val: 0x0000000A
[inst #52] addi x5,x0,3
Register Write to Reg: 0x05 Val: 0x00000003
[inst #53] addi x8,x0,12
Register Write to Reg: 0x08 Val: 0x0000000C
[inst #54] xori x7,x5,15
Register Write to Reg: 0x07 Val: 0x0000000C
[inst #55] bne x7,x8,640
[inst #56] addi x2,x0,11
Register Write to Reg: 0x02 Val: 0x0000000B
[inst #57] addi x5,x0,1
Register Write to Reg: 0x05 Val: 0x00000001
[inst #58] addi x6,x0,2
Register Write to Reg: 0x06 Val: 0x00000002
[inst #59] addi x8,x0,4
Register Write to Reg: 0x08 Val: 0x00000004
[inst #60] sll x7,x5,x6
Register Write to Reg: 0x07 Val: 0x00000004
[inst #61] bne x7,x8,616
[inst #62] addi x2,x0,12
Register Write to Reg: 0x02 Val: 0x0000000C
[inst #63] addi x5,x0,1
Register Write to Reg: 0x05 Val: 0x00000001
[inst #64] addi x8,x0,2
Register Write to Reg: 0x08 Val: 0x00000002
[inst #65] slli x7,x5,1
Register Write to Reg: 0x07 Val: 0x00000002
[inst #66] bne x7,x8,596
[inst #67] addi x2,x0,13
Register Write to Reg: 0x02 Val: 0x0000000D
[inst #68] addi x5,x0,4
Register Write to Reg: 0x05 Val: 0x00000004
[inst #69] addi x6,x0,2
Register Write to Reg: 0x06 Val: 0x00000002
[inst #70] addi x8,x0,1
Register Write to Reg: 0x08 Val: 0x00000001
[inst #71] srl x7,x5,x6
Register Write to Reg: 0x07 Val: 0x00000001
[inst #72] bne x7,x8,572
[inst #73] addi x2,x0,14
Register Write to Reg: 0x02 Val: 0x0000000E
[inst #74] addi x5,x0,4
Register Write to Reg: 0x05 Val: 0x00000004
[inst #75] addi x8,x0,2
Register Write to Reg: 0x08 Val: 0x00000002
[inst #76] srli x7,x5,1
Register Write to Reg: 0x07 Val: 0x00000002
[inst #77] bne x7,x8,552
[inst #78] addi x2,x0,15
Register Write to Reg: 0x02 Val: 0x0000000F
[inst #79] addi x5,x0,-8
Register Write to Reg: 0x05 Val: 0xFFFFFFF8
[inst #80] addi x6,x0,1
Register Write to Reg: 0x06 Val: 0x00000001
[inst #81] addi x8,x0,-4
Register Write to Reg: 0x08 Val: 0xFFFFFFFC
[inst #82] sra x7,x5,x6
Register Write to Reg: 0x07 Val: 0xFFFFFFFC
[inst #83] bne x7,x8,528
[inst #84] addi x2,x0,16
Register Write to Reg: 0x02 Val: 0x00000010
[inst #85] addi x5,x0,-8
Register Write to Reg: 0x05 Val: 0xFFFFFFF8
[inst #86] addi x8,x0,-2
Register Write to Reg: 0x08 Val: 0xFFFFFFFE
[inst #87] srai x7,x5,2
Register Write to Reg: 0x07 Val: 0xFFFFFFFE
[inst #88] bne x7,x8,508
[inst #89] addi x2,x0,17
Register Write to Reg: 0x02 Val: 0x00000011
[inst #90] addi x5,x0,-5
Register Write to Reg: 0x05 Val: 0xFFFFFFFB
[inst #91] addi x6,x0,4
Register Write to Reg: 0x06 Val: 0x00000004
[inst #92] addi x8,x0,1
Register Write to Reg: 0x08 Val: 0x00000001
[inst #93] slt x7,x5,x6
Register Write to Reg: 0x07 Val: 0x00000001
[inst #94] bne x7,x8,484
[inst #95] addi x2,x0,18
Register Write to Reg: 0x02 Val: 0x00000012
[inst #96] addi x5,x0,4
Register Write to Reg: 0x05 Val: 0x00000004
[inst #97] addi x8,x0,0
Register Write to Reg: 0x08 Val: 0x00000000
[inst #98] slti x7,x5,3
Register Write to Reg: 0x07 Val: 0x00000000
[inst #99] bne x7,x8,464
[inst #100] addi x2,x0,19
Register Write to Reg: 0x02 Val: 0x00000013
[inst #101] addi x5,x0,-5
Register Write to Reg: 0x05 Val: 0xFFFFFFFB
[inst #102] addi x6,x0,4
Register Write to Reg: 0x06 Val: 0x00000004
[inst #103] addi x8,x0,0
Register Write to Reg: 0x08 Val: 0x00000000
[inst #104] sltu x7,x5,x6
Register Write to Reg: 0x07 Val: 0x00000000
[inst #105] bne x7,x8,440
[inst #106] addi x2,x0,20
Register Write to Reg: 0x02 Val: 0x00000014
[inst #107] addi x5,x0,1
Register Write to Reg: 0x05 Val: 0x00000001
[inst #108] addi x8,x0,1
Register Write to Reg: 0x08 Val: 0x00000001
[inst #109] sltiu x7,x5,3
Register Write to Reg: 0x07 Val: 0x00000001
[inst #110] bne x7,x8,420
[inst #111] addi x2,x0,21
Register Write to Reg: 0x02 Val: 0x00000015
[inst #112] lui x7,74565
Register Write to Reg: 0x07 Val: 0x12345000
[inst #113] lui x8,74565
Register Write to Reg: 0x08 Val: 0x12345000
[inst #114] addi x8,x8,0
Register Write to Reg: 0x08 Val: 0x12345000
[inst #115] bne x7,x8,400
[inst #116] addi x2,x0,22
Register Write to Reg: 0x02 Val: 0x00000016
[inst #117] auipc x7,74565
Register Write to Reg: 0x07 Val: 0x127451D0
[inst #118] addi x2,x0,23
Register Write to Reg: 0x02 Val: 0x00000017
[inst #119] jal x7,8
Register Write to Reg: 0x07 Val: 0x004001DC
[inst #120] auipc x8,0
Register Write to Reg: 0x08 Val: 0x004001E0
[inst #121] addi x8,x8,0
Register Write to Reg: 0x08 Val: 0x004001E0
[inst #122] addi x8,x8,-4
Register Write to Reg: 0x08 Val: 0x004001DC
[inst #123] bne x7,x8,364
[inst #124] addi x2,x0,24
Register Write to Reg: 0x02 Val: 0x00000018
[inst #125] auipc x9,0
Register Write to Reg: 0x09 Val: 0x004001F4
[inst #126] addi x9,x9,24
Register Write to Reg: 0x09 Val: 0x0040020C
[inst #127] auipc x8,0
Register Write to Reg: 0x08 Val: 0x004001FC
[inst #128] addi x8,x8,16
Register Write to Reg: 0x08 Val: 0x0040020C
[inst #129] jalr x7,x9,0
Register Write to Reg: 0x07 Val: 0x00400208
[inst #130] addi x8,x8,-4
Register Write to Reg: 0x08 Val: 0x00400208
[inst #131] bne x7,x8,328
[inst #132] addi x7,x0,1
Register Write to Reg: 0x07 Val: 0x00000001
[inst #133] addi x8,x0,2
Register Write to Reg: 0x08 Val: 0x00000002
[inst #134] addi x9,x0,3
Register Write to Reg: 0x09 Val: 0x00000003
[inst #135] addi x2,x0,25
Register Write to Reg: 0x02 Val: 0x00000019
[inst #136] beq x7,x7,8
[inst #137] addi x2,x0,26
Register Write to Reg: 0x02 Val: 0x0000001A
[inst #138] bne x7,x8,8
[inst #139] addi x2,x0,27
Register Write to Reg: 0x02 Val: 0x0000001B
[inst #140] blt x7,x8,8
[inst #141] addi x2,x0,28
Register Write to Reg: 0x02 Val: 0x0000001C
[inst #142] bge x8,x7,8
[inst #143] addi x2,x0,29
Register Write to Reg: 0x02 Val: 0x0000001D
[inst #144] bltu x7,x8,8
[inst #145] addi x2,x0,30
Register Write to Reg: 0x02 Val: 0x0000001E
[inst #146] bgeu x8,x7,8
[inst #147] addi x2,x0,31
Register Write to Reg: 0x02 Val: 0x0000001F
[inst #148] lui x6,74565
Register Write to Reg: 0x06 Val: 0x12345000
[inst #149] addi x6,x6,1656
Register Write to Reg: 0x06 Val: 0x12345678
[inst #150] auipc x9,64528
Register Write to Reg: 0x09 Val: 0x10010274
[inst #151] addi x9,x9,-628
Register Write to Reg: 0x09 Val: 0x10010000
[inst #152] sw x6,0(x9)
Memory Write to Addr: 0x10010000 Val: 0x12345678
[inst #153] lb x7,0(x9)
Register Write to Reg: 0x07 Val: 0x00000078
[inst #154] addi x8,x0,120
Register Write to Reg: 0x08 Val: 0x00000078
[inst #155] bne x7,x8,208
[inst #156] addi x2,x0,32
Register Write to Reg: 0x02 Val: 0x00000020
[inst #157] lui x6,74565
Register Write to Reg: 0x06 Val: 0x12345000
[inst #158] addi x6,x6,1656
Register Write to Reg: 0x06 Val: 0x12345678
[inst #159] auipc x9,64528
Register Write to Reg: 0x09 Val: 0x10010298
[inst #160] addi x9,x9,-664
Register Write to Reg: 0x09 Val: 0x10010000
[inst #161] sw x6,0(x9)
Memory Write to Addr: 0x10010000 Val: 0x12345678
[inst #162] lbu x7,0(x9)
Register Write to Reg: 0x07 Val: 0x00000078
[inst #163] addi x8,x0,120
Register Write to Reg: 0x08 Val: 0x00000078
[inst #164] bne x7,x8,172
[inst #165] addi x2,x0,33
Register Write to Reg: 0x02 Val: 0x00000021
[inst #166] lui x6,74565
Register Write to Reg: 0x06 Val: 0x12345000
[inst #167] addi x6,x6,1656
Register Write to Reg: 0x06 Val: 0x12345678
[inst #168] auipc x9,64528
Register Write to Reg: 0x09 Val: 0x100102BC
[inst #169] addi x9,x9,-700
Register Write to Reg: 0x09 Val: 0x10010000
[inst #170] sw x6,0(x9)
Memory Write to Addr: 0x10010000 Val: 0x12345678
[inst #171] lh x7,0(x9)
Register Write to Reg: 0x07 Val: 0x00005678
[inst #172] lui x8,5
Register Write to Reg: 0x08 Val: 0x00005000
[inst #173] addi x8,x8,1656
Register Write to Reg: 0x08 Val: 0x00005678
[inst #174] bne x7,x8,132
[inst #175] addi x2,x0,34
Register Write to Reg: 0x02 Val: 0x00000022
[inst #176] lui x6,74565
Register Write to Reg: 0x06 Val: 0x12345000
[inst #177] addi x6,x6,1656
Register Write to Reg: 0x06 Val: 0x12345678
[inst #178] auipc x9,64528
Register Write to Reg: 0x09 Val: 0x100102E4
[inst #179] addi x9,x9,-740
Register Write to Reg: 0x09 Val: 0x10010000
[inst #180] sw x6,0(x9)
Memory Write to Addr: 0x10010000 Val: 0x12345678
[inst #181] lhu x7,0(x9)
Register Write to Reg: 0x07 Val: 0x00005678
[inst #182] lui x8,5
Register Write to Reg: 0x08 Val: 0x00005000
[inst #183] addi x8,x8,1656
Register Write to Reg: 0x08 Val: 0x00005678
[inst #184] bne x7,x8,92
[inst #185] addi x2,x0,35
Register Write to Reg: 0x02 Val: 0x00000023
[inst #186] lui x6,74565
Register Write to Reg: 0x06 Val: 0x12345000
[inst #187] addi x6,x6,1656
Register Write to Reg: 0x06 Val: 0x12345678
[inst #188] auipc x9,64528
Register Write to Reg: 0x09 Val: 0x1001030C
[inst #189] addi x9,x9,-780
Register Write to Reg: 0x09 Val: 0x10010000
[inst #190] sw x6,0(x9)
Memory Write to Addr: 0x10010000 Val: 0x12345678
[inst #191] lw x7,0(x9)
Register Write to Reg: 0x07 Val: 0x12345678
[inst #192] lui x8,74565
Register Write to Reg: 0x08 Val: 0x12345000
[inst #193] addi x8,x8,1656
Register Write to Reg: 0x08 Val: 0x12345678
[inst #194] bne x7,x8,52
[inst #195] addi x2,x0,38
Register Write to Reg: 0x02 Val: 0x00000026
[inst #196] lui x6,74565
Register Write to Reg: 0x06 Val: 0x12345000
[inst #197] addi x6,x6,1656
Register Write to Reg: 0x06 Val: 0x12345678
[inst #198] lui x8,74565
Register Write to Reg: 0x08 Val: 0x12345000
[inst #199] addi x8,x8,1656
Register Write to Reg: 0x08 Val: 0x12345678
[inst #200] auipc x9,64528
Register Write to Reg: 0x09 Val: 0x1001033C
[inst #201] addi x9,x9,-828
Register Write to Reg: 0x09 Val: 0x10010000
[inst #202] sw x0,0(x9)
Memory Write to Addr: 0x10010000 Val: 0x00000000
[inst #203] sw x6,0(x9)
Memory Write to Addr: 0x10010000 Val: 0x12345678
[inst #204] lw x7,0(x9)
Register Write to Reg: 0x07 Val: 0x12345678
[inst #205] bne x7,x8,8
[inst #206] jal x0,12
Register Write to Reg: 0x00 Val: 0x00400358
[inst #207] addi x1,x0,0
Register Write to Reg: 0x01 Val: 0x00000000
[inst #208] ebreak 

Program terminated by dropping off the bottom.
