In clock cycle: 4
Register Write to Reg: 0x02 Val: 0x00000001
In clock cycle: 5
Register Write to Reg: 0x05 Val: 0x0000000A
In clock cycle: 6
Register Write to Reg: 0x06 Val: 0x00000005
In clock cycle: 7
Register Write to Reg: 0x08 Val: 0x0000000F
In clock cycle: 9
Register Write to Reg: 0x07 Val: 0x0000000F
In clock cycle: 11
Register Write to Reg: 0x02 Val: 0x00000002
In clock cycle: 12
Register Write to Reg: 0x05 Val: 0x0000000A
In clock cycle: 13
Register Write to Reg: 0x08 Val: 0x0000000C
In clock cycle: 14
Register Write to Reg: 0x07 Val: 0x0000000C
In clock cycle: 17
Register Write to Reg: 0x02 Val: 0x00000003
In clock cycle: 18
Register Write to Reg: 0x05 Val: 0x00000014
In clock cycle: 19
Register Write to Reg: 0x06 Val: 0x00000005
In clock cycle: 20
Register Write to Reg: 0x08 Val: 0x0000000F
In clock cycle: 22
Register Write to Reg: 0x07 Val: 0x0000000F
In clock cycle: 24
Register Write to Reg: 0x02 Val: 0x00000004
In clock cycle: 25
Register Write to Reg: 0x05 Val: 0x00000014
In clock cycle: 26
Register Write to Reg: 0x08 Val: 0x0000000C
In clock cycle: 27
Register Write to Reg: 0x07 Val: 0x0000000C
In clock cycle: 30
Register Write to Reg: 0x02 Val: 0x00000005
In clock cycle: 31
Register Write to Reg: 0x05 Val: 0x0000000A
In clock cycle: 32
Register Write to Reg: 0x06 Val: 0x0000000C
In clock cycle: 33
Register Write to Reg: 0x08 Val: 0x0000000E
In clock cycle: 35
Register Write to Reg: 0x07 Val: 0x0000000E
In clock cycle: 37
Register Write to Reg: 0x02 Val: 0x00000006
In clock cycle: 38
Register Write to Reg: 0x05 Val: 0x0000000A
In clock cycle: 39
Register Write to Reg: 0x08 Val: 0x0000000B
In clock cycle: 40
Register Write to Reg: 0x07 Val: 0x0000000B
In clock cycle: 43
Register Write to Reg: 0x02 Val: 0x00000007
In clock cycle: 44
Register Write to Reg: 0x05 Val: 0x0000000A
In clock cycle: 45
Register Write to Reg: 0x06 Val: 0x00000003
In clock cycle: 46
Register Write to Reg: 0x08 Val: 0x00000002
In clock cycle: 48
Register Write to Reg: 0x07 Val: 0x00000002
In clock cycle: 50
Register Write to Reg: 0x02 Val: 0x00000008
In clock cycle: 51
Register Write to Reg: 0x05 Val: 0x0000000A
In clock cycle: 52
Register Write to Reg: 0x08 Val: 0x00000008
In clock cycle: 53
Register Write to Reg: 0x07 Val: 0x00000008
In clock cycle: 56
Register Write to Reg: 0x02 Val: 0x00000009
In clock cycle: 57
Register Write to Reg: 0x05 Val: 0x00000005
In clock cycle: 58
Register Write to Reg: 0x06 Val: 0x0000000F
In clock cycle: 59
Register Write to Reg: 0x07 Val: 0x0000000A
In clock cycle: 60
Register Write to Reg: 0x08 Val: 0x0000000A
In clock cycle: 62
Register Write to Reg: 0x02 Val: 0x0000000A
In clock cycle: 63
Register Write to Reg: 0x05 Val: 0x00000003
In clock cycle: 64
Register Write to Reg: 0x08 Val: 0x0000000C
In clock cycle: 65
Register Write to Reg: 0x07 Val: 0x0000000C
In clock cycle: 68
Register Write to Reg: 0x02 Val: 0x0000000B
In clock cycle: 69
Register Write to Reg: 0x05 Val: 0x00000001
In clock cycle: 71
Register Write to Reg: 0x06 Val: 0x00000002
In clock cycle: 72
Register Write to Reg: 0x08 Val: 0x00000004
In clock cycle: 74
Register Write to Reg: 0x07 Val: 0x00000004
In clock cycle: 76
Register Write to Reg: 0x02 Val: 0x0000000C
In clock cycle: 77
Register Write to Reg: 0x05 Val: 0x00000001
In clock cycle: 79
Register Write to Reg: 0x08 Val: 0x00000002
In clock cycle: 80
Register Write to Reg: 0x07 Val: 0x00000002
In clock cycle: 83
Register Write to Reg: 0x02 Val: 0x0000000D
In clock cycle: 84
Register Write to Reg: 0x05 Val: 0x00000004
In clock cycle: 86
Register Write to Reg: 0x06 Val: 0x00000002
In clock cycle: 87
Register Write to Reg: 0x08 Val: 0x00000001
In clock cycle: 89
Register Write to Reg: 0x07 Val: 0x00000001
In clock cycle: 91
Register Write to Reg: 0x02 Val: 0x0000000E
In clock cycle: 92
Register Write to Reg: 0x05 Val: 0x00000004
In clock cycle: 94
Register Write to Reg: 0x08 Val: 0x00000002
In clock cycle: 95
Register Write to Reg: 0x07 Val: 0x00000002
In clock cycle: 98
Register Write to Reg: 0x02 Val: 0x0000000F
In clock cycle: 99
Register Write to Reg: 0x05 Val: 0xFFFFFFF8
In clock cycle: 100
Register Write to Reg: 0x06 Val: 0x00000001
In clock cycle: 101
Register Write to Reg: 0x08 Val: 0xFFFFFFFC
In clock cycle: 103
Register Write to Reg: 0x07 Val: 0xFFFFFFFC
In clock cycle: 106
Register Write to Reg: 0x02 Val: 0x00000010
In clock cycle: 107
Register Write to Reg: 0x05 Val: 0xFFFFFFF8
In clock cycle: 108
Register Write to Reg: 0x08 Val: 0xFFFFFFFE
In clock cycle: 109
Register Write to Reg: 0x07 Val: 0xFFFFFFFE
In clock cycle: 112
Register Write to Reg: 0x02 Val: 0x00000011
In clock cycle: 113
Register Write to Reg: 0x05 Val: 0xFFFFFFFB
In clock cycle: 114
Register Write to Reg: 0x06 Val: 0x00000004
In clock cycle: 115
Register Write to Reg: 0x08 Val: 0x00000001
In clock cycle: 117
Register Write to Reg: 0x07 Val: 0x00000001
In clock cycle: 119
Register Write to Reg: 0x02 Val: 0x00000012
In clock cycle: 120
Register Write to Reg: 0x05 Val: 0x00000004
In clock cycle: 121
Register Write to Reg: 0x08 Val: 0x00000000
In clock cycle: 122
Register Write to Reg: 0x07 Val: 0x00000000
In clock cycle: 125
Register Write to Reg: 0x02 Val: 0x00000013
In clock cycle: 126
Register Write to Reg: 0x05 Val: 0xFFFFFFFB
In clock cycle: 127
Register Write to Reg: 0x06 Val: 0x00000004
In clock cycle: 128
Register Write to Reg: 0x08 Val: 0x00000000
In clock cycle: 130
Register Write to Reg: 0x07 Val: 0x00000000
In clock cycle: 132
Register Write to Reg: 0x02 Val: 0x00000014
In clock cycle: 133
Register Write to Reg: 0x05 Val: 0x00000001
In clock cycle: 134
Register Write to Reg: 0x08 Val: 0x00000001
In clock cycle: 135
Register Write to Reg: 0x07 Val: 0x00000001
In clock cycle: 138
Register Write to Reg: 0x02 Val: 0x00000015
In clock cycle: 139
Register Write to Reg: 0x07 Val: 0x12345000
In clock cycle: 140
Register Write to Reg: 0x08 Val: 0x12345000
In clock cycle: 141
Register Write to Reg: 0x08 Val: 0x12345000
In clock cycle: 145
Register Write to Reg: 0x02 Val: 0x00000016
In clock cycle: 146
Register Write to Reg: 0x07 Val: 0x127451D0
In clock cycle: 147
Register Write to Reg: 0x02 Val: 0x00000017
In clock cycle: 148
Register Write to Reg: 0x07 Val: 0x004001DC
In clock cycle: 150
Register Write to Reg: 0x00 Val: 0x00000000
In clock cycle: 151
Register Write to Reg: 0x08 Val: 0x004001E0
In clock cycle: 152
Register Write to Reg: 0x08 Val: 0x004001E0
In clock cycle: 153
Register Write to Reg: 0x08 Val: 0x004001DC
In clock cycle: 157
Register Write to Reg: 0x02 Val: 0x00000018
In clock cycle: 158
Register Write to Reg: 0x09 Val: 0x004001F4
In clock cycle: 159
Register Write to Reg: 0x09 Val: 0x0040020C
In clock cycle: 160
Register Write to Reg: 0x08 Val: 0x004001FC
In clock cycle: 161
Register Write to Reg: 0x08 Val: 0x0040020C
In clock cycle: 162
Register Write to Reg: 0x07 Val: 0x00400208
In clock cycle: 164
Register Write to Reg: 0x00 Val: 0x00000000
In clock cycle: 165
Register Write to Reg: 0x08 Val: 0x00400208
In clock cycle: 167
Register Write to Reg: 0x07 Val: 0x00000001
In clock cycle: 168
Register Write to Reg: 0x08 Val: 0x00000002
In clock cycle: 169
Register Write to Reg: 0x09 Val: 0x00000003
In clock cycle: 170
Register Write to Reg: 0x02 Val: 0x00000019
In clock cycle: 173
Register Write to Reg: 0x00 Val: 0x00000000
In clock cycle: 174
Register Write to Reg: 0x02 Val: 0x0000001A
In clock cycle: 177
Register Write to Reg: 0x00 Val: 0x00000000
In clock cycle: 178
Register Write to Reg: 0x02 Val: 0x0000001B
In clock cycle: 181
Register Write to Reg: 0x00 Val: 0x00000000
In clock cycle: 182
Register Write to Reg: 0x02 Val: 0x0000001C
In clock cycle: 185
Register Write to Reg: 0x00 Val: 0x00000000
In clock cycle: 186
Register Write to Reg: 0x02 Val: 0x0000001D
In clock cycle: 189
Register Write to Reg: 0x00 Val: 0x00000000
In clock cycle: 190
Register Write to Reg: 0x02 Val: 0x0000001E
In clock cycle: 193
Register Write to Reg: 0x00 Val: 0x00000000
In clock cycle: 194
Register Write to Reg: 0x02 Val: 0x0000001F
In clock cycle: 195
Register Write to Reg: 0x06 Val: 0x12345000
In clock cycle: 196
Register Write to Reg: 0x06 Val: 0x12345678
In clock cycle: 197
Register Write to Reg: 0x09 Val: 0x10010274
In clock cycle: 198
Register Write to Reg: 0x09 Val: 0x10010000
In clock cycle: 200
Memory Write to Addr: 0x10010000 Val: 0x12345678
In clock cycle: 202
Register Write to Reg: 0x07 Val: 0x00000078
In clock cycle: 203
Register Write to Reg: 0x08 Val: 0x00000078
In clock cycle: 205
Register Write to Reg: 0x02 Val: 0x00000020
In clock cycle: 206
Register Write to Reg: 0x06 Val: 0x12345000
In clock cycle: 207
Register Write to Reg: 0x06 Val: 0x12345678
In clock cycle: 208
Register Write to Reg: 0x09 Val: 0x10010298
In clock cycle: 209
Register Write to Reg: 0x09 Val: 0x10010000
In clock cycle: 211
Memory Write to Addr: 0x10010000 Val: 0x12345678
In clock cycle: 213
Register Write to Reg: 0x07 Val: 0x00000078
In clock cycle: 214
Register Write to Reg: 0x08 Val: 0x00000078
In clock cycle: 216
Register Write to Reg: 0x02 Val: 0x00000021
In clock cycle: 217
Register Write to Reg: 0x06 Val: 0x12345000
In clock cycle: 218
Register Write to Reg: 0x06 Val: 0x12345678
In clock cycle: 219
Register Write to Reg: 0x09 Val: 0x100102BC
In clock cycle: 220
Register Write to Reg: 0x09 Val: 0x10010000
In clock cycle: 222
Memory Write to Addr: 0x10010000 Val: 0x12345678
In clock cycle: 224
Register Write to Reg: 0x07 Val: 0x00005678
In clock cycle: 225
Register Write to Reg: 0x08 Val: 0x00005000
In clock cycle: 226
Register Write to Reg: 0x08 Val: 0x00005678
In clock cycle: 230
Register Write to Reg: 0x02 Val: 0x00000022
In clock cycle: 231
Register Write to Reg: 0x06 Val: 0x12345000
In clock cycle: 232
Register Write to Reg: 0x06 Val: 0x12345678
In clock cycle: 233
Register Write to Reg: 0x09 Val: 0x100102E4
In clock cycle: 234
Register Write to Reg: 0x09 Val: 0x10010000
In clock cycle: 236
Memory Write to Addr: 0x10010000 Val: 0x12345678
In clock cycle: 238
Register Write to Reg: 0x07 Val: 0x00005678
In clock cycle: 239
Register Write to Reg: 0x08 Val: 0x00005000
In clock cycle: 240
Register Write to Reg: 0x08 Val: 0x00005678
In clock cycle: 244
Register Write to Reg: 0x02 Val: 0x00000023
In clock cycle: 245
Register Write to Reg: 0x06 Val: 0x12345000
In clock cycle: 246
Register Write to Reg: 0x06 Val: 0x12345678
In clock cycle: 247
Register Write to Reg: 0x09 Val: 0x1001030C
In clock cycle: 248
Register Write to Reg: 0x09 Val: 0x10010000
In clock cycle: 250
Memory Write to Addr: 0x10010000 Val: 0x12345678
In clock cycle: 252
Register Write to Reg: 0x07 Val: 0x12345678
In clock cycle: 253
Register Write to Reg: 0x08 Val: 0x12345000
In clock cycle: 254
Register Write to Reg: 0x08 Val: 0x12345678
In clock cycle: 258
Register Write to Reg: 0x02 Val: 0x00000026
In clock cycle: 259
Register Write to Reg: 0x06 Val: 0x12345000
In clock cycle: 260
Register Write to Reg: 0x06 Val: 0x12345678
In clock cycle: 261
Register Write to Reg: 0x08 Val: 0x12345000
In clock cycle: 262
Register Write to Reg: 0x08 Val: 0x12345678
In clock cycle: 263
Register Write to Reg: 0x09 Val: 0x1001033C
In clock cycle: 264
Register Write to Reg: 0x09 Val: 0x10010000
In clock cycle: 266
Memory Write to Addr: 0x10010000 Val: 0x00000000
In clock cycle: 267
Memory Write to Addr: 0x10010000 Val: 0x12345678
In clock cycle: 269
Register Write to Reg: 0x07 Val: 0x12345678
In clock cycle: 272
Register Write to Reg: 0x00 Val: 0x00400358
In clock cycle: 274
Register Write to Reg: 0x00 Val: 0x00000000
In clock cycle: 275
Register Write to Reg: 0x01 Val: 0x00000000
Execution stopped at cycle 276
