../../src/ieee2008/numeric_std-body.vhdl:3036:7:@0ms:(assertion warning): NUMERIC_STD.TO_INTEGER: metavalue detected, returning 0
../../src/ieee2008/numeric_std-body.vhdl:3036:7:@0ms:(assertion warning): NUMERIC_STD.TO_INTEGER: metavalue detected, returning 0
../../src/ieee2008/numeric_std-body.vhdl:3036:7:@0ms:(assertion warning): NUMERIC_STD.TO_INTEGER: metavalue detected, returning 0
../../src/ieee2008/numeric_std-body.vhdl:3036:7:@0ms:(assertion warning): NUMERIC_STD.TO_INTEGER: metavalue detected, returning 0
../../src/ieee2008/numeric_std-body.vhdl:3036:7:@0ms:(assertion warning): NUMERIC_STD.TO_INTEGER: metavalue detected, returning 0
./source/control_unit.vhd:1725:25:@0ms:(report note): Illegal Instruction (0xUUUUUUUUUUUUUUUUUUUUUUUUUUUUUUUU)
../../src/ieee2008/numeric_std-body.vhdl:3036:7:@0ms:(assertion warning): NUMERIC_STD.TO_INTEGER: metavalue detected, returning 0
../../src/ieee2008/numeric_std-body.vhdl:3036:7:@0ms:(assertion warning): NUMERIC_STD.TO_INTEGER: metavalue detected, returning 0
../../src/ieee2008/numeric_std-body.vhdl:1320:7:@0ms:(assertion warning): NUMERIC_STD."<": metavalue detected, returning FALSE
../../src/ieee2008/numeric_std-body.vhdl:1347:7:@0ms:(assertion warning): NUMERIC_STD."<": metavalue detected, returning FALSE
../../src/ieee2008/numeric_std-body.vhdl:1347:7:@0ms:(assertion warning): NUMERIC_STD."<": metavalue detected, returning FALSE
../../src/ieee2008/numeric_std-body.vhdl:1320:7:@0ms:(assertion warning): NUMERIC_STD."<": metavalue detected, returning FALSE
../../src/ieee2008/numeric_std-body.vhdl:1195:7:@0ms:(assertion warning): NUMERIC_STD.">": metavalue detected, returning FALSE
../../src/ieee2008/numeric_std-body.vhdl:1168:7:@0ms:(assertion warning): NUMERIC_STD.">": metavalue detected, returning FALSE
../../src/ieee2008/numeric_std-body.vhdl:1168:7:@0ms:(assertion warning): NUMERIC_STD.">": metavalue detected, returning FALSE
../../src/ieee2008/numeric_std-body.vhdl:1195:7:@0ms:(assertion warning): NUMERIC_STD.">": metavalue detected, returning FALSE
../../src/ieee2008/numeric_std-body.vhdl:1320:7:@0ms:(assertion warning): NUMERIC_STD."<": metavalue detected, returning FALSE
../../src/ieee2008/numeric_std-body.vhdl:1347:7:@0ms:(assertion warning): NUMERIC_STD."<": metavalue detected, returning FALSE
../../src/ieee2008/numeric_std-body.vhdl:1347:7:@0ms:(assertion warning): NUMERIC_STD."<": metavalue detected, returning FALSE
../../src/ieee2008/numeric_std-body.vhdl:1320:7:@0ms:(assertion warning): NUMERIC_STD."<": metavalue detected, returning FALSE
../../src/ieee2008/numeric_std-body.vhdl:3036:7:@0ms:(assertion warning): NUMERIC_STD.TO_INTEGER: metavalue detected, returning 0
../../src/ieee2008/numeric_std-body.vhdl:3036:7:@0ms:(assertion warning): NUMERIC_STD.TO_INTEGER: metavalue detected, returning 0
./source/control_unit.vhd:1725:25:@0ms:(report note): Illegal Instruction (0xUUUUUUUUUUUUUUUUUUUUUUUUUUUUUUUU)
../../src/ieee2008/numeric_std-body.vhdl:3036:7:@0ms:(assertion warning): NUMERIC_STD.TO_INTEGER: metavalue detected, returning 0
../../src/ieee2008/numeric_std-body.vhdl:3036:7:@0ms:(assertion warning): NUMERIC_STD.TO_INTEGER: metavalue detected, returning 0
./source/control_unit.vhd:1725:25:@0ms:(report note): Illegal Instruction (0xUUUUUUUUUUUUUUUUUUUUUUUUUUUUUUUU)
../../src/ieee2008/numeric_std-body.vhdl:3036:7:@15ns:(assertion warning): NUMERIC_STD.TO_INTEGER: metavalue detected, returning 0
../../src/ieee2008/numeric_std-body.vhdl:3036:7:@15ns:(assertion warning): NUMERIC_STD.TO_INTEGER: metavalue detected, returning 0
../../src/ieee2008/numeric_std-body.vhdl:3036:7:@15ns:(assertion warning): NUMERIC_STD.TO_INTEGER: metavalue detected, returning 0
../../src/ieee2008/numeric_std-body.vhdl:3036:7:@15ns:(assertion warning): NUMERIC_STD.TO_INTEGER: metavalue detected, returning 0
../../src/ieee2008/numeric_std-body.vhdl:1168:7:@15ns:(assertion warning): NUMERIC_STD.">": metavalue detected, returning FALSE
../../src/ieee2008/numeric_std-body.vhdl:1195:7:@15ns:(assertion warning): NUMERIC_STD.">": metavalue detected, returning FALSE
../../src/ieee2008/numeric_std-body.vhdl:1320:7:@15ns:(assertion warning): NUMERIC_STD."<": metavalue detected, returning FALSE
../../src/ieee2008/numeric_std-body.vhdl:1347:7:@15ns:(assertion warning): NUMERIC_STD."<": metavalue detected, returning FALSE
../../src/ieee2008/numeric_std-body.vhdl:1347:7:@15ns:(assertion warning): NUMERIC_STD."<": metavalue detected, returning FALSE
../../src/ieee2008/numeric_std-body.vhdl:1320:7:@15ns:(assertion warning): NUMERIC_STD."<": metavalue detected, returning FALSE
../../src/ieee2008/numeric_std-body.vhdl:3036:7:@20ns:(assertion warning): NUMERIC_STD.TO_INTEGER: metavalue detected, returning 0
../../src/ieee2008/numeric_std-body.vhdl:3036:7:@20ns:(assertion warning): NUMERIC_STD.TO_INTEGER: metavalue detected, returning 0
./source/control_unit.vhd:1011:41:@24860ns:(report note): addi
./source/control_unit.vhd:1011:41:@24880ns:(report note): addi
./source/control_unit.vhd:1011:41:@24880ns:(report note): addi
./source/control_unit.vhd:1011:41:@24880ns:(report note): addi
./source/control_unit.vhd:1011:41:@24880ns:(report note): addi
./source/control_unit.vhd:1011:41:@24900ns:(report note): addi
./source/control_unit.vhd:1011:41:@24900ns:(report note): addi
./source/control_unit.vhd:1011:41:@24900ns:(report note): addi
./source/control_unit.vhd:1011:41:@24900ns:(report note): addi
./source/control_unit.vhd:1011:41:@24920ns:(report note): addi
./source/control_unit.vhd:1011:41:@24920ns:(report note): addi
./source/control_unit.vhd:1011:41:@24920ns:(report note): addi
./source/control_unit.vhd:1011:41:@24920ns:(report note): addi
./source/control_unit.vhd:1011:41:@24940ns:(report note): addi
./source/control_unit.vhd:1011:41:@24940ns:(report note): addi
./source/control_unit.vhd:1011:41:@24940ns:(report note): addi
./source/control_unit.vhd:1011:41:@24940ns:(report note): addi
./source/control_unit.vhd:1011:41:@24960ns:(report note): addi
./source/control_unit.vhd:1293:49:@24960ns:(report note): add
./source/control_unit.vhd:1293:49:@24960ns:(report note): add
./source/control_unit.vhd:1293:49:@24960ns:(report note): add
./source/control_unit.vhd:1293:49:@25us:(report note): add
./source/control_unit.vhd:1389:41:@25us:(report note): bne
./source/control_unit.vhd:1389:41:@25us:(report note): bne
./source/control_unit.vhd:1389:41:@25us:(report note): bne
./source/control_unit.vhd:1389:41:@25020ns:(report note): bne
./source/control_unit.vhd:1011:41:@25020ns:(report note): addi
./source/control_unit.vhd:1011:41:@25020ns:(report note): addi
./source/control_unit.vhd:1011:41:@25020ns:(report note): addi
./source/control_unit.vhd:1011:41:@25040ns:(report note): addi
./source/control_unit.vhd:1011:41:@25040ns:(report note): addi
./source/control_unit.vhd:1011:41:@25040ns:(report note): addi
./source/control_unit.vhd:1011:41:@25040ns:(report note): addi
./source/control_unit.vhd:1011:41:@25060ns:(report note): addi
./source/control_unit.vhd:1011:41:@25060ns:(report note): addi
./source/control_unit.vhd:1011:41:@25060ns:(report note): addi
./source/control_unit.vhd:1011:41:@25060ns:(report note): addi
./source/control_unit.vhd:1011:41:@25080ns:(report note): addi
./source/control_unit.vhd:1011:41:@25080ns:(report note): addi
./source/control_unit.vhd:1011:41:@25080ns:(report note): addi
./source/control_unit.vhd:1011:41:@25080ns:(report note): addi
./source/control_unit.vhd:1011:41:@25100ns:(report note): addi
./source/control_unit.vhd:1389:41:@25100ns:(report note): bne
./source/control_unit.vhd:1389:41:@25100ns:(report note): bne
./source/control_unit.vhd:1389:41:@25100ns:(report note): bne
./source/control_unit.vhd:1389:41:@25140ns:(report note): bne
./source/control_unit.vhd:1011:41:@25140ns:(report note): addi
./source/control_unit.vhd:1011:41:@25140ns:(report note): addi
./source/control_unit.vhd:1011:41:@25140ns:(report note): addi
./source/control_unit.vhd:1011:41:@25160ns:(report note): addi
./source/control_unit.vhd:1011:41:@25160ns:(report note): addi
./source/control_unit.vhd:1011:41:@25160ns:(report note): addi
./source/control_unit.vhd:1011:41:@25160ns:(report note): addi
./source/control_unit.vhd:1011:41:@25180ns:(report note): addi
./source/control_unit.vhd:1011:41:@25180ns:(report note): addi
./source/control_unit.vhd:1011:41:@25180ns:(report note): addi
./source/control_unit.vhd:1011:41:@25180ns:(report note): addi
./source/control_unit.vhd:1011:41:@25200ns:(report note): addi
./source/control_unit.vhd:1011:41:@25200ns:(report note): addi
./source/control_unit.vhd:1011:41:@25200ns:(report note): addi
./source/control_unit.vhd:1011:41:@25200ns:(report note): addi
./source/control_unit.vhd:1011:41:@25220ns:(report note): addi
./source/control_unit.vhd:1286:49:@25220ns:(report note): sub
./source/control_unit.vhd:1286:49:@25220ns:(report note): sub
./source/control_unit.vhd:1286:49:@25220ns:(report note): sub
./source/control_unit.vhd:1286:49:@25260ns:(report note): sub
./source/control_unit.vhd:1389:41:@25260ns:(report note): bne
./source/control_unit.vhd:1389:41:@25260ns:(report note): bne
./source/control_unit.vhd:1389:41:@25260ns:(report note): bne
./source/control_unit.vhd:1389:41:@25280ns:(report note): bne
./source/control_unit.vhd:1011:41:@25280ns:(report note): addi
./source/control_unit.vhd:1011:41:@25280ns:(report note): addi
./source/control_unit.vhd:1011:41:@25280ns:(report note): addi
./source/control_unit.vhd:1011:41:@25300ns:(report note): addi
./source/control_unit.vhd:1011:41:@25300ns:(report note): addi
./source/control_unit.vhd:1011:41:@25300ns:(report note): addi
./source/control_unit.vhd:1011:41:@25300ns:(report note): addi
./source/control_unit.vhd:1011:41:@25320ns:(report note): addi
./source/control_unit.vhd:1011:41:@25320ns:(report note): addi
./source/control_unit.vhd:1011:41:@25320ns:(report note): addi
./source/control_unit.vhd:1011:41:@25320ns:(report note): addi
./source/control_unit.vhd:1011:41:@25340ns:(report note): addi
./source/control_unit.vhd:1011:41:@25340ns:(report note): addi
./source/control_unit.vhd:1011:41:@25340ns:(report note): addi
./source/control_unit.vhd:1011:41:@25340ns:(report note): addi
./source/control_unit.vhd:1011:41:@25360ns:(report note): addi
./source/control_unit.vhd:1389:41:@25360ns:(report note): bne
./source/control_unit.vhd:1389:41:@25360ns:(report note): bne
./source/control_unit.vhd:1389:41:@25360ns:(report note): bne
./source/control_unit.vhd:1389:41:@25400ns:(report note): bne
./source/control_unit.vhd:1011:41:@25400ns:(report note): addi
./source/control_unit.vhd:1011:41:@25400ns:(report note): addi
./source/control_unit.vhd:1011:41:@25400ns:(report note): addi
./source/control_unit.vhd:1011:41:@25420ns:(report note): addi
./source/control_unit.vhd:1011:41:@25420ns:(report note): addi
./source/control_unit.vhd:1011:41:@25420ns:(report note): addi
./source/control_unit.vhd:1011:41:@25420ns:(report note): addi
./source/control_unit.vhd:1011:41:@25440ns:(report note): addi
./source/control_unit.vhd:1011:41:@25440ns:(report note): addi
./source/control_unit.vhd:1011:41:@25440ns:(report note): addi
./source/control_unit.vhd:1011:41:@25440ns:(report note): addi
./source/control_unit.vhd:1011:41:@25460ns:(report note): addi
./source/control_unit.vhd:1011:41:@25460ns:(report note): addi
./source/control_unit.vhd:1011:41:@25460ns:(report note): addi
./source/control_unit.vhd:1011:41:@25460ns:(report note): addi
./source/control_unit.vhd:1011:41:@25480ns:(report note): addi
./source/control_unit.vhd:1348:45:@25480ns:(report note): or
./source/control_unit.vhd:1348:45:@25480ns:(report note): or
./source/control_unit.vhd:1348:45:@25480ns:(report note): or
./source/control_unit.vhd:1348:45:@25520ns:(report note): or
./source/control_unit.vhd:1389:41:@25520ns:(report note): bne
./source/control_unit.vhd:1389:41:@25520ns:(report note): bne
./source/control_unit.vhd:1389:41:@25520ns:(report note): bne
./source/control_unit.vhd:1389:41:@25540ns:(report note): bne
./source/control_unit.vhd:1011:41:@25540ns:(report note): addi
./source/control_unit.vhd:1011:41:@25540ns:(report note): addi
./source/control_unit.vhd:1011:41:@25540ns:(report note): addi
./source/control_unit.vhd:1011:41:@25560ns:(report note): addi
./source/control_unit.vhd:1011:41:@25560ns:(report note): addi
./source/control_unit.vhd:1011:41:@25560ns:(report note): addi
./source/control_unit.vhd:1011:41:@25560ns:(report note): addi
./source/control_unit.vhd:1011:41:@25580ns:(report note): addi
./source/control_unit.vhd:1011:41:@25580ns:(report note): addi
./source/control_unit.vhd:1011:41:@25580ns:(report note): addi
./source/control_unit.vhd:1011:41:@25580ns:(report note): addi
./source/control_unit.vhd:1011:41:@25600ns:(report note): addi
./source/control_unit.vhd:1067:41:@25600ns:(report note): ori
./source/control_unit.vhd:1067:41:@25600ns:(report note): ori
./source/control_unit.vhd:1067:41:@25600ns:(report note): ori
./source/control_unit.vhd:1067:41:@25620ns:(report note): ori
./source/control_unit.vhd:1389:41:@25620ns:(report note): bne
./source/control_unit.vhd:1389:41:@25620ns:(report note): bne
./source/control_unit.vhd:1389:41:@25620ns:(report note): bne
./source/control_unit.vhd:1389:41:@25660ns:(report note): bne
./source/control_unit.vhd:1011:41:@25660ns:(report note): addi
./source/control_unit.vhd:1011:41:@25660ns:(report note): addi
./source/control_unit.vhd:1011:41:@25660ns:(report note): addi
./source/control_unit.vhd:1011:41:@25680ns:(report note): addi
./source/control_unit.vhd:1011:41:@25680ns:(report note): addi
./source/control_unit.vhd:1011:41:@25680ns:(report note): addi
./source/control_unit.vhd:1011:41:@25680ns:(report note): addi
./source/control_unit.vhd:1011:41:@25700ns:(report note): addi
./source/control_unit.vhd:1011:41:@25700ns:(report note): addi
./source/control_unit.vhd:1011:41:@25700ns:(report note): addi
./source/control_unit.vhd:1011:41:@25700ns:(report note): addi
./source/control_unit.vhd:1011:41:@25720ns:(report note): addi
./source/control_unit.vhd:1011:41:@25720ns:(report note): addi
./source/control_unit.vhd:1011:41:@25720ns:(report note): addi
./source/control_unit.vhd:1011:41:@25720ns:(report note): addi
./source/control_unit.vhd:1011:41:@25740ns:(report note): addi
./source/control_unit.vhd:1355:45:@25740ns:(report note): and
./source/control_unit.vhd:1355:45:@25740ns:(report note): and
./source/control_unit.vhd:1355:45:@25740ns:(report note): and
./source/control_unit.vhd:1355:45:@25780ns:(report note): and
./source/control_unit.vhd:1389:41:@25780ns:(report note): bne
./source/control_unit.vhd:1389:41:@25780ns:(report note): bne
./source/control_unit.vhd:1389:41:@25780ns:(report note): bne
./source/control_unit.vhd:1389:41:@25800ns:(report note): bne
./source/control_unit.vhd:1011:41:@25800ns:(report note): addi
./source/control_unit.vhd:1011:41:@25800ns:(report note): addi
./source/control_unit.vhd:1011:41:@25800ns:(report note): addi
./source/control_unit.vhd:1011:41:@25820ns:(report note): addi
./source/control_unit.vhd:1011:41:@25820ns:(report note): addi
./source/control_unit.vhd:1011:41:@25820ns:(report note): addi
./source/control_unit.vhd:1011:41:@25820ns:(report note): addi
./source/control_unit.vhd:1011:41:@25840ns:(report note): addi
./source/control_unit.vhd:1011:41:@25840ns:(report note): addi
./source/control_unit.vhd:1011:41:@25840ns:(report note): addi
./source/control_unit.vhd:1011:41:@25840ns:(report note): addi
./source/control_unit.vhd:1011:41:@25860ns:(report note): addi
./source/control_unit.vhd:1074:41:@25860ns:(report note): andi
./source/control_unit.vhd:1074:41:@25860ns:(report note): andi
./source/control_unit.vhd:1074:41:@25860ns:(report note): andi
./source/control_unit.vhd:1074:41:@25880ns:(report note): andi
./source/control_unit.vhd:1389:41:@25880ns:(report note): bne
./source/control_unit.vhd:1389:41:@25880ns:(report note): bne
./source/control_unit.vhd:1389:41:@25880ns:(report note): bne
./source/control_unit.vhd:1389:41:@25920ns:(report note): bne
./source/control_unit.vhd:1011:41:@25920ns:(report note): addi
./source/control_unit.vhd:1011:41:@25920ns:(report note): addi
./source/control_unit.vhd:1011:41:@25920ns:(report note): addi
./source/control_unit.vhd:1011:41:@25940ns:(report note): addi
./source/control_unit.vhd:1011:41:@25940ns:(report note): addi
./source/control_unit.vhd:1011:41:@25940ns:(report note): addi
./source/control_unit.vhd:1011:41:@25940ns:(report note): addi
./source/control_unit.vhd:1011:41:@25960ns:(report note): addi
./source/control_unit.vhd:1011:41:@25960ns:(report note): addi
./source/control_unit.vhd:1011:41:@25960ns:(report note): addi
./source/control_unit.vhd:1011:41:@25960ns:(report note): addi
./source/control_unit.vhd:1011:41:@25980ns:(report note): addi
./source/control_unit.vhd:1323:45:@25980ns:(report note): xor
./source/control_unit.vhd:1323:45:@25980ns:(report note): xor
./source/control_unit.vhd:1323:45:@25980ns:(report note): xor
./source/control_unit.vhd:1323:45:@26us:(report note): xor
./source/control_unit.vhd:1011:41:@26us:(report note): addi
./source/control_unit.vhd:1011:41:@26us:(report note): addi
./source/control_unit.vhd:1011:41:@26us:(report note): addi
./source/control_unit.vhd:1011:41:@26020ns:(report note): addi
./source/control_unit.vhd:1389:41:@26020ns:(report note): bne
./source/control_unit.vhd:1389:41:@26020ns:(report note): bne
./source/control_unit.vhd:1389:41:@26020ns:(report note): bne
./source/control_unit.vhd:1389:41:@26040ns:(report note): bne
./source/control_unit.vhd:1011:41:@26040ns:(report note): addi
./source/control_unit.vhd:1011:41:@26040ns:(report note): addi
./source/control_unit.vhd:1011:41:@26040ns:(report note): addi
./source/control_unit.vhd:1011:41:@26060ns:(report note): addi
./source/control_unit.vhd:1011:41:@26060ns:(report note): addi
./source/control_unit.vhd:1011:41:@26060ns:(report note): addi
./source/control_unit.vhd:1011:41:@26060ns:(report note): addi
./source/control_unit.vhd:1011:41:@26080ns:(report note): addi
./source/control_unit.vhd:1011:41:@26080ns:(report note): addi
./source/control_unit.vhd:1011:41:@26080ns:(report note): addi
./source/control_unit.vhd:1011:41:@26080ns:(report note): addi
./source/control_unit.vhd:1011:41:@26100ns:(report note): addi
./source/control_unit.vhd:1040:41:@26100ns:(report note): xori
./source/control_unit.vhd:1040:41:@26100ns:(report note): xori
./source/control_unit.vhd:1040:41:@26100ns:(report note): xori
./source/control_unit.vhd:1040:41:@26120ns:(report note): xori
./source/control_unit.vhd:1389:41:@26120ns:(report note): bne
./source/control_unit.vhd:1389:41:@26120ns:(report note): bne
./source/control_unit.vhd:1389:41:@26120ns:(report note): bne
./source/control_unit.vhd:1389:41:@26160ns:(report note): bne
./source/control_unit.vhd:1011:41:@26160ns:(report note): addi
./source/control_unit.vhd:1011:41:@26160ns:(report note): addi
./source/control_unit.vhd:1011:41:@26160ns:(report note): addi
./source/control_unit.vhd:1011:41:@26180ns:(report note): addi
./source/control_unit.vhd:1011:41:@26180ns:(report note): addi
./source/control_unit.vhd:1011:41:@26180ns:(report note): addi
./source/control_unit.vhd:1011:41:@26180ns:(report note): addi
./source/control_unit.vhd:1011:41:@26200ns:(report note): addi
./source/control_unit.vhd:1011:41:@26200ns:(report note): addi
./source/control_unit.vhd:1011:41:@26200ns:(report note): addi
./source/control_unit.vhd:1011:41:@26200ns:(report note): addi
./source/control_unit.vhd:1011:41:@26240ns:(report note): addi
./source/control_unit.vhd:1011:41:@26240ns:(report note): addi
./source/control_unit.vhd:1011:41:@26240ns:(report note): addi
./source/control_unit.vhd:1011:41:@26240ns:(report note): addi
./source/control_unit.vhd:1011:41:@26260ns:(report note): addi
./source/control_unit.vhd:1302:45:@26260ns:(report note): sll
./source/control_unit.vhd:1302:45:@26260ns:(report note): sll
./source/control_unit.vhd:1302:45:@26260ns:(report note): sll
./source/control_unit.vhd:1302:45:@26300ns:(report note): sll
./source/control_unit.vhd:1389:41:@26300ns:(report note): bne
./source/control_unit.vhd:1389:41:@26300ns:(report note): bne
./source/control_unit.vhd:1389:41:@26300ns:(report note): bne
./source/control_unit.vhd:1389:41:@26320ns:(report note): bne
./source/control_unit.vhd:1011:41:@26320ns:(report note): addi
./source/control_unit.vhd:1011:41:@26320ns:(report note): addi
./source/control_unit.vhd:1011:41:@26320ns:(report note): addi
./source/control_unit.vhd:1011:41:@26340ns:(report note): addi
./source/control_unit.vhd:1011:41:@26340ns:(report note): addi
./source/control_unit.vhd:1011:41:@26340ns:(report note): addi
./source/control_unit.vhd:1011:41:@26340ns:(report note): addi
./source/control_unit.vhd:1011:41:@26360ns:(report note): addi
./source/control_unit.vhd:1011:41:@26360ns:(report note): addi
./source/control_unit.vhd:1011:41:@26360ns:(report note): addi
./source/control_unit.vhd:1011:41:@26360ns:(report note): addi
./source/control_unit.vhd:1011:41:@26400ns:(report note): addi
./source/control_unit.vhd:1019:41:@26400ns:(report note): slli
./source/control_unit.vhd:1019:41:@26400ns:(report note): slli
./source/control_unit.vhd:1019:41:@26400ns:(report note): slli
./source/control_unit.vhd:1019:41:@26420ns:(report note): slli
./source/control_unit.vhd:1389:41:@26420ns:(report note): bne
./source/control_unit.vhd:1389:41:@26420ns:(report note): bne
./source/control_unit.vhd:1389:41:@26420ns:(report note): bne
./source/control_unit.vhd:1389:41:@26460ns:(report note): bne
./source/control_unit.vhd:1011:41:@26460ns:(report note): addi
./source/control_unit.vhd:1011:41:@26460ns:(report note): addi
./source/control_unit.vhd:1011:41:@26460ns:(report note): addi
./source/control_unit.vhd:1011:41:@26480ns:(report note): addi
./source/control_unit.vhd:1011:41:@26480ns:(report note): addi
./source/control_unit.vhd:1011:41:@26480ns:(report note): addi
./source/control_unit.vhd:1011:41:@26480ns:(report note): addi
./source/control_unit.vhd:1011:41:@26500ns:(report note): addi
./source/control_unit.vhd:1011:41:@26500ns:(report note): addi
./source/control_unit.vhd:1011:41:@26500ns:(report note): addi
./source/control_unit.vhd:1011:41:@26500ns:(report note): addi
./source/control_unit.vhd:1011:41:@26540ns:(report note): addi
./source/control_unit.vhd:1011:41:@26540ns:(report note): addi
./source/control_unit.vhd:1011:41:@26540ns:(report note): addi
./source/control_unit.vhd:1011:41:@26540ns:(report note): addi
./source/control_unit.vhd:1011:41:@26560ns:(report note): addi
./source/control_unit.vhd:1339:49:@26560ns:(report note): srl
./source/control_unit.vhd:1339:49:@26560ns:(report note): srl
./source/control_unit.vhd:1339:49:@26560ns:(report note): srl
./source/control_unit.vhd:1339:49:@26600ns:(report note): srl
./source/control_unit.vhd:1389:41:@26600ns:(report note): bne
./source/control_unit.vhd:1389:41:@26600ns:(report note): bne
./source/control_unit.vhd:1389:41:@26600ns:(report note): bne
./source/control_unit.vhd:1389:41:@26620ns:(report note): bne
./source/control_unit.vhd:1011:41:@26620ns:(report note): addi
./source/control_unit.vhd:1011:41:@26620ns:(report note): addi
./source/control_unit.vhd:1011:41:@26620ns:(report note): addi
./source/control_unit.vhd:1011:41:@26640ns:(report note): addi
./source/control_unit.vhd:1011:41:@26640ns:(report note): addi
./source/control_unit.vhd:1011:41:@26640ns:(report note): addi
./source/control_unit.vhd:1011:41:@26640ns:(report note): addi
./source/control_unit.vhd:1011:41:@26660ns:(report note): addi
./source/control_unit.vhd:1011:41:@26660ns:(report note): addi
./source/control_unit.vhd:1011:41:@26660ns:(report note): addi
./source/control_unit.vhd:1011:41:@26660ns:(report note): addi
./source/control_unit.vhd:1011:41:@26700ns:(report note): addi
./source/control_unit.vhd:1058:45:@26700ns:(report note): srli
./source/control_unit.vhd:1058:45:@26700ns:(report note): srli
./source/control_unit.vhd:1058:45:@26700ns:(report note): srli
./source/control_unit.vhd:1058:45:@26720ns:(report note): srli
./source/control_unit.vhd:1389:41:@26720ns:(report note): bne
./source/control_unit.vhd:1389:41:@26720ns:(report note): bne
./source/control_unit.vhd:1389:41:@26720ns:(report note): bne
./source/control_unit.vhd:1389:41:@26760ns:(report note): bne
./source/control_unit.vhd:1011:41:@26760ns:(report note): addi
./source/control_unit.vhd:1011:41:@26760ns:(report note): addi
./source/control_unit.vhd:1011:41:@26760ns:(report note): addi
./source/control_unit.vhd:1011:41:@26780ns:(report note): addi
./source/control_unit.vhd:1011:41:@26780ns:(report note): addi
./source/control_unit.vhd:1011:41:@26780ns:(report note): addi
./source/control_unit.vhd:1011:41:@26780ns:(report note): addi
./source/control_unit.vhd:1011:41:@26800ns:(report note): addi
./source/control_unit.vhd:1011:41:@26800ns:(report note): addi
./source/control_unit.vhd:1011:41:@26800ns:(report note): addi
./source/control_unit.vhd:1011:41:@26800ns:(report note): addi
./source/control_unit.vhd:1011:41:@26820ns:(report note): addi
./source/control_unit.vhd:1011:41:@26820ns:(report note): addi
./source/control_unit.vhd:1011:41:@26820ns:(report note): addi
./source/control_unit.vhd:1011:41:@26820ns:(report note): addi
./source/control_unit.vhd:1011:41:@26840ns:(report note): addi
./source/control_unit.vhd:1332:49:@26840ns:(report note): sra
./source/control_unit.vhd:1332:49:@26840ns:(report note): sra
./source/control_unit.vhd:1332:49:@26840ns:(report note): sra
./source/control_unit.vhd:1332:49:@26880ns:(report note): sra
./source/control_unit.vhd:1389:41:@26880ns:(report note): bne
./source/control_unit.vhd:1389:41:@26880ns:(report note): bne
./source/control_unit.vhd:1389:41:@26880ns:(report note): bne
./source/control_unit.vhd:1389:41:@26900ns:(report note): bne
./source/control_unit.vhd:1011:41:@26900ns:(report note): addi
./source/control_unit.vhd:1011:41:@26900ns:(report note): addi
./source/control_unit.vhd:1011:41:@26900ns:(report note): addi
./source/control_unit.vhd:1011:41:@26940ns:(report note): addi
./source/control_unit.vhd:1011:41:@26940ns:(report note): addi
./source/control_unit.vhd:1011:41:@26940ns:(report note): addi
./source/control_unit.vhd:1011:41:@26940ns:(report note): addi
./source/control_unit.vhd:1011:41:@26960ns:(report note): addi
./source/control_unit.vhd:1011:41:@26960ns:(report note): addi
./source/control_unit.vhd:1011:41:@26960ns:(report note): addi
./source/control_unit.vhd:1011:41:@26960ns:(report note): addi
./source/control_unit.vhd:1011:41:@26980ns:(report note): addi
./source/control_unit.vhd:1050:45:@26980ns:(report note): srai
./source/control_unit.vhd:1050:45:@26980ns:(report note): srai
./source/control_unit.vhd:1050:45:@26980ns:(report note): srai
./source/control_unit.vhd:1050:45:@27us:(report note): srai
./source/control_unit.vhd:1389:41:@27us:(report note): bne
./source/control_unit.vhd:1389:41:@27us:(report note): bne
./source/control_unit.vhd:1389:41:@27us:(report note): bne
./source/control_unit.vhd:1389:41:@27040ns:(report note): bne
./source/control_unit.vhd:1011:41:@27040ns:(report note): addi
./source/control_unit.vhd:1011:41:@27040ns:(report note): addi
./source/control_unit.vhd:1011:41:@27040ns:(report note): addi
./source/control_unit.vhd:1011:41:@27060ns:(report note): addi
./source/control_unit.vhd:1011:41:@27060ns:(report note): addi
./source/control_unit.vhd:1011:41:@27060ns:(report note): addi
./source/control_unit.vhd:1011:41:@27060ns:(report note): addi
./source/control_unit.vhd:1011:41:@27080ns:(report note): addi
./source/control_unit.vhd:1011:41:@27080ns:(report note): addi
./source/control_unit.vhd:1011:41:@27080ns:(report note): addi
./source/control_unit.vhd:1011:41:@27080ns:(report note): addi
./source/control_unit.vhd:1011:41:@27100ns:(report note): addi
./source/control_unit.vhd:1011:41:@27100ns:(report note): addi
./source/control_unit.vhd:1011:41:@27100ns:(report note): addi
./source/control_unit.vhd:1011:41:@27100ns:(report note): addi
./source/control_unit.vhd:1011:41:@27120ns:(report note): addi
./source/control_unit.vhd:1309:45:@27120ns:(report note): slt
./source/control_unit.vhd:1309:45:@27120ns:(report note): slt
./source/control_unit.vhd:1309:45:@27120ns:(report note): slt
./source/control_unit.vhd:1309:45:@27160ns:(report note): slt
./source/control_unit.vhd:1389:41:@27160ns:(report note): bne
./source/control_unit.vhd:1389:41:@27160ns:(report note): bne
./source/control_unit.vhd:1389:41:@27160ns:(report note): bne
./source/control_unit.vhd:1389:41:@27180ns:(report note): bne
./source/control_unit.vhd:1011:41:@27180ns:(report note): addi
./source/control_unit.vhd:1011:41:@27180ns:(report note): addi
./source/control_unit.vhd:1011:41:@27180ns:(report note): addi
./source/control_unit.vhd:1011:41:@27200ns:(report note): addi
./source/control_unit.vhd:1011:41:@27200ns:(report note): addi
./source/control_unit.vhd:1011:41:@27200ns:(report note): addi
./source/control_unit.vhd:1011:41:@27200ns:(report note): addi
./source/control_unit.vhd:1011:41:@27220ns:(report note): addi
./source/control_unit.vhd:1011:41:@27220ns:(report note): addi
./source/control_unit.vhd:1011:41:@27220ns:(report note): addi
./source/control_unit.vhd:1011:41:@27220ns:(report note): addi
./source/control_unit.vhd:1011:41:@27240ns:(report note): addi
./source/control_unit.vhd:1026:41:@27240ns:(report note): slti
./source/control_unit.vhd:1026:41:@27240ns:(report note): slti
./source/control_unit.vhd:1026:41:@27240ns:(report note): slti
./source/control_unit.vhd:1026:41:@27260ns:(report note): slti
./source/control_unit.vhd:1389:41:@27260ns:(report note): bne
./source/control_unit.vhd:1389:41:@27260ns:(report note): bne
./source/control_unit.vhd:1389:41:@27260ns:(report note): bne
./source/control_unit.vhd:1389:41:@27300ns:(report note): bne
./source/control_unit.vhd:1011:41:@27300ns:(report note): addi
./source/control_unit.vhd:1011:41:@27300ns:(report note): addi
./source/control_unit.vhd:1011:41:@27300ns:(report note): addi
./source/control_unit.vhd:1011:41:@27320ns:(report note): addi
./source/control_unit.vhd:1011:41:@27320ns:(report note): addi
./source/control_unit.vhd:1011:41:@27320ns:(report note): addi
./source/control_unit.vhd:1011:41:@27320ns:(report note): addi
./source/control_unit.vhd:1011:41:@27340ns:(report note): addi
./source/control_unit.vhd:1011:41:@27340ns:(report note): addi
./source/control_unit.vhd:1011:41:@27340ns:(report note): addi
./source/control_unit.vhd:1011:41:@27340ns:(report note): addi
./source/control_unit.vhd:1011:41:@27360ns:(report note): addi
./source/control_unit.vhd:1011:41:@27360ns:(report note): addi
./source/control_unit.vhd:1011:41:@27360ns:(report note): addi
./source/control_unit.vhd:1011:41:@27360ns:(report note): addi
./source/control_unit.vhd:1011:41:@27380ns:(report note): addi
./source/control_unit.vhd:1316:45:@27380ns:(report note): sltu
./source/control_unit.vhd:1316:45:@27380ns:(report note): sltu
./source/control_unit.vhd:1316:45:@27380ns:(report note): sltu
./source/control_unit.vhd:1316:45:@27420ns:(report note): sltu
./source/control_unit.vhd:1389:41:@27420ns:(report note): bne
./source/control_unit.vhd:1389:41:@27420ns:(report note): bne
./source/control_unit.vhd:1389:41:@27420ns:(report note): bne
./source/control_unit.vhd:1389:41:@27440ns:(report note): bne
./source/control_unit.vhd:1011:41:@27440ns:(report note): addi
./source/control_unit.vhd:1011:41:@27440ns:(report note): addi
./source/control_unit.vhd:1011:41:@27440ns:(report note): addi
./source/control_unit.vhd:1011:41:@27460ns:(report note): addi
./source/control_unit.vhd:1011:41:@27460ns:(report note): addi
./source/control_unit.vhd:1011:41:@27460ns:(report note): addi
./source/control_unit.vhd:1011:41:@27460ns:(report note): addi
./source/control_unit.vhd:1011:41:@27480ns:(report note): addi
./source/control_unit.vhd:1011:41:@27480ns:(report note): addi
./source/control_unit.vhd:1011:41:@27480ns:(report note): addi
./source/control_unit.vhd:1011:41:@27500ns:(report note): addi
./source/control_unit.vhd:1033:41:@27500ns:(report note): sltiu
./source/control_unit.vhd:1033:41:@27500ns:(report note): sltiu
./source/control_unit.vhd:1033:41:@27500ns:(report note): sltiu
./source/control_unit.vhd:1033:41:@27520ns:(report note): sltiu
./source/control_unit.vhd:1389:41:@27520ns:(report note): bne
./source/control_unit.vhd:1389:41:@27520ns:(report note): bne
./source/control_unit.vhd:1389:41:@27520ns:(report note): bne
./source/control_unit.vhd:1389:41:@27560ns:(report note): bne
./source/control_unit.vhd:1011:41:@27560ns:(report note): addi
./source/control_unit.vhd:1011:41:@27560ns:(report note): addi
./source/control_unit.vhd:1011:41:@27560ns:(report note): addi
./source/control_unit.vhd:1011:41:@27580ns:(report note): addi
./source/control_unit.vhd:1662:33:@27580ns:(report note): lui
./source/control_unit.vhd:1662:33:@27580ns:(report note): lui
./source/control_unit.vhd:1662:33:@27580ns:(report note): lui
./source/control_unit.vhd:1662:33:@27600ns:(report note): lui
./source/control_unit.vhd:1662:33:@27600ns:(report note): lui
./source/control_unit.vhd:1662:33:@27600ns:(report note): lui
./source/control_unit.vhd:1662:33:@27620ns:(report note): lui
./source/control_unit.vhd:1011:41:@27620ns:(report note): addi
./source/control_unit.vhd:1011:41:@27620ns:(report note): addi
./source/control_unit.vhd:1011:41:@27620ns:(report note): addi
./source/control_unit.vhd:1011:41:@27640ns:(report note): addi
./source/control_unit.vhd:1389:41:@27640ns:(report note): bne
./source/control_unit.vhd:1389:41:@27640ns:(report note): bne
./source/control_unit.vhd:1389:41:@27640ns:(report note): bne
./source/control_unit.vhd:1389:41:@27700ns:(report note): bne
./source/control_unit.vhd:1011:41:@27700ns:(report note): addi
./source/control_unit.vhd:1011:41:@27700ns:(report note): addi
./source/control_unit.vhd:1011:41:@27700ns:(report note): addi
./source/control_unit.vhd:1011:41:@27720ns:(report note): addi
./source/control_unit.vhd:1673:33:@27720ns:(report note): auipc
./source/control_unit.vhd:1673:33:@27720ns:(report note): auipc
./source/control_unit.vhd:1673:33:@27720ns:(report note): auipc
./source/control_unit.vhd:1673:33:@27740ns:(report note): auipc
./source/control_unit.vhd:1011:41:@27740ns:(report note): addi
./source/control_unit.vhd:1011:41:@27740ns:(report note): addi
./source/control_unit.vhd:1011:41:@27740ns:(report note): addi
./source/control_unit.vhd:1011:41:@27760ns:(report note): addi
./source/control_unit.vhd:984:33:@27760ns:(report note): jal
./source/control_unit.vhd:984:33:@27760ns:(report note): jal
./source/control_unit.vhd:984:33:@27760ns:(report note): jal
./source/control_unit.vhd:984:33:@27780ns:(report note): jal
./source/control_unit.vhd:984:33:@27780ns:(report note): jal
./source/control_unit.vhd:984:33:@27780ns:(report note): jal
./source/control_unit.vhd:984:33:@27780ns:(report note): jal
./source/control_unit.vhd:984:33:@27800ns:(report note): jal
./source/control_unit.vhd:1011:41:@27800ns:(report note): addi
./source/control_unit.vhd:1011:41:@27800ns:(report note): addi
./source/control_unit.vhd:1011:41:@27800ns:(report note): addi
./source/control_unit.vhd:1011:41:@27820ns:(report note): addi
./source/control_unit.vhd:1673:33:@27820ns:(report note): auipc
./source/control_unit.vhd:1673:33:@27820ns:(report note): auipc
./source/control_unit.vhd:1673:33:@27840ns:(report note): auipc
./source/control_unit.vhd:1011:41:@27840ns:(report note): addi
./source/control_unit.vhd:1011:41:@27840ns:(report note): addi
./source/control_unit.vhd:1011:41:@27840ns:(report note): addi
./source/control_unit.vhd:1011:41:@27860ns:(report note): addi
./source/control_unit.vhd:1011:41:@27860ns:(report note): addi
./source/control_unit.vhd:1011:41:@27860ns:(report note): addi
./source/control_unit.vhd:1011:41:@27860ns:(report note): addi
./source/control_unit.vhd:1011:41:@27880ns:(report note): addi
./source/control_unit.vhd:1389:41:@27880ns:(report note): bne
./source/control_unit.vhd:1389:41:@27880ns:(report note): bne
./source/control_unit.vhd:1389:41:@27880ns:(report note): bne
./source/control_unit.vhd:1389:41:@27940ns:(report note): bne
./source/control_unit.vhd:1011:41:@27940ns:(report note): addi
./source/control_unit.vhd:1011:41:@27940ns:(report note): addi
./source/control_unit.vhd:1011:41:@27940ns:(report note): addi
./source/control_unit.vhd:1011:41:@27960ns:(report note): addi
./source/control_unit.vhd:1673:33:@27960ns:(report note): auipc
./source/control_unit.vhd:1673:33:@27960ns:(report note): auipc
./source/control_unit.vhd:1673:33:@27960ns:(report note): auipc
./source/control_unit.vhd:1673:33:@27980ns:(report note): auipc
./source/control_unit.vhd:1011:41:@27980ns:(report note): addi
./source/control_unit.vhd:1011:41:@27980ns:(report note): addi
./source/control_unit.vhd:1011:41:@27980ns:(report note): addi
./source/control_unit.vhd:1011:41:@28us:(report note): addi
./source/control_unit.vhd:1673:33:@28us:(report note): auipc
./source/control_unit.vhd:1673:33:@28us:(report note): auipc
./source/control_unit.vhd:1673:33:@28us:(report note): auipc
./source/control_unit.vhd:1673:33:@28020ns:(report note): auipc
./source/control_unit.vhd:1011:41:@28020ns:(report note): addi
./source/control_unit.vhd:1011:41:@28020ns:(report note): addi
./source/control_unit.vhd:1011:41:@28020ns:(report note): addi
./source/control_unit.vhd:1011:41:@28040ns:(report note): addi
./source/control_unit.vhd:997:33:@28040ns:(report note): jalr
./source/control_unit.vhd:997:33:@28040ns:(report note): jalr
./source/control_unit.vhd:997:33:@28040ns:(report note): jalr
./source/control_unit.vhd:997:33:@28060ns:(report note): jalr
./source/control_unit.vhd:984:33:@28060ns:(report note): jal
./source/control_unit.vhd:984:33:@28060ns:(report note): jal
./source/control_unit.vhd:984:33:@28060ns:(report note): jal
./source/control_unit.vhd:984:33:@28080ns:(report note): jal
./source/control_unit.vhd:1011:41:@28080ns:(report note): addi
./source/control_unit.vhd:1011:41:@28080ns:(report note): addi
./source/control_unit.vhd:1011:41:@28080ns:(report note): addi
./source/control_unit.vhd:1011:41:@28100ns:(report note): addi
./source/control_unit.vhd:1011:41:@28100ns:(report note): addi
./source/control_unit.vhd:1011:41:@28100ns:(report note): addi
./source/control_unit.vhd:1011:41:@28100ns:(report note): addi
./source/control_unit.vhd:1011:41:@28120ns:(report note): addi
./source/control_unit.vhd:1389:41:@28120ns:(report note): bne
./source/control_unit.vhd:1389:41:@28120ns:(report note): bne
./source/control_unit.vhd:1389:41:@28120ns:(report note): bne
./source/control_unit.vhd:1389:41:@28140ns:(report note): bne
./source/control_unit.vhd:1011:41:@28140ns:(report note): addi
./source/control_unit.vhd:1011:41:@28140ns:(report note): addi
./source/control_unit.vhd:1011:41:@28140ns:(report note): addi
./source/control_unit.vhd:1011:41:@28160ns:(report note): addi
./source/control_unit.vhd:1011:41:@28160ns:(report note): addi
./source/control_unit.vhd:1011:41:@28160ns:(report note): addi
./source/control_unit.vhd:1011:41:@28160ns:(report note): addi
./source/control_unit.vhd:1011:41:@28180ns:(report note): addi
./source/control_unit.vhd:1011:41:@28180ns:(report note): addi
./source/control_unit.vhd:1011:41:@28180ns:(report note): addi
./source/control_unit.vhd:1011:41:@28180ns:(report note): addi
./source/control_unit.vhd:1011:41:@28200ns:(report note): addi
./source/control_unit.vhd:1011:41:@28200ns:(report note): addi
./source/control_unit.vhd:1011:41:@28200ns:(report note): addi
./source/control_unit.vhd:1011:41:@28200ns:(report note): addi
./source/control_unit.vhd:1011:41:@28220ns:(report note): addi
./source/control_unit.vhd:1382:41:@28220ns:(report note): beq
./source/control_unit.vhd:1382:41:@28220ns:(report note): beq
./source/control_unit.vhd:1382:41:@28220ns:(report note): beq
./source/control_unit.vhd:1382:41:@28240ns:(report note): beq
./source/control_unit.vhd:984:33:@28240ns:(report note): jal
./source/control_unit.vhd:984:33:@28240ns:(report note): jal
./source/control_unit.vhd:984:33:@28240ns:(report note): jal
./source/control_unit.vhd:984:33:@28260ns:(report note): jal
./source/control_unit.vhd:1011:41:@28260ns:(report note): addi
./source/control_unit.vhd:1011:41:@28260ns:(report note): addi
./source/control_unit.vhd:1011:41:@28260ns:(report note): addi
./source/control_unit.vhd:1011:41:@28280ns:(report note): addi
./source/control_unit.vhd:1011:41:@28280ns:(report note): addi
./source/control_unit.vhd:1011:41:@28280ns:(report note): addi
./source/control_unit.vhd:1011:41:@28280ns:(report note): addi
./source/control_unit.vhd:1011:41:@28300ns:(report note): addi
./source/control_unit.vhd:1389:41:@28300ns:(report note): bne
./source/control_unit.vhd:1389:41:@28300ns:(report note): bne
./source/control_unit.vhd:1389:41:@28300ns:(report note): bne
./source/control_unit.vhd:1389:41:@28320ns:(report note): bne
./source/control_unit.vhd:984:33:@28320ns:(report note): jal
./source/control_unit.vhd:984:33:@28320ns:(report note): jal
./source/control_unit.vhd:984:33:@28320ns:(report note): jal
./source/control_unit.vhd:984:33:@28340ns:(report note): jal
./source/control_unit.vhd:1011:41:@28340ns:(report note): addi
./source/control_unit.vhd:1011:41:@28340ns:(report note): addi
./source/control_unit.vhd:1011:41:@28340ns:(report note): addi
./source/control_unit.vhd:1011:41:@28360ns:(report note): addi
./source/control_unit.vhd:1011:41:@28360ns:(report note): addi
./source/control_unit.vhd:1011:41:@28360ns:(report note): addi
./source/control_unit.vhd:1011:41:@28360ns:(report note): addi
./source/control_unit.vhd:1011:41:@28380ns:(report note): addi
./source/control_unit.vhd:1396:41:@28380ns:(report note): blt
./source/control_unit.vhd:1396:41:@28380ns:(report note): blt
./source/control_unit.vhd:1396:41:@28380ns:(report note): blt
./source/control_unit.vhd:1396:41:@28400ns:(report note): blt
./source/control_unit.vhd:984:33:@28400ns:(report note): jal
./source/control_unit.vhd:984:33:@28400ns:(report note): jal
./source/control_unit.vhd:984:33:@28400ns:(report note): jal
./source/control_unit.vhd:984:33:@28420ns:(report note): jal
./source/control_unit.vhd:1011:41:@28420ns:(report note): addi
./source/control_unit.vhd:1011:41:@28420ns:(report note): addi
./source/control_unit.vhd:1011:41:@28420ns:(report note): addi
./source/control_unit.vhd:1011:41:@28440ns:(report note): addi
./source/control_unit.vhd:1011:41:@28440ns:(report note): addi
./source/control_unit.vhd:1011:41:@28440ns:(report note): addi
./source/control_unit.vhd:1011:41:@28440ns:(report note): addi
./source/control_unit.vhd:1011:41:@28460ns:(report note): addi
./source/control_unit.vhd:1403:41:@28460ns:(report note): bge
./source/control_unit.vhd:1403:41:@28460ns:(report note): bge
./source/control_unit.vhd:1403:41:@28460ns:(report note): bge
./source/control_unit.vhd:1403:41:@28480ns:(report note): bge
./source/control_unit.vhd:984:33:@28480ns:(report note): jal
./source/control_unit.vhd:984:33:@28480ns:(report note): jal
./source/control_unit.vhd:984:33:@28480ns:(report note): jal
./source/control_unit.vhd:984:33:@28500ns:(report note): jal
./source/control_unit.vhd:1011:41:@28500ns:(report note): addi
./source/control_unit.vhd:1011:41:@28500ns:(report note): addi
./source/control_unit.vhd:1011:41:@28500ns:(report note): addi
./source/control_unit.vhd:1011:41:@28520ns:(report note): addi
./source/control_unit.vhd:1011:41:@28520ns:(report note): addi
./source/control_unit.vhd:1011:41:@28520ns:(report note): addi
./source/control_unit.vhd:1011:41:@28520ns:(report note): addi
./source/control_unit.vhd:1011:41:@28540ns:(report note): addi
./source/control_unit.vhd:1410:41:@28540ns:(report note): bltu
./source/control_unit.vhd:1410:41:@28540ns:(report note): bltu
./source/control_unit.vhd:1410:41:@28540ns:(report note): bltu
./source/control_unit.vhd:1410:41:@28560ns:(report note): bltu
./source/control_unit.vhd:984:33:@28560ns:(report note): jal
./source/control_unit.vhd:984:33:@28560ns:(report note): jal
./source/control_unit.vhd:984:33:@28560ns:(report note): jal
./source/control_unit.vhd:984:33:@28580ns:(report note): jal
./source/control_unit.vhd:1011:41:@28580ns:(report note): addi
./source/control_unit.vhd:1011:41:@28580ns:(report note): addi
./source/control_unit.vhd:1011:41:@28580ns:(report note): addi
./source/control_unit.vhd:1011:41:@28600ns:(report note): addi
./source/control_unit.vhd:1011:41:@28600ns:(report note): addi
./source/control_unit.vhd:1011:41:@28600ns:(report note): addi
./source/control_unit.vhd:1011:41:@28600ns:(report note): addi
./source/control_unit.vhd:1011:41:@28620ns:(report note): addi
./source/control_unit.vhd:1417:41:@28620ns:(report note): bgeu
./source/control_unit.vhd:1417:41:@28620ns:(report note): bgeu
./source/control_unit.vhd:1417:41:@28620ns:(report note): bgeu
./source/control_unit.vhd:1417:41:@28640ns:(report note): bgeu
./source/control_unit.vhd:984:33:@28640ns:(report note): jal
./source/control_unit.vhd:984:33:@28640ns:(report note): jal
./source/control_unit.vhd:984:33:@28640ns:(report note): jal
./source/control_unit.vhd:984:33:@28660ns:(report note): jal
./source/control_unit.vhd:1011:41:@28660ns:(report note): addi
./source/control_unit.vhd:1011:41:@28660ns:(report note): addi
./source/control_unit.vhd:1011:41:@28660ns:(report note): addi
./source/control_unit.vhd:1011:41:@28680ns:(report note): addi
./source/control_unit.vhd:1011:41:@28680ns:(report note): addi
./source/control_unit.vhd:1011:41:@28680ns:(report note): addi
./source/control_unit.vhd:1011:41:@28680ns:(report note): addi
./source/control_unit.vhd:1011:41:@28700ns:(report note): addi
./source/control_unit.vhd:1662:33:@28700ns:(report note): lui
./source/control_unit.vhd:1662:33:@28700ns:(report note): lui
./source/control_unit.vhd:1662:33:@28700ns:(report note): lui
./source/control_unit.vhd:1662:33:@28720ns:(report note): lui
./source/control_unit.vhd:1011:41:@28720ns:(report note): addi
./source/control_unit.vhd:1011:41:@28720ns:(report note): addi
./source/control_unit.vhd:1011:41:@28720ns:(report note): addi
./source/control_unit.vhd:1011:41:@28740ns:(report note): addi
./source/control_unit.vhd:1673:33:@28740ns:(report note): auipc
./source/control_unit.vhd:1673:33:@28740ns:(report note): auipc
./source/control_unit.vhd:1673:33:@28740ns:(report note): auipc
./source/control_unit.vhd:1673:33:@28760ns:(report note): auipc
./source/control_unit.vhd:1011:41:@28760ns:(report note): addi
./source/control_unit.vhd:1011:41:@28760ns:(report note): addi
./source/control_unit.vhd:1011:41:@28760ns:(report note): addi
./source/control_unit.vhd:1011:41:@28780ns:(report note): addi
./source/control_unit.vhd:1187:41:@28780ns:(report note): sw
./source/control_unit.vhd:1187:41:@28780ns:(report note): sw
./source/control_unit.vhd:1187:41:@28780ns:(report note): sw
./source/control_unit.vhd:1187:41:@28840ns:(report note): sw
./source/control_unit.vhd:1096:41:@28840ns:(report note): lb
./source/control_unit.vhd:1096:41:@28840ns:(report note): lb
./source/control_unit.vhd:1096:41:@28840ns:(report note): lb
./source/control_unit.vhd:1096:41:@28860ns:(report note): lb
./source/control_unit.vhd:1011:41:@28860ns:(report note): addi
./source/control_unit.vhd:1011:41:@28860ns:(report note): addi
./source/control_unit.vhd:1011:41:@28860ns:(report note): addi
./source/control_unit.vhd:1011:41:@28880ns:(report note): addi
./source/control_unit.vhd:1389:41:@28880ns:(report note): bne
./source/control_unit.vhd:1389:41:@28880ns:(report note): bne
./source/control_unit.vhd:1389:41:@28880ns:(report note): bne
./source/control_unit.vhd:1389:41:@28900ns:(report note): bne
./source/control_unit.vhd:1011:41:@28900ns:(report note): addi
./source/control_unit.vhd:1011:41:@28900ns:(report note): addi
./source/control_unit.vhd:1011:41:@28900ns:(report note): addi
./source/control_unit.vhd:1011:41:@28920ns:(report note): addi
./source/control_unit.vhd:1662:33:@28920ns:(report note): lui
./source/control_unit.vhd:1662:33:@28920ns:(report note): lui
./source/control_unit.vhd:1662:33:@28920ns:(report note): lui
./source/control_unit.vhd:1662:33:@28940ns:(report note): lui
./source/control_unit.vhd:1011:41:@28940ns:(report note): addi
./source/control_unit.vhd:1011:41:@28940ns:(report note): addi
./source/control_unit.vhd:1011:41:@28940ns:(report note): addi
./source/control_unit.vhd:1011:41:@28960ns:(report note): addi
./source/control_unit.vhd:1673:33:@28960ns:(report note): auipc
./source/control_unit.vhd:1673:33:@28960ns:(report note): auipc
./source/control_unit.vhd:1673:33:@28960ns:(report note): auipc
./source/control_unit.vhd:1673:33:@28980ns:(report note): auipc
./source/control_unit.vhd:1011:41:@28980ns:(report note): addi
./source/control_unit.vhd:1011:41:@28980ns:(report note): addi
./source/control_unit.vhd:1011:41:@28980ns:(report note): addi
./source/control_unit.vhd:1011:41:@29us:(report note): addi
./source/control_unit.vhd:1187:41:@29us:(report note): sw
./source/control_unit.vhd:1187:41:@29us:(report note): sw
./source/control_unit.vhd:1187:41:@29us:(report note): sw
./source/control_unit.vhd:1187:41:@29060ns:(report note): sw
./source/control_unit.vhd:1128:41:@29060ns:(report note): lbu
./source/control_unit.vhd:1128:41:@29060ns:(report note): lbu
./source/control_unit.vhd:1128:41:@29060ns:(report note): lbu
./source/control_unit.vhd:1128:41:@29080ns:(report note): lbu
./source/control_unit.vhd:1011:41:@29080ns:(report note): addi
./source/control_unit.vhd:1011:41:@29080ns:(report note): addi
./source/control_unit.vhd:1011:41:@29080ns:(report note): addi
./source/control_unit.vhd:1011:41:@29100ns:(report note): addi
./source/control_unit.vhd:1389:41:@29100ns:(report note): bne
./source/control_unit.vhd:1389:41:@29100ns:(report note): bne
./source/control_unit.vhd:1389:41:@29100ns:(report note): bne
./source/control_unit.vhd:1389:41:@29120ns:(report note): bne
./source/control_unit.vhd:1011:41:@29120ns:(report note): addi
./source/control_unit.vhd:1011:41:@29120ns:(report note): addi
./source/control_unit.vhd:1011:41:@29120ns:(report note): addi
./source/control_unit.vhd:1011:41:@29140ns:(report note): addi
./source/control_unit.vhd:1662:33:@29140ns:(report note): lui
./source/control_unit.vhd:1662:33:@29140ns:(report note): lui
./source/control_unit.vhd:1662:33:@29140ns:(report note): lui
./source/control_unit.vhd:1662:33:@29160ns:(report note): lui
./source/control_unit.vhd:1011:41:@29160ns:(report note): addi
./source/control_unit.vhd:1011:41:@29160ns:(report note): addi
./source/control_unit.vhd:1011:41:@29160ns:(report note): addi
./source/control_unit.vhd:1011:41:@29180ns:(report note): addi
./source/control_unit.vhd:1673:33:@29180ns:(report note): auipc
./source/control_unit.vhd:1673:33:@29180ns:(report note): auipc
./source/control_unit.vhd:1673:33:@29180ns:(report note): auipc
./source/control_unit.vhd:1673:33:@29200ns:(report note): auipc
./source/control_unit.vhd:1011:41:@29200ns:(report note): addi
./source/control_unit.vhd:1011:41:@29200ns:(report note): addi
./source/control_unit.vhd:1011:41:@29200ns:(report note): addi
./source/control_unit.vhd:1011:41:@29220ns:(report note): addi
./source/control_unit.vhd:1187:41:@29220ns:(report note): sw
./source/control_unit.vhd:1187:41:@29220ns:(report note): sw
./source/control_unit.vhd:1187:41:@29220ns:(report note): sw
./source/control_unit.vhd:1187:41:@29280ns:(report note): sw
./source/control_unit.vhd:1104:41:@29280ns:(report note): lh
./source/control_unit.vhd:1104:41:@29280ns:(report note): lh
./source/control_unit.vhd:1104:41:@29280ns:(report note): lh
./source/control_unit.vhd:1104:41:@29300ns:(report note): lh
./source/control_unit.vhd:1662:33:@29300ns:(report note): lui
./source/control_unit.vhd:1662:33:@29300ns:(report note): lui
./source/control_unit.vhd:1662:33:@29300ns:(report note): lui
./source/control_unit.vhd:1662:33:@29320ns:(report note): lui
./source/control_unit.vhd:1011:41:@29320ns:(report note): addi
./source/control_unit.vhd:1011:41:@29320ns:(report note): addi
./source/control_unit.vhd:1011:41:@29320ns:(report note): addi
./source/control_unit.vhd:1011:41:@29340ns:(report note): addi
./source/control_unit.vhd:1389:41:@29340ns:(report note): bne
./source/control_unit.vhd:1389:41:@29340ns:(report note): bne
./source/control_unit.vhd:1389:41:@29340ns:(report note): bne
./source/control_unit.vhd:1389:41:@29400ns:(report note): bne
./source/control_unit.vhd:1011:41:@29400ns:(report note): addi
./source/control_unit.vhd:1011:41:@29400ns:(report note): addi
./source/control_unit.vhd:1011:41:@29400ns:(report note): addi
./source/control_unit.vhd:1011:41:@29420ns:(report note): addi
./source/control_unit.vhd:1662:33:@29420ns:(report note): lui
./source/control_unit.vhd:1662:33:@29420ns:(report note): lui
./source/control_unit.vhd:1662:33:@29420ns:(report note): lui
./source/control_unit.vhd:1662:33:@29440ns:(report note): lui
./source/control_unit.vhd:1011:41:@29440ns:(report note): addi
./source/control_unit.vhd:1011:41:@29440ns:(report note): addi
./source/control_unit.vhd:1011:41:@29440ns:(report note): addi
./source/control_unit.vhd:1011:41:@29460ns:(report note): addi
./source/control_unit.vhd:1673:33:@29460ns:(report note): auipc
./source/control_unit.vhd:1673:33:@29460ns:(report note): auipc
./source/control_unit.vhd:1673:33:@29460ns:(report note): auipc
./source/control_unit.vhd:1673:33:@29480ns:(report note): auipc
./source/control_unit.vhd:1011:41:@29480ns:(report note): addi
./source/control_unit.vhd:1011:41:@29480ns:(report note): addi
./source/control_unit.vhd:1011:41:@29480ns:(report note): addi
./source/control_unit.vhd:1011:41:@29500ns:(report note): addi
./source/control_unit.vhd:1187:41:@29500ns:(report note): sw
./source/control_unit.vhd:1187:41:@29500ns:(report note): sw
./source/control_unit.vhd:1187:41:@29500ns:(report note): sw
./source/control_unit.vhd:1187:41:@29560ns:(report note): sw
./source/control_unit.vhd:1136:41:@29560ns:(report note): lhu
./source/control_unit.vhd:1136:41:@29560ns:(report note): lhu
./source/control_unit.vhd:1136:41:@29560ns:(report note): lhu
./source/control_unit.vhd:1136:41:@29580ns:(report note): lhu
./source/control_unit.vhd:1662:33:@29580ns:(report note): lui
./source/control_unit.vhd:1662:33:@29580ns:(report note): lui
./source/control_unit.vhd:1662:33:@29580ns:(report note): lui
./source/control_unit.vhd:1662:33:@29600ns:(report note): lui
./source/control_unit.vhd:1011:41:@29600ns:(report note): addi
./source/control_unit.vhd:1011:41:@29600ns:(report note): addi
./source/control_unit.vhd:1011:41:@29600ns:(report note): addi
./source/control_unit.vhd:1011:41:@29620ns:(report note): addi
./source/control_unit.vhd:1389:41:@29620ns:(report note): bne
./source/control_unit.vhd:1389:41:@29620ns:(report note): bne
./source/control_unit.vhd:1389:41:@29620ns:(report note): bne
./source/control_unit.vhd:1389:41:@29680ns:(report note): bne
./source/control_unit.vhd:1011:41:@29680ns:(report note): addi
./source/control_unit.vhd:1011:41:@29680ns:(report note): addi
./source/control_unit.vhd:1011:41:@29680ns:(report note): addi
./source/control_unit.vhd:1011:41:@29700ns:(report note): addi
./source/control_unit.vhd:1662:33:@29700ns:(report note): lui
./source/control_unit.vhd:1662:33:@29700ns:(report note): lui
./source/control_unit.vhd:1662:33:@29700ns:(report note): lui
./source/control_unit.vhd:1662:33:@29720ns:(report note): lui
./source/control_unit.vhd:1011:41:@29720ns:(report note): addi
./source/control_unit.vhd:1011:41:@29720ns:(report note): addi
./source/control_unit.vhd:1011:41:@29720ns:(report note): addi
./source/control_unit.vhd:1011:41:@29740ns:(report note): addi
./source/control_unit.vhd:1673:33:@29740ns:(report note): auipc
./source/control_unit.vhd:1673:33:@29740ns:(report note): auipc
./source/control_unit.vhd:1673:33:@29740ns:(report note): auipc
./source/control_unit.vhd:1673:33:@29760ns:(report note): auipc
./source/control_unit.vhd:1011:41:@29760ns:(report note): addi
./source/control_unit.vhd:1011:41:@29760ns:(report note): addi
./source/control_unit.vhd:1011:41:@29760ns:(report note): addi
./source/control_unit.vhd:1011:41:@29780ns:(report note): addi
./source/control_unit.vhd:1187:41:@29780ns:(report note): sw
./source/control_unit.vhd:1187:41:@29780ns:(report note): sw
./source/control_unit.vhd:1187:41:@29780ns:(report note): sw
./source/control_unit.vhd:1187:41:@29840ns:(report note): sw
./source/control_unit.vhd:1112:41:@29840ns:(report note): lw
./source/control_unit.vhd:1112:41:@29840ns:(report note): lw
./source/control_unit.vhd:1112:41:@29840ns:(report note): lw
./source/control_unit.vhd:1112:41:@29860ns:(report note): lw
./source/control_unit.vhd:1662:33:@29860ns:(report note): lui
./source/control_unit.vhd:1662:33:@29860ns:(report note): lui
./source/control_unit.vhd:1662:33:@29860ns:(report note): lui
./source/control_unit.vhd:1662:33:@29880ns:(report note): lui
./source/control_unit.vhd:1011:41:@29880ns:(report note): addi
./source/control_unit.vhd:1011:41:@29880ns:(report note): addi
./source/control_unit.vhd:1011:41:@29880ns:(report note): addi
./source/control_unit.vhd:1011:41:@29900ns:(report note): addi
./source/control_unit.vhd:1389:41:@29900ns:(report note): bne
./source/control_unit.vhd:1389:41:@29900ns:(report note): bne
./source/control_unit.vhd:1389:41:@29900ns:(report note): bne
./source/control_unit.vhd:1389:41:@29960ns:(report note): bne
./source/control_unit.vhd:1011:41:@29960ns:(report note): addi
./source/control_unit.vhd:1011:41:@29960ns:(report note): addi
./source/control_unit.vhd:1011:41:@29960ns:(report note): addi
./source/control_unit.vhd:1011:41:@29980ns:(report note): addi
./source/control_unit.vhd:1662:33:@29980ns:(report note): lui
./source/control_unit.vhd:1662:33:@29980ns:(report note): lui
./source/control_unit.vhd:1662:33:@29980ns:(report note): lui
./source/control_unit.vhd:1662:33:@30us:(report note): lui
./source/control_unit.vhd:1011:41:@30us:(report note): addi
./source/control_unit.vhd:1011:41:@30us:(report note): addi
./source/control_unit.vhd:1011:41:@30us:(report note): addi
./source/control_unit.vhd:1011:41:@30020ns:(report note): addi
./source/control_unit.vhd:1662:33:@30020ns:(report note): lui
./source/control_unit.vhd:1662:33:@30020ns:(report note): lui
./source/control_unit.vhd:1662:33:@30020ns:(report note): lui
./source/control_unit.vhd:1662:33:@30040ns:(report note): lui
./source/control_unit.vhd:1011:41:@30040ns:(report note): addi
./source/control_unit.vhd:1011:41:@30040ns:(report note): addi
./source/control_unit.vhd:1011:41:@30040ns:(report note): addi
./source/control_unit.vhd:1011:41:@30060ns:(report note): addi
./source/control_unit.vhd:1673:33:@30060ns:(report note): auipc
./source/control_unit.vhd:1673:33:@30060ns:(report note): auipc
./source/control_unit.vhd:1673:33:@30060ns:(report note): auipc
./source/control_unit.vhd:1673:33:@30080ns:(report note): auipc
./source/control_unit.vhd:1011:41:@30080ns:(report note): addi
./source/control_unit.vhd:1011:41:@30080ns:(report note): addi
./source/control_unit.vhd:1011:41:@30080ns:(report note): addi
./source/control_unit.vhd:1011:41:@30100ns:(report note): addi
./source/control_unit.vhd:1187:41:@30100ns:(report note): sw
./source/control_unit.vhd:1187:41:@30100ns:(report note): sw
./source/control_unit.vhd:1187:41:@30100ns:(report note): sw
./source/control_unit.vhd:1187:41:@30160ns:(report note): sw
./source/control_unit.vhd:1187:41:@30160ns:(report note): sw
./source/control_unit.vhd:1187:41:@30160ns:(report note): sw
./source/control_unit.vhd:1187:41:@30160ns:(report note): sw
./source/control_unit.vhd:1187:41:@30180ns:(report note): sw
./source/control_unit.vhd:1112:41:@30180ns:(report note): lw
./source/control_unit.vhd:1112:41:@30180ns:(report note): lw
./source/control_unit.vhd:1112:41:@30180ns:(report note): lw
./source/control_unit.vhd:1112:41:@30200ns:(report note): lw
./source/control_unit.vhd:1389:41:@30200ns:(report note): bne
./source/control_unit.vhd:1389:41:@30200ns:(report note): bne
./source/control_unit.vhd:1389:41:@30200ns:(report note): bne
./source/control_unit.vhd:1389:41:@30240ns:(report note): bne
./source/control_unit.vhd:984:33:@30240ns:(report note): jal
./source/control_unit.vhd:984:33:@30240ns:(report note): jal
./source/control_unit.vhd:984:33:@30240ns:(report note): jal
./source/control_unit.vhd:984:33:@30260ns:(report note): jal
./source/control_unit.vhd:1011:41:@30260ns:(report note): addi
./source/control_unit.vhd:1011:41:@30260ns:(report note): addi
./source/control_unit.vhd:1011:41:@30260ns:(report note): addi
./source/control_unit.vhd:1011:41:@30280ns:(report note): addi
./source/control_unit.vhd:1011:41:@30280ns:(report note): addi
./source/control_unit.vhd:1011:41:@30280ns:(report note): addi
./source/control_unit.vhd:1011:41:@30280ns:(report note): addi
./source/control_unit.vhd:1011:41:@30300ns:(report note): addi
./source/control_unit.vhd:1011:41:@30300ns:(report note): addi
./source/control_unit.vhd:1011:41:@30300ns:(report note): addi
./source/control_unit.vhd:1011:41:@30320ns:(report note): addi
./source/control_unit.vhd:1705:37:@30320ns:(report note): ebreak
./source/control_unit.vhd:1705:37:@30320ns:(report note): ebreak
./source/control_unit.vhd:1705:37:@30320ns:(report note): ebreak
./source/control_unit.vhd:1710:37:@30340ns:(report note): ecall
./source/control_unit.vhd:1725:25:@30340ns:(report note): Illegal Instruction (0xUUUUUUUUUUUUUUUUUUUUUUUUUUUUUUUU)
./source/control_unit.vhd:1725:25:@30340ns:(report note): Illegal Instruction (0xUUUUUUUUUUUUUUUUUUUUUUUUUUUUUUUU)
../../src/ieee2008/numeric_std-body.vhdl:3036:7:@30340ns:(assertion warning): NUMERIC_STD.TO_INTEGER: metavalue detected, returning 0
../../src/ieee2008/numeric_std-body.vhdl:3036:7:@30340ns:(assertion warning): NUMERIC_STD.TO_INTEGER: metavalue detected, returning 0
./source/control_unit.vhd:1725:25:@30340ns:(report note): Illegal Instruction (0xUUUUUUUUUUUUUUUUUUUUUUUUUUUUUUUU)
simulation finished @30400ns
