../../src/ieee2008/numeric_std-body.vhdl:3036:7:@0ms:(assertion warning): NUMERIC_STD.TO_INTEGER: metavalue detected, returning 0
../../src/ieee2008/numeric_std-body.vhdl:3036:7:@0ms:(assertion warning): NUMERIC_STD.TO_INTEGER: metavalue detected, returning 0
../../src/ieee2008/numeric_std-body.vhdl:3036:7:@0ms:(assertion warning): NUMERIC_STD.TO_INTEGER: metavalue detected, returning 0
../../src/ieee2008/numeric_std-body.vhdl:3036:7:@0ms:(assertion warning): NUMERIC_STD.TO_INTEGER: metavalue detected, returning 0
../../src/ieee2008/numeric_std-body.vhdl:3036:7:@0ms:(assertion warning): NUMERIC_STD.TO_INTEGER: metavalue detected, returning 0
./source/control_unit.vhd:1577:25:@0ms:(report note): Illegal Instruction (0xUUUUUUUUUUUUUUUUUUUUUUUUUUUUUUUU)
../../src/ieee2008/numeric_std-body.vhdl:3036:7:@0ms:(assertion warning): NUMERIC_STD.TO_INTEGER: metavalue detected, returning 0
../../src/ieee2008/numeric_std-body.vhdl:3036:7:@0ms:(assertion warning): NUMERIC_STD.TO_INTEGER: metavalue detected, returning 0
../../src/ieee2008/numeric_std-body.vhdl:1320:7:@0ms:(assertion warning): NUMERIC_STD."<": metavalue detected, returning FALSE
../../src/ieee2008/numeric_std-body.vhdl:1347:7:@0ms:(assertion warning): NUMERIC_STD."<": metavalue detected, returning FALSE
../../src/ieee2008/numeric_std-body.vhdl:1347:7:@0ms:(assertion warning): NUMERIC_STD."<": metavalue detected, returning FALSE
../../src/ieee2008/numeric_std-body.vhdl:1320:7:@0ms:(assertion warning): NUMERIC_STD."<": metavalue detected, returning FALSE
../../src/ieee2008/numeric_std-body.vhdl:1195:7:@0ms:(assertion warning): NUMERIC_STD.">": metavalue detected, returning FALSE
../../src/ieee2008/numeric_std-body.vhdl:1168:7:@0ms:(assertion warning): NUMERIC_STD.">": metavalue detected, returning FALSE
../../src/ieee2008/numeric_std-body.vhdl:1168:7:@0ms:(assertion warning): NUMERIC_STD.">": metavalue detected, returning FALSE
../../src/ieee2008/numeric_std-body.vhdl:1195:7:@0ms:(assertion warning): NUMERIC_STD.">": metavalue detected, returning FALSE
../../src/ieee2008/numeric_std-body.vhdl:1320:7:@0ms:(assertion warning): NUMERIC_STD."<": metavalue detected, returning FALSE
../../src/ieee2008/numeric_std-body.vhdl:1347:7:@0ms:(assertion warning): NUMERIC_STD."<": metavalue detected, returning FALSE
../../src/ieee2008/numeric_std-body.vhdl:1347:7:@0ms:(assertion warning): NUMERIC_STD."<": metavalue detected, returning FALSE
../../src/ieee2008/numeric_std-body.vhdl:1320:7:@0ms:(assertion warning): NUMERIC_STD."<": metavalue detected, returning FALSE
../../src/ieee2008/numeric_std-body.vhdl:3036:7:@0ms:(assertion warning): NUMERIC_STD.TO_INTEGER: metavalue detected, returning 0
../../src/ieee2008/numeric_std-body.vhdl:3036:7:@0ms:(assertion warning): NUMERIC_STD.TO_INTEGER: metavalue detected, returning 0
./source/control_unit.vhd:1577:25:@0ms:(report note): Illegal Instruction (0xUUUUUUUUUUUUUUUUUUUUUUUUUUUUUUUU)
../../src/ieee2008/numeric_std-body.vhdl:3036:7:@0ms:(assertion warning): NUMERIC_STD.TO_INTEGER: metavalue detected, returning 0
../../src/ieee2008/numeric_std-body.vhdl:3036:7:@0ms:(assertion warning): NUMERIC_STD.TO_INTEGER: metavalue detected, returning 0
./source/control_unit.vhd:1577:25:@0ms:(report note): Illegal Instruction (0xUUUUUUUUUUUUUUUUUUUUUUUUUUUUUUUU)
../../src/ieee2008/numeric_std-body.vhdl:3036:7:@15ns:(assertion warning): NUMERIC_STD.TO_INTEGER: metavalue detected, returning 0
../../src/ieee2008/numeric_std-body.vhdl:3036:7:@15ns:(assertion warning): NUMERIC_STD.TO_INTEGER: metavalue detected, returning 0
../../src/ieee2008/numeric_std-body.vhdl:3036:7:@15ns:(assertion warning): NUMERIC_STD.TO_INTEGER: metavalue detected, returning 0
../../src/ieee2008/numeric_std-body.vhdl:3036:7:@15ns:(assertion warning): NUMERIC_STD.TO_INTEGER: metavalue detected, returning 0
../../src/ieee2008/numeric_std-body.vhdl:1168:7:@15ns:(assertion warning): NUMERIC_STD.">": metavalue detected, returning FALSE
../../src/ieee2008/numeric_std-body.vhdl:1195:7:@15ns:(assertion warning): NUMERIC_STD.">": metavalue detected, returning FALSE
../../src/ieee2008/numeric_std-body.vhdl:1320:7:@15ns:(assertion warning): NUMERIC_STD."<": metavalue detected, returning FALSE
../../src/ieee2008/numeric_std-body.vhdl:1347:7:@15ns:(assertion warning): NUMERIC_STD."<": metavalue detected, returning FALSE
../../src/ieee2008/numeric_std-body.vhdl:1347:7:@15ns:(assertion warning): NUMERIC_STD."<": metavalue detected, returning FALSE
../../src/ieee2008/numeric_std-body.vhdl:1320:7:@15ns:(assertion warning): NUMERIC_STD."<": metavalue detected, returning FALSE
./source/control_unit.vhd:863:41:@20700ns:(report note): addi
./source/control_unit.vhd:863:41:@20720ns:(report note): addi
./source/control_unit.vhd:863:41:@20720ns:(report note): addi
./source/control_unit.vhd:863:41:@20720ns:(report note): addi
./source/control_unit.vhd:863:41:@20720ns:(report note): addi
./source/control_unit.vhd:863:41:@20740ns:(report note): addi
./source/control_unit.vhd:1525:33:@20740ns:(report note): auipc
./source/control_unit.vhd:1525:33:@20740ns:(report note): auipc
./source/control_unit.vhd:1525:33:@20740ns:(report note): auipc
./source/control_unit.vhd:1525:33:@20760ns:(report note): auipc
./source/control_unit.vhd:863:41:@20760ns:(report note): addi
./source/control_unit.vhd:863:41:@20760ns:(report note): addi
./source/control_unit.vhd:863:41:@20760ns:(report note): addi
./source/control_unit.vhd:863:41:@20780ns:(report note): addi
./source/control_unit.vhd:1525:33:@20780ns:(report note): auipc
./source/control_unit.vhd:1525:33:@20780ns:(report note): auipc
./source/control_unit.vhd:1525:33:@20780ns:(report note): auipc
./source/control_unit.vhd:1525:33:@20800ns:(report note): auipc
./source/control_unit.vhd:863:41:@20800ns:(report note): addi
./source/control_unit.vhd:863:41:@20800ns:(report note): addi
./source/control_unit.vhd:863:41:@20800ns:(report note): addi
./source/control_unit.vhd:863:41:@20820ns:(report note): addi
./source/control_unit.vhd:1145:49:@20820ns:(report note): add
./source/control_unit.vhd:1145:49:@20820ns:(report note): add
./source/control_unit.vhd:1145:49:@20820ns:(report note): add
./source/control_unit.vhd:1145:49:@20840ns:(report note): add
./source/control_unit.vhd:863:41:@20840ns:(report note): addi
./source/control_unit.vhd:863:41:@20840ns:(report note): addi
./source/control_unit.vhd:863:41:@20840ns:(report note): addi
./source/control_unit.vhd:863:41:@20860ns:(report note): addi
./source/control_unit.vhd:964:41:@20860ns:(report note): lw
./source/control_unit.vhd:964:41:@20860ns:(report note): lw
./source/control_unit.vhd:964:41:@20860ns:(report note): lw
./source/control_unit.vhd:964:41:@20900ns:(report note): lw
./source/control_unit.vhd:1248:41:@20900ns:(report note): blt
./source/control_unit.vhd:1248:41:@20900ns:(report note): blt
./source/control_unit.vhd:1248:41:@20900ns:(report note): blt
./source/control_unit.vhd:1248:41:@20940ns:(report note): blt
./source/control_unit.vhd:1557:37:@20940ns:(report note): ebreak
./source/control_unit.vhd:1557:37:@20940ns:(report note): ebreak
./source/control_unit.vhd:1557:37:@20940ns:(report note): ebreak
./source/control_unit.vhd:1562:37:@20960ns:(report note): ecall
./source/control_unit.vhd:863:41:@20960ns:(report note): addi
./source/control_unit.vhd:863:41:@20960ns:(report note): addi
./source/control_unit.vhd:863:41:@20960ns:(report note): addi
./source/control_unit.vhd:863:41:@20980ns:(report note): addi
./source/control_unit.vhd:863:41:@20980ns:(report note): addi
./source/control_unit.vhd:863:41:@20980ns:(report note): addi
./source/control_unit.vhd:863:41:@20980ns:(report note): addi
./source/control_unit.vhd:863:41:@21us:(report note): addi
./source/control_unit.vhd:964:41:@21us:(report note): lw
./source/control_unit.vhd:964:41:@21us:(report note): lw
./source/control_unit.vhd:964:41:@21us:(report note): lw
./source/control_unit.vhd:964:41:@21040ns:(report note): lw
./source/control_unit.vhd:1248:41:@21040ns:(report note): blt
./source/control_unit.vhd:1248:41:@21040ns:(report note): blt
./source/control_unit.vhd:1248:41:@21040ns:(report note): blt
./source/control_unit.vhd:1248:41:@21080ns:(report note): blt
./source/control_unit.vhd:1557:37:@21080ns:(report note): ebreak
./source/control_unit.vhd:1557:37:@21080ns:(report note): ebreak
./source/control_unit.vhd:1557:37:@21080ns:(report note): ebreak
./source/control_unit.vhd:1562:37:@21100ns:(report note): ecall
./source/control_unit.vhd:863:41:@21100ns:(report note): addi
./source/control_unit.vhd:863:41:@21100ns:(report note): addi
./source/control_unit.vhd:863:41:@21100ns:(report note): addi
./source/control_unit.vhd:863:41:@21120ns:(report note): addi
./source/control_unit.vhd:863:41:@21120ns:(report note): addi
./source/control_unit.vhd:863:41:@21120ns:(report note): addi
./source/control_unit.vhd:863:41:@21120ns:(report note): addi
./source/control_unit.vhd:863:41:@21140ns:(report note): addi
./source/control_unit.vhd:964:41:@21140ns:(report note): lw
./source/control_unit.vhd:964:41:@21140ns:(report note): lw
./source/control_unit.vhd:964:41:@21140ns:(report note): lw
./source/control_unit.vhd:964:41:@21180ns:(report note): lw
./source/control_unit.vhd:1248:41:@21180ns:(report note): blt
./source/control_unit.vhd:1248:41:@21180ns:(report note): blt
./source/control_unit.vhd:1248:41:@21180ns:(report note): blt
./source/control_unit.vhd:1248:41:@21220ns:(report note): blt
./source/control_unit.vhd:863:41:@21220ns:(report note): addi
./source/control_unit.vhd:863:41:@21220ns:(report note): addi
./source/control_unit.vhd:863:41:@21220ns:(report note): addi
./source/control_unit.vhd:863:41:@21240ns:(report note): addi
./source/control_unit.vhd:964:41:@21240ns:(report note): lw
./source/control_unit.vhd:964:41:@21240ns:(report note): lw
./source/control_unit.vhd:964:41:@21240ns:(report note): lw
./source/control_unit.vhd:964:41:@21280ns:(report note): lw
./source/control_unit.vhd:1248:41:@21280ns:(report note): blt
./source/control_unit.vhd:1248:41:@21280ns:(report note): blt
./source/control_unit.vhd:1248:41:@21280ns:(report note): blt
./source/control_unit.vhd:1248:41:@21320ns:(report note): blt
./source/control_unit.vhd:863:41:@21320ns:(report note): addi
./source/control_unit.vhd:863:41:@21320ns:(report note): addi
./source/control_unit.vhd:863:41:@21320ns:(report note): addi
./source/control_unit.vhd:863:41:@21340ns:(report note): addi
./source/control_unit.vhd:964:41:@21340ns:(report note): lw
./source/control_unit.vhd:964:41:@21340ns:(report note): lw
./source/control_unit.vhd:964:41:@21340ns:(report note): lw
./source/control_unit.vhd:964:41:@21380ns:(report note): lw
./source/control_unit.vhd:1248:41:@21380ns:(report note): blt
./source/control_unit.vhd:1248:41:@21380ns:(report note): blt
./source/control_unit.vhd:1248:41:@21380ns:(report note): blt
./source/control_unit.vhd:1248:41:@21420ns:(report note): blt
./source/control_unit.vhd:863:41:@21420ns:(report note): addi
./source/control_unit.vhd:863:41:@21420ns:(report note): addi
./source/control_unit.vhd:863:41:@21420ns:(report note): addi
./source/control_unit.vhd:863:41:@21440ns:(report note): addi
./source/control_unit.vhd:964:41:@21440ns:(report note): lw
./source/control_unit.vhd:964:41:@21440ns:(report note): lw
./source/control_unit.vhd:964:41:@21440ns:(report note): lw
./source/control_unit.vhd:964:41:@21480ns:(report note): lw
./source/control_unit.vhd:1248:41:@21480ns:(report note): blt
./source/control_unit.vhd:1248:41:@21480ns:(report note): blt
./source/control_unit.vhd:1248:41:@21480ns:(report note): blt
./source/control_unit.vhd:1248:41:@21520ns:(report note): blt
./source/control_unit.vhd:863:41:@21520ns:(report note): addi
./source/control_unit.vhd:863:41:@21520ns:(report note): addi
./source/control_unit.vhd:863:41:@21520ns:(report note): addi
./source/control_unit.vhd:863:41:@21540ns:(report note): addi
./source/control_unit.vhd:964:41:@21540ns:(report note): lw
./source/control_unit.vhd:964:41:@21540ns:(report note): lw
./source/control_unit.vhd:964:41:@21540ns:(report note): lw
./source/control_unit.vhd:964:41:@21580ns:(report note): lw
./source/control_unit.vhd:1248:41:@21580ns:(report note): blt
./source/control_unit.vhd:1248:41:@21580ns:(report note): blt
./source/control_unit.vhd:1248:41:@21580ns:(report note): blt
./source/control_unit.vhd:1248:41:@21620ns:(report note): blt
./source/control_unit.vhd:863:41:@21620ns:(report note): addi
./source/control_unit.vhd:863:41:@21620ns:(report note): addi
./source/control_unit.vhd:863:41:@21620ns:(report note): addi
./source/control_unit.vhd:863:41:@21640ns:(report note): addi
./source/control_unit.vhd:964:41:@21640ns:(report note): lw
./source/control_unit.vhd:964:41:@21640ns:(report note): lw
./source/control_unit.vhd:964:41:@21640ns:(report note): lw
./source/control_unit.vhd:964:41:@21680ns:(report note): lw
./source/control_unit.vhd:1248:41:@21680ns:(report note): blt
./source/control_unit.vhd:1248:41:@21680ns:(report note): blt
./source/control_unit.vhd:1248:41:@21680ns:(report note): blt
./source/control_unit.vhd:1248:41:@21720ns:(report note): blt
./source/control_unit.vhd:863:41:@21720ns:(report note): addi
./source/control_unit.vhd:863:41:@21720ns:(report note): addi
./source/control_unit.vhd:863:41:@21720ns:(report note): addi
./source/control_unit.vhd:863:41:@21740ns:(report note): addi
./source/control_unit.vhd:964:41:@21740ns:(report note): lw
./source/control_unit.vhd:964:41:@21740ns:(report note): lw
./source/control_unit.vhd:964:41:@21740ns:(report note): lw
./source/control_unit.vhd:964:41:@21780ns:(report note): lw
./source/control_unit.vhd:1248:41:@21780ns:(report note): blt
./source/control_unit.vhd:1248:41:@21780ns:(report note): blt
./source/control_unit.vhd:1248:41:@21780ns:(report note): blt
./source/control_unit.vhd:1248:41:@21820ns:(report note): blt
./source/control_unit.vhd:863:41:@21820ns:(report note): addi
./source/control_unit.vhd:863:41:@21820ns:(report note): addi
./source/control_unit.vhd:863:41:@21820ns:(report note): addi
./source/control_unit.vhd:863:41:@21840ns:(report note): addi
./source/control_unit.vhd:964:41:@21840ns:(report note): lw
./source/control_unit.vhd:964:41:@21840ns:(report note): lw
./source/control_unit.vhd:964:41:@21840ns:(report note): lw
./source/control_unit.vhd:964:41:@21880ns:(report note): lw
./source/control_unit.vhd:1248:41:@21880ns:(report note): blt
./source/control_unit.vhd:1248:41:@21880ns:(report note): blt
./source/control_unit.vhd:1248:41:@21880ns:(report note): blt
./source/control_unit.vhd:1248:41:@21920ns:(report note): blt
./source/control_unit.vhd:863:41:@21920ns:(report note): addi
./source/control_unit.vhd:863:41:@21920ns:(report note): addi
./source/control_unit.vhd:863:41:@21920ns:(report note): addi
./source/control_unit.vhd:863:41:@21940ns:(report note): addi
./source/control_unit.vhd:964:41:@21940ns:(report note): lw
./source/control_unit.vhd:964:41:@21940ns:(report note): lw
./source/control_unit.vhd:964:41:@21940ns:(report note): lw
./source/control_unit.vhd:964:41:@21980ns:(report note): lw
./source/control_unit.vhd:1248:41:@21980ns:(report note): blt
./source/control_unit.vhd:1248:41:@21980ns:(report note): blt
./source/control_unit.vhd:1248:41:@21980ns:(report note): blt
./source/control_unit.vhd:1248:41:@22020ns:(report note): blt
./source/control_unit.vhd:863:41:@22020ns:(report note): addi
./source/control_unit.vhd:863:41:@22020ns:(report note): addi
./source/control_unit.vhd:863:41:@22020ns:(report note): addi
./source/control_unit.vhd:863:41:@22040ns:(report note): addi
./source/control_unit.vhd:964:41:@22040ns:(report note): lw
./source/control_unit.vhd:964:41:@22040ns:(report note): lw
./source/control_unit.vhd:964:41:@22040ns:(report note): lw
./source/control_unit.vhd:964:41:@22080ns:(report note): lw
./source/control_unit.vhd:1248:41:@22080ns:(report note): blt
./source/control_unit.vhd:1248:41:@22080ns:(report note): blt
./source/control_unit.vhd:1248:41:@22080ns:(report note): blt
./source/control_unit.vhd:1248:41:@22120ns:(report note): blt
./source/control_unit.vhd:863:41:@22120ns:(report note): addi
./source/control_unit.vhd:863:41:@22120ns:(report note): addi
./source/control_unit.vhd:863:41:@22120ns:(report note): addi
./source/control_unit.vhd:863:41:@22140ns:(report note): addi
./source/control_unit.vhd:964:41:@22140ns:(report note): lw
./source/control_unit.vhd:964:41:@22140ns:(report note): lw
./source/control_unit.vhd:964:41:@22140ns:(report note): lw
./source/control_unit.vhd:964:41:@22180ns:(report note): lw
./source/control_unit.vhd:1248:41:@22180ns:(report note): blt
./source/control_unit.vhd:1248:41:@22180ns:(report note): blt
./source/control_unit.vhd:1248:41:@22180ns:(report note): blt
./source/control_unit.vhd:1248:41:@22220ns:(report note): blt
./source/control_unit.vhd:863:41:@22220ns:(report note): addi
./source/control_unit.vhd:863:41:@22220ns:(report note): addi
./source/control_unit.vhd:863:41:@22220ns:(report note): addi
./source/control_unit.vhd:863:41:@22240ns:(report note): addi
./source/control_unit.vhd:964:41:@22240ns:(report note): lw
./source/control_unit.vhd:964:41:@22240ns:(report note): lw
./source/control_unit.vhd:964:41:@22240ns:(report note): lw
./source/control_unit.vhd:964:41:@22280ns:(report note): lw
./source/control_unit.vhd:1248:41:@22280ns:(report note): blt
./source/control_unit.vhd:1248:41:@22280ns:(report note): blt
./source/control_unit.vhd:1248:41:@22280ns:(report note): blt
./source/control_unit.vhd:1248:41:@22320ns:(report note): blt
./source/control_unit.vhd:863:41:@22320ns:(report note): addi
./source/control_unit.vhd:863:41:@22320ns:(report note): addi
./source/control_unit.vhd:863:41:@22320ns:(report note): addi
./source/control_unit.vhd:863:41:@22340ns:(report note): addi
./source/control_unit.vhd:964:41:@22340ns:(report note): lw
./source/control_unit.vhd:964:41:@22340ns:(report note): lw
./source/control_unit.vhd:964:41:@22340ns:(report note): lw
./source/control_unit.vhd:964:41:@22380ns:(report note): lw
./source/control_unit.vhd:1248:41:@22380ns:(report note): blt
./source/control_unit.vhd:1248:41:@22380ns:(report note): blt
./source/control_unit.vhd:1248:41:@22380ns:(report note): blt
./source/control_unit.vhd:1248:41:@22420ns:(report note): blt
./source/control_unit.vhd:863:41:@22420ns:(report note): addi
./source/control_unit.vhd:863:41:@22420ns:(report note): addi
./source/control_unit.vhd:863:41:@22420ns:(report note): addi
./source/control_unit.vhd:863:41:@22440ns:(report note): addi
./source/control_unit.vhd:964:41:@22440ns:(report note): lw
./source/control_unit.vhd:964:41:@22440ns:(report note): lw
./source/control_unit.vhd:964:41:@22440ns:(report note): lw
./source/control_unit.vhd:964:41:@22480ns:(report note): lw
./source/control_unit.vhd:1248:41:@22480ns:(report note): blt
./source/control_unit.vhd:1248:41:@22480ns:(report note): blt
./source/control_unit.vhd:1248:41:@22480ns:(report note): blt
./source/control_unit.vhd:1248:41:@22520ns:(report note): blt
./source/control_unit.vhd:863:41:@22520ns:(report note): addi
./source/control_unit.vhd:863:41:@22520ns:(report note): addi
./source/control_unit.vhd:863:41:@22520ns:(report note): addi
./source/control_unit.vhd:863:41:@22540ns:(report note): addi
./source/control_unit.vhd:964:41:@22540ns:(report note): lw
./source/control_unit.vhd:964:41:@22540ns:(report note): lw
./source/control_unit.vhd:964:41:@22540ns:(report note): lw
./source/control_unit.vhd:964:41:@22580ns:(report note): lw
./source/control_unit.vhd:1248:41:@22580ns:(report note): blt
./source/control_unit.vhd:1248:41:@22580ns:(report note): blt
./source/control_unit.vhd:1248:41:@22580ns:(report note): blt
./source/control_unit.vhd:1248:41:@22620ns:(report note): blt
./source/control_unit.vhd:863:41:@22620ns:(report note): addi
./source/control_unit.vhd:863:41:@22620ns:(report note): addi
./source/control_unit.vhd:863:41:@22620ns:(report note): addi
./source/control_unit.vhd:863:41:@22640ns:(report note): addi
./source/control_unit.vhd:964:41:@22640ns:(report note): lw
./source/control_unit.vhd:964:41:@22640ns:(report note): lw
./source/control_unit.vhd:964:41:@22640ns:(report note): lw
./source/control_unit.vhd:964:41:@22680ns:(report note): lw
./source/control_unit.vhd:1248:41:@22680ns:(report note): blt
./source/control_unit.vhd:1248:41:@22680ns:(report note): blt
./source/control_unit.vhd:1248:41:@22680ns:(report note): blt
./source/control_unit.vhd:1248:41:@22720ns:(report note): blt
./source/control_unit.vhd:863:41:@22720ns:(report note): addi
./source/control_unit.vhd:863:41:@22720ns:(report note): addi
./source/control_unit.vhd:863:41:@22720ns:(report note): addi
./source/control_unit.vhd:863:41:@22740ns:(report note): addi
./source/control_unit.vhd:964:41:@22740ns:(report note): lw
./source/control_unit.vhd:964:41:@22740ns:(report note): lw
./source/control_unit.vhd:964:41:@22740ns:(report note): lw
./source/control_unit.vhd:964:41:@22780ns:(report note): lw
./source/control_unit.vhd:1248:41:@22780ns:(report note): blt
./source/control_unit.vhd:1248:41:@22780ns:(report note): blt
./source/control_unit.vhd:1248:41:@22780ns:(report note): blt
./source/control_unit.vhd:1248:41:@22820ns:(report note): blt
./source/control_unit.vhd:863:41:@22820ns:(report note): addi
./source/control_unit.vhd:863:41:@22820ns:(report note): addi
./source/control_unit.vhd:863:41:@22820ns:(report note): addi
./source/control_unit.vhd:863:41:@22840ns:(report note): addi
./source/control_unit.vhd:964:41:@22840ns:(report note): lw
./source/control_unit.vhd:964:41:@22840ns:(report note): lw
./source/control_unit.vhd:964:41:@22840ns:(report note): lw
./source/control_unit.vhd:964:41:@22880ns:(report note): lw
./source/control_unit.vhd:1248:41:@22880ns:(report note): blt
./source/control_unit.vhd:1248:41:@22880ns:(report note): blt
./source/control_unit.vhd:1248:41:@22880ns:(report note): blt
./source/control_unit.vhd:1248:41:@22920ns:(report note): blt
./source/control_unit.vhd:863:41:@22920ns:(report note): addi
./source/control_unit.vhd:863:41:@22920ns:(report note): addi
./source/control_unit.vhd:863:41:@22920ns:(report note): addi
./source/control_unit.vhd:863:41:@22940ns:(report note): addi
./source/control_unit.vhd:964:41:@22940ns:(report note): lw
./source/control_unit.vhd:964:41:@22940ns:(report note): lw
./source/control_unit.vhd:964:41:@22940ns:(report note): lw
./source/control_unit.vhd:964:41:@22980ns:(report note): lw
./source/control_unit.vhd:1248:41:@22980ns:(report note): blt
./source/control_unit.vhd:1248:41:@22980ns:(report note): blt
./source/control_unit.vhd:1248:41:@22980ns:(report note): blt
./source/control_unit.vhd:1248:41:@23020ns:(report note): blt
./source/control_unit.vhd:863:41:@23020ns:(report note): addi
./source/control_unit.vhd:863:41:@23020ns:(report note): addi
./source/control_unit.vhd:863:41:@23020ns:(report note): addi
./source/control_unit.vhd:863:41:@23040ns:(report note): addi
./source/control_unit.vhd:964:41:@23040ns:(report note): lw
./source/control_unit.vhd:964:41:@23040ns:(report note): lw
./source/control_unit.vhd:964:41:@23040ns:(report note): lw
./source/control_unit.vhd:964:41:@23080ns:(report note): lw
./source/control_unit.vhd:1248:41:@23080ns:(report note): blt
./source/control_unit.vhd:1248:41:@23080ns:(report note): blt
./source/control_unit.vhd:1248:41:@23080ns:(report note): blt
./source/control_unit.vhd:1248:41:@23120ns:(report note): blt
./source/control_unit.vhd:863:41:@23120ns:(report note): addi
./source/control_unit.vhd:863:41:@23120ns:(report note): addi
./source/control_unit.vhd:863:41:@23120ns:(report note): addi
./source/control_unit.vhd:863:41:@23140ns:(report note): addi
./source/control_unit.vhd:964:41:@23140ns:(report note): lw
./source/control_unit.vhd:964:41:@23140ns:(report note): lw
./source/control_unit.vhd:964:41:@23140ns:(report note): lw
./source/control_unit.vhd:964:41:@23180ns:(report note): lw
./source/control_unit.vhd:1248:41:@23180ns:(report note): blt
./source/control_unit.vhd:1248:41:@23180ns:(report note): blt
./source/control_unit.vhd:1248:41:@23180ns:(report note): blt
./source/control_unit.vhd:1248:41:@23220ns:(report note): blt
./source/control_unit.vhd:863:41:@23220ns:(report note): addi
./source/control_unit.vhd:863:41:@23220ns:(report note): addi
./source/control_unit.vhd:863:41:@23220ns:(report note): addi
./source/control_unit.vhd:863:41:@23240ns:(report note): addi
./source/control_unit.vhd:964:41:@23240ns:(report note): lw
./source/control_unit.vhd:964:41:@23240ns:(report note): lw
./source/control_unit.vhd:964:41:@23240ns:(report note): lw
./source/control_unit.vhd:964:41:@23280ns:(report note): lw
./source/control_unit.vhd:1248:41:@23280ns:(report note): blt
./source/control_unit.vhd:1248:41:@23280ns:(report note): blt
./source/control_unit.vhd:1248:41:@23280ns:(report note): blt
./source/control_unit.vhd:1248:41:@23320ns:(report note): blt
./source/control_unit.vhd:863:41:@23320ns:(report note): addi
./source/control_unit.vhd:863:41:@23320ns:(report note): addi
./source/control_unit.vhd:863:41:@23320ns:(report note): addi
./source/control_unit.vhd:863:41:@23340ns:(report note): addi
./source/control_unit.vhd:964:41:@23340ns:(report note): lw
./source/control_unit.vhd:964:41:@23340ns:(report note): lw
./source/control_unit.vhd:964:41:@23340ns:(report note): lw
./source/control_unit.vhd:964:41:@23380ns:(report note): lw
./source/control_unit.vhd:1248:41:@23380ns:(report note): blt
./source/control_unit.vhd:1248:41:@23380ns:(report note): blt
./source/control_unit.vhd:1248:41:@23380ns:(report note): blt
./source/control_unit.vhd:1248:41:@23420ns:(report note): blt
./source/control_unit.vhd:863:41:@23420ns:(report note): addi
./source/control_unit.vhd:863:41:@23420ns:(report note): addi
./source/control_unit.vhd:863:41:@23420ns:(report note): addi
./source/control_unit.vhd:863:41:@23440ns:(report note): addi
./source/control_unit.vhd:964:41:@23440ns:(report note): lw
./source/control_unit.vhd:964:41:@23440ns:(report note): lw
./source/control_unit.vhd:964:41:@23440ns:(report note): lw
./source/control_unit.vhd:964:41:@23480ns:(report note): lw
./source/control_unit.vhd:1248:41:@23480ns:(report note): blt
./source/control_unit.vhd:1248:41:@23480ns:(report note): blt
./source/control_unit.vhd:1248:41:@23480ns:(report note): blt
./source/control_unit.vhd:1248:41:@23520ns:(report note): blt
./source/control_unit.vhd:863:41:@23520ns:(report note): addi
./source/control_unit.vhd:863:41:@23520ns:(report note): addi
./source/control_unit.vhd:863:41:@23520ns:(report note): addi
./source/control_unit.vhd:863:41:@23540ns:(report note): addi
./source/control_unit.vhd:964:41:@23540ns:(report note): lw
./source/control_unit.vhd:964:41:@23540ns:(report note): lw
./source/control_unit.vhd:964:41:@23540ns:(report note): lw
./source/control_unit.vhd:964:41:@23580ns:(report note): lw
./source/control_unit.vhd:1248:41:@23580ns:(report note): blt
./source/control_unit.vhd:1248:41:@23580ns:(report note): blt
./source/control_unit.vhd:1248:41:@23580ns:(report note): blt
./source/control_unit.vhd:1248:41:@23620ns:(report note): blt
./source/control_unit.vhd:863:41:@23620ns:(report note): addi
./source/control_unit.vhd:863:41:@23620ns:(report note): addi
./source/control_unit.vhd:863:41:@23620ns:(report note): addi
./source/control_unit.vhd:863:41:@23640ns:(report note): addi
./source/control_unit.vhd:964:41:@23640ns:(report note): lw
./source/control_unit.vhd:964:41:@23640ns:(report note): lw
./source/control_unit.vhd:964:41:@23640ns:(report note): lw
./source/control_unit.vhd:964:41:@23680ns:(report note): lw
./source/control_unit.vhd:1248:41:@23680ns:(report note): blt
./source/control_unit.vhd:1248:41:@23680ns:(report note): blt
./source/control_unit.vhd:1248:41:@23680ns:(report note): blt
./source/control_unit.vhd:1248:41:@23720ns:(report note): blt
./source/control_unit.vhd:863:41:@23720ns:(report note): addi
./source/control_unit.vhd:863:41:@23720ns:(report note): addi
./source/control_unit.vhd:863:41:@23720ns:(report note): addi
./source/control_unit.vhd:863:41:@23740ns:(report note): addi
./source/control_unit.vhd:964:41:@23740ns:(report note): lw
./source/control_unit.vhd:964:41:@23740ns:(report note): lw
./source/control_unit.vhd:964:41:@23740ns:(report note): lw
./source/control_unit.vhd:964:41:@23780ns:(report note): lw
./source/control_unit.vhd:1248:41:@23780ns:(report note): blt
./source/control_unit.vhd:1248:41:@23780ns:(report note): blt
./source/control_unit.vhd:1248:41:@23780ns:(report note): blt
./source/control_unit.vhd:1248:41:@23820ns:(report note): blt
./source/control_unit.vhd:863:41:@23820ns:(report note): addi
./source/control_unit.vhd:863:41:@23820ns:(report note): addi
./source/control_unit.vhd:863:41:@23820ns:(report note): addi
./source/control_unit.vhd:863:41:@23840ns:(report note): addi
./source/control_unit.vhd:964:41:@23840ns:(report note): lw
./source/control_unit.vhd:964:41:@23840ns:(report note): lw
./source/control_unit.vhd:964:41:@23840ns:(report note): lw
./source/control_unit.vhd:964:41:@23880ns:(report note): lw
./source/control_unit.vhd:1248:41:@23880ns:(report note): blt
./source/control_unit.vhd:1248:41:@23880ns:(report note): blt
./source/control_unit.vhd:1248:41:@23880ns:(report note): blt
./source/control_unit.vhd:1248:41:@23920ns:(report note): blt
./source/control_unit.vhd:863:41:@23920ns:(report note): addi
./source/control_unit.vhd:863:41:@23920ns:(report note): addi
./source/control_unit.vhd:863:41:@23920ns:(report note): addi
./source/control_unit.vhd:863:41:@23940ns:(report note): addi
./source/control_unit.vhd:964:41:@23940ns:(report note): lw
./source/control_unit.vhd:964:41:@23940ns:(report note): lw
./source/control_unit.vhd:964:41:@23940ns:(report note): lw
./source/control_unit.vhd:964:41:@23980ns:(report note): lw
./source/control_unit.vhd:1248:41:@23980ns:(report note): blt
./source/control_unit.vhd:1248:41:@23980ns:(report note): blt
./source/control_unit.vhd:1248:41:@23980ns:(report note): blt
./source/control_unit.vhd:1248:41:@24020ns:(report note): blt
./source/control_unit.vhd:863:41:@24020ns:(report note): addi
./source/control_unit.vhd:863:41:@24020ns:(report note): addi
./source/control_unit.vhd:863:41:@24020ns:(report note): addi
./source/control_unit.vhd:863:41:@24040ns:(report note): addi
./source/control_unit.vhd:964:41:@24040ns:(report note): lw
./source/control_unit.vhd:964:41:@24040ns:(report note): lw
./source/control_unit.vhd:964:41:@24040ns:(report note): lw
./source/control_unit.vhd:964:41:@24080ns:(report note): lw
./source/control_unit.vhd:1248:41:@24080ns:(report note): blt
./source/control_unit.vhd:1248:41:@24080ns:(report note): blt
./source/control_unit.vhd:1248:41:@24080ns:(report note): blt
./source/control_unit.vhd:1248:41:@24120ns:(report note): blt
./source/control_unit.vhd:863:41:@24120ns:(report note): addi
./source/control_unit.vhd:863:41:@24120ns:(report note): addi
./source/control_unit.vhd:863:41:@24120ns:(report note): addi
./source/control_unit.vhd:863:41:@24140ns:(report note): addi
./source/control_unit.vhd:964:41:@24140ns:(report note): lw
./source/control_unit.vhd:964:41:@24140ns:(report note): lw
./source/control_unit.vhd:964:41:@24140ns:(report note): lw
./source/control_unit.vhd:964:41:@24180ns:(report note): lw
./source/control_unit.vhd:1248:41:@24180ns:(report note): blt
./source/control_unit.vhd:1248:41:@24180ns:(report note): blt
./source/control_unit.vhd:1248:41:@24180ns:(report note): blt
./source/control_unit.vhd:1248:41:@24220ns:(report note): blt
./source/control_unit.vhd:863:41:@24220ns:(report note): addi
./source/control_unit.vhd:863:41:@24220ns:(report note): addi
./source/control_unit.vhd:863:41:@24220ns:(report note): addi
./source/control_unit.vhd:863:41:@24240ns:(report note): addi
./source/control_unit.vhd:964:41:@24240ns:(report note): lw
./source/control_unit.vhd:964:41:@24240ns:(report note): lw
./source/control_unit.vhd:964:41:@24240ns:(report note): lw
./source/control_unit.vhd:964:41:@24280ns:(report note): lw
./source/control_unit.vhd:1248:41:@24280ns:(report note): blt
./source/control_unit.vhd:1248:41:@24280ns:(report note): blt
./source/control_unit.vhd:1248:41:@24280ns:(report note): blt
./source/control_unit.vhd:1248:41:@24320ns:(report note): blt
./source/control_unit.vhd:863:41:@24320ns:(report note): addi
./source/control_unit.vhd:863:41:@24320ns:(report note): addi
./source/control_unit.vhd:863:41:@24320ns:(report note): addi
./source/control_unit.vhd:863:41:@24340ns:(report note): addi
./source/control_unit.vhd:964:41:@24340ns:(report note): lw
./source/control_unit.vhd:964:41:@24340ns:(report note): lw
./source/control_unit.vhd:964:41:@24340ns:(report note): lw
./source/control_unit.vhd:964:41:@24380ns:(report note): lw
./source/control_unit.vhd:1248:41:@24380ns:(report note): blt
./source/control_unit.vhd:1248:41:@24380ns:(report note): blt
./source/control_unit.vhd:1248:41:@24380ns:(report note): blt
./source/control_unit.vhd:1248:41:@24420ns:(report note): blt
./source/control_unit.vhd:863:41:@24420ns:(report note): addi
./source/control_unit.vhd:863:41:@24420ns:(report note): addi
./source/control_unit.vhd:863:41:@24420ns:(report note): addi
./source/control_unit.vhd:863:41:@24440ns:(report note): addi
./source/control_unit.vhd:964:41:@24440ns:(report note): lw
./source/control_unit.vhd:964:41:@24440ns:(report note): lw
./source/control_unit.vhd:964:41:@24440ns:(report note): lw
./source/control_unit.vhd:964:41:@24480ns:(report note): lw
./source/control_unit.vhd:1248:41:@24480ns:(report note): blt
./source/control_unit.vhd:1248:41:@24480ns:(report note): blt
./source/control_unit.vhd:1248:41:@24480ns:(report note): blt
./source/control_unit.vhd:1248:41:@24520ns:(report note): blt
./source/control_unit.vhd:863:41:@24520ns:(report note): addi
./source/control_unit.vhd:863:41:@24520ns:(report note): addi
./source/control_unit.vhd:863:41:@24520ns:(report note): addi
./source/control_unit.vhd:863:41:@24540ns:(report note): addi
./source/control_unit.vhd:964:41:@24540ns:(report note): lw
./source/control_unit.vhd:964:41:@24540ns:(report note): lw
./source/control_unit.vhd:964:41:@24540ns:(report note): lw
./source/control_unit.vhd:964:41:@24580ns:(report note): lw
./source/control_unit.vhd:1248:41:@24580ns:(report note): blt
./source/control_unit.vhd:1248:41:@24580ns:(report note): blt
./source/control_unit.vhd:1248:41:@24580ns:(report note): blt
./source/control_unit.vhd:1248:41:@24620ns:(report note): blt
./source/control_unit.vhd:863:41:@24620ns:(report note): addi
./source/control_unit.vhd:863:41:@24620ns:(report note): addi
./source/control_unit.vhd:863:41:@24620ns:(report note): addi
./source/control_unit.vhd:863:41:@24640ns:(report note): addi
./source/control_unit.vhd:964:41:@24640ns:(report note): lw
./source/control_unit.vhd:964:41:@24640ns:(report note): lw
./source/control_unit.vhd:964:41:@24640ns:(report note): lw
./source/control_unit.vhd:964:41:@24680ns:(report note): lw
./source/control_unit.vhd:1248:41:@24680ns:(report note): blt
./source/control_unit.vhd:1248:41:@24680ns:(report note): blt
./source/control_unit.vhd:1248:41:@24680ns:(report note): blt
./source/control_unit.vhd:1248:41:@24720ns:(report note): blt
./source/control_unit.vhd:863:41:@24720ns:(report note): addi
./source/control_unit.vhd:863:41:@24720ns:(report note): addi
./source/control_unit.vhd:863:41:@24720ns:(report note): addi
./source/control_unit.vhd:863:41:@24740ns:(report note): addi
./source/control_unit.vhd:964:41:@24740ns:(report note): lw
./source/control_unit.vhd:964:41:@24740ns:(report note): lw
./source/control_unit.vhd:964:41:@24740ns:(report note): lw
./source/control_unit.vhd:964:41:@24780ns:(report note): lw
./source/control_unit.vhd:1248:41:@24780ns:(report note): blt
./source/control_unit.vhd:1248:41:@24780ns:(report note): blt
./source/control_unit.vhd:1248:41:@24780ns:(report note): blt
./source/control_unit.vhd:1248:41:@24820ns:(report note): blt
./source/control_unit.vhd:863:41:@24820ns:(report note): addi
./source/control_unit.vhd:863:41:@24820ns:(report note): addi
./source/control_unit.vhd:863:41:@24820ns:(report note): addi
./source/control_unit.vhd:863:41:@24840ns:(report note): addi
./source/control_unit.vhd:964:41:@24840ns:(report note): lw
./source/control_unit.vhd:964:41:@24840ns:(report note): lw
./source/control_unit.vhd:964:41:@24840ns:(report note): lw
./source/control_unit.vhd:964:41:@24880ns:(report note): lw
./source/control_unit.vhd:1248:41:@24880ns:(report note): blt
./source/control_unit.vhd:1248:41:@24880ns:(report note): blt
./source/control_unit.vhd:1248:41:@24880ns:(report note): blt
./source/control_unit.vhd:1248:41:@24920ns:(report note): blt
./source/control_unit.vhd:863:41:@24920ns:(report note): addi
./source/control_unit.vhd:863:41:@24920ns:(report note): addi
./source/control_unit.vhd:863:41:@24920ns:(report note): addi
./source/control_unit.vhd:863:41:@24940ns:(report note): addi
./source/control_unit.vhd:964:41:@24940ns:(report note): lw
./source/control_unit.vhd:964:41:@24940ns:(report note): lw
./source/control_unit.vhd:964:41:@24940ns:(report note): lw
./source/control_unit.vhd:964:41:@24980ns:(report note): lw
./source/control_unit.vhd:1248:41:@24980ns:(report note): blt
./source/control_unit.vhd:1248:41:@24980ns:(report note): blt
./source/control_unit.vhd:1248:41:@24980ns:(report note): blt
./source/control_unit.vhd:1248:41:@25020ns:(report note): blt
./source/control_unit.vhd:863:41:@25020ns:(report note): addi
./source/control_unit.vhd:863:41:@25020ns:(report note): addi
./source/control_unit.vhd:863:41:@25020ns:(report note): addi
./source/control_unit.vhd:863:41:@25040ns:(report note): addi
./source/control_unit.vhd:964:41:@25040ns:(report note): lw
./source/control_unit.vhd:964:41:@25040ns:(report note): lw
./source/control_unit.vhd:964:41:@25040ns:(report note): lw
./source/control_unit.vhd:964:41:@25080ns:(report note): lw
./source/control_unit.vhd:1248:41:@25080ns:(report note): blt
./source/control_unit.vhd:1248:41:@25080ns:(report note): blt
./source/control_unit.vhd:1248:41:@25080ns:(report note): blt
./source/control_unit.vhd:1248:41:@25120ns:(report note): blt
./source/control_unit.vhd:863:41:@25120ns:(report note): addi
./source/control_unit.vhd:863:41:@25120ns:(report note): addi
./source/control_unit.vhd:863:41:@25120ns:(report note): addi
./source/control_unit.vhd:863:41:@25140ns:(report note): addi
./source/control_unit.vhd:964:41:@25140ns:(report note): lw
./source/control_unit.vhd:964:41:@25140ns:(report note): lw
./source/control_unit.vhd:964:41:@25140ns:(report note): lw
./source/control_unit.vhd:964:41:@25180ns:(report note): lw
./source/control_unit.vhd:1248:41:@25180ns:(report note): blt
./source/control_unit.vhd:1248:41:@25180ns:(report note): blt
./source/control_unit.vhd:1248:41:@25180ns:(report note): blt
./source/control_unit.vhd:1248:41:@25220ns:(report note): blt
./source/control_unit.vhd:863:41:@25220ns:(report note): addi
./source/control_unit.vhd:863:41:@25220ns:(report note): addi
./source/control_unit.vhd:863:41:@25220ns:(report note): addi
./source/control_unit.vhd:863:41:@25240ns:(report note): addi
./source/control_unit.vhd:964:41:@25240ns:(report note): lw
./source/control_unit.vhd:964:41:@25240ns:(report note): lw
./source/control_unit.vhd:964:41:@25240ns:(report note): lw
./source/control_unit.vhd:964:41:@25280ns:(report note): lw
./source/control_unit.vhd:1248:41:@25280ns:(report note): blt
./source/control_unit.vhd:1248:41:@25280ns:(report note): blt
./source/control_unit.vhd:1248:41:@25280ns:(report note): blt
./source/control_unit.vhd:1248:41:@25320ns:(report note): blt
./source/control_unit.vhd:863:41:@25320ns:(report note): addi
./source/control_unit.vhd:863:41:@25320ns:(report note): addi
./source/control_unit.vhd:863:41:@25320ns:(report note): addi
./source/control_unit.vhd:863:41:@25340ns:(report note): addi
./source/control_unit.vhd:964:41:@25340ns:(report note): lw
./source/control_unit.vhd:964:41:@25340ns:(report note): lw
./source/control_unit.vhd:964:41:@25340ns:(report note): lw
./source/control_unit.vhd:964:41:@25380ns:(report note): lw
./source/control_unit.vhd:1248:41:@25380ns:(report note): blt
./source/control_unit.vhd:1248:41:@25380ns:(report note): blt
./source/control_unit.vhd:1248:41:@25380ns:(report note): blt
./source/control_unit.vhd:1248:41:@25420ns:(report note): blt
./source/control_unit.vhd:863:41:@25420ns:(report note): addi
./source/control_unit.vhd:863:41:@25420ns:(report note): addi
./source/control_unit.vhd:863:41:@25420ns:(report note): addi
./source/control_unit.vhd:863:41:@25440ns:(report note): addi
./source/control_unit.vhd:964:41:@25440ns:(report note): lw
./source/control_unit.vhd:964:41:@25440ns:(report note): lw
./source/control_unit.vhd:964:41:@25440ns:(report note): lw
./source/control_unit.vhd:964:41:@25480ns:(report note): lw
./source/control_unit.vhd:1248:41:@25480ns:(report note): blt
./source/control_unit.vhd:1248:41:@25480ns:(report note): blt
./source/control_unit.vhd:1248:41:@25480ns:(report note): blt
./source/control_unit.vhd:1248:41:@25520ns:(report note): blt
./source/control_unit.vhd:863:41:@25520ns:(report note): addi
./source/control_unit.vhd:863:41:@25520ns:(report note): addi
./source/control_unit.vhd:863:41:@25520ns:(report note): addi
./source/control_unit.vhd:863:41:@25540ns:(report note): addi
./source/control_unit.vhd:964:41:@25540ns:(report note): lw
./source/control_unit.vhd:964:41:@25540ns:(report note): lw
./source/control_unit.vhd:964:41:@25540ns:(report note): lw
./source/control_unit.vhd:964:41:@25580ns:(report note): lw
./source/control_unit.vhd:1248:41:@25580ns:(report note): blt
./source/control_unit.vhd:1248:41:@25580ns:(report note): blt
./source/control_unit.vhd:1248:41:@25580ns:(report note): blt
./source/control_unit.vhd:1248:41:@25620ns:(report note): blt
./source/control_unit.vhd:863:41:@25620ns:(report note): addi
./source/control_unit.vhd:863:41:@25620ns:(report note): addi
./source/control_unit.vhd:863:41:@25620ns:(report note): addi
./source/control_unit.vhd:863:41:@25640ns:(report note): addi
./source/control_unit.vhd:964:41:@25640ns:(report note): lw
./source/control_unit.vhd:964:41:@25640ns:(report note): lw
./source/control_unit.vhd:964:41:@25640ns:(report note): lw
./source/control_unit.vhd:964:41:@25680ns:(report note): lw
./source/control_unit.vhd:1248:41:@25680ns:(report note): blt
./source/control_unit.vhd:1248:41:@25680ns:(report note): blt
./source/control_unit.vhd:1248:41:@25680ns:(report note): blt
./source/control_unit.vhd:1248:41:@25720ns:(report note): blt
./source/control_unit.vhd:863:41:@25720ns:(report note): addi
./source/control_unit.vhd:863:41:@25720ns:(report note): addi
./source/control_unit.vhd:863:41:@25720ns:(report note): addi
./source/control_unit.vhd:863:41:@25740ns:(report note): addi
./source/control_unit.vhd:964:41:@25740ns:(report note): lw
./source/control_unit.vhd:964:41:@25740ns:(report note): lw
./source/control_unit.vhd:964:41:@25740ns:(report note): lw
./source/control_unit.vhd:964:41:@25780ns:(report note): lw
./source/control_unit.vhd:1248:41:@25780ns:(report note): blt
./source/control_unit.vhd:1248:41:@25780ns:(report note): blt
./source/control_unit.vhd:1248:41:@25780ns:(report note): blt
./source/control_unit.vhd:1248:41:@25820ns:(report note): blt
./source/control_unit.vhd:863:41:@25820ns:(report note): addi
./source/control_unit.vhd:863:41:@25820ns:(report note): addi
./source/control_unit.vhd:863:41:@25820ns:(report note): addi
./source/control_unit.vhd:863:41:@25840ns:(report note): addi
./source/control_unit.vhd:964:41:@25840ns:(report note): lw
./source/control_unit.vhd:964:41:@25840ns:(report note): lw
./source/control_unit.vhd:964:41:@25840ns:(report note): lw
./source/control_unit.vhd:964:41:@25880ns:(report note): lw
./source/control_unit.vhd:1248:41:@25880ns:(report note): blt
./source/control_unit.vhd:1248:41:@25880ns:(report note): blt
./source/control_unit.vhd:1248:41:@25880ns:(report note): blt
./source/control_unit.vhd:1248:41:@25920ns:(report note): blt
./source/control_unit.vhd:863:41:@25920ns:(report note): addi
./source/control_unit.vhd:863:41:@25920ns:(report note): addi
./source/control_unit.vhd:863:41:@25920ns:(report note): addi
./source/control_unit.vhd:863:41:@25940ns:(report note): addi
./source/control_unit.vhd:964:41:@25940ns:(report note): lw
./source/control_unit.vhd:964:41:@25940ns:(report note): lw
./source/control_unit.vhd:964:41:@25940ns:(report note): lw
./source/control_unit.vhd:964:41:@25980ns:(report note): lw
./source/control_unit.vhd:1248:41:@25980ns:(report note): blt
./source/control_unit.vhd:1248:41:@25980ns:(report note): blt
./source/control_unit.vhd:1248:41:@25980ns:(report note): blt
./source/control_unit.vhd:1248:41:@26020ns:(report note): blt
./source/control_unit.vhd:863:41:@26020ns:(report note): addi
./source/control_unit.vhd:863:41:@26020ns:(report note): addi
./source/control_unit.vhd:863:41:@26020ns:(report note): addi
./source/control_unit.vhd:863:41:@26040ns:(report note): addi
./source/control_unit.vhd:964:41:@26040ns:(report note): lw
./source/control_unit.vhd:964:41:@26040ns:(report note): lw
./source/control_unit.vhd:964:41:@26040ns:(report note): lw
./source/control_unit.vhd:964:41:@26080ns:(report note): lw
./source/control_unit.vhd:1248:41:@26080ns:(report note): blt
./source/control_unit.vhd:1248:41:@26080ns:(report note): blt
./source/control_unit.vhd:1248:41:@26080ns:(report note): blt
./source/control_unit.vhd:1248:41:@26120ns:(report note): blt
./source/control_unit.vhd:863:41:@26120ns:(report note): addi
./source/control_unit.vhd:863:41:@26120ns:(report note): addi
./source/control_unit.vhd:863:41:@26120ns:(report note): addi
./source/control_unit.vhd:863:41:@26140ns:(report note): addi
./source/control_unit.vhd:964:41:@26140ns:(report note): lw
./source/control_unit.vhd:964:41:@26140ns:(report note): lw
./source/control_unit.vhd:964:41:@26140ns:(report note): lw
./source/control_unit.vhd:964:41:@26180ns:(report note): lw
./source/control_unit.vhd:1248:41:@26180ns:(report note): blt
./source/control_unit.vhd:1248:41:@26180ns:(report note): blt
./source/control_unit.vhd:1248:41:@26180ns:(report note): blt
./source/control_unit.vhd:1248:41:@26220ns:(report note): blt
./source/control_unit.vhd:863:41:@26220ns:(report note): addi
./source/control_unit.vhd:863:41:@26220ns:(report note): addi
./source/control_unit.vhd:863:41:@26220ns:(report note): addi
./source/control_unit.vhd:863:41:@26240ns:(report note): addi
./source/control_unit.vhd:964:41:@26240ns:(report note): lw
./source/control_unit.vhd:964:41:@26240ns:(report note): lw
./source/control_unit.vhd:964:41:@26240ns:(report note): lw
./source/control_unit.vhd:964:41:@26280ns:(report note): lw
./source/control_unit.vhd:1248:41:@26280ns:(report note): blt
./source/control_unit.vhd:1248:41:@26280ns:(report note): blt
./source/control_unit.vhd:1248:41:@26280ns:(report note): blt
./source/control_unit.vhd:1248:41:@26320ns:(report note): blt
./source/control_unit.vhd:863:41:@26320ns:(report note): addi
./source/control_unit.vhd:863:41:@26320ns:(report note): addi
./source/control_unit.vhd:863:41:@26320ns:(report note): addi
./source/control_unit.vhd:863:41:@26340ns:(report note): addi
./source/control_unit.vhd:964:41:@26340ns:(report note): lw
./source/control_unit.vhd:964:41:@26340ns:(report note): lw
./source/control_unit.vhd:964:41:@26340ns:(report note): lw
./source/control_unit.vhd:964:41:@26380ns:(report note): lw
./source/control_unit.vhd:1248:41:@26380ns:(report note): blt
./source/control_unit.vhd:1248:41:@26380ns:(report note): blt
./source/control_unit.vhd:1248:41:@26380ns:(report note): blt
./source/control_unit.vhd:1248:41:@26420ns:(report note): blt
./source/control_unit.vhd:863:41:@26420ns:(report note): addi
./source/control_unit.vhd:863:41:@26420ns:(report note): addi
./source/control_unit.vhd:863:41:@26420ns:(report note): addi
./source/control_unit.vhd:863:41:@26440ns:(report note): addi
./source/control_unit.vhd:964:41:@26440ns:(report note): lw
./source/control_unit.vhd:964:41:@26440ns:(report note): lw
./source/control_unit.vhd:964:41:@26440ns:(report note): lw
./source/control_unit.vhd:964:41:@26480ns:(report note): lw
./source/control_unit.vhd:1248:41:@26480ns:(report note): blt
./source/control_unit.vhd:1248:41:@26480ns:(report note): blt
./source/control_unit.vhd:1248:41:@26480ns:(report note): blt
./source/control_unit.vhd:1248:41:@26520ns:(report note): blt
./source/control_unit.vhd:863:41:@26520ns:(report note): addi
./source/control_unit.vhd:863:41:@26520ns:(report note): addi
./source/control_unit.vhd:863:41:@26520ns:(report note): addi
./source/control_unit.vhd:863:41:@26540ns:(report note): addi
./source/control_unit.vhd:964:41:@26540ns:(report note): lw
./source/control_unit.vhd:964:41:@26540ns:(report note): lw
./source/control_unit.vhd:964:41:@26540ns:(report note): lw
./source/control_unit.vhd:964:41:@26580ns:(report note): lw
./source/control_unit.vhd:1248:41:@26580ns:(report note): blt
./source/control_unit.vhd:1248:41:@26580ns:(report note): blt
./source/control_unit.vhd:1248:41:@26580ns:(report note): blt
./source/control_unit.vhd:1248:41:@26620ns:(report note): blt
./source/control_unit.vhd:863:41:@26620ns:(report note): addi
./source/control_unit.vhd:863:41:@26620ns:(report note): addi
./source/control_unit.vhd:863:41:@26620ns:(report note): addi
./source/control_unit.vhd:863:41:@26640ns:(report note): addi
./source/control_unit.vhd:964:41:@26640ns:(report note): lw
./source/control_unit.vhd:964:41:@26640ns:(report note): lw
./source/control_unit.vhd:964:41:@26640ns:(report note): lw
./source/control_unit.vhd:964:41:@26680ns:(report note): lw
./source/control_unit.vhd:1248:41:@26680ns:(report note): blt
./source/control_unit.vhd:1248:41:@26680ns:(report note): blt
./source/control_unit.vhd:1248:41:@26680ns:(report note): blt
./source/control_unit.vhd:1248:41:@26720ns:(report note): blt
./source/control_unit.vhd:863:41:@26720ns:(report note): addi
./source/control_unit.vhd:863:41:@26720ns:(report note): addi
./source/control_unit.vhd:863:41:@26720ns:(report note): addi
./source/control_unit.vhd:863:41:@26740ns:(report note): addi
./source/control_unit.vhd:964:41:@26740ns:(report note): lw
./source/control_unit.vhd:964:41:@26740ns:(report note): lw
./source/control_unit.vhd:964:41:@26740ns:(report note): lw
./source/control_unit.vhd:964:41:@26780ns:(report note): lw
./source/control_unit.vhd:1248:41:@26780ns:(report note): blt
./source/control_unit.vhd:1248:41:@26780ns:(report note): blt
./source/control_unit.vhd:1248:41:@26780ns:(report note): blt
./source/control_unit.vhd:1248:41:@26820ns:(report note): blt
./source/control_unit.vhd:863:41:@26820ns:(report note): addi
./source/control_unit.vhd:863:41:@26820ns:(report note): addi
./source/control_unit.vhd:863:41:@26820ns:(report note): addi
./source/control_unit.vhd:863:41:@26840ns:(report note): addi
./source/control_unit.vhd:964:41:@26840ns:(report note): lw
./source/control_unit.vhd:964:41:@26840ns:(report note): lw
./source/control_unit.vhd:964:41:@26840ns:(report note): lw
./source/control_unit.vhd:964:41:@26880ns:(report note): lw
./source/control_unit.vhd:1248:41:@26880ns:(report note): blt
./source/control_unit.vhd:1248:41:@26880ns:(report note): blt
./source/control_unit.vhd:1248:41:@26880ns:(report note): blt
./source/control_unit.vhd:1248:41:@26920ns:(report note): blt
./source/control_unit.vhd:863:41:@26920ns:(report note): addi
./source/control_unit.vhd:863:41:@26920ns:(report note): addi
./source/control_unit.vhd:863:41:@26920ns:(report note): addi
./source/control_unit.vhd:863:41:@26940ns:(report note): addi
./source/control_unit.vhd:964:41:@26940ns:(report note): lw
./source/control_unit.vhd:964:41:@26940ns:(report note): lw
./source/control_unit.vhd:964:41:@26940ns:(report note): lw
./source/control_unit.vhd:964:41:@26980ns:(report note): lw
./source/control_unit.vhd:1248:41:@26980ns:(report note): blt
./source/control_unit.vhd:1248:41:@26980ns:(report note): blt
./source/control_unit.vhd:1248:41:@26980ns:(report note): blt
./source/control_unit.vhd:1248:41:@27020ns:(report note): blt
./source/control_unit.vhd:863:41:@27020ns:(report note): addi
./source/control_unit.vhd:863:41:@27020ns:(report note): addi
./source/control_unit.vhd:863:41:@27020ns:(report note): addi
./source/control_unit.vhd:863:41:@27040ns:(report note): addi
./source/control_unit.vhd:964:41:@27040ns:(report note): lw
./source/control_unit.vhd:964:41:@27040ns:(report note): lw
./source/control_unit.vhd:964:41:@27040ns:(report note): lw
./source/control_unit.vhd:964:41:@27080ns:(report note): lw
./source/control_unit.vhd:1248:41:@27080ns:(report note): blt
./source/control_unit.vhd:1248:41:@27080ns:(report note): blt
./source/control_unit.vhd:1248:41:@27080ns:(report note): blt
./source/control_unit.vhd:1248:41:@27120ns:(report note): blt
./source/control_unit.vhd:863:41:@27120ns:(report note): addi
./source/control_unit.vhd:863:41:@27120ns:(report note): addi
./source/control_unit.vhd:863:41:@27120ns:(report note): addi
./source/control_unit.vhd:863:41:@27140ns:(report note): addi
./source/control_unit.vhd:964:41:@27140ns:(report note): lw
./source/control_unit.vhd:964:41:@27140ns:(report note): lw
./source/control_unit.vhd:964:41:@27140ns:(report note): lw
./source/control_unit.vhd:964:41:@27180ns:(report note): lw
./source/control_unit.vhd:1248:41:@27180ns:(report note): blt
./source/control_unit.vhd:1248:41:@27180ns:(report note): blt
./source/control_unit.vhd:1248:41:@27180ns:(report note): blt
./source/control_unit.vhd:1248:41:@27220ns:(report note): blt
./source/control_unit.vhd:863:41:@27220ns:(report note): addi
./source/control_unit.vhd:863:41:@27220ns:(report note): addi
./source/control_unit.vhd:863:41:@27220ns:(report note): addi
./source/control_unit.vhd:863:41:@27240ns:(report note): addi
./source/control_unit.vhd:964:41:@27240ns:(report note): lw
./source/control_unit.vhd:964:41:@27240ns:(report note): lw
./source/control_unit.vhd:964:41:@27240ns:(report note): lw
./source/control_unit.vhd:964:41:@27280ns:(report note): lw
./source/control_unit.vhd:1248:41:@27280ns:(report note): blt
./source/control_unit.vhd:1248:41:@27280ns:(report note): blt
./source/control_unit.vhd:1248:41:@27280ns:(report note): blt
./source/control_unit.vhd:1248:41:@27320ns:(report note): blt
./source/control_unit.vhd:863:41:@27320ns:(report note): addi
./source/control_unit.vhd:863:41:@27320ns:(report note): addi
./source/control_unit.vhd:863:41:@27320ns:(report note): addi
./source/control_unit.vhd:863:41:@27340ns:(report note): addi
./source/control_unit.vhd:863:41:@27340ns:(report note): addi
./source/control_unit.vhd:863:41:@27340ns:(report note): addi
./source/control_unit.vhd:863:41:@27340ns:(report note): addi
./source/control_unit.vhd:863:41:@27360ns:(report note): addi
./source/control_unit.vhd:1557:37:@27360ns:(report note): ebreak
./source/control_unit.vhd:1557:37:@27360ns:(report note): ebreak
./source/control_unit.vhd:1557:37:@27360ns:(report note): ebreak
./source/control_unit.vhd:1562:37:@27380ns:(report note): ecall
./source/control_unit.vhd:1577:25:@27380ns:(report note): Illegal Instruction (0xUUUUUUUUUUUUUUUUUUUUUUUUUUUUUUUU)
./source/control_unit.vhd:1577:25:@27380ns:(report note): Illegal Instruction (0xUUUUUUUUUUUUUUUUUUUUUUUUUUUUUUUU)
../../src/ieee2008/numeric_std-body.vhdl:3036:7:@27380ns:(assertion warning): NUMERIC_STD.TO_INTEGER: metavalue detected, returning 0
../../src/ieee2008/numeric_std-body.vhdl:3036:7:@27380ns:(assertion warning): NUMERIC_STD.TO_INTEGER: metavalue detected, returning 0
./source/control_unit.vhd:1577:25:@27380ns:(report note): Illegal Instruction (0xUUUUUUUUUUUUUUUUUUUUUUUUUUUUUUUU)
simulation finished @27440ns
