../../src/ieee2008/numeric_std-body.vhdl:3036:7:@0ms:(assertion warning): NUMERIC_STD.TO_INTEGER: metavalue detected, returning 0
../../src/ieee2008/numeric_std-body.vhdl:3036:7:@0ms:(assertion warning): NUMERIC_STD.TO_INTEGER: metavalue detected, returning 0
../../src/ieee2008/numeric_std-body.vhdl:3036:7:@0ms:(assertion warning): NUMERIC_STD.TO_INTEGER: metavalue detected, returning 0
../../src/ieee2008/numeric_std-body.vhdl:3036:7:@0ms:(assertion warning): NUMERIC_STD.TO_INTEGER: metavalue detected, returning 0
../../src/ieee2008/numeric_std-body.vhdl:3036:7:@0ms:(assertion warning): NUMERIC_STD.TO_INTEGER: metavalue detected, returning 0
./source/control_unit.vhd:1725:25:@0ms:(report note): Illegal Instruction (0xUUUUUUUUUUUUUUUUUUUUUUUUUUUUUUUU)
../../src/ieee2008/numeric_std-body.vhdl:3036:7:@0ms:(assertion warning): NUMERIC_STD.TO_INTEGER: metavalue detected, returning 0
../../src/ieee2008/numeric_std-body.vhdl:3036:7:@0ms:(assertion warning): NUMERIC_STD.TO_INTEGER: metavalue detected, returning 0
../../src/ieee2008/numeric_std-body.vhdl:1320:7:@0ms:(assertion warning): NUMERIC_STD."<": metavalue detected, returning FALSE
../../src/ieee2008/numeric_std-body.vhdl:1347:7:@0ms:(assertion warning): NUMERIC_STD."<": metavalue detected, returning FALSE
../../src/ieee2008/numeric_std-body.vhdl:1347:7:@0ms:(assertion warning): NUMERIC_STD."<": metavalue detected, returning FALSE
../../src/ieee2008/numeric_std-body.vhdl:1320:7:@0ms:(assertion warning): NUMERIC_STD."<": metavalue detected, returning FALSE
../../src/ieee2008/numeric_std-body.vhdl:1195:7:@0ms:(assertion warning): NUMERIC_STD.">": metavalue detected, returning FALSE
../../src/ieee2008/numeric_std-body.vhdl:1168:7:@0ms:(assertion warning): NUMERIC_STD.">": metavalue detected, returning FALSE
../../src/ieee2008/numeric_std-body.vhdl:1168:7:@0ms:(assertion warning): NUMERIC_STD.">": metavalue detected, returning FALSE
../../src/ieee2008/numeric_std-body.vhdl:1195:7:@0ms:(assertion warning): NUMERIC_STD.">": metavalue detected, returning FALSE
../../src/ieee2008/numeric_std-body.vhdl:1320:7:@0ms:(assertion warning): NUMERIC_STD."<": metavalue detected, returning FALSE
../../src/ieee2008/numeric_std-body.vhdl:1347:7:@0ms:(assertion warning): NUMERIC_STD."<": metavalue detected, returning FALSE
../../src/ieee2008/numeric_std-body.vhdl:1347:7:@0ms:(assertion warning): NUMERIC_STD."<": metavalue detected, returning FALSE
../../src/ieee2008/numeric_std-body.vhdl:1320:7:@0ms:(assertion warning): NUMERIC_STD."<": metavalue detected, returning FALSE
../../src/ieee2008/numeric_std-body.vhdl:3036:7:@0ms:(assertion warning): NUMERIC_STD.TO_INTEGER: metavalue detected, returning 0
../../src/ieee2008/numeric_std-body.vhdl:3036:7:@0ms:(assertion warning): NUMERIC_STD.TO_INTEGER: metavalue detected, returning 0
./source/control_unit.vhd:1725:25:@0ms:(report note): Illegal Instruction (0xUUUUUUUUUUUUUUUUUUUUUUUUUUUUUUUU)
../../src/ieee2008/numeric_std-body.vhdl:3036:7:@0ms:(assertion warning): NUMERIC_STD.TO_INTEGER: metavalue detected, returning 0
../../src/ieee2008/numeric_std-body.vhdl:3036:7:@0ms:(assertion warning): NUMERIC_STD.TO_INTEGER: metavalue detected, returning 0
./source/control_unit.vhd:1725:25:@0ms:(report note): Illegal Instruction (0xUUUUUUUUUUUUUUUUUUUUUUUUUUUUUUUU)
../../src/ieee2008/numeric_std-body.vhdl:3036:7:@15ns:(assertion warning): NUMERIC_STD.TO_INTEGER: metavalue detected, returning 0
../../src/ieee2008/numeric_std-body.vhdl:3036:7:@15ns:(assertion warning): NUMERIC_STD.TO_INTEGER: metavalue detected, returning 0
../../src/ieee2008/numeric_std-body.vhdl:3036:7:@15ns:(assertion warning): NUMERIC_STD.TO_INTEGER: metavalue detected, returning 0
../../src/ieee2008/numeric_std-body.vhdl:3036:7:@15ns:(assertion warning): NUMERIC_STD.TO_INTEGER: metavalue detected, returning 0
../../src/ieee2008/numeric_std-body.vhdl:1168:7:@15ns:(assertion warning): NUMERIC_STD.">": metavalue detected, returning FALSE
../../src/ieee2008/numeric_std-body.vhdl:1195:7:@15ns:(assertion warning): NUMERIC_STD.">": metavalue detected, returning FALSE
../../src/ieee2008/numeric_std-body.vhdl:1320:7:@15ns:(assertion warning): NUMERIC_STD."<": metavalue detected, returning FALSE
../../src/ieee2008/numeric_std-body.vhdl:1347:7:@15ns:(assertion warning): NUMERIC_STD."<": metavalue detected, returning FALSE
../../src/ieee2008/numeric_std-body.vhdl:1347:7:@15ns:(assertion warning): NUMERIC_STD."<": metavalue detected, returning FALSE
../../src/ieee2008/numeric_std-body.vhdl:1320:7:@15ns:(assertion warning): NUMERIC_STD."<": metavalue detected, returning FALSE
../../src/ieee2008/numeric_std-body.vhdl:3036:7:@20ns:(assertion warning): NUMERIC_STD.TO_INTEGER: metavalue detected, returning 0
../../src/ieee2008/numeric_std-body.vhdl:3036:7:@20ns:(assertion warning): NUMERIC_STD.TO_INTEGER: metavalue detected, returning 0
./source/control_unit.vhd:1011:41:@340ns:(report note): addi
./source/control_unit.vhd:1011:41:@360ns:(report note): addi
./source/control_unit.vhd:1011:41:@360ns:(report note): addi
./source/control_unit.vhd:1011:41:@360ns:(report note): addi
./source/control_unit.vhd:1011:41:@360ns:(report note): addi
./source/control_unit.vhd:1011:41:@380ns:(report note): addi
./source/control_unit.vhd:1011:41:@380ns:(report note): addi
./source/control_unit.vhd:1011:41:@380ns:(report note): addi
./source/control_unit.vhd:1011:41:@380ns:(report note): addi
./source/control_unit.vhd:1011:41:@400ns:(report note): addi
./source/control_unit.vhd:1011:41:@400ns:(report note): addi
./source/control_unit.vhd:1011:41:@400ns:(report note): addi
./source/control_unit.vhd:1011:41:@400ns:(report note): addi
./source/control_unit.vhd:1011:41:@420ns:(report note): addi
./source/control_unit.vhd:1011:41:@420ns:(report note): addi
./source/control_unit.vhd:1011:41:@420ns:(report note): addi
./source/control_unit.vhd:1011:41:@420ns:(report note): addi
./source/control_unit.vhd:1011:41:@440ns:(report note): addi
./source/control_unit.vhd:1011:41:@440ns:(report note): addi
./source/control_unit.vhd:1011:41:@440ns:(report note): addi
./source/control_unit.vhd:1011:41:@440ns:(report note): addi
./source/control_unit.vhd:1011:41:@460ns:(report note): addi
./source/control_unit.vhd:1011:41:@460ns:(report note): addi
./source/control_unit.vhd:1011:41:@460ns:(report note): addi
./source/control_unit.vhd:1011:41:@460ns:(report note): addi
./source/control_unit.vhd:1011:41:@480ns:(report note): addi
./source/control_unit.vhd:1011:41:@480ns:(report note): addi
./source/control_unit.vhd:1011:41:@480ns:(report note): addi
./source/control_unit.vhd:1011:41:@480ns:(report note): addi
./source/control_unit.vhd:1011:41:@500ns:(report note): addi
./source/control_unit.vhd:1011:41:@500ns:(report note): addi
./source/control_unit.vhd:1011:41:@500ns:(report note): addi
./source/control_unit.vhd:1011:41:@500ns:(report note): addi
./source/control_unit.vhd:1011:41:@520ns:(report note): addi
./source/control_unit.vhd:1011:41:@520ns:(report note): addi
./source/control_unit.vhd:1011:41:@520ns:(report note): addi
./source/control_unit.vhd:1011:41:@520ns:(report note): addi
./source/control_unit.vhd:1011:41:@540ns:(report note): addi
./source/control_unit.vhd:1011:41:@540ns:(report note): addi
./source/control_unit.vhd:1011:41:@540ns:(report note): addi
./source/control_unit.vhd:1011:41:@540ns:(report note): addi
./source/control_unit.vhd:1011:41:@560ns:(report note): addi
./source/control_unit.vhd:1011:41:@560ns:(report note): addi
./source/control_unit.vhd:1011:41:@560ns:(report note): addi
./source/control_unit.vhd:1011:41:@560ns:(report note): addi
./source/control_unit.vhd:1011:41:@580ns:(report note): addi
./source/control_unit.vhd:1011:41:@580ns:(report note): addi
./source/control_unit.vhd:1011:41:@580ns:(report note): addi
./source/control_unit.vhd:1011:41:@580ns:(report note): addi
./source/control_unit.vhd:1011:41:@600ns:(report note): addi
./source/control_unit.vhd:1011:41:@600ns:(report note): addi
./source/control_unit.vhd:1011:41:@600ns:(report note): addi
./source/control_unit.vhd:1011:41:@600ns:(report note): addi
./source/control_unit.vhd:1011:41:@620ns:(report note): addi
./source/control_unit.vhd:1011:41:@620ns:(report note): addi
./source/control_unit.vhd:1011:41:@620ns:(report note): addi
./source/control_unit.vhd:1011:41:@620ns:(report note): addi
./source/control_unit.vhd:1011:41:@640ns:(report note): addi
./source/control_unit.vhd:1011:41:@640ns:(report note): addi
./source/control_unit.vhd:1011:41:@640ns:(report note): addi
./source/control_unit.vhd:1011:41:@640ns:(report note): addi
./source/control_unit.vhd:1011:41:@660ns:(report note): addi
./source/control_unit.vhd:1705:37:@660ns:(report note): ebreak
./source/control_unit.vhd:1705:37:@660ns:(report note): ebreak
./source/control_unit.vhd:1705:37:@660ns:(report note): ebreak
./source/control_unit.vhd:1710:37:@680ns:(report note): ecall
./source/control_unit.vhd:1725:25:@680ns:(report note): Illegal Instruction (0xUUUUUUUUUUUUUUUUUUUUUUUUUUUUUUUU)
./source/control_unit.vhd:1725:25:@680ns:(report note): Illegal Instruction (0xUUUUUUUUUUUUUUUUUUUUUUUUUUUUUUUU)
../../src/ieee2008/numeric_std-body.vhdl:3036:7:@680ns:(assertion warning): NUMERIC_STD.TO_INTEGER: metavalue detected, returning 0
../../src/ieee2008/numeric_std-body.vhdl:3036:7:@680ns:(assertion warning): NUMERIC_STD.TO_INTEGER: metavalue detected, returning 0
./source/control_unit.vhd:1725:25:@680ns:(report note): Illegal Instruction (0xUUUUUUUUUUUUUUUUUUUUUUUUUUUUUUUU)
../../src/ieee2008/numeric_std-body.vhdl:3036:7:@690ns:(assertion warning): NUMERIC_STD.TO_INTEGER: metavalue detected, returning 0
../../src/ieee2008/numeric_std-body.vhdl:3036:7:@690ns:(assertion warning): NUMERIC_STD.TO_INTEGER: metavalue detected, returning 0
../../src/ieee2008/numeric_std-body.vhdl:3036:7:@710ns:(assertion warning): NUMERIC_STD.TO_INTEGER: metavalue detected, returning 0
../../src/ieee2008/numeric_std-body.vhdl:3036:7:@710ns:(assertion warning): NUMERIC_STD.TO_INTEGER: metavalue detected, returning 0
simulation finished @740ns
