Warning in C:\Users\Connor\Desktop\horizon\riscv\best_hardware_scheduled.s line 6 column 1: RARS does not recognize the .option directive.  Ignored.

[inst #1] addi x5,x0,1
Register Write to Reg: 0x05 Val: 0x00000001
[inst #2] addi x6,x5,1
Register Write to Reg: 0x06 Val: 0x00000002
[inst #3] addi x7,x6,1
Register Write to Reg: 0x07 Val: 0x00000003
[inst #4] addi x28,x7,1
Register Write to Reg: 0x1C Val: 0x00000004
[inst #5] addi x29,x28,1
Register Write to Reg: 0x1D Val: 0x00000005
[inst #6] addi x30,x29,1
Register Write to Reg: 0x1E Val: 0x00000006
[inst #7] addi x31,x30,1
Register Write to Reg: 0x1F Val: 0x00000007
[inst #8] addi x10,x31,1
Register Write to Reg: 0x0A Val: 0x00000008
[inst #9] addi x11,x10,1
Register Write to Reg: 0x0B Val: 0x00000009
[inst #10] addi x12,x11,1
Register Write to Reg: 0x0C Val: 0x0000000A
[inst #11] addi x13,x12,1
Register Write to Reg: 0x0D Val: 0x0000000B
[inst #12] addi x14,x13,1
Register Write to Reg: 0x0E Val: 0x0000000C
[inst #13] addi x15,x14,1
Register Write to Reg: 0x0F Val: 0x0000000D
[inst #14] addi x16,x15,1
Register Write to Reg: 0x10 Val: 0x0000000E
[inst #15] addi x17,x16,1
Register Write to Reg: 0x11 Val: 0x0000000F
[inst #16] ebreak 

Program terminated by dropping off the bottom.
