In clock cycle: 3
Register Write to Reg: 0x00 Val: 0x00000000
In clock cycle: 4
Register Write to Reg: 0x05 Val: 0x00000100
In clock cycle: 5
Register Write to Reg: 0x06 Val: 0x10010004
In clock cycle: 6
Register Write to Reg: 0x06 Val: 0x10010000
In clock cycle: 7
Register Write to Reg: 0x07 Val: 0x1001000C
In clock cycle: 8
Register Write to Reg: 0x07 Val: 0x10010000
In clock cycle: 9
Register Write to Reg: 0x07 Val: 0x10010100
In clock cycle: 10
Register Write to Reg: 0x06 Val: 0x10010004
In clock cycle: 12
Register Write to Reg: 0x06 Val: 0x10010004
In clock cycle: 16
Register Write to Reg: 0x00 Val: 0x00000000
In clock cycle: 17
Register Write to Reg: 0x06 Val: 0x10010008
In clock cycle: 19
Register Write to Reg: 0x06 Val: 0x10010008
In clock cycle: 23
Register Write to Reg: 0x00 Val: 0x00000000
In clock cycle: 24
Register Write to Reg: 0x06 Val: 0x1001000C
In clock cycle: 26
Register Write to Reg: 0x06 Val: 0x1001000C
In clock cycle: 29
Register Write to Reg: 0x06 Val: 0x10010010
In clock cycle: 31
Register Write to Reg: 0x06 Val: 0x10010010
In clock cycle: 34
Register Write to Reg: 0x06 Val: 0x10010014
In clock cycle: 36
Register Write to Reg: 0x06 Val: 0x10010014
In clock cycle: 39
Register Write to Reg: 0x06 Val: 0x10010018
In clock cycle: 41
Register Write to Reg: 0x06 Val: 0x10010018
In clock cycle: 44
Register Write to Reg: 0x06 Val: 0x1001001C
In clock cycle: 46
Register Write to Reg: 0x06 Val: 0x1001001C
In clock cycle: 49
Register Write to Reg: 0x06 Val: 0x10010020
In clock cycle: 51
Register Write to Reg: 0x06 Val: 0x10010020
In clock cycle: 54
Register Write to Reg: 0x06 Val: 0x10010024
In clock cycle: 56
Register Write to Reg: 0x06 Val: 0x10010024
In clock cycle: 59
Register Write to Reg: 0x06 Val: 0x10010028
In clock cycle: 61
Register Write to Reg: 0x06 Val: 0x10010028
In clock cycle: 64
Register Write to Reg: 0x06 Val: 0x1001002C
In clock cycle: 66
Register Write to Reg: 0x06 Val: 0x1001002C
In clock cycle: 69
Register Write to Reg: 0x06 Val: 0x10010030
In clock cycle: 71
Register Write to Reg: 0x06 Val: 0x10010030
In clock cycle: 74
Register Write to Reg: 0x06 Val: 0x10010034
In clock cycle: 76
Register Write to Reg: 0x06 Val: 0x10010034
In clock cycle: 79
Register Write to Reg: 0x06 Val: 0x10010038
In clock cycle: 81
Register Write to Reg: 0x06 Val: 0x10010038
In clock cycle: 84
Register Write to Reg: 0x06 Val: 0x1001003C
In clock cycle: 86
Register Write to Reg: 0x06 Val: 0x1001003C
In clock cycle: 89
Register Write to Reg: 0x06 Val: 0x10010040
In clock cycle: 91
Register Write to Reg: 0x06 Val: 0x10010040
In clock cycle: 94
Register Write to Reg: 0x06 Val: 0x10010044
In clock cycle: 96
Register Write to Reg: 0x06 Val: 0x10010044
In clock cycle: 99
Register Write to Reg: 0x06 Val: 0x10010048
In clock cycle: 101
Register Write to Reg: 0x06 Val: 0x10010048
In clock cycle: 104
Register Write to Reg: 0x06 Val: 0x1001004C
In clock cycle: 106
Register Write to Reg: 0x06 Val: 0x1001004C
In clock cycle: 109
Register Write to Reg: 0x06 Val: 0x10010050
In clock cycle: 111
Register Write to Reg: 0x06 Val: 0x10010050
In clock cycle: 114
Register Write to Reg: 0x06 Val: 0x10010054
In clock cycle: 116
Register Write to Reg: 0x06 Val: 0x10010054
In clock cycle: 119
Register Write to Reg: 0x06 Val: 0x10010058
In clock cycle: 121
Register Write to Reg: 0x06 Val: 0x10010058
In clock cycle: 124
Register Write to Reg: 0x06 Val: 0x1001005C
In clock cycle: 126
Register Write to Reg: 0x06 Val: 0x1001005C
In clock cycle: 129
Register Write to Reg: 0x06 Val: 0x10010060
In clock cycle: 131
Register Write to Reg: 0x06 Val: 0x10010060
In clock cycle: 134
Register Write to Reg: 0x06 Val: 0x10010064
In clock cycle: 136
Register Write to Reg: 0x06 Val: 0x10010064
In clock cycle: 139
Register Write to Reg: 0x06 Val: 0x10010068
In clock cycle: 141
Register Write to Reg: 0x06 Val: 0x10010068
In clock cycle: 144
Register Write to Reg: 0x06 Val: 0x1001006C
In clock cycle: 146
Register Write to Reg: 0x06 Val: 0x1001006C
In clock cycle: 149
Register Write to Reg: 0x06 Val: 0x10010070
In clock cycle: 151
Register Write to Reg: 0x06 Val: 0x10010070
In clock cycle: 154
Register Write to Reg: 0x06 Val: 0x10010074
In clock cycle: 156
Register Write to Reg: 0x06 Val: 0x10010074
In clock cycle: 159
Register Write to Reg: 0x06 Val: 0x10010078
In clock cycle: 161
Register Write to Reg: 0x06 Val: 0x10010078
In clock cycle: 164
Register Write to Reg: 0x06 Val: 0x1001007C
In clock cycle: 166
Register Write to Reg: 0x06 Val: 0x1001007C
In clock cycle: 169
Register Write to Reg: 0x06 Val: 0x10010080
In clock cycle: 171
Register Write to Reg: 0x06 Val: 0x10010080
In clock cycle: 174
Register Write to Reg: 0x06 Val: 0x10010084
In clock cycle: 176
Register Write to Reg: 0x06 Val: 0x10010084
In clock cycle: 179
Register Write to Reg: 0x06 Val: 0x10010088
In clock cycle: 181
Register Write to Reg: 0x06 Val: 0x10010088
In clock cycle: 184
Register Write to Reg: 0x06 Val: 0x1001008C
In clock cycle: 186
Register Write to Reg: 0x06 Val: 0x1001008C
In clock cycle: 189
Register Write to Reg: 0x06 Val: 0x10010090
In clock cycle: 191
Register Write to Reg: 0x06 Val: 0x10010090
In clock cycle: 194
Register Write to Reg: 0x06 Val: 0x10010094
In clock cycle: 196
Register Write to Reg: 0x06 Val: 0x10010094
In clock cycle: 199
Register Write to Reg: 0x06 Val: 0x10010098
In clock cycle: 201
Register Write to Reg: 0x06 Val: 0x10010098
In clock cycle: 204
Register Write to Reg: 0x06 Val: 0x1001009C
In clock cycle: 206
Register Write to Reg: 0x06 Val: 0x1001009C
In clock cycle: 209
Register Write to Reg: 0x06 Val: 0x100100A0
In clock cycle: 211
Register Write to Reg: 0x06 Val: 0x100100A0
In clock cycle: 214
Register Write to Reg: 0x06 Val: 0x100100A4
In clock cycle: 216
Register Write to Reg: 0x06 Val: 0x100100A4
In clock cycle: 219
Register Write to Reg: 0x06 Val: 0x100100A8
In clock cycle: 221
Register Write to Reg: 0x06 Val: 0x100100A8
In clock cycle: 224
Register Write to Reg: 0x06 Val: 0x100100AC
In clock cycle: 226
Register Write to Reg: 0x06 Val: 0x100100AC
In clock cycle: 229
Register Write to Reg: 0x06 Val: 0x100100B0
In clock cycle: 231
Register Write to Reg: 0x06 Val: 0x100100B0
In clock cycle: 234
Register Write to Reg: 0x06 Val: 0x100100B4
In clock cycle: 236
Register Write to Reg: 0x06 Val: 0x100100B4
In clock cycle: 239
Register Write to Reg: 0x06 Val: 0x100100B8
In clock cycle: 241
Register Write to Reg: 0x06 Val: 0x100100B8
In clock cycle: 244
Register Write to Reg: 0x06 Val: 0x100100BC
In clock cycle: 246
Register Write to Reg: 0x06 Val: 0x100100BC
In clock cycle: 249
Register Write to Reg: 0x06 Val: 0x100100C0
In clock cycle: 251
Register Write to Reg: 0x06 Val: 0x100100C0
In clock cycle: 254
Register Write to Reg: 0x06 Val: 0x100100C4
In clock cycle: 256
Register Write to Reg: 0x06 Val: 0x100100C4
In clock cycle: 259
Register Write to Reg: 0x06 Val: 0x100100C8
In clock cycle: 261
Register Write to Reg: 0x06 Val: 0x100100C8
In clock cycle: 264
Register Write to Reg: 0x06 Val: 0x100100CC
In clock cycle: 266
Register Write to Reg: 0x06 Val: 0x100100CC
In clock cycle: 269
Register Write to Reg: 0x06 Val: 0x100100D0
In clock cycle: 271
Register Write to Reg: 0x06 Val: 0x100100D0
In clock cycle: 274
Register Write to Reg: 0x06 Val: 0x100100D4
In clock cycle: 276
Register Write to Reg: 0x06 Val: 0x100100D4
In clock cycle: 279
Register Write to Reg: 0x06 Val: 0x100100D8
In clock cycle: 281
Register Write to Reg: 0x06 Val: 0x100100D8
In clock cycle: 284
Register Write to Reg: 0x06 Val: 0x100100DC
In clock cycle: 286
Register Write to Reg: 0x06 Val: 0x100100DC
In clock cycle: 289
Register Write to Reg: 0x06 Val: 0x100100E0
In clock cycle: 291
Register Write to Reg: 0x06 Val: 0x100100E0
In clock cycle: 294
Register Write to Reg: 0x06 Val: 0x100100E4
In clock cycle: 296
Register Write to Reg: 0x06 Val: 0x100100E4
In clock cycle: 299
Register Write to Reg: 0x06 Val: 0x100100E8
In clock cycle: 301
Register Write to Reg: 0x06 Val: 0x100100E8
In clock cycle: 304
Register Write to Reg: 0x06 Val: 0x100100EC
In clock cycle: 306
Register Write to Reg: 0x06 Val: 0x100100EC
In clock cycle: 309
Register Write to Reg: 0x06 Val: 0x100100F0
In clock cycle: 311
Register Write to Reg: 0x06 Val: 0x100100F0
In clock cycle: 314
Register Write to Reg: 0x06 Val: 0x100100F4
In clock cycle: 316
Register Write to Reg: 0x06 Val: 0x100100F4
In clock cycle: 319
Register Write to Reg: 0x06 Val: 0x100100F8
In clock cycle: 321
Register Write to Reg: 0x06 Val: 0x100100F8
In clock cycle: 324
Register Write to Reg: 0x06 Val: 0x100100FC
In clock cycle: 326
Register Write to Reg: 0x06 Val: 0x100100FC
In clock cycle: 329
Register Write to Reg: 0x06 Val: 0x10010100
In clock cycle: 331
Register Write to Reg: 0x06 Val: 0x10010100
In clock cycle: 335
Register Write to Reg: 0x00 Val: 0x00000000
Execution stopped at cycle 336
