../../src/ieee2008/numeric_std-body.vhdl:3036:7:@0ms:(assertion warning): NUMERIC_STD.TO_INTEGER: metavalue detected, returning 0
../../src/ieee2008/numeric_std-body.vhdl:3036:7:@0ms:(assertion warning): NUMERIC_STD.TO_INTEGER: metavalue detected, returning 0
../../src/ieee2008/numeric_std-body.vhdl:3036:7:@0ms:(assertion warning): NUMERIC_STD.TO_INTEGER: metavalue detected, returning 0
../../src/ieee2008/numeric_std-body.vhdl:3036:7:@0ms:(assertion warning): NUMERIC_STD.TO_INTEGER: metavalue detected, returning 0
../../src/ieee2008/numeric_std-body.vhdl:3036:7:@0ms:(assertion warning): NUMERIC_STD.TO_INTEGER: metavalue detected, returning 0
./source/control_unit.vhd:1725:25:@0ms:(report note): Illegal Instruction (0xUUUUUUUUUUUUUUUUUUUUUUUUUUUUUUUU)
../../src/ieee2008/numeric_std-body.vhdl:3036:7:@0ms:(assertion warning): NUMERIC_STD.TO_INTEGER: metavalue detected, returning 0
../../src/ieee2008/numeric_std-body.vhdl:3036:7:@0ms:(assertion warning): NUMERIC_STD.TO_INTEGER: metavalue detected, returning 0
../../src/ieee2008/numeric_std-body.vhdl:1320:7:@0ms:(assertion warning): NUMERIC_STD."<": metavalue detected, returning FALSE
../../src/ieee2008/numeric_std-body.vhdl:1347:7:@0ms:(assertion warning): NUMERIC_STD."<": metavalue detected, returning FALSE
../../src/ieee2008/numeric_std-body.vhdl:1347:7:@0ms:(assertion warning): NUMERIC_STD."<": metavalue detected, returning FALSE
../../src/ieee2008/numeric_std-body.vhdl:1320:7:@0ms:(assertion warning): NUMERIC_STD."<": metavalue detected, returning FALSE
../../src/ieee2008/numeric_std-body.vhdl:1195:7:@0ms:(assertion warning): NUMERIC_STD.">": metavalue detected, returning FALSE
../../src/ieee2008/numeric_std-body.vhdl:1168:7:@0ms:(assertion warning): NUMERIC_STD.">": metavalue detected, returning FALSE
../../src/ieee2008/numeric_std-body.vhdl:1168:7:@0ms:(assertion warning): NUMERIC_STD.">": metavalue detected, returning FALSE
../../src/ieee2008/numeric_std-body.vhdl:1195:7:@0ms:(assertion warning): NUMERIC_STD.">": metavalue detected, returning FALSE
../../src/ieee2008/numeric_std-body.vhdl:1320:7:@0ms:(assertion warning): NUMERIC_STD."<": metavalue detected, returning FALSE
../../src/ieee2008/numeric_std-body.vhdl:1347:7:@0ms:(assertion warning): NUMERIC_STD."<": metavalue detected, returning FALSE
../../src/ieee2008/numeric_std-body.vhdl:1347:7:@0ms:(assertion warning): NUMERIC_STD."<": metavalue detected, returning FALSE
../../src/ieee2008/numeric_std-body.vhdl:1320:7:@0ms:(assertion warning): NUMERIC_STD."<": metavalue detected, returning FALSE
../../src/ieee2008/numeric_std-body.vhdl:3036:7:@0ms:(assertion warning): NUMERIC_STD.TO_INTEGER: metavalue detected, returning 0
../../src/ieee2008/numeric_std-body.vhdl:3036:7:@0ms:(assertion warning): NUMERIC_STD.TO_INTEGER: metavalue detected, returning 0
./source/control_unit.vhd:1725:25:@0ms:(report note): Illegal Instruction (0xUUUUUUUUUUUUUUUUUUUUUUUUUUUUUUUU)
../../src/ieee2008/numeric_std-body.vhdl:3036:7:@0ms:(assertion warning): NUMERIC_STD.TO_INTEGER: metavalue detected, returning 0
../../src/ieee2008/numeric_std-body.vhdl:3036:7:@0ms:(assertion warning): NUMERIC_STD.TO_INTEGER: metavalue detected, returning 0
./source/control_unit.vhd:1725:25:@0ms:(report note): Illegal Instruction (0xUUUUUUUUUUUUUUUUUUUUUUUUUUUUUUUU)
../../src/ieee2008/numeric_std-body.vhdl:3036:7:@15ns:(assertion warning): NUMERIC_STD.TO_INTEGER: metavalue detected, returning 0
../../src/ieee2008/numeric_std-body.vhdl:3036:7:@15ns:(assertion warning): NUMERIC_STD.TO_INTEGER: metavalue detected, returning 0
../../src/ieee2008/numeric_std-body.vhdl:3036:7:@15ns:(assertion warning): NUMERIC_STD.TO_INTEGER: metavalue detected, returning 0
../../src/ieee2008/numeric_std-body.vhdl:3036:7:@15ns:(assertion warning): NUMERIC_STD.TO_INTEGER: metavalue detected, returning 0
../../src/ieee2008/numeric_std-body.vhdl:1168:7:@15ns:(assertion warning): NUMERIC_STD.">": metavalue detected, returning FALSE
../../src/ieee2008/numeric_std-body.vhdl:1195:7:@15ns:(assertion warning): NUMERIC_STD.">": metavalue detected, returning FALSE
../../src/ieee2008/numeric_std-body.vhdl:1320:7:@15ns:(assertion warning): NUMERIC_STD."<": metavalue detected, returning FALSE
../../src/ieee2008/numeric_std-body.vhdl:1347:7:@15ns:(assertion warning): NUMERIC_STD."<": metavalue detected, returning FALSE
../../src/ieee2008/numeric_std-body.vhdl:1347:7:@15ns:(assertion warning): NUMERIC_STD."<": metavalue detected, returning FALSE
../../src/ieee2008/numeric_std-body.vhdl:1320:7:@15ns:(assertion warning): NUMERIC_STD."<": metavalue detected, returning FALSE
../../src/ieee2008/numeric_std-body.vhdl:3036:7:@20ns:(assertion warning): NUMERIC_STD.TO_INTEGER: metavalue detected, returning 0
../../src/ieee2008/numeric_std-body.vhdl:3036:7:@20ns:(assertion warning): NUMERIC_STD.TO_INTEGER: metavalue detected, returning 0
./source/control_unit.vhd:1011:41:@320ns:(report note): addi
./source/control_unit.vhd:1011:41:@340ns:(report note): addi
./source/control_unit.vhd:1067:41:@340ns:(report note): ori
./source/control_unit.vhd:1067:41:@340ns:(report note): ori
./source/control_unit.vhd:1067:41:@340ns:(report note): ori
./source/control_unit.vhd:1067:41:@360ns:(report note): ori
./source/control_unit.vhd:984:33:@360ns:(report note): jal
./source/control_unit.vhd:984:33:@360ns:(report note): jal
./source/control_unit.vhd:984:33:@360ns:(report note): jal
./source/control_unit.vhd:984:33:@380ns:(report note): jal
./source/control_unit.vhd:1011:41:@380ns:(report note): addi
./source/control_unit.vhd:1011:41:@380ns:(report note): addi
./source/control_unit.vhd:1011:41:@380ns:(report note): addi
./source/control_unit.vhd:1011:41:@400ns:(report note): addi
./source/control_unit.vhd:1011:41:@400ns:(report note): addi
./source/control_unit.vhd:1011:41:@400ns:(report note): addi
./source/control_unit.vhd:1011:41:@400ns:(report note): addi
./source/control_unit.vhd:1011:41:@420ns:(report note): addi
./source/control_unit.vhd:1067:41:@420ns:(report note): ori
./source/control_unit.vhd:1067:41:@420ns:(report note): ori
./source/control_unit.vhd:1067:41:@420ns:(report note): ori
./source/control_unit.vhd:1067:41:@440ns:(report note): ori
./source/control_unit.vhd:1382:41:@440ns:(report note): beq
./source/control_unit.vhd:1382:41:@440ns:(report note): beq
./source/control_unit.vhd:1382:41:@440ns:(report note): beq
./source/control_unit.vhd:1382:41:@460ns:(report note): beq
./source/control_unit.vhd:1011:41:@460ns:(report note): addi
./source/control_unit.vhd:1011:41:@460ns:(report note): addi
./source/control_unit.vhd:1011:41:@460ns:(report note): addi
./source/control_unit.vhd:1011:41:@480ns:(report note): addi
./source/control_unit.vhd:1011:41:@480ns:(report note): addi
./source/control_unit.vhd:1011:41:@480ns:(report note): addi
./source/control_unit.vhd:1011:41:@480ns:(report note): addi
./source/control_unit.vhd:1011:41:@500ns:(report note): addi
./source/control_unit.vhd:984:33:@500ns:(report note): jal
./source/control_unit.vhd:984:33:@500ns:(report note): jal
./source/control_unit.vhd:984:33:@500ns:(report note): jal
./source/control_unit.vhd:984:33:@520ns:(report note): jal
./source/control_unit.vhd:1067:41:@520ns:(report note): ori
./source/control_unit.vhd:1067:41:@520ns:(report note): ori
./source/control_unit.vhd:1067:41:@520ns:(report note): ori
./source/control_unit.vhd:1067:41:@540ns:(report note): ori
./source/control_unit.vhd:1011:41:@540ns:(report note): addi
./source/control_unit.vhd:1011:41:@540ns:(report note): addi
./source/control_unit.vhd:1011:41:@540ns:(report note): addi
./source/control_unit.vhd:1011:41:@560ns:(report note): addi
./source/control_unit.vhd:1067:41:@560ns:(report note): ori
./source/control_unit.vhd:1067:41:@560ns:(report note): ori
./source/control_unit.vhd:1067:41:@560ns:(report note): ori
./source/control_unit.vhd:1067:41:@580ns:(report note): ori
./source/control_unit.vhd:997:33:@580ns:(report note): jalr
./source/control_unit.vhd:997:33:@580ns:(report note): jalr
./source/control_unit.vhd:997:33:@580ns:(report note): jalr
./source/control_unit.vhd:997:33:@600ns:(report note): jalr
./source/control_unit.vhd:1067:41:@600ns:(report note): ori
./source/control_unit.vhd:1067:41:@600ns:(report note): ori
./source/control_unit.vhd:1067:41:@600ns:(report note): ori
./source/control_unit.vhd:1067:41:@640ns:(report note): ori
./source/control_unit.vhd:1382:41:@640ns:(report note): beq
./source/control_unit.vhd:1382:41:@640ns:(report note): beq
./source/control_unit.vhd:1382:41:@640ns:(report note): beq
./source/control_unit.vhd:1382:41:@660ns:(report note): beq
./source/control_unit.vhd:1067:41:@660ns:(report note): ori
./source/control_unit.vhd:1067:41:@660ns:(report note): ori
./source/control_unit.vhd:1067:41:@660ns:(report note): ori
./source/control_unit.vhd:1067:41:@680ns:(report note): ori
./source/control_unit.vhd:984:33:@680ns:(report note): jal
./source/control_unit.vhd:984:33:@680ns:(report note): jal
./source/control_unit.vhd:984:33:@680ns:(report note): jal
./source/control_unit.vhd:984:33:@700ns:(report note): jal
./source/control_unit.vhd:1011:41:@700ns:(report note): addi
./source/control_unit.vhd:1011:41:@700ns:(report note): addi
./source/control_unit.vhd:1011:41:@700ns:(report note): addi
./source/control_unit.vhd:1011:41:@720ns:(report note): addi
./source/control_unit.vhd:1011:41:@720ns:(report note): addi
./source/control_unit.vhd:1011:41:@720ns:(report note): addi
./source/control_unit.vhd:1011:41:@720ns:(report note): addi
./source/control_unit.vhd:1011:41:@740ns:(report note): addi
./source/control_unit.vhd:1705:37:@740ns:(report note): ebreak
./source/control_unit.vhd:1705:37:@740ns:(report note): ebreak
./source/control_unit.vhd:1705:37:@740ns:(report note): ebreak
./source/control_unit.vhd:1710:37:@760ns:(report note): ecall
./source/control_unit.vhd:1725:25:@760ns:(report note): Illegal Instruction (0xUUUUUUUUUUUUUUUUUUUUUUUUUUUUUUUU)
./source/control_unit.vhd:1725:25:@760ns:(report note): Illegal Instruction (0xUUUUUUUUUUUUUUUUUUUUUUUUUUUUUUUU)
../../src/ieee2008/numeric_std-body.vhdl:3036:7:@760ns:(assertion warning): NUMERIC_STD.TO_INTEGER: metavalue detected, returning 0
../../src/ieee2008/numeric_std-body.vhdl:3036:7:@760ns:(assertion warning): NUMERIC_STD.TO_INTEGER: metavalue detected, returning 0
./source/control_unit.vhd:1725:25:@760ns:(report note): Illegal Instruction (0xUUUUUUUUUUUUUUUUUUUUUUUUUUUUUUUU)
simulation finished @820ns
