Memory Write to Addr: 0x10010000 Val: 0x00000001
Memory Write to Addr: 0x10010004 Val: 0x00000005
Memory Write to Addr: 0x10010008 Val: 0x00000004
Memory Write to Addr: 0x1001000C Val: 0x00000003
Memory Write to Addr: 0x10010010 Val: 0x00000002
Memory Write to Addr: 0x10010014 Val: 0x00000001
Memory Write to Addr: 0x10010018 Val: 0x00000002
Memory Write to Addr: 0x1001001C Val: 0x00000003
Memory Write to Addr: 0x10010020 Val: 0x00000004
Memory Write to Addr: 0x10010024 Val: 0x00000005
Warning in C:\Users\Connor\Desktop\horizon\riscv\bubblesort.s line 9 column 1: RARS does not recognize the .option directive.  Ignored.

[inst #1] lui x2,65553
Register Write to Reg: 0x02 Val: 0x10011000
[inst #2] addi x2,x2,-4
Register Write to Reg: 0x02 Val: 0x10010FFC
[inst #3] addi x10,x0,5
Register Write to Reg: 0x0A Val: 0x00000005
[inst #4] auipc x11,64528
Register Write to Reg: 0x0B Val: 0x1001000C
[inst #5] addi x11,x11,-12
Register Write to Reg: 0x0B Val: 0x10010000
[inst #6] jal x1,60
Register Write to Reg: 0x01 Val: 0x00400018
[inst #7] addi x2,x2,-16
Register Write to Reg: 0x02 Val: 0x10010FEC
[inst #8] sw x1,12(x2)
Memory Write to Addr: 0x10010FF8 Val: 0x00400018
[inst #9] sw x8,8(x2)
Memory Write to Addr: 0x10010FF4 Val: 0x00000000
[inst #10] addi x8,x2,16
Register Write to Reg: 0x08 Val: 0x10010FFC
[inst #11] beq x10,x0,72
[inst #12] add x5,x0,x0
Register Write to Reg: 0x05 Val: 0x00000000
[inst #13] add x6,x0,x0
Register Write to Reg: 0x06 Val: 0x00000000
[inst #14] add x7,x10,x0
Register Write to Reg: 0x07 Val: 0x00000005
[inst #15] addi x7,x7,-1
Register Write to Reg: 0x07 Val: 0x00000004
[inst #16] slli x28,x6,2
Register Write to Reg: 0x1C Val: 0x00000000
[inst #17] add x29,x11,x28
Register Write to Reg: 0x1D Val: 0x10010000
[inst #18] lw x30,0(x29)
Register Write to Reg: 0x1E Val: 0x00000001
[inst #19] lw x31,4(x29)
Register Write to Reg: 0x1F Val: 0x00000005
[inst #20] bge x31,x30,16
[inst #21] addi x6,x6,1
Register Write to Reg: 0x06 Val: 0x00000001
[inst #22] blt x6,x7,-36
[inst #23] slli x28,x6,2
Register Write to Reg: 0x1C Val: 0x00000004
[inst #24] add x29,x11,x28
Register Write to Reg: 0x1D Val: 0x10010004
[inst #25] lw x30,0(x29)
Register Write to Reg: 0x1E Val: 0x00000005
[inst #26] lw x31,4(x29)
Register Write to Reg: 0x1F Val: 0x00000004
[inst #27] bge x31,x30,16
[inst #28] sw x31,0(x29)
Memory Write to Addr: 0x10010004 Val: 0x00000004
[inst #29] sw x30,4(x29)
Memory Write to Addr: 0x10010008 Val: 0x00000005
[inst #30] addi x5,x0,1
Register Write to Reg: 0x05 Val: 0x00000001
[inst #31] addi x6,x6,1
Register Write to Reg: 0x06 Val: 0x00000002
[inst #32] blt x6,x7,-36
[inst #33] slli x28,x6,2
Register Write to Reg: 0x1C Val: 0x00000008
[inst #34] add x29,x11,x28
Register Write to Reg: 0x1D Val: 0x10010008
[inst #35] lw x30,0(x29)
Register Write to Reg: 0x1E Val: 0x00000005
[inst #36] lw x31,4(x29)
Register Write to Reg: 0x1F Val: 0x00000003
[inst #37] bge x31,x30,16
[inst #38] sw x31,0(x29)
Memory Write to Addr: 0x10010008 Val: 0x00000003
[inst #39] sw x30,4(x29)
Memory Write to Addr: 0x1001000C Val: 0x00000005
[inst #40] addi x5,x0,1
Register Write to Reg: 0x05 Val: 0x00000001
[inst #41] addi x6,x6,1
Register Write to Reg: 0x06 Val: 0x00000003
[inst #42] blt x6,x7,-36
[inst #43] slli x28,x6,2
Register Write to Reg: 0x1C Val: 0x0000000C
[inst #44] add x29,x11,x28
Register Write to Reg: 0x1D Val: 0x1001000C
[inst #45] lw x30,0(x29)
Register Write to Reg: 0x1E Val: 0x00000005
[inst #46] lw x31,4(x29)
Register Write to Reg: 0x1F Val: 0x00000002
[inst #47] bge x31,x30,16
[inst #48] sw x31,0(x29)
Memory Write to Addr: 0x1001000C Val: 0x00000002
[inst #49] sw x30,4(x29)
Memory Write to Addr: 0x10010010 Val: 0x00000005
[inst #50] addi x5,x0,1
Register Write to Reg: 0x05 Val: 0x00000001
[inst #51] addi x6,x6,1
Register Write to Reg: 0x06 Val: 0x00000004
[inst #52] blt x6,x7,-36
[inst #53] beq x5,x0,12
[inst #54] addi x10,x10,-1
Register Write to Reg: 0x0A Val: 0x00000004
[inst #55] blt x0,x10,-64
[inst #56] add x5,x0,x0
Register Write to Reg: 0x05 Val: 0x00000000
[inst #57] add x6,x0,x0
Register Write to Reg: 0x06 Val: 0x00000000
[inst #58] add x7,x10,x0
Register Write to Reg: 0x07 Val: 0x00000004
[inst #59] addi x7,x7,-1
Register Write to Reg: 0x07 Val: 0x00000003
[inst #60] slli x28,x6,2
Register Write to Reg: 0x1C Val: 0x00000000
[inst #61] add x29,x11,x28
Register Write to Reg: 0x1D Val: 0x10010000
[inst #62] lw x30,0(x29)
Register Write to Reg: 0x1E Val: 0x00000001
[inst #63] lw x31,4(x29)
Register Write to Reg: 0x1F Val: 0x00000004
[inst #64] bge x31,x30,16
[inst #65] addi x6,x6,1
Register Write to Reg: 0x06 Val: 0x00000001
[inst #66] blt x6,x7,-36
[inst #67] slli x28,x6,2
Register Write to Reg: 0x1C Val: 0x00000004
[inst #68] add x29,x11,x28
Register Write to Reg: 0x1D Val: 0x10010004
[inst #69] lw x30,0(x29)
Register Write to Reg: 0x1E Val: 0x00000004
[inst #70] lw x31,4(x29)
Register Write to Reg: 0x1F Val: 0x00000003
[inst #71] bge x31,x30,16
[inst #72] sw x31,0(x29)
Memory Write to Addr: 0x10010004 Val: 0x00000003
[inst #73] sw x30,4(x29)
Memory Write to Addr: 0x10010008 Val: 0x00000004
[inst #74] addi x5,x0,1
Register Write to Reg: 0x05 Val: 0x00000001
[inst #75] addi x6,x6,1
Register Write to Reg: 0x06 Val: 0x00000002
[inst #76] blt x6,x7,-36
[inst #77] slli x28,x6,2
Register Write to Reg: 0x1C Val: 0x00000008
[inst #78] add x29,x11,x28
Register Write to Reg: 0x1D Val: 0x10010008
[inst #79] lw x30,0(x29)
Register Write to Reg: 0x1E Val: 0x00000004
[inst #80] lw x31,4(x29)
Register Write to Reg: 0x1F Val: 0x00000002
[inst #81] bge x31,x30,16
[inst #82] sw x31,0(x29)
Memory Write to Addr: 0x10010008 Val: 0x00000002
[inst #83] sw x30,4(x29)
Memory Write to Addr: 0x1001000C Val: 0x00000004
[inst #84] addi x5,x0,1
Register Write to Reg: 0x05 Val: 0x00000001
[inst #85] addi x6,x6,1
Register Write to Reg: 0x06 Val: 0x00000003
[inst #86] blt x6,x7,-36
[inst #87] beq x5,x0,12
[inst #88] addi x10,x10,-1
Register Write to Reg: 0x0A Val: 0x00000003
[inst #89] blt x0,x10,-64
[inst #90] add x5,x0,x0
Register Write to Reg: 0x05 Val: 0x00000000
[inst #91] add x6,x0,x0
Register Write to Reg: 0x06 Val: 0x00000000
[inst #92] add x7,x10,x0
Register Write to Reg: 0x07 Val: 0x00000003
[inst #93] addi x7,x7,-1
Register Write to Reg: 0x07 Val: 0x00000002
[inst #94] slli x28,x6,2
Register Write to Reg: 0x1C Val: 0x00000000
[inst #95] add x29,x11,x28
Register Write to Reg: 0x1D Val: 0x10010000
[inst #96] lw x30,0(x29)
Register Write to Reg: 0x1E Val: 0x00000001
[inst #97] lw x31,4(x29)
Register Write to Reg: 0x1F Val: 0x00000003
[inst #98] bge x31,x30,16
[inst #99] addi x6,x6,1
Register Write to Reg: 0x06 Val: 0x00000001
[inst #100] blt x6,x7,-36
[inst #101] slli x28,x6,2
Register Write to Reg: 0x1C Val: 0x00000004
[inst #102] add x29,x11,x28
Register Write to Reg: 0x1D Val: 0x10010004
[inst #103] lw x30,0(x29)
Register Write to Reg: 0x1E Val: 0x00000003
[inst #104] lw x31,4(x29)
Register Write to Reg: 0x1F Val: 0x00000002
[inst #105] bge x31,x30,16
[inst #106] sw x31,0(x29)
Memory Write to Addr: 0x10010004 Val: 0x00000002
[inst #107] sw x30,4(x29)
Memory Write to Addr: 0x10010008 Val: 0x00000003
[inst #108] addi x5,x0,1
Register Write to Reg: 0x05 Val: 0x00000001
[inst #109] addi x6,x6,1
Register Write to Reg: 0x06 Val: 0x00000002
[inst #110] blt x6,x7,-36
[inst #111] beq x5,x0,12
[inst #112] addi x10,x10,-1
Register Write to Reg: 0x0A Val: 0x00000002
[inst #113] blt x0,x10,-64
[inst #114] add x5,x0,x0
Register Write to Reg: 0x05 Val: 0x00000000
[inst #115] add x6,x0,x0
Register Write to Reg: 0x06 Val: 0x00000000
[inst #116] add x7,x10,x0
Register Write to Reg: 0x07 Val: 0x00000002
[inst #117] addi x7,x7,-1
Register Write to Reg: 0x07 Val: 0x00000001
[inst #118] slli x28,x6,2
Register Write to Reg: 0x1C Val: 0x00000000
[inst #119] add x29,x11,x28
Register Write to Reg: 0x1D Val: 0x10010000
[inst #120] lw x30,0(x29)
Register Write to Reg: 0x1E Val: 0x00000001
[inst #121] lw x31,4(x29)
Register Write to Reg: 0x1F Val: 0x00000002
[inst #122] bge x31,x30,16
[inst #123] addi x6,x6,1
Register Write to Reg: 0x06 Val: 0x00000001
[inst #124] blt x6,x7,-36
[inst #125] beq x5,x0,12
[inst #126] lw x1,12(x2)
Register Write to Reg: 0x01 Val: 0x00400018
[inst #127] lw x8,8(x2)
Register Write to Reg: 0x08 Val: 0x00000000
[inst #128] addi x2,x2,16
Register Write to Reg: 0x02 Val: 0x10010FFC
[inst #129] jalr x0,x1,0
Register Write to Reg: 0x00 Val: 0x004000B8
[inst #130] auipc x5,64528
Register Write to Reg: 0x05 Val: 0x10010018
[inst #131] addi x5,x5,-24
Register Write to Reg: 0x05 Val: 0x10010000
[inst #132] auipc x6,64528
Register Write to Reg: 0x06 Val: 0x10010020
[inst #133] addi x6,x6,-12
Register Write to Reg: 0x06 Val: 0x10010014
[inst #134] addi x7,x0,5
Register Write to Reg: 0x07 Val: 0x00000005
[inst #135] beq x7,x0,32
[inst #136] lw x30,0(x5)
Register Write to Reg: 0x1E Val: 0x00000001
[inst #137] lw x31,0(x6)
Register Write to Reg: 0x1F Val: 0x00000001
[inst #138] bne x30,x31,128
[inst #139] addi x5,x5,4
Register Write to Reg: 0x05 Val: 0x10010004
[inst #140] addi x6,x6,4
Register Write to Reg: 0x06 Val: 0x10010018
[inst #141] addi x7,x7,-1
Register Write to Reg: 0x07 Val: 0x00000004
[inst #142] jal x0,-28
Register Write to Reg: 0x00 Val: 0x0040004C
[inst #143] beq x7,x0,32
[inst #144] lw x30,0(x5)
Register Write to Reg: 0x1E Val: 0x00000002
[inst #145] lw x31,0(x6)
Register Write to Reg: 0x1F Val: 0x00000002
[inst #146] bne x30,x31,128
[inst #147] addi x5,x5,4
Register Write to Reg: 0x05 Val: 0x10010008
[inst #148] addi x6,x6,4
Register Write to Reg: 0x06 Val: 0x1001001C
[inst #149] addi x7,x7,-1
Register Write to Reg: 0x07 Val: 0x00000003
[inst #150] jal x0,-28
Register Write to Reg: 0x00 Val: 0x0040004C
[inst #151] beq x7,x0,32
[inst #152] lw x30,0(x5)
Register Write to Reg: 0x1E Val: 0x00000003
[inst #153] lw x31,0(x6)
Register Write to Reg: 0x1F Val: 0x00000003
[inst #154] bne x30,x31,128
[inst #155] addi x5,x5,4
Register Write to Reg: 0x05 Val: 0x1001000C
[inst #156] addi x6,x6,4
Register Write to Reg: 0x06 Val: 0x10010020
[inst #157] addi x7,x7,-1
Register Write to Reg: 0x07 Val: 0x00000002
[inst #158] jal x0,-28
Register Write to Reg: 0x00 Val: 0x0040004C
[inst #159] beq x7,x0,32
[inst #160] lw x30,0(x5)
Register Write to Reg: 0x1E Val: 0x00000004
[inst #161] lw x31,0(x6)
Register Write to Reg: 0x1F Val: 0x00000004
[inst #162] bne x30,x31,128
[inst #163] addi x5,x5,4
Register Write to Reg: 0x05 Val: 0x10010010
[inst #164] addi x6,x6,4
Register Write to Reg: 0x06 Val: 0x10010024
[inst #165] addi x7,x7,-1
Register Write to Reg: 0x07 Val: 0x00000001
[inst #166] jal x0,-28
Register Write to Reg: 0x00 Val: 0x0040004C
[inst #167] beq x7,x0,32
[inst #168] lw x30,0(x5)
Register Write to Reg: 0x1E Val: 0x00000005
[inst #169] lw x31,0(x6)
Register Write to Reg: 0x1F Val: 0x00000005
[inst #170] bne x30,x31,128
[inst #171] addi x5,x5,4
Register Write to Reg: 0x05 Val: 0x10010014
[inst #172] addi x6,x6,4
Register Write to Reg: 0x06 Val: 0x10010028
[inst #173] addi x7,x7,-1
Register Write to Reg: 0x07 Val: 0x00000000
[inst #174] jal x0,-28
Register Write to Reg: 0x00 Val: 0x0040004C
[inst #175] beq x7,x0,32
[inst #176] jal x0,124
Register Write to Reg: 0x00 Val: 0x00400050
[inst #177] addi x28,x0,0
Register Write to Reg: 0x1C Val: 0x00000000
[inst #178] lui x29,3088
Register Write to Reg: 0x1D Val: 0x00C10000
[inst #179] addi x29,x29,-18
Register Write to Reg: 0x1D Val: 0x00C0FFEE
[inst #180] ebreak 

Program terminated by dropping off the bottom.
