../../src/ieee2008/numeric_std-body.vhdl:3036:7:@0ms:(assertion warning): NUMERIC_STD.TO_INTEGER: metavalue detected, returning 0
../../src/ieee2008/numeric_std-body.vhdl:3036:7:@0ms:(assertion warning): NUMERIC_STD.TO_INTEGER: metavalue detected, returning 0
../../src/ieee2008/numeric_std-body.vhdl:3036:7:@0ms:(assertion warning): NUMERIC_STD.TO_INTEGER: metavalue detected, returning 0
../../src/ieee2008/numeric_std-body.vhdl:3036:7:@0ms:(assertion warning): NUMERIC_STD.TO_INTEGER: metavalue detected, returning 0
../../src/ieee2008/numeric_std-body.vhdl:3036:7:@0ms:(assertion warning): NUMERIC_STD.TO_INTEGER: metavalue detected, returning 0
./source/control_unit.vhd:1577:25:@0ms:(report note): Illegal Instruction (0xUUUUUUUUUUUUUUUUUUUUUUUUUUUUUUUU)
../../src/ieee2008/numeric_std-body.vhdl:3036:7:@0ms:(assertion warning): NUMERIC_STD.TO_INTEGER: metavalue detected, returning 0
../../src/ieee2008/numeric_std-body.vhdl:3036:7:@0ms:(assertion warning): NUMERIC_STD.TO_INTEGER: metavalue detected, returning 0
../../src/ieee2008/numeric_std-body.vhdl:1320:7:@0ms:(assertion warning): NUMERIC_STD."<": metavalue detected, returning FALSE
../../src/ieee2008/numeric_std-body.vhdl:1347:7:@0ms:(assertion warning): NUMERIC_STD."<": metavalue detected, returning FALSE
../../src/ieee2008/numeric_std-body.vhdl:1347:7:@0ms:(assertion warning): NUMERIC_STD."<": metavalue detected, returning FALSE
../../src/ieee2008/numeric_std-body.vhdl:1320:7:@0ms:(assertion warning): NUMERIC_STD."<": metavalue detected, returning FALSE
../../src/ieee2008/numeric_std-body.vhdl:1195:7:@0ms:(assertion warning): NUMERIC_STD.">": metavalue detected, returning FALSE
../../src/ieee2008/numeric_std-body.vhdl:1168:7:@0ms:(assertion warning): NUMERIC_STD.">": metavalue detected, returning FALSE
../../src/ieee2008/numeric_std-body.vhdl:1168:7:@0ms:(assertion warning): NUMERIC_STD.">": metavalue detected, returning FALSE
../../src/ieee2008/numeric_std-body.vhdl:1195:7:@0ms:(assertion warning): NUMERIC_STD.">": metavalue detected, returning FALSE
../../src/ieee2008/numeric_std-body.vhdl:1320:7:@0ms:(assertion warning): NUMERIC_STD."<": metavalue detected, returning FALSE
../../src/ieee2008/numeric_std-body.vhdl:1347:7:@0ms:(assertion warning): NUMERIC_STD."<": metavalue detected, returning FALSE
../../src/ieee2008/numeric_std-body.vhdl:1347:7:@0ms:(assertion warning): NUMERIC_STD."<": metavalue detected, returning FALSE
../../src/ieee2008/numeric_std-body.vhdl:1320:7:@0ms:(assertion warning): NUMERIC_STD."<": metavalue detected, returning FALSE
../../src/ieee2008/numeric_std-body.vhdl:3036:7:@0ms:(assertion warning): NUMERIC_STD.TO_INTEGER: metavalue detected, returning 0
../../src/ieee2008/numeric_std-body.vhdl:3036:7:@0ms:(assertion warning): NUMERIC_STD.TO_INTEGER: metavalue detected, returning 0
./source/control_unit.vhd:1577:25:@0ms:(report note): Illegal Instruction (0xUUUUUUUUUUUUUUUUUUUUUUUUUUUUUUUU)
../../src/ieee2008/numeric_std-body.vhdl:3036:7:@0ms:(assertion warning): NUMERIC_STD.TO_INTEGER: metavalue detected, returning 0
../../src/ieee2008/numeric_std-body.vhdl:3036:7:@0ms:(assertion warning): NUMERIC_STD.TO_INTEGER: metavalue detected, returning 0
./source/control_unit.vhd:1577:25:@0ms:(report note): Illegal Instruction (0xUUUUUUUUUUUUUUUUUUUUUUUUUUUUUUUU)
../../src/ieee2008/numeric_std-body.vhdl:3036:7:@15ns:(assertion warning): NUMERIC_STD.TO_INTEGER: metavalue detected, returning 0
../../src/ieee2008/numeric_std-body.vhdl:3036:7:@15ns:(assertion warning): NUMERIC_STD.TO_INTEGER: metavalue detected, returning 0
../../src/ieee2008/numeric_std-body.vhdl:3036:7:@15ns:(assertion warning): NUMERIC_STD.TO_INTEGER: metavalue detected, returning 0
../../src/ieee2008/numeric_std-body.vhdl:3036:7:@15ns:(assertion warning): NUMERIC_STD.TO_INTEGER: metavalue detected, returning 0
../../src/ieee2008/numeric_std-body.vhdl:1168:7:@15ns:(assertion warning): NUMERIC_STD.">": metavalue detected, returning FALSE
../../src/ieee2008/numeric_std-body.vhdl:1195:7:@15ns:(assertion warning): NUMERIC_STD.">": metavalue detected, returning FALSE
../../src/ieee2008/numeric_std-body.vhdl:1320:7:@15ns:(assertion warning): NUMERIC_STD."<": metavalue detected, returning FALSE
../../src/ieee2008/numeric_std-body.vhdl:1347:7:@15ns:(assertion warning): NUMERIC_STD."<": metavalue detected, returning FALSE
../../src/ieee2008/numeric_std-body.vhdl:1347:7:@15ns:(assertion warning): NUMERIC_STD."<": metavalue detected, returning FALSE
../../src/ieee2008/numeric_std-body.vhdl:1320:7:@15ns:(assertion warning): NUMERIC_STD."<": metavalue detected, returning FALSE
./source/control_unit.vhd:863:41:@21580ns:(report note): addi
./source/control_unit.vhd:863:41:@21600ns:(report note): addi
./source/control_unit.vhd:1514:33:@21600ns:(report note): lui
./source/control_unit.vhd:1514:33:@21600ns:(report note): lui
./source/control_unit.vhd:1514:33:@21600ns:(report note): lui
./source/control_unit.vhd:1514:33:@21620ns:(report note): lui
./source/control_unit.vhd:863:41:@21620ns:(report note): addi
./source/control_unit.vhd:863:41:@21620ns:(report note): addi
./source/control_unit.vhd:863:41:@21620ns:(report note): addi
./source/control_unit.vhd:863:41:@21640ns:(report note): addi
./source/control_unit.vhd:863:41:@21640ns:(report note): addi
./source/control_unit.vhd:863:41:@21640ns:(report note): addi
./source/control_unit.vhd:863:41:@21640ns:(report note): addi
./source/control_unit.vhd:863:41:@21660ns:(report note): addi
./source/control_unit.vhd:1525:33:@21660ns:(report note): auipc
./source/control_unit.vhd:1525:33:@21660ns:(report note): auipc
./source/control_unit.vhd:1525:33:@21660ns:(report note): auipc
./source/control_unit.vhd:1525:33:@21680ns:(report note): auipc
./source/control_unit.vhd:863:41:@21680ns:(report note): addi
./source/control_unit.vhd:863:41:@21680ns:(report note): addi
./source/control_unit.vhd:863:41:@21680ns:(report note): addi
./source/control_unit.vhd:863:41:@21700ns:(report note): addi
./source/control_unit.vhd:836:33:@21700ns:(report note): jal
./source/control_unit.vhd:836:33:@21700ns:(report note): jal
./source/control_unit.vhd:836:33:@21700ns:(report note): jal
./source/control_unit.vhd:836:33:@21720ns:(report note): jal
./source/control_unit.vhd:1525:33:@21720ns:(report note): auipc
./source/control_unit.vhd:1525:33:@21720ns:(report note): auipc
./source/control_unit.vhd:1525:33:@21720ns:(report note): auipc
./source/control_unit.vhd:1525:33:@21740ns:(report note): auipc
./source/control_unit.vhd:863:41:@21740ns:(report note): addi
./source/control_unit.vhd:863:41:@21740ns:(report note): addi
./source/control_unit.vhd:863:41:@21740ns:(report note): addi
./source/control_unit.vhd:863:41:@21760ns:(report note): addi
./source/control_unit.vhd:863:41:@21760ns:(report note): addi
./source/control_unit.vhd:863:41:@21760ns:(report note): addi
./source/control_unit.vhd:863:41:@21760ns:(report note): addi
./source/control_unit.vhd:863:41:@21780ns:(report note): addi
./source/control_unit.vhd:1039:41:@21780ns:(report note): sw
./source/control_unit.vhd:1039:41:@21780ns:(report note): sw
./source/control_unit.vhd:1039:41:@21780ns:(report note): sw
./source/control_unit.vhd:1039:41:@21840ns:(report note): sw
./source/control_unit.vhd:1039:41:@21840ns:(report note): sw
./source/control_unit.vhd:1039:41:@21840ns:(report note): sw
./source/control_unit.vhd:1039:41:@21840ns:(report note): sw
./source/control_unit.vhd:1039:41:@21860ns:(report note): sw
./source/control_unit.vhd:863:41:@21860ns:(report note): addi
./source/control_unit.vhd:863:41:@21860ns:(report note): addi
./source/control_unit.vhd:863:41:@21860ns:(report note): addi
./source/control_unit.vhd:863:41:@21880ns:(report note): addi
./source/control_unit.vhd:1234:41:@21880ns:(report note): beq
./source/control_unit.vhd:1234:41:@21880ns:(report note): beq
./source/control_unit.vhd:1234:41:@21880ns:(report note): beq
./source/control_unit.vhd:1234:41:@21900ns:(report note): beq
./source/control_unit.vhd:1145:49:@21900ns:(report note): add
./source/control_unit.vhd:1145:49:@21900ns:(report note): add
./source/control_unit.vhd:1145:49:@21900ns:(report note): add
./source/control_unit.vhd:1145:49:@21920ns:(report note): add
./source/control_unit.vhd:1145:49:@21920ns:(report note): add
./source/control_unit.vhd:1145:49:@21920ns:(report note): add
./source/control_unit.vhd:1145:49:@21940ns:(report note): add
./source/control_unit.vhd:1145:49:@21940ns:(report note): add
./source/control_unit.vhd:1145:49:@21940ns:(report note): add
./source/control_unit.vhd:1145:49:@21940ns:(report note): add
./source/control_unit.vhd:1145:49:@21960ns:(report note): add
./source/control_unit.vhd:863:41:@21960ns:(report note): addi
./source/control_unit.vhd:863:41:@21960ns:(report note): addi
./source/control_unit.vhd:863:41:@21960ns:(report note): addi
./source/control_unit.vhd:863:41:@21980ns:(report note): addi
./source/control_unit.vhd:871:41:@21980ns:(report note): slli
./source/control_unit.vhd:871:41:@21980ns:(report note): slli
./source/control_unit.vhd:871:41:@21980ns:(report note): slli
./source/control_unit.vhd:871:41:@22us:(report note): slli
./source/control_unit.vhd:1145:49:@22us:(report note): add
./source/control_unit.vhd:1145:49:@22us:(report note): add
./source/control_unit.vhd:1145:49:@22us:(report note): add
./source/control_unit.vhd:1145:49:@22020ns:(report note): add
./source/control_unit.vhd:964:41:@22020ns:(report note): lw
./source/control_unit.vhd:964:41:@22020ns:(report note): lw
./source/control_unit.vhd:964:41:@22020ns:(report note): lw
./source/control_unit.vhd:964:41:@22060ns:(report note): lw
./source/control_unit.vhd:964:41:@22060ns:(report note): lw
./source/control_unit.vhd:964:41:@22060ns:(report note): lw
./source/control_unit.vhd:964:41:@22060ns:(report note): lw
./source/control_unit.vhd:964:41:@22080ns:(report note): lw
./source/control_unit.vhd:1255:41:@22080ns:(report note): bge
./source/control_unit.vhd:1255:41:@22080ns:(report note): bge
./source/control_unit.vhd:1255:41:@22080ns:(report note): bge
./source/control_unit.vhd:1255:41:@22120ns:(report note): bge
./source/control_unit.vhd:1039:41:@22120ns:(report note): sw
./source/control_unit.vhd:1039:41:@22120ns:(report note): sw
./source/control_unit.vhd:1039:41:@22120ns:(report note): sw
./source/control_unit.vhd:1039:41:@22140ns:(report note): sw
./source/control_unit.vhd:863:41:@22140ns:(report note): addi
./source/control_unit.vhd:863:41:@22140ns:(report note): addi
./source/control_unit.vhd:863:41:@22140ns:(report note): addi
./source/control_unit.vhd:863:41:@22160ns:(report note): addi
./source/control_unit.vhd:863:41:@22160ns:(report note): addi
./source/control_unit.vhd:863:41:@22160ns:(report note): addi
./source/control_unit.vhd:863:41:@22160ns:(report note): addi
./source/control_unit.vhd:863:41:@22180ns:(report note): addi
./source/control_unit.vhd:1248:41:@22180ns:(report note): blt
./source/control_unit.vhd:1248:41:@22180ns:(report note): blt
./source/control_unit.vhd:1248:41:@22180ns:(report note): blt
./source/control_unit.vhd:1248:41:@22200ns:(report note): blt
./source/control_unit.vhd:1234:41:@22200ns:(report note): beq
./source/control_unit.vhd:1234:41:@22200ns:(report note): beq
./source/control_unit.vhd:1234:41:@22200ns:(report note): beq
./source/control_unit.vhd:1234:41:@22220ns:(report note): beq
./source/control_unit.vhd:863:41:@22220ns:(report note): addi
./source/control_unit.vhd:863:41:@22220ns:(report note): addi
./source/control_unit.vhd:863:41:@22220ns:(report note): addi
./source/control_unit.vhd:863:41:@22240ns:(report note): addi
./source/control_unit.vhd:871:41:@22240ns:(report note): slli
./source/control_unit.vhd:871:41:@22240ns:(report note): slli
./source/control_unit.vhd:871:41:@22240ns:(report note): slli
./source/control_unit.vhd:871:41:@22260ns:(report note): slli
./source/control_unit.vhd:1145:49:@22260ns:(report note): add
./source/control_unit.vhd:1145:49:@22260ns:(report note): add
./source/control_unit.vhd:1145:49:@22260ns:(report note): add
./source/control_unit.vhd:1145:49:@22280ns:(report note): add
./source/control_unit.vhd:964:41:@22280ns:(report note): lw
./source/control_unit.vhd:964:41:@22280ns:(report note): lw
./source/control_unit.vhd:964:41:@22280ns:(report note): lw
./source/control_unit.vhd:964:41:@22320ns:(report note): lw
./source/control_unit.vhd:964:41:@22320ns:(report note): lw
./source/control_unit.vhd:964:41:@22320ns:(report note): lw
./source/control_unit.vhd:964:41:@22320ns:(report note): lw
./source/control_unit.vhd:964:41:@22340ns:(report note): lw
./source/control_unit.vhd:1255:41:@22340ns:(report note): bge
./source/control_unit.vhd:1255:41:@22340ns:(report note): bge
./source/control_unit.vhd:1255:41:@22340ns:(report note): bge
./source/control_unit.vhd:1255:41:@22380ns:(report note): bge
./source/control_unit.vhd:1039:41:@22380ns:(report note): sw
./source/control_unit.vhd:1039:41:@22380ns:(report note): sw
./source/control_unit.vhd:1039:41:@22380ns:(report note): sw
./source/control_unit.vhd:1039:41:@22400ns:(report note): sw
./source/control_unit.vhd:1039:41:@22400ns:(report note): sw
./source/control_unit.vhd:1039:41:@22400ns:(report note): sw
./source/control_unit.vhd:1039:41:@22400ns:(report note): sw
./source/control_unit.vhd:1039:41:@22420ns:(report note): sw
./source/control_unit.vhd:863:41:@22420ns:(report note): addi
./source/control_unit.vhd:863:41:@22420ns:(report note): addi
./source/control_unit.vhd:863:41:@22420ns:(report note): addi
./source/control_unit.vhd:863:41:@22440ns:(report note): addi
./source/control_unit.vhd:863:41:@22440ns:(report note): addi
./source/control_unit.vhd:863:41:@22440ns:(report note): addi
./source/control_unit.vhd:863:41:@22440ns:(report note): addi
./source/control_unit.vhd:863:41:@22460ns:(report note): addi
./source/control_unit.vhd:1248:41:@22460ns:(report note): blt
./source/control_unit.vhd:1248:41:@22460ns:(report note): blt
./source/control_unit.vhd:1248:41:@22460ns:(report note): blt
./source/control_unit.vhd:1248:41:@22480ns:(report note): blt
./source/control_unit.vhd:1234:41:@22480ns:(report note): beq
./source/control_unit.vhd:1234:41:@22480ns:(report note): beq
./source/control_unit.vhd:1234:41:@22480ns:(report note): beq
./source/control_unit.vhd:1234:41:@22500ns:(report note): beq
./source/control_unit.vhd:863:41:@22500ns:(report note): addi
./source/control_unit.vhd:863:41:@22500ns:(report note): addi
./source/control_unit.vhd:863:41:@22500ns:(report note): addi
./source/control_unit.vhd:863:41:@22520ns:(report note): addi
./source/control_unit.vhd:871:41:@22520ns:(report note): slli
./source/control_unit.vhd:871:41:@22520ns:(report note): slli
./source/control_unit.vhd:871:41:@22520ns:(report note): slli
./source/control_unit.vhd:871:41:@22540ns:(report note): slli
./source/control_unit.vhd:1145:49:@22540ns:(report note): add
./source/control_unit.vhd:1145:49:@22540ns:(report note): add
./source/control_unit.vhd:1145:49:@22540ns:(report note): add
./source/control_unit.vhd:1145:49:@22560ns:(report note): add
./source/control_unit.vhd:964:41:@22560ns:(report note): lw
./source/control_unit.vhd:964:41:@22560ns:(report note): lw
./source/control_unit.vhd:964:41:@22560ns:(report note): lw
./source/control_unit.vhd:964:41:@22600ns:(report note): lw
./source/control_unit.vhd:964:41:@22600ns:(report note): lw
./source/control_unit.vhd:964:41:@22600ns:(report note): lw
./source/control_unit.vhd:964:41:@22600ns:(report note): lw
./source/control_unit.vhd:964:41:@22620ns:(report note): lw
./source/control_unit.vhd:1255:41:@22620ns:(report note): bge
./source/control_unit.vhd:1255:41:@22620ns:(report note): bge
./source/control_unit.vhd:1255:41:@22620ns:(report note): bge
./source/control_unit.vhd:1255:41:@22660ns:(report note): bge
./source/control_unit.vhd:1039:41:@22660ns:(report note): sw
./source/control_unit.vhd:1039:41:@22660ns:(report note): sw
./source/control_unit.vhd:1039:41:@22660ns:(report note): sw
./source/control_unit.vhd:1039:41:@22680ns:(report note): sw
./source/control_unit.vhd:1039:41:@22680ns:(report note): sw
./source/control_unit.vhd:1039:41:@22680ns:(report note): sw
./source/control_unit.vhd:1039:41:@22680ns:(report note): sw
./source/control_unit.vhd:1039:41:@22700ns:(report note): sw
./source/control_unit.vhd:863:41:@22700ns:(report note): addi
./source/control_unit.vhd:863:41:@22700ns:(report note): addi
./source/control_unit.vhd:863:41:@22700ns:(report note): addi
./source/control_unit.vhd:863:41:@22720ns:(report note): addi
./source/control_unit.vhd:863:41:@22720ns:(report note): addi
./source/control_unit.vhd:863:41:@22720ns:(report note): addi
./source/control_unit.vhd:863:41:@22720ns:(report note): addi
./source/control_unit.vhd:863:41:@22740ns:(report note): addi
./source/control_unit.vhd:1248:41:@22740ns:(report note): blt
./source/control_unit.vhd:1248:41:@22740ns:(report note): blt
./source/control_unit.vhd:1248:41:@22740ns:(report note): blt
./source/control_unit.vhd:1248:41:@22760ns:(report note): blt
./source/control_unit.vhd:871:41:@22760ns:(report note): slli
./source/control_unit.vhd:871:41:@22760ns:(report note): slli
./source/control_unit.vhd:871:41:@22760ns:(report note): slli
./source/control_unit.vhd:871:41:@22780ns:(report note): slli
./source/control_unit.vhd:1145:49:@22780ns:(report note): add
./source/control_unit.vhd:1145:49:@22780ns:(report note): add
./source/control_unit.vhd:1145:49:@22780ns:(report note): add
./source/control_unit.vhd:1145:49:@22800ns:(report note): add
./source/control_unit.vhd:964:41:@22800ns:(report note): lw
./source/control_unit.vhd:964:41:@22800ns:(report note): lw
./source/control_unit.vhd:964:41:@22800ns:(report note): lw
./source/control_unit.vhd:964:41:@22840ns:(report note): lw
./source/control_unit.vhd:964:41:@22840ns:(report note): lw
./source/control_unit.vhd:964:41:@22840ns:(report note): lw
./source/control_unit.vhd:964:41:@22840ns:(report note): lw
./source/control_unit.vhd:964:41:@22860ns:(report note): lw
./source/control_unit.vhd:1255:41:@22860ns:(report note): bge
./source/control_unit.vhd:1255:41:@22860ns:(report note): bge
./source/control_unit.vhd:1255:41:@22860ns:(report note): bge
./source/control_unit.vhd:1255:41:@22900ns:(report note): bge
./source/control_unit.vhd:1039:41:@22900ns:(report note): sw
./source/control_unit.vhd:1039:41:@22900ns:(report note): sw
./source/control_unit.vhd:1039:41:@22900ns:(report note): sw
./source/control_unit.vhd:1039:41:@22920ns:(report note): sw
./source/control_unit.vhd:1039:41:@22920ns:(report note): sw
./source/control_unit.vhd:1039:41:@22920ns:(report note): sw
./source/control_unit.vhd:1039:41:@22920ns:(report note): sw
./source/control_unit.vhd:1039:41:@22940ns:(report note): sw
./source/control_unit.vhd:863:41:@22940ns:(report note): addi
./source/control_unit.vhd:863:41:@22940ns:(report note): addi
./source/control_unit.vhd:863:41:@22940ns:(report note): addi
./source/control_unit.vhd:863:41:@22960ns:(report note): addi
./source/control_unit.vhd:863:41:@22960ns:(report note): addi
./source/control_unit.vhd:863:41:@22960ns:(report note): addi
./source/control_unit.vhd:863:41:@22960ns:(report note): addi
./source/control_unit.vhd:863:41:@22980ns:(report note): addi
./source/control_unit.vhd:1248:41:@22980ns:(report note): blt
./source/control_unit.vhd:1248:41:@22980ns:(report note): blt
./source/control_unit.vhd:1248:41:@22980ns:(report note): blt
./source/control_unit.vhd:1248:41:@23us:(report note): blt
./source/control_unit.vhd:871:41:@23us:(report note): slli
./source/control_unit.vhd:871:41:@23us:(report note): slli
./source/control_unit.vhd:871:41:@23us:(report note): slli
./source/control_unit.vhd:871:41:@23020ns:(report note): slli
./source/control_unit.vhd:863:41:@23020ns:(report note): addi
./source/control_unit.vhd:863:41:@23020ns:(report note): addi
./source/control_unit.vhd:863:41:@23020ns:(report note): addi
./source/control_unit.vhd:863:41:@23040ns:(report note): addi
./source/control_unit.vhd:1234:41:@23040ns:(report note): beq
./source/control_unit.vhd:1234:41:@23040ns:(report note): beq
./source/control_unit.vhd:1234:41:@23040ns:(report note): beq
./source/control_unit.vhd:1234:41:@23060ns:(report note): beq
./source/control_unit.vhd:863:41:@23060ns:(report note): addi
./source/control_unit.vhd:863:41:@23060ns:(report note): addi
./source/control_unit.vhd:863:41:@23060ns:(report note): addi
./source/control_unit.vhd:863:41:@23080ns:(report note): addi
./source/control_unit.vhd:1248:41:@23080ns:(report note): blt
./source/control_unit.vhd:1248:41:@23080ns:(report note): blt
./source/control_unit.vhd:1248:41:@23080ns:(report note): blt
./source/control_unit.vhd:1248:41:@23100ns:(report note): blt
./source/control_unit.vhd:964:41:@23100ns:(report note): lw
./source/control_unit.vhd:964:41:@23100ns:(report note): lw
./source/control_unit.vhd:964:41:@23100ns:(report note): lw
./source/control_unit.vhd:964:41:@23120ns:(report note): lw
./source/control_unit.vhd:863:41:@23120ns:(report note): addi
./source/control_unit.vhd:863:41:@23120ns:(report note): addi
./source/control_unit.vhd:863:41:@23120ns:(report note): addi
./source/control_unit.vhd:863:41:@23140ns:(report note): addi
./source/control_unit.vhd:1145:49:@23140ns:(report note): add
./source/control_unit.vhd:1145:49:@23140ns:(report note): add
./source/control_unit.vhd:1145:49:@23160ns:(report note): add
./source/control_unit.vhd:1145:49:@23160ns:(report note): add
./source/control_unit.vhd:1145:49:@23160ns:(report note): add
./source/control_unit.vhd:1145:49:@23180ns:(report note): add
./source/control_unit.vhd:1145:49:@23180ns:(report note): add
./source/control_unit.vhd:1145:49:@23180ns:(report note): add
./source/control_unit.vhd:1145:49:@23180ns:(report note): add
./source/control_unit.vhd:1145:49:@23200ns:(report note): add
./source/control_unit.vhd:863:41:@23200ns:(report note): addi
./source/control_unit.vhd:863:41:@23200ns:(report note): addi
./source/control_unit.vhd:863:41:@23200ns:(report note): addi
./source/control_unit.vhd:863:41:@23220ns:(report note): addi
./source/control_unit.vhd:871:41:@23220ns:(report note): slli
./source/control_unit.vhd:871:41:@23220ns:(report note): slli
./source/control_unit.vhd:871:41:@23220ns:(report note): slli
./source/control_unit.vhd:871:41:@23240ns:(report note): slli
./source/control_unit.vhd:1145:49:@23240ns:(report note): add
./source/control_unit.vhd:1145:49:@23240ns:(report note): add
./source/control_unit.vhd:1145:49:@23240ns:(report note): add
./source/control_unit.vhd:1145:49:@23260ns:(report note): add
./source/control_unit.vhd:964:41:@23260ns:(report note): lw
./source/control_unit.vhd:964:41:@23260ns:(report note): lw
./source/control_unit.vhd:964:41:@23260ns:(report note): lw
./source/control_unit.vhd:964:41:@23300ns:(report note): lw
./source/control_unit.vhd:964:41:@23300ns:(report note): lw
./source/control_unit.vhd:964:41:@23300ns:(report note): lw
./source/control_unit.vhd:964:41:@23300ns:(report note): lw
./source/control_unit.vhd:964:41:@23320ns:(report note): lw
./source/control_unit.vhd:1255:41:@23320ns:(report note): bge
./source/control_unit.vhd:1255:41:@23320ns:(report note): bge
./source/control_unit.vhd:1255:41:@23320ns:(report note): bge
./source/control_unit.vhd:1255:41:@23360ns:(report note): bge
./source/control_unit.vhd:1039:41:@23360ns:(report note): sw
./source/control_unit.vhd:1039:41:@23360ns:(report note): sw
./source/control_unit.vhd:1039:41:@23360ns:(report note): sw
./source/control_unit.vhd:1039:41:@23380ns:(report note): sw
./source/control_unit.vhd:863:41:@23380ns:(report note): addi
./source/control_unit.vhd:863:41:@23380ns:(report note): addi
./source/control_unit.vhd:863:41:@23380ns:(report note): addi
./source/control_unit.vhd:863:41:@23400ns:(report note): addi
./source/control_unit.vhd:863:41:@23400ns:(report note): addi
./source/control_unit.vhd:863:41:@23400ns:(report note): addi
./source/control_unit.vhd:863:41:@23400ns:(report note): addi
./source/control_unit.vhd:863:41:@23420ns:(report note): addi
./source/control_unit.vhd:1248:41:@23420ns:(report note): blt
./source/control_unit.vhd:1248:41:@23420ns:(report note): blt
./source/control_unit.vhd:1248:41:@23420ns:(report note): blt
./source/control_unit.vhd:1248:41:@23440ns:(report note): blt
./source/control_unit.vhd:871:41:@23440ns:(report note): slli
./source/control_unit.vhd:871:41:@23440ns:(report note): slli
./source/control_unit.vhd:871:41:@23440ns:(report note): slli
./source/control_unit.vhd:871:41:@23460ns:(report note): slli
./source/control_unit.vhd:1145:49:@23460ns:(report note): add
./source/control_unit.vhd:1145:49:@23460ns:(report note): add
./source/control_unit.vhd:1145:49:@23460ns:(report note): add
./source/control_unit.vhd:1145:49:@23480ns:(report note): add
./source/control_unit.vhd:964:41:@23480ns:(report note): lw
./source/control_unit.vhd:964:41:@23480ns:(report note): lw
./source/control_unit.vhd:964:41:@23480ns:(report note): lw
./source/control_unit.vhd:964:41:@23520ns:(report note): lw
./source/control_unit.vhd:964:41:@23520ns:(report note): lw
./source/control_unit.vhd:964:41:@23520ns:(report note): lw
./source/control_unit.vhd:964:41:@23520ns:(report note): lw
./source/control_unit.vhd:964:41:@23540ns:(report note): lw
./source/control_unit.vhd:1255:41:@23540ns:(report note): bge
./source/control_unit.vhd:1255:41:@23540ns:(report note): bge
./source/control_unit.vhd:1255:41:@23540ns:(report note): bge
./source/control_unit.vhd:1255:41:@23580ns:(report note): bge
./source/control_unit.vhd:1039:41:@23580ns:(report note): sw
./source/control_unit.vhd:1039:41:@23580ns:(report note): sw
./source/control_unit.vhd:1039:41:@23580ns:(report note): sw
./source/control_unit.vhd:1039:41:@23600ns:(report note): sw
./source/control_unit.vhd:1039:41:@23600ns:(report note): sw
./source/control_unit.vhd:1039:41:@23600ns:(report note): sw
./source/control_unit.vhd:1039:41:@23600ns:(report note): sw
./source/control_unit.vhd:1039:41:@23620ns:(report note): sw
./source/control_unit.vhd:863:41:@23620ns:(report note): addi
./source/control_unit.vhd:863:41:@23620ns:(report note): addi
./source/control_unit.vhd:863:41:@23620ns:(report note): addi
./source/control_unit.vhd:863:41:@23640ns:(report note): addi
./source/control_unit.vhd:863:41:@23640ns:(report note): addi
./source/control_unit.vhd:863:41:@23640ns:(report note): addi
./source/control_unit.vhd:863:41:@23640ns:(report note): addi
./source/control_unit.vhd:863:41:@23660ns:(report note): addi
./source/control_unit.vhd:1248:41:@23660ns:(report note): blt
./source/control_unit.vhd:1248:41:@23660ns:(report note): blt
./source/control_unit.vhd:1248:41:@23660ns:(report note): blt
./source/control_unit.vhd:1248:41:@23680ns:(report note): blt
./source/control_unit.vhd:871:41:@23680ns:(report note): slli
./source/control_unit.vhd:871:41:@23680ns:(report note): slli
./source/control_unit.vhd:871:41:@23680ns:(report note): slli
./source/control_unit.vhd:871:41:@23700ns:(report note): slli
./source/control_unit.vhd:1145:49:@23700ns:(report note): add
./source/control_unit.vhd:1145:49:@23700ns:(report note): add
./source/control_unit.vhd:1145:49:@23700ns:(report note): add
./source/control_unit.vhd:1145:49:@23720ns:(report note): add
./source/control_unit.vhd:964:41:@23720ns:(report note): lw
./source/control_unit.vhd:964:41:@23720ns:(report note): lw
./source/control_unit.vhd:964:41:@23720ns:(report note): lw
./source/control_unit.vhd:964:41:@23760ns:(report note): lw
./source/control_unit.vhd:964:41:@23760ns:(report note): lw
./source/control_unit.vhd:964:41:@23760ns:(report note): lw
./source/control_unit.vhd:964:41:@23760ns:(report note): lw
./source/control_unit.vhd:964:41:@23780ns:(report note): lw
./source/control_unit.vhd:1255:41:@23780ns:(report note): bge
./source/control_unit.vhd:1255:41:@23780ns:(report note): bge
./source/control_unit.vhd:1255:41:@23780ns:(report note): bge
./source/control_unit.vhd:1255:41:@23820ns:(report note): bge
./source/control_unit.vhd:1039:41:@23820ns:(report note): sw
./source/control_unit.vhd:1039:41:@23820ns:(report note): sw
./source/control_unit.vhd:1039:41:@23820ns:(report note): sw
./source/control_unit.vhd:1039:41:@23840ns:(report note): sw
./source/control_unit.vhd:1039:41:@23840ns:(report note): sw
./source/control_unit.vhd:1039:41:@23840ns:(report note): sw
./source/control_unit.vhd:1039:41:@23840ns:(report note): sw
./source/control_unit.vhd:1039:41:@23860ns:(report note): sw
./source/control_unit.vhd:863:41:@23860ns:(report note): addi
./source/control_unit.vhd:863:41:@23860ns:(report note): addi
./source/control_unit.vhd:863:41:@23860ns:(report note): addi
./source/control_unit.vhd:863:41:@23880ns:(report note): addi
./source/control_unit.vhd:863:41:@23880ns:(report note): addi
./source/control_unit.vhd:863:41:@23880ns:(report note): addi
./source/control_unit.vhd:863:41:@23880ns:(report note): addi
./source/control_unit.vhd:863:41:@23900ns:(report note): addi
./source/control_unit.vhd:1248:41:@23900ns:(report note): blt
./source/control_unit.vhd:1248:41:@23900ns:(report note): blt
./source/control_unit.vhd:1248:41:@23900ns:(report note): blt
./source/control_unit.vhd:1248:41:@23920ns:(report note): blt
./source/control_unit.vhd:871:41:@23920ns:(report note): slli
./source/control_unit.vhd:871:41:@23920ns:(report note): slli
./source/control_unit.vhd:871:41:@23920ns:(report note): slli
./source/control_unit.vhd:871:41:@23940ns:(report note): slli
./source/control_unit.vhd:863:41:@23940ns:(report note): addi
./source/control_unit.vhd:863:41:@23940ns:(report note): addi
./source/control_unit.vhd:863:41:@23940ns:(report note): addi
./source/control_unit.vhd:863:41:@23960ns:(report note): addi
./source/control_unit.vhd:1234:41:@23960ns:(report note): beq
./source/control_unit.vhd:1234:41:@23960ns:(report note): beq
./source/control_unit.vhd:1234:41:@23960ns:(report note): beq
./source/control_unit.vhd:1234:41:@23980ns:(report note): beq
./source/control_unit.vhd:863:41:@23980ns:(report note): addi
./source/control_unit.vhd:863:41:@23980ns:(report note): addi
./source/control_unit.vhd:863:41:@23980ns:(report note): addi
./source/control_unit.vhd:863:41:@24us:(report note): addi
./source/control_unit.vhd:1248:41:@24us:(report note): blt
./source/control_unit.vhd:1248:41:@24us:(report note): blt
./source/control_unit.vhd:1248:41:@24us:(report note): blt
./source/control_unit.vhd:1248:41:@24020ns:(report note): blt
./source/control_unit.vhd:964:41:@24020ns:(report note): lw
./source/control_unit.vhd:964:41:@24020ns:(report note): lw
./source/control_unit.vhd:964:41:@24020ns:(report note): lw
./source/control_unit.vhd:964:41:@24040ns:(report note): lw
./source/control_unit.vhd:863:41:@24040ns:(report note): addi
./source/control_unit.vhd:863:41:@24040ns:(report note): addi
./source/control_unit.vhd:863:41:@24040ns:(report note): addi
./source/control_unit.vhd:863:41:@24060ns:(report note): addi
./source/control_unit.vhd:1145:49:@24060ns:(report note): add
./source/control_unit.vhd:1145:49:@24060ns:(report note): add
./source/control_unit.vhd:1145:49:@24080ns:(report note): add
./source/control_unit.vhd:1145:49:@24080ns:(report note): add
./source/control_unit.vhd:1145:49:@24080ns:(report note): add
./source/control_unit.vhd:1145:49:@24100ns:(report note): add
./source/control_unit.vhd:1145:49:@24100ns:(report note): add
./source/control_unit.vhd:1145:49:@24100ns:(report note): add
./source/control_unit.vhd:1145:49:@24100ns:(report note): add
./source/control_unit.vhd:1145:49:@24120ns:(report note): add
./source/control_unit.vhd:863:41:@24120ns:(report note): addi
./source/control_unit.vhd:863:41:@24120ns:(report note): addi
./source/control_unit.vhd:863:41:@24120ns:(report note): addi
./source/control_unit.vhd:863:41:@24140ns:(report note): addi
./source/control_unit.vhd:871:41:@24140ns:(report note): slli
./source/control_unit.vhd:871:41:@24140ns:(report note): slli
./source/control_unit.vhd:871:41:@24140ns:(report note): slli
./source/control_unit.vhd:871:41:@24160ns:(report note): slli
./source/control_unit.vhd:1145:49:@24160ns:(report note): add
./source/control_unit.vhd:1145:49:@24160ns:(report note): add
./source/control_unit.vhd:1145:49:@24160ns:(report note): add
./source/control_unit.vhd:1145:49:@24180ns:(report note): add
./source/control_unit.vhd:964:41:@24180ns:(report note): lw
./source/control_unit.vhd:964:41:@24180ns:(report note): lw
./source/control_unit.vhd:964:41:@24180ns:(report note): lw
./source/control_unit.vhd:964:41:@24220ns:(report note): lw
./source/control_unit.vhd:964:41:@24220ns:(report note): lw
./source/control_unit.vhd:964:41:@24220ns:(report note): lw
./source/control_unit.vhd:964:41:@24220ns:(report note): lw
./source/control_unit.vhd:964:41:@24240ns:(report note): lw
./source/control_unit.vhd:1255:41:@24240ns:(report note): bge
./source/control_unit.vhd:1255:41:@24240ns:(report note): bge
./source/control_unit.vhd:1255:41:@24240ns:(report note): bge
./source/control_unit.vhd:1255:41:@24280ns:(report note): bge
./source/control_unit.vhd:1039:41:@24280ns:(report note): sw
./source/control_unit.vhd:1039:41:@24280ns:(report note): sw
./source/control_unit.vhd:1039:41:@24280ns:(report note): sw
./source/control_unit.vhd:1039:41:@24300ns:(report note): sw
./source/control_unit.vhd:863:41:@24300ns:(report note): addi
./source/control_unit.vhd:863:41:@24300ns:(report note): addi
./source/control_unit.vhd:863:41:@24300ns:(report note): addi
./source/control_unit.vhd:863:41:@24320ns:(report note): addi
./source/control_unit.vhd:863:41:@24320ns:(report note): addi
./source/control_unit.vhd:863:41:@24320ns:(report note): addi
./source/control_unit.vhd:863:41:@24320ns:(report note): addi
./source/control_unit.vhd:863:41:@24340ns:(report note): addi
./source/control_unit.vhd:1248:41:@24340ns:(report note): blt
./source/control_unit.vhd:1248:41:@24340ns:(report note): blt
./source/control_unit.vhd:1248:41:@24340ns:(report note): blt
./source/control_unit.vhd:1248:41:@24360ns:(report note): blt
./source/control_unit.vhd:871:41:@24360ns:(report note): slli
./source/control_unit.vhd:871:41:@24360ns:(report note): slli
./source/control_unit.vhd:871:41:@24360ns:(report note): slli
./source/control_unit.vhd:871:41:@24380ns:(report note): slli
./source/control_unit.vhd:1145:49:@24380ns:(report note): add
./source/control_unit.vhd:1145:49:@24380ns:(report note): add
./source/control_unit.vhd:1145:49:@24380ns:(report note): add
./source/control_unit.vhd:1145:49:@24400ns:(report note): add
./source/control_unit.vhd:964:41:@24400ns:(report note): lw
./source/control_unit.vhd:964:41:@24400ns:(report note): lw
./source/control_unit.vhd:964:41:@24400ns:(report note): lw
./source/control_unit.vhd:964:41:@24440ns:(report note): lw
./source/control_unit.vhd:964:41:@24440ns:(report note): lw
./source/control_unit.vhd:964:41:@24440ns:(report note): lw
./source/control_unit.vhd:964:41:@24440ns:(report note): lw
./source/control_unit.vhd:964:41:@24460ns:(report note): lw
./source/control_unit.vhd:1255:41:@24460ns:(report note): bge
./source/control_unit.vhd:1255:41:@24460ns:(report note): bge
./source/control_unit.vhd:1255:41:@24460ns:(report note): bge
./source/control_unit.vhd:1255:41:@24500ns:(report note): bge
./source/control_unit.vhd:1039:41:@24500ns:(report note): sw
./source/control_unit.vhd:1039:41:@24500ns:(report note): sw
./source/control_unit.vhd:1039:41:@24500ns:(report note): sw
./source/control_unit.vhd:1039:41:@24520ns:(report note): sw
./source/control_unit.vhd:1039:41:@24520ns:(report note): sw
./source/control_unit.vhd:1039:41:@24520ns:(report note): sw
./source/control_unit.vhd:1039:41:@24520ns:(report note): sw
./source/control_unit.vhd:1039:41:@24540ns:(report note): sw
./source/control_unit.vhd:863:41:@24540ns:(report note): addi
./source/control_unit.vhd:863:41:@24540ns:(report note): addi
./source/control_unit.vhd:863:41:@24540ns:(report note): addi
./source/control_unit.vhd:863:41:@24560ns:(report note): addi
./source/control_unit.vhd:863:41:@24560ns:(report note): addi
./source/control_unit.vhd:863:41:@24560ns:(report note): addi
./source/control_unit.vhd:863:41:@24560ns:(report note): addi
./source/control_unit.vhd:863:41:@24580ns:(report note): addi
./source/control_unit.vhd:1248:41:@24580ns:(report note): blt
./source/control_unit.vhd:1248:41:@24580ns:(report note): blt
./source/control_unit.vhd:1248:41:@24580ns:(report note): blt
./source/control_unit.vhd:1248:41:@24600ns:(report note): blt
./source/control_unit.vhd:871:41:@24600ns:(report note): slli
./source/control_unit.vhd:871:41:@24600ns:(report note): slli
./source/control_unit.vhd:871:41:@24600ns:(report note): slli
./source/control_unit.vhd:871:41:@24620ns:(report note): slli
./source/control_unit.vhd:863:41:@24620ns:(report note): addi
./source/control_unit.vhd:863:41:@24620ns:(report note): addi
./source/control_unit.vhd:863:41:@24620ns:(report note): addi
./source/control_unit.vhd:863:41:@24640ns:(report note): addi
./source/control_unit.vhd:1234:41:@24640ns:(report note): beq
./source/control_unit.vhd:1234:41:@24640ns:(report note): beq
./source/control_unit.vhd:1234:41:@24640ns:(report note): beq
./source/control_unit.vhd:1234:41:@24660ns:(report note): beq
./source/control_unit.vhd:863:41:@24660ns:(report note): addi
./source/control_unit.vhd:863:41:@24660ns:(report note): addi
./source/control_unit.vhd:863:41:@24660ns:(report note): addi
./source/control_unit.vhd:863:41:@24680ns:(report note): addi
./source/control_unit.vhd:1248:41:@24680ns:(report note): blt
./source/control_unit.vhd:1248:41:@24680ns:(report note): blt
./source/control_unit.vhd:1248:41:@24680ns:(report note): blt
./source/control_unit.vhd:1248:41:@24700ns:(report note): blt
./source/control_unit.vhd:1145:49:@24700ns:(report note): add
./source/control_unit.vhd:1145:49:@24700ns:(report note): add
./source/control_unit.vhd:1145:49:@24700ns:(report note): add
./source/control_unit.vhd:1145:49:@24720ns:(report note): add
./source/control_unit.vhd:1145:49:@24720ns:(report note): add
./source/control_unit.vhd:1145:49:@24720ns:(report note): add
./source/control_unit.vhd:1145:49:@24740ns:(report note): add
./source/control_unit.vhd:1145:49:@24740ns:(report note): add
./source/control_unit.vhd:1145:49:@24740ns:(report note): add
./source/control_unit.vhd:1145:49:@24740ns:(report note): add
./source/control_unit.vhd:1145:49:@24760ns:(report note): add
./source/control_unit.vhd:863:41:@24760ns:(report note): addi
./source/control_unit.vhd:863:41:@24760ns:(report note): addi
./source/control_unit.vhd:863:41:@24760ns:(report note): addi
./source/control_unit.vhd:863:41:@24780ns:(report note): addi
./source/control_unit.vhd:871:41:@24780ns:(report note): slli
./source/control_unit.vhd:871:41:@24780ns:(report note): slli
./source/control_unit.vhd:871:41:@24780ns:(report note): slli
./source/control_unit.vhd:871:41:@24800ns:(report note): slli
./source/control_unit.vhd:1145:49:@24800ns:(report note): add
./source/control_unit.vhd:1145:49:@24800ns:(report note): add
./source/control_unit.vhd:1145:49:@24800ns:(report note): add
./source/control_unit.vhd:1145:49:@24820ns:(report note): add
./source/control_unit.vhd:964:41:@24820ns:(report note): lw
./source/control_unit.vhd:964:41:@24820ns:(report note): lw
./source/control_unit.vhd:964:41:@24820ns:(report note): lw
./source/control_unit.vhd:964:41:@24860ns:(report note): lw
./source/control_unit.vhd:964:41:@24860ns:(report note): lw
./source/control_unit.vhd:964:41:@24860ns:(report note): lw
./source/control_unit.vhd:964:41:@24860ns:(report note): lw
./source/control_unit.vhd:964:41:@24880ns:(report note): lw
./source/control_unit.vhd:1255:41:@24880ns:(report note): bge
./source/control_unit.vhd:1255:41:@24880ns:(report note): bge
./source/control_unit.vhd:1255:41:@24880ns:(report note): bge
./source/control_unit.vhd:1255:41:@24920ns:(report note): bge
./source/control_unit.vhd:1039:41:@24920ns:(report note): sw
./source/control_unit.vhd:1039:41:@24920ns:(report note): sw
./source/control_unit.vhd:1039:41:@24920ns:(report note): sw
./source/control_unit.vhd:1039:41:@24940ns:(report note): sw
./source/control_unit.vhd:863:41:@24940ns:(report note): addi
./source/control_unit.vhd:863:41:@24940ns:(report note): addi
./source/control_unit.vhd:863:41:@24940ns:(report note): addi
./source/control_unit.vhd:863:41:@24960ns:(report note): addi
./source/control_unit.vhd:863:41:@24960ns:(report note): addi
./source/control_unit.vhd:863:41:@24960ns:(report note): addi
./source/control_unit.vhd:863:41:@24960ns:(report note): addi
./source/control_unit.vhd:863:41:@24980ns:(report note): addi
./source/control_unit.vhd:1248:41:@24980ns:(report note): blt
./source/control_unit.vhd:1248:41:@24980ns:(report note): blt
./source/control_unit.vhd:1248:41:@24980ns:(report note): blt
./source/control_unit.vhd:1248:41:@25us:(report note): blt
./source/control_unit.vhd:871:41:@25us:(report note): slli
./source/control_unit.vhd:871:41:@25us:(report note): slli
./source/control_unit.vhd:871:41:@25us:(report note): slli
./source/control_unit.vhd:871:41:@25020ns:(report note): slli
./source/control_unit.vhd:863:41:@25020ns:(report note): addi
./source/control_unit.vhd:863:41:@25020ns:(report note): addi
./source/control_unit.vhd:863:41:@25020ns:(report note): addi
./source/control_unit.vhd:863:41:@25040ns:(report note): addi
./source/control_unit.vhd:1234:41:@25040ns:(report note): beq
./source/control_unit.vhd:1234:41:@25040ns:(report note): beq
./source/control_unit.vhd:1234:41:@25040ns:(report note): beq
./source/control_unit.vhd:1234:41:@25060ns:(report note): beq
./source/control_unit.vhd:863:41:@25060ns:(report note): addi
./source/control_unit.vhd:863:41:@25060ns:(report note): addi
./source/control_unit.vhd:863:41:@25060ns:(report note): addi
./source/control_unit.vhd:863:41:@25080ns:(report note): addi
./source/control_unit.vhd:863:41:@25080ns:(report note): addi
./source/control_unit.vhd:863:41:@25080ns:(report note): addi
./source/control_unit.vhd:863:41:@25080ns:(report note): addi
./source/control_unit.vhd:863:41:@25100ns:(report note): addi
./source/control_unit.vhd:964:41:@25100ns:(report note): lw
./source/control_unit.vhd:964:41:@25100ns:(report note): lw
./source/control_unit.vhd:964:41:@25100ns:(report note): lw
./source/control_unit.vhd:964:41:@25120ns:(report note): lw
./source/control_unit.vhd:964:41:@25120ns:(report note): lw
./source/control_unit.vhd:964:41:@25120ns:(report note): lw
./source/control_unit.vhd:964:41:@25120ns:(report note): lw
./source/control_unit.vhd:964:41:@25140ns:(report note): lw
./source/control_unit.vhd:863:41:@25140ns:(report note): addi
./source/control_unit.vhd:863:41:@25140ns:(report note): addi
./source/control_unit.vhd:863:41:@25140ns:(report note): addi
./source/control_unit.vhd:863:41:@25160ns:(report note): addi
./source/control_unit.vhd:849:33:@25160ns:(report note): jalr
./source/control_unit.vhd:849:33:@25160ns:(report note): jalr
./source/control_unit.vhd:849:33:@25160ns:(report note): jalr
./source/control_unit.vhd:849:33:@25180ns:(report note): jalr
./source/control_unit.vhd:863:41:@25180ns:(report note): addi
./source/control_unit.vhd:863:41:@25180ns:(report note): addi
./source/control_unit.vhd:863:41:@25180ns:(report note): addi
./source/control_unit.vhd:863:41:@25200ns:(report note): addi
./source/control_unit.vhd:863:41:@25200ns:(report note): addi
./source/control_unit.vhd:863:41:@25200ns:(report note): addi
./source/control_unit.vhd:863:41:@25200ns:(report note): addi
./source/control_unit.vhd:863:41:@25220ns:(report note): addi
./source/control_unit.vhd:1525:33:@25220ns:(report note): auipc
./source/control_unit.vhd:1525:33:@25220ns:(report note): auipc
./source/control_unit.vhd:1525:33:@25220ns:(report note): auipc
./source/control_unit.vhd:1525:33:@25240ns:(report note): auipc
./source/control_unit.vhd:863:41:@25240ns:(report note): addi
./source/control_unit.vhd:863:41:@25240ns:(report note): addi
./source/control_unit.vhd:863:41:@25240ns:(report note): addi
./source/control_unit.vhd:863:41:@25260ns:(report note): addi
./source/control_unit.vhd:1525:33:@25260ns:(report note): auipc
./source/control_unit.vhd:1525:33:@25260ns:(report note): auipc
./source/control_unit.vhd:1525:33:@25260ns:(report note): auipc
./source/control_unit.vhd:1525:33:@25280ns:(report note): auipc
./source/control_unit.vhd:863:41:@25280ns:(report note): addi
./source/control_unit.vhd:863:41:@25280ns:(report note): addi
./source/control_unit.vhd:863:41:@25280ns:(report note): addi
./source/control_unit.vhd:863:41:@25300ns:(report note): addi
./source/control_unit.vhd:863:41:@25300ns:(report note): addi
./source/control_unit.vhd:863:41:@25300ns:(report note): addi
./source/control_unit.vhd:863:41:@25300ns:(report note): addi
./source/control_unit.vhd:863:41:@25320ns:(report note): addi
./source/control_unit.vhd:1234:41:@25320ns:(report note): beq
./source/control_unit.vhd:1234:41:@25320ns:(report note): beq
./source/control_unit.vhd:1234:41:@25320ns:(report note): beq
./source/control_unit.vhd:1234:41:@25340ns:(report note): beq
./source/control_unit.vhd:964:41:@25340ns:(report note): lw
./source/control_unit.vhd:964:41:@25340ns:(report note): lw
./source/control_unit.vhd:964:41:@25340ns:(report note): lw
./source/control_unit.vhd:964:41:@25360ns:(report note): lw
./source/control_unit.vhd:964:41:@25360ns:(report note): lw
./source/control_unit.vhd:964:41:@25360ns:(report note): lw
./source/control_unit.vhd:964:41:@25360ns:(report note): lw
./source/control_unit.vhd:964:41:@25380ns:(report note): lw
./source/control_unit.vhd:1241:41:@25380ns:(report note): bne
./source/control_unit.vhd:1241:41:@25380ns:(report note): bne
./source/control_unit.vhd:1241:41:@25380ns:(report note): bne
./source/control_unit.vhd:1241:41:@25440ns:(report note): bne
./source/control_unit.vhd:863:41:@25440ns:(report note): addi
./source/control_unit.vhd:863:41:@25440ns:(report note): addi
./source/control_unit.vhd:863:41:@25440ns:(report note): addi
./source/control_unit.vhd:863:41:@25460ns:(report note): addi
./source/control_unit.vhd:863:41:@25460ns:(report note): addi
./source/control_unit.vhd:863:41:@25460ns:(report note): addi
./source/control_unit.vhd:863:41:@25460ns:(report note): addi
./source/control_unit.vhd:863:41:@25480ns:(report note): addi
./source/control_unit.vhd:863:41:@25480ns:(report note): addi
./source/control_unit.vhd:863:41:@25480ns:(report note): addi
./source/control_unit.vhd:863:41:@25480ns:(report note): addi
./source/control_unit.vhd:863:41:@25500ns:(report note): addi
./source/control_unit.vhd:836:33:@25500ns:(report note): jal
./source/control_unit.vhd:836:33:@25500ns:(report note): jal
./source/control_unit.vhd:836:33:@25500ns:(report note): jal
./source/control_unit.vhd:836:33:@25520ns:(report note): jal
./source/control_unit.vhd:836:33:@25520ns:(report note): jal
./source/control_unit.vhd:836:33:@25520ns:(report note): jal
./source/control_unit.vhd:836:33:@25520ns:(report note): jal
./source/control_unit.vhd:836:33:@25540ns:(report note): jal
./source/control_unit.vhd:863:41:@25540ns:(report note): addi
./source/control_unit.vhd:863:41:@25540ns:(report note): addi
./source/control_unit.vhd:863:41:@25540ns:(report note): addi
./source/control_unit.vhd:863:41:@25560ns:(report note): addi
./source/control_unit.vhd:1234:41:@25560ns:(report note): beq
./source/control_unit.vhd:1234:41:@25560ns:(report note): beq
./source/control_unit.vhd:1234:41:@25560ns:(report note): beq
./source/control_unit.vhd:1234:41:@25580ns:(report note): beq
./source/control_unit.vhd:964:41:@25580ns:(report note): lw
./source/control_unit.vhd:964:41:@25580ns:(report note): lw
./source/control_unit.vhd:964:41:@25580ns:(report note): lw
./source/control_unit.vhd:964:41:@25600ns:(report note): lw
./source/control_unit.vhd:964:41:@25600ns:(report note): lw
./source/control_unit.vhd:964:41:@25600ns:(report note): lw
./source/control_unit.vhd:964:41:@25600ns:(report note): lw
./source/control_unit.vhd:964:41:@25620ns:(report note): lw
./source/control_unit.vhd:1241:41:@25620ns:(report note): bne
./source/control_unit.vhd:1241:41:@25620ns:(report note): bne
./source/control_unit.vhd:1241:41:@25620ns:(report note): bne
./source/control_unit.vhd:1241:41:@25680ns:(report note): bne
./source/control_unit.vhd:863:41:@25680ns:(report note): addi
./source/control_unit.vhd:863:41:@25680ns:(report note): addi
./source/control_unit.vhd:863:41:@25680ns:(report note): addi
./source/control_unit.vhd:863:41:@25700ns:(report note): addi
./source/control_unit.vhd:863:41:@25700ns:(report note): addi
./source/control_unit.vhd:863:41:@25700ns:(report note): addi
./source/control_unit.vhd:863:41:@25700ns:(report note): addi
./source/control_unit.vhd:863:41:@25720ns:(report note): addi
./source/control_unit.vhd:863:41:@25720ns:(report note): addi
./source/control_unit.vhd:863:41:@25720ns:(report note): addi
./source/control_unit.vhd:863:41:@25720ns:(report note): addi
./source/control_unit.vhd:863:41:@25740ns:(report note): addi
./source/control_unit.vhd:836:33:@25740ns:(report note): jal
./source/control_unit.vhd:836:33:@25740ns:(report note): jal
./source/control_unit.vhd:836:33:@25740ns:(report note): jal
./source/control_unit.vhd:836:33:@25760ns:(report note): jal
./source/control_unit.vhd:1234:41:@25760ns:(report note): beq
./source/control_unit.vhd:1234:41:@25760ns:(report note): beq
./source/control_unit.vhd:1234:41:@25760ns:(report note): beq
./source/control_unit.vhd:1234:41:@25780ns:(report note): beq
./source/control_unit.vhd:964:41:@25780ns:(report note): lw
./source/control_unit.vhd:964:41:@25780ns:(report note): lw
./source/control_unit.vhd:964:41:@25780ns:(report note): lw
./source/control_unit.vhd:964:41:@25800ns:(report note): lw
./source/control_unit.vhd:964:41:@25800ns:(report note): lw
./source/control_unit.vhd:964:41:@25800ns:(report note): lw
./source/control_unit.vhd:964:41:@25800ns:(report note): lw
./source/control_unit.vhd:964:41:@25820ns:(report note): lw
./source/control_unit.vhd:1241:41:@25820ns:(report note): bne
./source/control_unit.vhd:1241:41:@25820ns:(report note): bne
./source/control_unit.vhd:1241:41:@25820ns:(report note): bne
./source/control_unit.vhd:1241:41:@25880ns:(report note): bne
./source/control_unit.vhd:863:41:@25880ns:(report note): addi
./source/control_unit.vhd:863:41:@25880ns:(report note): addi
./source/control_unit.vhd:863:41:@25880ns:(report note): addi
./source/control_unit.vhd:863:41:@25900ns:(report note): addi
./source/control_unit.vhd:863:41:@25900ns:(report note): addi
./source/control_unit.vhd:863:41:@25900ns:(report note): addi
./source/control_unit.vhd:863:41:@25900ns:(report note): addi
./source/control_unit.vhd:863:41:@25920ns:(report note): addi
./source/control_unit.vhd:863:41:@25920ns:(report note): addi
./source/control_unit.vhd:863:41:@25920ns:(report note): addi
./source/control_unit.vhd:863:41:@25920ns:(report note): addi
./source/control_unit.vhd:863:41:@25940ns:(report note): addi
./source/control_unit.vhd:836:33:@25940ns:(report note): jal
./source/control_unit.vhd:836:33:@25940ns:(report note): jal
./source/control_unit.vhd:836:33:@25940ns:(report note): jal
./source/control_unit.vhd:836:33:@25960ns:(report note): jal
./source/control_unit.vhd:1234:41:@25960ns:(report note): beq
./source/control_unit.vhd:1234:41:@25960ns:(report note): beq
./source/control_unit.vhd:1234:41:@25960ns:(report note): beq
./source/control_unit.vhd:1234:41:@25980ns:(report note): beq
./source/control_unit.vhd:964:41:@25980ns:(report note): lw
./source/control_unit.vhd:964:41:@25980ns:(report note): lw
./source/control_unit.vhd:964:41:@25980ns:(report note): lw
./source/control_unit.vhd:964:41:@26us:(report note): lw
./source/control_unit.vhd:964:41:@26us:(report note): lw
./source/control_unit.vhd:964:41:@26us:(report note): lw
./source/control_unit.vhd:964:41:@26us:(report note): lw
./source/control_unit.vhd:964:41:@26020ns:(report note): lw
./source/control_unit.vhd:1241:41:@26020ns:(report note): bne
./source/control_unit.vhd:1241:41:@26020ns:(report note): bne
./source/control_unit.vhd:1241:41:@26020ns:(report note): bne
./source/control_unit.vhd:1241:41:@26080ns:(report note): bne
./source/control_unit.vhd:863:41:@26080ns:(report note): addi
./source/control_unit.vhd:863:41:@26080ns:(report note): addi
./source/control_unit.vhd:863:41:@26080ns:(report note): addi
./source/control_unit.vhd:863:41:@26100ns:(report note): addi
./source/control_unit.vhd:863:41:@26100ns:(report note): addi
./source/control_unit.vhd:863:41:@26100ns:(report note): addi
./source/control_unit.vhd:863:41:@26100ns:(report note): addi
./source/control_unit.vhd:863:41:@26120ns:(report note): addi
./source/control_unit.vhd:863:41:@26120ns:(report note): addi
./source/control_unit.vhd:863:41:@26120ns:(report note): addi
./source/control_unit.vhd:863:41:@26120ns:(report note): addi
./source/control_unit.vhd:863:41:@26140ns:(report note): addi
./source/control_unit.vhd:836:33:@26140ns:(report note): jal
./source/control_unit.vhd:836:33:@26140ns:(report note): jal
./source/control_unit.vhd:836:33:@26140ns:(report note): jal
./source/control_unit.vhd:836:33:@26160ns:(report note): jal
./source/control_unit.vhd:1234:41:@26160ns:(report note): beq
./source/control_unit.vhd:1234:41:@26160ns:(report note): beq
./source/control_unit.vhd:1234:41:@26160ns:(report note): beq
./source/control_unit.vhd:1234:41:@26180ns:(report note): beq
./source/control_unit.vhd:964:41:@26180ns:(report note): lw
./source/control_unit.vhd:964:41:@26180ns:(report note): lw
./source/control_unit.vhd:964:41:@26180ns:(report note): lw
./source/control_unit.vhd:964:41:@26200ns:(report note): lw
./source/control_unit.vhd:964:41:@26200ns:(report note): lw
./source/control_unit.vhd:964:41:@26200ns:(report note): lw
./source/control_unit.vhd:964:41:@26200ns:(report note): lw
./source/control_unit.vhd:964:41:@26220ns:(report note): lw
./source/control_unit.vhd:1241:41:@26220ns:(report note): bne
./source/control_unit.vhd:1241:41:@26220ns:(report note): bne
./source/control_unit.vhd:1241:41:@26220ns:(report note): bne
./source/control_unit.vhd:1241:41:@26280ns:(report note): bne
./source/control_unit.vhd:863:41:@26280ns:(report note): addi
./source/control_unit.vhd:863:41:@26280ns:(report note): addi
./source/control_unit.vhd:863:41:@26280ns:(report note): addi
./source/control_unit.vhd:863:41:@26300ns:(report note): addi
./source/control_unit.vhd:863:41:@26300ns:(report note): addi
./source/control_unit.vhd:863:41:@26300ns:(report note): addi
./source/control_unit.vhd:863:41:@26300ns:(report note): addi
./source/control_unit.vhd:863:41:@26320ns:(report note): addi
./source/control_unit.vhd:863:41:@26320ns:(report note): addi
./source/control_unit.vhd:863:41:@26320ns:(report note): addi
./source/control_unit.vhd:863:41:@26320ns:(report note): addi
./source/control_unit.vhd:863:41:@26340ns:(report note): addi
./source/control_unit.vhd:836:33:@26340ns:(report note): jal
./source/control_unit.vhd:836:33:@26340ns:(report note): jal
./source/control_unit.vhd:836:33:@26340ns:(report note): jal
./source/control_unit.vhd:836:33:@26360ns:(report note): jal
./source/control_unit.vhd:1234:41:@26360ns:(report note): beq
./source/control_unit.vhd:1234:41:@26360ns:(report note): beq
./source/control_unit.vhd:1234:41:@26360ns:(report note): beq
./source/control_unit.vhd:1234:41:@26380ns:(report note): beq
./source/control_unit.vhd:964:41:@26380ns:(report note): lw
./source/control_unit.vhd:964:41:@26380ns:(report note): lw
./source/control_unit.vhd:964:41:@26380ns:(report note): lw
./source/control_unit.vhd:964:41:@26400ns:(report note): lw
./source/control_unit.vhd:863:41:@26400ns:(report note): addi
./source/control_unit.vhd:863:41:@26400ns:(report note): addi
./source/control_unit.vhd:863:41:@26400ns:(report note): addi
./source/control_unit.vhd:863:41:@26420ns:(report note): addi
./source/control_unit.vhd:836:33:@26420ns:(report note): jal
./source/control_unit.vhd:836:33:@26420ns:(report note): jal
./source/control_unit.vhd:836:33:@26420ns:(report note): jal
./source/control_unit.vhd:836:33:@26440ns:(report note): jal
./source/control_unit.vhd:863:41:@26440ns:(report note): addi
./source/control_unit.vhd:863:41:@26440ns:(report note): addi
./source/control_unit.vhd:863:41:@26440ns:(report note): addi
./source/control_unit.vhd:863:41:@26460ns:(report note): addi
./source/control_unit.vhd:863:41:@26460ns:(report note): addi
./source/control_unit.vhd:863:41:@26460ns:(report note): addi
./source/control_unit.vhd:863:41:@26460ns:(report note): addi
./source/control_unit.vhd:863:41:@26480ns:(report note): addi
./source/control_unit.vhd:863:41:@26480ns:(report note): addi
./source/control_unit.vhd:863:41:@26480ns:(report note): addi
./source/control_unit.vhd:863:41:@26500ns:(report note): addi
./source/control_unit.vhd:1514:33:@26500ns:(report note): lui
./source/control_unit.vhd:1514:33:@26500ns:(report note): lui
./source/control_unit.vhd:1514:33:@26500ns:(report note): lui
./source/control_unit.vhd:1514:33:@26520ns:(report note): lui
./source/control_unit.vhd:863:41:@26520ns:(report note): addi
./source/control_unit.vhd:863:41:@26520ns:(report note): addi
./source/control_unit.vhd:863:41:@26520ns:(report note): addi
./source/control_unit.vhd:863:41:@26540ns:(report note): addi
./source/control_unit.vhd:1557:37:@26540ns:(report note): ebreak
./source/control_unit.vhd:1557:37:@26540ns:(report note): ebreak
./source/control_unit.vhd:1557:37:@26540ns:(report note): ebreak
./source/control_unit.vhd:1562:37:@26560ns:(report note): ecall
./source/control_unit.vhd:1577:25:@26560ns:(report note): Illegal Instruction (0xUUUUUUUUUUUUUUUUUUUUUUUUUUUUUUUU)
./source/control_unit.vhd:1577:25:@26560ns:(report note): Illegal Instruction (0xUUUUUUUUUUUUUUUUUUUUUUUUUUUUUUUU)
../../src/ieee2008/numeric_std-body.vhdl:3036:7:@26560ns:(assertion warning): NUMERIC_STD.TO_INTEGER: metavalue detected, returning 0
../../src/ieee2008/numeric_std-body.vhdl:3036:7:@26560ns:(assertion warning): NUMERIC_STD.TO_INTEGER: metavalue detected, returning 0
./source/control_unit.vhd:1577:25:@26560ns:(report note): Illegal Instruction (0xUUUUUUUUUUUUUUUUUUUUUUUUUUUUUUUU)
../../src/ieee2008/numeric_std-body.vhdl:3036:7:@26570ns:(assertion warning): NUMERIC_STD.TO_INTEGER: metavalue detected, returning 0
../../src/ieee2008/numeric_std-body.vhdl:3036:7:@26570ns:(assertion warning): NUMERIC_STD.TO_INTEGER: metavalue detected, returning 0
../../src/ieee2008/numeric_std-body.vhdl:3036:7:@26590ns:(assertion warning): NUMERIC_STD.TO_INTEGER: metavalue detected, returning 0
../../src/ieee2008/numeric_std-body.vhdl:3036:7:@26590ns:(assertion warning): NUMERIC_STD.TO_INTEGER: metavalue detected, returning 0
simulation finished @26620ns
