In clock cycle: 3
Register Write to Reg: 0x00 Val: 0x00000000
In clock cycle: 4
Register Write to Reg: 0x02 Val: 0x7FFFF000
In clock cycle: 5
Register Write to Reg: 0x02 Val: 0x7FFFEFFC
In clock cycle: 6
Register Write to Reg: 0x1D Val: 0x00000001
In clock cycle: 7
Register Write to Reg: 0x01 Val: 0x00400010
In clock cycle: 9
Register Write to Reg: 0x00 Val: 0x00000000
In clock cycle: 10
Register Write to Reg: 0x02 Val: 0x7FFFEFEC
In clock cycle: 12
Memory Write to Addr: 0x7FFFEFF8 Val: 0x00400010
In clock cycle: 13
Memory Write to Addr: 0x7FFFEFF4 Val: 0x00000000
In clock cycle: 15
Register Write to Reg: 0x08 Val: 0x7FFFEFFC
In clock cycle: 16
Register Write to Reg: 0x1D Val: 0x00000002
In clock cycle: 17
Register Write to Reg: 0x01 Val: 0x0040002C
In clock cycle: 19
Register Write to Reg: 0x00 Val: 0x00000000
In clock cycle: 20
Register Write to Reg: 0x02 Val: 0x7FFFEFDC
In clock cycle: 22
Memory Write to Addr: 0x7FFFEFE8 Val: 0x0040002C
In clock cycle: 23
Memory Write to Addr: 0x7FFFEFE4 Val: 0x7FFFEFFC
In clock cycle: 25
Register Write to Reg: 0x08 Val: 0x7FFFEFEC
In clock cycle: 26
Register Write to Reg: 0x1D Val: 0x00000003
In clock cycle: 27
Register Write to Reg: 0x01 Val: 0x00400058
In clock cycle: 29
Register Write to Reg: 0x00 Val: 0x00000000
In clock cycle: 30
Register Write to Reg: 0x02 Val: 0x7FFFEFCC
In clock cycle: 32
Memory Write to Addr: 0x7FFFEFD8 Val: 0x00400058
In clock cycle: 33
Memory Write to Addr: 0x7FFFEFD4 Val: 0x7FFFEFEC
In clock cycle: 35
Register Write to Reg: 0x08 Val: 0x7FFFEFDC
In clock cycle: 36
Register Write to Reg: 0x1D Val: 0x00000004
In clock cycle: 37
Register Write to Reg: 0x01 Val: 0x00400084
In clock cycle: 39
Register Write to Reg: 0x00 Val: 0x00000000
In clock cycle: 40
Register Write to Reg: 0x02 Val: 0x7FFFEFBC
In clock cycle: 42
Memory Write to Addr: 0x7FFFEFC8 Val: 0x00400084
In clock cycle: 43
Memory Write to Addr: 0x7FFFEFC4 Val: 0x7FFFEFDC
In clock cycle: 45
Register Write to Reg: 0x08 Val: 0x7FFFEFCC
In clock cycle: 46
Register Write to Reg: 0x1D Val: 0x00000005
In clock cycle: 47
Register Write to Reg: 0x01 Val: 0x004000B0
In clock cycle: 49
Register Write to Reg: 0x00 Val: 0x00000000
In clock cycle: 50
Register Write to Reg: 0x02 Val: 0x7FFFEFAC
In clock cycle: 52
Memory Write to Addr: 0x7FFFEFB8 Val: 0x004000B0
In clock cycle: 53
Memory Write to Addr: 0x7FFFEFB4 Val: 0x7FFFEFCC
In clock cycle: 55
Register Write to Reg: 0x08 Val: 0x7FFFEFBC
In clock cycle: 56
Register Write to Reg: 0x1D Val: 0x00000006
In clock cycle: 57
Register Write to Reg: 0x05 Val: 0x00000005
In clock cycle: 58
Register Write to Reg: 0x06 Val: 0x0000000A
In clock cycle: 59
Register Write to Reg: 0x0A Val: 0x0000000F
In clock cycle: 60
Register Write to Reg: 0x01 Val: 0x004000B0
In clock cycle: 61
Register Write to Reg: 0x08 Val: 0x7FFFEFCC
In clock cycle: 62
Register Write to Reg: 0x02 Val: 0x7FFFEFBC
In clock cycle: 63
Register Write to Reg: 0x00 Val: 0x004000F4
In clock cycle: 65
Register Write to Reg: 0x00 Val: 0x00000000
In clock cycle: 66
Register Write to Reg: 0x00 Val: 0x004000FC
In clock cycle: 68
Register Write to Reg: 0x00 Val: 0x00000000
Execution stopped at cycle 69
