../../src/ieee2008/numeric_std-body.vhdl:3036:7:@0ms:(assertion warning): NUMERIC_STD.TO_INTEGER: metavalue detected, returning 0
../../src/ieee2008/numeric_std-body.vhdl:3036:7:@0ms:(assertion warning): NUMERIC_STD.TO_INTEGER: metavalue detected, returning 0
../../src/ieee2008/numeric_std-body.vhdl:3036:7:@0ms:(assertion warning): NUMERIC_STD.TO_INTEGER: metavalue detected, returning 0
../../src/ieee2008/numeric_std-body.vhdl:3036:7:@0ms:(assertion warning): NUMERIC_STD.TO_INTEGER: metavalue detected, returning 0
../../src/ieee2008/numeric_std-body.vhdl:3036:7:@0ms:(assertion warning): NUMERIC_STD.TO_INTEGER: metavalue detected, returning 0
./source/control_unit.vhd:1577:25:@0ms:(report note): Illegal Instruction (0xUUUUUUUUUUUUUUUUUUUUUUUUUUUUUUUU)
../../src/ieee2008/numeric_std-body.vhdl:3036:7:@0ms:(assertion warning): NUMERIC_STD.TO_INTEGER: metavalue detected, returning 0
../../src/ieee2008/numeric_std-body.vhdl:3036:7:@0ms:(assertion warning): NUMERIC_STD.TO_INTEGER: metavalue detected, returning 0
../../src/ieee2008/numeric_std-body.vhdl:1320:7:@0ms:(assertion warning): NUMERIC_STD."<": metavalue detected, returning FALSE
../../src/ieee2008/numeric_std-body.vhdl:1347:7:@0ms:(assertion warning): NUMERIC_STD."<": metavalue detected, returning FALSE
../../src/ieee2008/numeric_std-body.vhdl:1347:7:@0ms:(assertion warning): NUMERIC_STD."<": metavalue detected, returning FALSE
../../src/ieee2008/numeric_std-body.vhdl:1320:7:@0ms:(assertion warning): NUMERIC_STD."<": metavalue detected, returning FALSE
../../src/ieee2008/numeric_std-body.vhdl:1195:7:@0ms:(assertion warning): NUMERIC_STD.">": metavalue detected, returning FALSE
../../src/ieee2008/numeric_std-body.vhdl:1168:7:@0ms:(assertion warning): NUMERIC_STD.">": metavalue detected, returning FALSE
../../src/ieee2008/numeric_std-body.vhdl:1168:7:@0ms:(assertion warning): NUMERIC_STD.">": metavalue detected, returning FALSE
../../src/ieee2008/numeric_std-body.vhdl:1195:7:@0ms:(assertion warning): NUMERIC_STD.">": metavalue detected, returning FALSE
../../src/ieee2008/numeric_std-body.vhdl:1320:7:@0ms:(assertion warning): NUMERIC_STD."<": metavalue detected, returning FALSE
../../src/ieee2008/numeric_std-body.vhdl:1347:7:@0ms:(assertion warning): NUMERIC_STD."<": metavalue detected, returning FALSE
../../src/ieee2008/numeric_std-body.vhdl:1347:7:@0ms:(assertion warning): NUMERIC_STD."<": metavalue detected, returning FALSE
../../src/ieee2008/numeric_std-body.vhdl:1320:7:@0ms:(assertion warning): NUMERIC_STD."<": metavalue detected, returning FALSE
../../src/ieee2008/numeric_std-body.vhdl:3036:7:@0ms:(assertion warning): NUMERIC_STD.TO_INTEGER: metavalue detected, returning 0
../../src/ieee2008/numeric_std-body.vhdl:3036:7:@0ms:(assertion warning): NUMERIC_STD.TO_INTEGER: metavalue detected, returning 0
./source/control_unit.vhd:1577:25:@0ms:(report note): Illegal Instruction (0xUUUUUUUUUUUUUUUUUUUUUUUUUUUUUUUU)
../../src/ieee2008/numeric_std-body.vhdl:3036:7:@0ms:(assertion warning): NUMERIC_STD.TO_INTEGER: metavalue detected, returning 0
../../src/ieee2008/numeric_std-body.vhdl:3036:7:@0ms:(assertion warning): NUMERIC_STD.TO_INTEGER: metavalue detected, returning 0
./source/control_unit.vhd:1577:25:@0ms:(report note): Illegal Instruction (0xUUUUUUUUUUUUUUUUUUUUUUUUUUUUUUUU)
../../src/ieee2008/numeric_std-body.vhdl:3036:7:@15ns:(assertion warning): NUMERIC_STD.TO_INTEGER: metavalue detected, returning 0
../../src/ieee2008/numeric_std-body.vhdl:3036:7:@15ns:(assertion warning): NUMERIC_STD.TO_INTEGER: metavalue detected, returning 0
../../src/ieee2008/numeric_std-body.vhdl:3036:7:@15ns:(assertion warning): NUMERIC_STD.TO_INTEGER: metavalue detected, returning 0
../../src/ieee2008/numeric_std-body.vhdl:3036:7:@15ns:(assertion warning): NUMERIC_STD.TO_INTEGER: metavalue detected, returning 0
../../src/ieee2008/numeric_std-body.vhdl:1168:7:@15ns:(assertion warning): NUMERIC_STD.">": metavalue detected, returning FALSE
../../src/ieee2008/numeric_std-body.vhdl:1195:7:@15ns:(assertion warning): NUMERIC_STD.">": metavalue detected, returning FALSE
../../src/ieee2008/numeric_std-body.vhdl:1320:7:@15ns:(assertion warning): NUMERIC_STD."<": metavalue detected, returning FALSE
../../src/ieee2008/numeric_std-body.vhdl:1347:7:@15ns:(assertion warning): NUMERIC_STD."<": metavalue detected, returning FALSE
../../src/ieee2008/numeric_std-body.vhdl:1347:7:@15ns:(assertion warning): NUMERIC_STD."<": metavalue detected, returning FALSE
../../src/ieee2008/numeric_std-body.vhdl:1320:7:@15ns:(assertion warning): NUMERIC_STD."<": metavalue detected, returning FALSE
./source/control_unit.vhd:863:41:@2920ns:(report note): addi
./source/control_unit.vhd:863:41:@2940ns:(report note): addi
./source/control_unit.vhd:863:41:@2940ns:(report note): addi
./source/control_unit.vhd:863:41:@2940ns:(report note): addi
./source/control_unit.vhd:863:41:@2940ns:(report note): addi
./source/control_unit.vhd:863:41:@2960ns:(report note): addi
./source/control_unit.vhd:863:41:@2960ns:(report note): addi
./source/control_unit.vhd:863:41:@2960ns:(report note): addi
./source/control_unit.vhd:863:41:@2960ns:(report note): addi
./source/control_unit.vhd:863:41:@2980ns:(report note): addi
./source/control_unit.vhd:863:41:@2980ns:(report note): addi
./source/control_unit.vhd:863:41:@2980ns:(report note): addi
./source/control_unit.vhd:863:41:@2980ns:(report note): addi
./source/control_unit.vhd:863:41:@3us:(report note): addi
./source/control_unit.vhd:863:41:@3us:(report note): addi
./source/control_unit.vhd:863:41:@3us:(report note): addi
./source/control_unit.vhd:863:41:@3us:(report note): addi
./source/control_unit.vhd:863:41:@3020ns:(report note): addi
./source/control_unit.vhd:1070:45:@3020ns:(report note): mul
./source/control_unit.vhd:1070:45:@3020ns:(report note): mul
./source/control_unit.vhd:1070:45:@3020ns:(report note): mul
./source/control_unit.vhd:1070:45:@3060ns:(report note): mul
./source/control_unit.vhd:1241:41:@3060ns:(report note): bne
./source/control_unit.vhd:1241:41:@3060ns:(report note): bne
./source/control_unit.vhd:1241:41:@3060ns:(report note): bne
./source/control_unit.vhd:1241:41:@3080ns:(report note): bne
./source/control_unit.vhd:863:41:@3080ns:(report note): addi
./source/control_unit.vhd:863:41:@3080ns:(report note): addi
./source/control_unit.vhd:863:41:@3080ns:(report note): addi
./source/control_unit.vhd:863:41:@3100ns:(report note): addi
./source/control_unit.vhd:863:41:@3100ns:(report note): addi
./source/control_unit.vhd:863:41:@3100ns:(report note): addi
./source/control_unit.vhd:863:41:@3100ns:(report note): addi
./source/control_unit.vhd:863:41:@3120ns:(report note): addi
./source/control_unit.vhd:863:41:@3120ns:(report note): addi
./source/control_unit.vhd:863:41:@3120ns:(report note): addi
./source/control_unit.vhd:863:41:@3120ns:(report note): addi
./source/control_unit.vhd:863:41:@3140ns:(report note): addi
./source/control_unit.vhd:863:41:@3140ns:(report note): addi
./source/control_unit.vhd:863:41:@3140ns:(report note): addi
./source/control_unit.vhd:863:41:@3140ns:(report note): addi
./source/control_unit.vhd:863:41:@3160ns:(report note): addi
./source/control_unit.vhd:1070:45:@3160ns:(report note): mul
./source/control_unit.vhd:1070:45:@3160ns:(report note): mul
./source/control_unit.vhd:1070:45:@3160ns:(report note): mul
./source/control_unit.vhd:1070:45:@3200ns:(report note): mul
./source/control_unit.vhd:1241:41:@3200ns:(report note): bne
./source/control_unit.vhd:1241:41:@3200ns:(report note): bne
./source/control_unit.vhd:1241:41:@3200ns:(report note): bne
./source/control_unit.vhd:1241:41:@3220ns:(report note): bne
./source/control_unit.vhd:863:41:@3220ns:(report note): addi
./source/control_unit.vhd:863:41:@3220ns:(report note): addi
./source/control_unit.vhd:863:41:@3220ns:(report note): addi
./source/control_unit.vhd:863:41:@3240ns:(report note): addi
./source/control_unit.vhd:1514:33:@3240ns:(report note): lui
./source/control_unit.vhd:1514:33:@3240ns:(report note): lui
./source/control_unit.vhd:1514:33:@3240ns:(report note): lui
./source/control_unit.vhd:1514:33:@3260ns:(report note): lui
./source/control_unit.vhd:863:41:@3260ns:(report note): addi
./source/control_unit.vhd:863:41:@3260ns:(report note): addi
./source/control_unit.vhd:863:41:@3260ns:(report note): addi
./source/control_unit.vhd:863:41:@3280ns:(report note): addi
./source/control_unit.vhd:863:41:@3280ns:(report note): addi
./source/control_unit.vhd:863:41:@3280ns:(report note): addi
./source/control_unit.vhd:863:41:@3280ns:(report note): addi
./source/control_unit.vhd:863:41:@3300ns:(report note): addi
./source/control_unit.vhd:863:41:@3300ns:(report note): addi
./source/control_unit.vhd:863:41:@3300ns:(report note): addi
./source/control_unit.vhd:863:41:@3300ns:(report note): addi
./source/control_unit.vhd:863:41:@3320ns:(report note): addi
./source/control_unit.vhd:1070:45:@3320ns:(report note): mul
./source/control_unit.vhd:1070:45:@3320ns:(report note): mul
./source/control_unit.vhd:1070:45:@3320ns:(report note): mul
./source/control_unit.vhd:1070:45:@3360ns:(report note): mul
./source/control_unit.vhd:1241:41:@3360ns:(report note): bne
./source/control_unit.vhd:1241:41:@3360ns:(report note): bne
./source/control_unit.vhd:1241:41:@3360ns:(report note): bne
./source/control_unit.vhd:1241:41:@3380ns:(report note): bne
./source/control_unit.vhd:863:41:@3380ns:(report note): addi
./source/control_unit.vhd:863:41:@3380ns:(report note): addi
./source/control_unit.vhd:863:41:@3380ns:(report note): addi
./source/control_unit.vhd:863:41:@3400ns:(report note): addi
./source/control_unit.vhd:1514:33:@3400ns:(report note): lui
./source/control_unit.vhd:1514:33:@3400ns:(report note): lui
./source/control_unit.vhd:1514:33:@3400ns:(report note): lui
./source/control_unit.vhd:1514:33:@3420ns:(report note): lui
./source/control_unit.vhd:863:41:@3420ns:(report note): addi
./source/control_unit.vhd:863:41:@3420ns:(report note): addi
./source/control_unit.vhd:863:41:@3420ns:(report note): addi
./source/control_unit.vhd:863:41:@3440ns:(report note): addi
./source/control_unit.vhd:1514:33:@3440ns:(report note): lui
./source/control_unit.vhd:1514:33:@3440ns:(report note): lui
./source/control_unit.vhd:1514:33:@3440ns:(report note): lui
./source/control_unit.vhd:1514:33:@3460ns:(report note): lui
./source/control_unit.vhd:863:41:@3460ns:(report note): addi
./source/control_unit.vhd:863:41:@3460ns:(report note): addi
./source/control_unit.vhd:863:41:@3460ns:(report note): addi
./source/control_unit.vhd:863:41:@3480ns:(report note): addi
./source/control_unit.vhd:1514:33:@3480ns:(report note): lui
./source/control_unit.vhd:1514:33:@3480ns:(report note): lui
./source/control_unit.vhd:1514:33:@3480ns:(report note): lui
./source/control_unit.vhd:1514:33:@3500ns:(report note): lui
./source/control_unit.vhd:863:41:@3500ns:(report note): addi
./source/control_unit.vhd:863:41:@3500ns:(report note): addi
./source/control_unit.vhd:863:41:@3500ns:(report note): addi
./source/control_unit.vhd:863:41:@3520ns:(report note): addi
./source/control_unit.vhd:1077:45:@3520ns:(report note): mulh
./source/control_unit.vhd:1077:45:@3520ns:(report note): mulh
./source/control_unit.vhd:1077:45:@3520ns:(report note): mulh
./source/control_unit.vhd:1077:45:@3540ns:(report note): mulh
./source/control_unit.vhd:1241:41:@3540ns:(report note): bne
./source/control_unit.vhd:1241:41:@3540ns:(report note): bne
./source/control_unit.vhd:1241:41:@3540ns:(report note): bne
./source/control_unit.vhd:1241:41:@3580ns:(report note): bne
./source/control_unit.vhd:863:41:@3580ns:(report note): addi
./source/control_unit.vhd:863:41:@3580ns:(report note): addi
./source/control_unit.vhd:863:41:@3580ns:(report note): addi
./source/control_unit.vhd:863:41:@3600ns:(report note): addi
./source/control_unit.vhd:1514:33:@3600ns:(report note): lui
./source/control_unit.vhd:1514:33:@3600ns:(report note): lui
./source/control_unit.vhd:1514:33:@3600ns:(report note): lui
./source/control_unit.vhd:1514:33:@3620ns:(report note): lui
./source/control_unit.vhd:863:41:@3620ns:(report note): addi
./source/control_unit.vhd:863:41:@3620ns:(report note): addi
./source/control_unit.vhd:863:41:@3620ns:(report note): addi
./source/control_unit.vhd:863:41:@3640ns:(report note): addi
./source/control_unit.vhd:863:41:@3640ns:(report note): addi
./source/control_unit.vhd:863:41:@3640ns:(report note): addi
./source/control_unit.vhd:863:41:@3640ns:(report note): addi
./source/control_unit.vhd:863:41:@3660ns:(report note): addi
./source/control_unit.vhd:863:41:@3660ns:(report note): addi
./source/control_unit.vhd:863:41:@3660ns:(report note): addi
./source/control_unit.vhd:863:41:@3660ns:(report note): addi
./source/control_unit.vhd:863:41:@3680ns:(report note): addi
./source/control_unit.vhd:1077:45:@3680ns:(report note): mulh
./source/control_unit.vhd:1077:45:@3680ns:(report note): mulh
./source/control_unit.vhd:1077:45:@3680ns:(report note): mulh
./source/control_unit.vhd:1077:45:@3720ns:(report note): mulh
./source/control_unit.vhd:1241:41:@3720ns:(report note): bne
./source/control_unit.vhd:1241:41:@3720ns:(report note): bne
./source/control_unit.vhd:1241:41:@3720ns:(report note): bne
./source/control_unit.vhd:1241:41:@3740ns:(report note): bne
./source/control_unit.vhd:863:41:@3740ns:(report note): addi
./source/control_unit.vhd:863:41:@3740ns:(report note): addi
./source/control_unit.vhd:863:41:@3740ns:(report note): addi
./source/control_unit.vhd:863:41:@3760ns:(report note): addi
./source/control_unit.vhd:1514:33:@3760ns:(report note): lui
./source/control_unit.vhd:1514:33:@3760ns:(report note): lui
./source/control_unit.vhd:1514:33:@3760ns:(report note): lui
./source/control_unit.vhd:1514:33:@3780ns:(report note): lui
./source/control_unit.vhd:863:41:@3780ns:(report note): addi
./source/control_unit.vhd:863:41:@3780ns:(report note): addi
./source/control_unit.vhd:863:41:@3780ns:(report note): addi
./source/control_unit.vhd:863:41:@3800ns:(report note): addi
./source/control_unit.vhd:863:41:@3800ns:(report note): addi
./source/control_unit.vhd:863:41:@3800ns:(report note): addi
./source/control_unit.vhd:863:41:@3800ns:(report note): addi
./source/control_unit.vhd:863:41:@3820ns:(report note): addi
./source/control_unit.vhd:1514:33:@3820ns:(report note): lui
./source/control_unit.vhd:1514:33:@3820ns:(report note): lui
./source/control_unit.vhd:1514:33:@3820ns:(report note): lui
./source/control_unit.vhd:1514:33:@3840ns:(report note): lui
./source/control_unit.vhd:863:41:@3840ns:(report note): addi
./source/control_unit.vhd:863:41:@3840ns:(report note): addi
./source/control_unit.vhd:863:41:@3840ns:(report note): addi
./source/control_unit.vhd:863:41:@3860ns:(report note): addi
./source/control_unit.vhd:1084:45:@3860ns:(report note): mulhu
./source/control_unit.vhd:1084:45:@3860ns:(report note): mulhu
./source/control_unit.vhd:1084:45:@3860ns:(report note): mulhu
./source/control_unit.vhd:1084:45:@3880ns:(report note): mulhu
./source/control_unit.vhd:1241:41:@3880ns:(report note): bne
./source/control_unit.vhd:1241:41:@3880ns:(report note): bne
./source/control_unit.vhd:1241:41:@3880ns:(report note): bne
./source/control_unit.vhd:1241:41:@3920ns:(report note): bne
./source/control_unit.vhd:863:41:@3920ns:(report note): addi
./source/control_unit.vhd:863:41:@3920ns:(report note): addi
./source/control_unit.vhd:863:41:@3920ns:(report note): addi
./source/control_unit.vhd:863:41:@3940ns:(report note): addi
./source/control_unit.vhd:863:41:@3940ns:(report note): addi
./source/control_unit.vhd:863:41:@3940ns:(report note): addi
./source/control_unit.vhd:863:41:@3940ns:(report note): addi
./source/control_unit.vhd:863:41:@3960ns:(report note): addi
./source/control_unit.vhd:863:41:@3960ns:(report note): addi
./source/control_unit.vhd:863:41:@3960ns:(report note): addi
./source/control_unit.vhd:863:41:@3980ns:(report note): addi
./source/control_unit.vhd:863:41:@3980ns:(report note): addi
./source/control_unit.vhd:863:41:@3980ns:(report note): addi
./source/control_unit.vhd:863:41:@3980ns:(report note): addi
./source/control_unit.vhd:863:41:@4us:(report note): addi
./source/control_unit.vhd:1091:45:@4us:(report note): mulhsu
./source/control_unit.vhd:1091:45:@4us:(report note): mulhsu
./source/control_unit.vhd:1091:45:@4us:(report note): mulhsu
./source/control_unit.vhd:1091:45:@4040ns:(report note): mulhsu
./source/control_unit.vhd:1241:41:@4040ns:(report note): bne
./source/control_unit.vhd:1241:41:@4040ns:(report note): bne
./source/control_unit.vhd:1241:41:@4040ns:(report note): bne
./source/control_unit.vhd:1241:41:@4060ns:(report note): bne
./source/control_unit.vhd:863:41:@4060ns:(report note): addi
./source/control_unit.vhd:863:41:@4060ns:(report note): addi
./source/control_unit.vhd:863:41:@4060ns:(report note): addi
./source/control_unit.vhd:863:41:@4080ns:(report note): addi
./source/control_unit.vhd:863:41:@4080ns:(report note): addi
./source/control_unit.vhd:863:41:@4080ns:(report note): addi
./source/control_unit.vhd:863:41:@4080ns:(report note): addi
./source/control_unit.vhd:863:41:@4100ns:(report note): addi
./source/control_unit.vhd:863:41:@4100ns:(report note): addi
./source/control_unit.vhd:863:41:@4100ns:(report note): addi
./source/control_unit.vhd:863:41:@4100ns:(report note): addi
./source/control_unit.vhd:863:41:@4120ns:(report note): addi
./source/control_unit.vhd:863:41:@4120ns:(report note): addi
./source/control_unit.vhd:863:41:@4120ns:(report note): addi
./source/control_unit.vhd:863:41:@4120ns:(report note): addi
./source/control_unit.vhd:863:41:@4140ns:(report note): addi
./source/control_unit.vhd:1098:45:@4140ns:(report note): div
./source/control_unit.vhd:1098:45:@4140ns:(report note): div
./source/control_unit.vhd:1098:45:@4140ns:(report note): div
./source/control_unit.vhd:1098:45:@4180ns:(report note): div
./source/control_unit.vhd:1241:41:@4180ns:(report note): bne
./source/control_unit.vhd:1241:41:@4180ns:(report note): bne
./source/control_unit.vhd:1241:41:@4180ns:(report note): bne
./source/control_unit.vhd:1241:41:@4860ns:(report note): bne
./source/control_unit.vhd:863:41:@4860ns:(report note): addi
./source/control_unit.vhd:863:41:@4860ns:(report note): addi
./source/control_unit.vhd:863:41:@4860ns:(report note): addi
./source/control_unit.vhd:863:41:@4880ns:(report note): addi
./source/control_unit.vhd:863:41:@4880ns:(report note): addi
./source/control_unit.vhd:863:41:@4880ns:(report note): addi
./source/control_unit.vhd:863:41:@4880ns:(report note): addi
./source/control_unit.vhd:863:41:@4900ns:(report note): addi
./source/control_unit.vhd:863:41:@4900ns:(report note): addi
./source/control_unit.vhd:863:41:@4900ns:(report note): addi
./source/control_unit.vhd:863:41:@4900ns:(report note): addi
./source/control_unit.vhd:863:41:@4920ns:(report note): addi
./source/control_unit.vhd:863:41:@4920ns:(report note): addi
./source/control_unit.vhd:863:41:@4920ns:(report note): addi
./source/control_unit.vhd:863:41:@4920ns:(report note): addi
./source/control_unit.vhd:863:41:@4940ns:(report note): addi
./source/control_unit.vhd:1098:45:@4940ns:(report note): div
./source/control_unit.vhd:1098:45:@4940ns:(report note): div
./source/control_unit.vhd:1098:45:@4940ns:(report note): div
./source/control_unit.vhd:1098:45:@4980ns:(report note): div
./source/control_unit.vhd:1241:41:@4980ns:(report note): bne
./source/control_unit.vhd:1241:41:@4980ns:(report note): bne
./source/control_unit.vhd:1241:41:@4980ns:(report note): bne
./source/control_unit.vhd:1241:41:@5660ns:(report note): bne
./source/control_unit.vhd:863:41:@5660ns:(report note): addi
./source/control_unit.vhd:863:41:@5660ns:(report note): addi
./source/control_unit.vhd:863:41:@5660ns:(report note): addi
./source/control_unit.vhd:863:41:@5680ns:(report note): addi
./source/control_unit.vhd:1514:33:@5680ns:(report note): lui
./source/control_unit.vhd:1514:33:@5680ns:(report note): lui
./source/control_unit.vhd:1514:33:@5680ns:(report note): lui
./source/control_unit.vhd:1514:33:@5700ns:(report note): lui
./source/control_unit.vhd:863:41:@5700ns:(report note): addi
./source/control_unit.vhd:863:41:@5700ns:(report note): addi
./source/control_unit.vhd:863:41:@5700ns:(report note): addi
./source/control_unit.vhd:863:41:@5720ns:(report note): addi
./source/control_unit.vhd:863:41:@5720ns:(report note): addi
./source/control_unit.vhd:863:41:@5720ns:(report note): addi
./source/control_unit.vhd:863:41:@5720ns:(report note): addi
./source/control_unit.vhd:863:41:@5740ns:(report note): addi
./source/control_unit.vhd:1514:33:@5740ns:(report note): lui
./source/control_unit.vhd:1514:33:@5740ns:(report note): lui
./source/control_unit.vhd:1514:33:@5740ns:(report note): lui
./source/control_unit.vhd:1514:33:@5760ns:(report note): lui
./source/control_unit.vhd:863:41:@5760ns:(report note): addi
./source/control_unit.vhd:863:41:@5760ns:(report note): addi
./source/control_unit.vhd:863:41:@5760ns:(report note): addi
./source/control_unit.vhd:863:41:@5780ns:(report note): addi
./source/control_unit.vhd:1098:45:@5780ns:(report note): div
./source/control_unit.vhd:1098:45:@5780ns:(report note): div
./source/control_unit.vhd:1098:45:@5780ns:(report note): div
./source/control_unit.vhd:1098:45:@5800ns:(report note): div
./source/control_unit.vhd:1241:41:@5800ns:(report note): bne
./source/control_unit.vhd:1241:41:@5800ns:(report note): bne
./source/control_unit.vhd:1241:41:@5800ns:(report note): bne
./source/control_unit.vhd:1241:41:@6500ns:(report note): bne
./source/control_unit.vhd:863:41:@6500ns:(report note): addi
./source/control_unit.vhd:863:41:@6500ns:(report note): addi
./source/control_unit.vhd:863:41:@6500ns:(report note): addi
./source/control_unit.vhd:863:41:@6520ns:(report note): addi
./source/control_unit.vhd:863:41:@6520ns:(report note): addi
./source/control_unit.vhd:863:41:@6520ns:(report note): addi
./source/control_unit.vhd:863:41:@6520ns:(report note): addi
./source/control_unit.vhd:863:41:@6540ns:(report note): addi
./source/control_unit.vhd:863:41:@6540ns:(report note): addi
./source/control_unit.vhd:863:41:@6540ns:(report note): addi
./source/control_unit.vhd:863:41:@6540ns:(report note): addi
./source/control_unit.vhd:863:41:@6560ns:(report note): addi
./source/control_unit.vhd:863:41:@6560ns:(report note): addi
./source/control_unit.vhd:863:41:@6560ns:(report note): addi
./source/control_unit.vhd:863:41:@6560ns:(report note): addi
./source/control_unit.vhd:863:41:@6580ns:(report note): addi
./source/control_unit.vhd:1098:45:@6580ns:(report note): div
./source/control_unit.vhd:1098:45:@6580ns:(report note): div
./source/control_unit.vhd:1098:45:@6580ns:(report note): div
./source/control_unit.vhd:1098:45:@6620ns:(report note): div
./source/control_unit.vhd:1241:41:@6620ns:(report note): bne
./source/control_unit.vhd:1241:41:@6620ns:(report note): bne
./source/control_unit.vhd:1241:41:@6620ns:(report note): bne
./source/control_unit.vhd:1241:41:@6660ns:(report note): bne
./source/control_unit.vhd:863:41:@6660ns:(report note): addi
./source/control_unit.vhd:863:41:@6660ns:(report note): addi
./source/control_unit.vhd:863:41:@6660ns:(report note): addi
./source/control_unit.vhd:863:41:@6700ns:(report note): addi
./source/control_unit.vhd:863:41:@6700ns:(report note): addi
./source/control_unit.vhd:863:41:@6700ns:(report note): addi
./source/control_unit.vhd:863:41:@6700ns:(report note): addi
./source/control_unit.vhd:863:41:@6720ns:(report note): addi
./source/control_unit.vhd:863:41:@6720ns:(report note): addi
./source/control_unit.vhd:863:41:@6720ns:(report note): addi
./source/control_unit.vhd:863:41:@6720ns:(report note): addi
./source/control_unit.vhd:863:41:@6760ns:(report note): addi
./source/control_unit.vhd:1514:33:@6760ns:(report note): lui
./source/control_unit.vhd:1514:33:@6760ns:(report note): lui
./source/control_unit.vhd:1514:33:@6760ns:(report note): lui
./source/control_unit.vhd:1514:33:@6780ns:(report note): lui
./source/control_unit.vhd:863:41:@6780ns:(report note): addi
./source/control_unit.vhd:863:41:@6780ns:(report note): addi
./source/control_unit.vhd:863:41:@6780ns:(report note): addi
./source/control_unit.vhd:863:41:@6800ns:(report note): addi
./source/control_unit.vhd:1105:45:@6800ns:(report note): divu
./source/control_unit.vhd:1105:45:@6800ns:(report note): divu
./source/control_unit.vhd:1105:45:@6800ns:(report note): divu
./source/control_unit.vhd:1105:45:@6820ns:(report note): divu
./source/control_unit.vhd:1241:41:@6820ns:(report note): bne
./source/control_unit.vhd:1241:41:@6820ns:(report note): bne
./source/control_unit.vhd:1241:41:@6820ns:(report note): bne
./source/control_unit.vhd:1241:41:@7520ns:(report note): bne
./source/control_unit.vhd:863:41:@7520ns:(report note): addi
./source/control_unit.vhd:863:41:@7520ns:(report note): addi
./source/control_unit.vhd:863:41:@7520ns:(report note): addi
./source/control_unit.vhd:863:41:@7540ns:(report note): addi
./source/control_unit.vhd:1514:33:@7540ns:(report note): lui
./source/control_unit.vhd:1514:33:@7540ns:(report note): lui
./source/control_unit.vhd:1514:33:@7540ns:(report note): lui
./source/control_unit.vhd:1514:33:@7560ns:(report note): lui
./source/control_unit.vhd:863:41:@7560ns:(report note): addi
./source/control_unit.vhd:863:41:@7560ns:(report note): addi
./source/control_unit.vhd:863:41:@7560ns:(report note): addi
./source/control_unit.vhd:863:41:@7580ns:(report note): addi
./source/control_unit.vhd:863:41:@7580ns:(report note): addi
./source/control_unit.vhd:863:41:@7580ns:(report note): addi
./source/control_unit.vhd:863:41:@7580ns:(report note): addi
./source/control_unit.vhd:863:41:@7600ns:(report note): addi
./source/control_unit.vhd:863:41:@7600ns:(report note): addi
./source/control_unit.vhd:863:41:@7600ns:(report note): addi
./source/control_unit.vhd:863:41:@7600ns:(report note): addi
./source/control_unit.vhd:863:41:@7620ns:(report note): addi
./source/control_unit.vhd:1105:45:@7620ns:(report note): divu
./source/control_unit.vhd:1105:45:@7620ns:(report note): divu
./source/control_unit.vhd:1105:45:@7620ns:(report note): divu
./source/control_unit.vhd:1105:45:@7660ns:(report note): divu
./source/control_unit.vhd:1241:41:@7660ns:(report note): bne
./source/control_unit.vhd:1241:41:@7660ns:(report note): bne
./source/control_unit.vhd:1241:41:@7660ns:(report note): bne
./source/control_unit.vhd:1241:41:@7700ns:(report note): bne
./source/control_unit.vhd:863:41:@7700ns:(report note): addi
./source/control_unit.vhd:863:41:@7700ns:(report note): addi
./source/control_unit.vhd:863:41:@7700ns:(report note): addi
./source/control_unit.vhd:863:41:@7720ns:(report note): addi
./source/control_unit.vhd:863:41:@7720ns:(report note): addi
./source/control_unit.vhd:863:41:@7720ns:(report note): addi
./source/control_unit.vhd:863:41:@7720ns:(report note): addi
./source/control_unit.vhd:863:41:@7740ns:(report note): addi
./source/control_unit.vhd:863:41:@7740ns:(report note): addi
./source/control_unit.vhd:863:41:@7740ns:(report note): addi
./source/control_unit.vhd:863:41:@7740ns:(report note): addi
./source/control_unit.vhd:863:41:@7760ns:(report note): addi
./source/control_unit.vhd:863:41:@7760ns:(report note): addi
./source/control_unit.vhd:863:41:@7760ns:(report note): addi
./source/control_unit.vhd:863:41:@7760ns:(report note): addi
./source/control_unit.vhd:863:41:@7780ns:(report note): addi
./source/control_unit.vhd:1112:45:@7780ns:(report note): rem
./source/control_unit.vhd:1112:45:@7780ns:(report note): rem
./source/control_unit.vhd:1112:45:@7780ns:(report note): rem
./source/control_unit.vhd:1112:45:@7820ns:(report note): rem
./source/control_unit.vhd:1241:41:@7820ns:(report note): bne
./source/control_unit.vhd:1241:41:@7820ns:(report note): bne
./source/control_unit.vhd:1241:41:@7820ns:(report note): bne
./source/control_unit.vhd:1241:41:@8500ns:(report note): bne
./source/control_unit.vhd:863:41:@8500ns:(report note): addi
./source/control_unit.vhd:863:41:@8500ns:(report note): addi
./source/control_unit.vhd:863:41:@8500ns:(report note): addi
./source/control_unit.vhd:863:41:@8520ns:(report note): addi
./source/control_unit.vhd:863:41:@8520ns:(report note): addi
./source/control_unit.vhd:863:41:@8520ns:(report note): addi
./source/control_unit.vhd:863:41:@8520ns:(report note): addi
./source/control_unit.vhd:863:41:@8540ns:(report note): addi
./source/control_unit.vhd:863:41:@8540ns:(report note): addi
./source/control_unit.vhd:863:41:@8540ns:(report note): addi
./source/control_unit.vhd:863:41:@8540ns:(report note): addi
./source/control_unit.vhd:863:41:@8560ns:(report note): addi
./source/control_unit.vhd:863:41:@8560ns:(report note): addi
./source/control_unit.vhd:863:41:@8560ns:(report note): addi
./source/control_unit.vhd:863:41:@8560ns:(report note): addi
./source/control_unit.vhd:863:41:@8580ns:(report note): addi
./source/control_unit.vhd:1112:45:@8580ns:(report note): rem
./source/control_unit.vhd:1112:45:@8580ns:(report note): rem
./source/control_unit.vhd:1112:45:@8580ns:(report note): rem
./source/control_unit.vhd:1112:45:@8620ns:(report note): rem
./source/control_unit.vhd:1241:41:@8620ns:(report note): bne
./source/control_unit.vhd:1241:41:@8620ns:(report note): bne
./source/control_unit.vhd:1241:41:@8620ns:(report note): bne
./source/control_unit.vhd:1241:41:@9300ns:(report note): bne
./source/control_unit.vhd:863:41:@9300ns:(report note): addi
./source/control_unit.vhd:863:41:@9300ns:(report note): addi
./source/control_unit.vhd:863:41:@9300ns:(report note): addi
./source/control_unit.vhd:863:41:@9320ns:(report note): addi
./source/control_unit.vhd:1514:33:@9320ns:(report note): lui
./source/control_unit.vhd:1514:33:@9320ns:(report note): lui
./source/control_unit.vhd:1514:33:@9320ns:(report note): lui
./source/control_unit.vhd:1514:33:@9340ns:(report note): lui
./source/control_unit.vhd:863:41:@9340ns:(report note): addi
./source/control_unit.vhd:863:41:@9340ns:(report note): addi
./source/control_unit.vhd:863:41:@9340ns:(report note): addi
./source/control_unit.vhd:863:41:@9360ns:(report note): addi
./source/control_unit.vhd:863:41:@9360ns:(report note): addi
./source/control_unit.vhd:863:41:@9360ns:(report note): addi
./source/control_unit.vhd:863:41:@9360ns:(report note): addi
./source/control_unit.vhd:863:41:@9380ns:(report note): addi
./source/control_unit.vhd:863:41:@9380ns:(report note): addi
./source/control_unit.vhd:863:41:@9380ns:(report note): addi
./source/control_unit.vhd:863:41:@9380ns:(report note): addi
./source/control_unit.vhd:863:41:@9400ns:(report note): addi
./source/control_unit.vhd:1112:45:@9400ns:(report note): rem
./source/control_unit.vhd:1112:45:@9400ns:(report note): rem
./source/control_unit.vhd:1112:45:@9400ns:(report note): rem
./source/control_unit.vhd:1112:45:@9440ns:(report note): rem
./source/control_unit.vhd:1241:41:@9440ns:(report note): bne
./source/control_unit.vhd:1241:41:@9440ns:(report note): bne
./source/control_unit.vhd:1241:41:@9440ns:(report note): bne
./source/control_unit.vhd:1241:41:@10120ns:(report note): bne
./source/control_unit.vhd:863:41:@10120ns:(report note): addi
./source/control_unit.vhd:863:41:@10120ns:(report note): addi
./source/control_unit.vhd:863:41:@10120ns:(report note): addi
./source/control_unit.vhd:863:41:@10140ns:(report note): addi
./source/control_unit.vhd:863:41:@10140ns:(report note): addi
./source/control_unit.vhd:863:41:@10140ns:(report note): addi
./source/control_unit.vhd:863:41:@10140ns:(report note): addi
./source/control_unit.vhd:863:41:@10160ns:(report note): addi
./source/control_unit.vhd:863:41:@10160ns:(report note): addi
./source/control_unit.vhd:863:41:@10160ns:(report note): addi
./source/control_unit.vhd:863:41:@10160ns:(report note): addi
./source/control_unit.vhd:863:41:@10180ns:(report note): addi
./source/control_unit.vhd:863:41:@10180ns:(report note): addi
./source/control_unit.vhd:863:41:@10180ns:(report note): addi
./source/control_unit.vhd:863:41:@10180ns:(report note): addi
./source/control_unit.vhd:863:41:@10220ns:(report note): addi
./source/control_unit.vhd:1112:45:@10220ns:(report note): rem
./source/control_unit.vhd:1112:45:@10220ns:(report note): rem
./source/control_unit.vhd:1112:45:@10220ns:(report note): rem
./source/control_unit.vhd:1112:45:@10240ns:(report note): rem
./source/control_unit.vhd:1241:41:@10240ns:(report note): bne
./source/control_unit.vhd:1241:41:@10240ns:(report note): bne
./source/control_unit.vhd:1241:41:@10240ns:(report note): bne
./source/control_unit.vhd:1241:41:@10300ns:(report note): bne
./source/control_unit.vhd:863:41:@10300ns:(report note): addi
./source/control_unit.vhd:863:41:@10300ns:(report note): addi
./source/control_unit.vhd:863:41:@10300ns:(report note): addi
./source/control_unit.vhd:863:41:@10320ns:(report note): addi
./source/control_unit.vhd:863:41:@10320ns:(report note): addi
./source/control_unit.vhd:863:41:@10320ns:(report note): addi
./source/control_unit.vhd:863:41:@10320ns:(report note): addi
./source/control_unit.vhd:863:41:@10340ns:(report note): addi
./source/control_unit.vhd:863:41:@10340ns:(report note): addi
./source/control_unit.vhd:863:41:@10340ns:(report note): addi
./source/control_unit.vhd:863:41:@10340ns:(report note): addi
./source/control_unit.vhd:863:41:@10360ns:(report note): addi
./source/control_unit.vhd:863:41:@10360ns:(report note): addi
./source/control_unit.vhd:863:41:@10360ns:(report note): addi
./source/control_unit.vhd:863:41:@10360ns:(report note): addi
./source/control_unit.vhd:863:41:@10380ns:(report note): addi
./source/control_unit.vhd:1119:45:@10380ns:(report note): remu
./source/control_unit.vhd:1119:45:@10380ns:(report note): remu
./source/control_unit.vhd:1119:45:@10380ns:(report note): remu
./source/control_unit.vhd:1119:45:@10420ns:(report note): remu
./source/control_unit.vhd:1241:41:@10420ns:(report note): bne
./source/control_unit.vhd:1241:41:@10420ns:(report note): bne
./source/control_unit.vhd:1241:41:@10420ns:(report note): bne
./source/control_unit.vhd:1241:41:@11100ns:(report note): bne
./source/control_unit.vhd:863:41:@11100ns:(report note): addi
./source/control_unit.vhd:863:41:@11100ns:(report note): addi
./source/control_unit.vhd:863:41:@11100ns:(report note): addi
./source/control_unit.vhd:863:41:@11120ns:(report note): addi
./source/control_unit.vhd:1514:33:@11120ns:(report note): lui
./source/control_unit.vhd:1514:33:@11120ns:(report note): lui
./source/control_unit.vhd:1514:33:@11120ns:(report note): lui
./source/control_unit.vhd:1514:33:@11140ns:(report note): lui
./source/control_unit.vhd:863:41:@11140ns:(report note): addi
./source/control_unit.vhd:863:41:@11140ns:(report note): addi
./source/control_unit.vhd:863:41:@11140ns:(report note): addi
./source/control_unit.vhd:863:41:@11160ns:(report note): addi
./source/control_unit.vhd:863:41:@11160ns:(report note): addi
./source/control_unit.vhd:863:41:@11160ns:(report note): addi
./source/control_unit.vhd:863:41:@11160ns:(report note): addi
./source/control_unit.vhd:863:41:@11180ns:(report note): addi
./source/control_unit.vhd:1514:33:@11180ns:(report note): lui
./source/control_unit.vhd:1514:33:@11180ns:(report note): lui
./source/control_unit.vhd:1514:33:@11180ns:(report note): lui
./source/control_unit.vhd:1514:33:@11200ns:(report note): lui
./source/control_unit.vhd:863:41:@11200ns:(report note): addi
./source/control_unit.vhd:863:41:@11200ns:(report note): addi
./source/control_unit.vhd:863:41:@11200ns:(report note): addi
./source/control_unit.vhd:863:41:@11220ns:(report note): addi
./source/control_unit.vhd:1119:45:@11220ns:(report note): remu
./source/control_unit.vhd:1119:45:@11220ns:(report note): remu
./source/control_unit.vhd:1119:45:@11220ns:(report note): remu
./source/control_unit.vhd:1119:45:@11240ns:(report note): remu
./source/control_unit.vhd:1241:41:@11240ns:(report note): bne
./source/control_unit.vhd:1241:41:@11240ns:(report note): bne
./source/control_unit.vhd:1241:41:@11240ns:(report note): bne
./source/control_unit.vhd:1241:41:@11300ns:(report note): bne
./source/control_unit.vhd:863:41:@11300ns:(report note): addi
./source/control_unit.vhd:863:41:@11300ns:(report note): addi
./source/control_unit.vhd:863:41:@11300ns:(report note): addi
./source/control_unit.vhd:863:41:@11320ns:(report note): addi
./source/control_unit.vhd:863:41:@11320ns:(report note): addi
./source/control_unit.vhd:863:41:@11320ns:(report note): addi
./source/control_unit.vhd:863:41:@11320ns:(report note): addi
./source/control_unit.vhd:863:41:@11340ns:(report note): addi
./source/control_unit.vhd:863:41:@11340ns:(report note): addi
./source/control_unit.vhd:863:41:@11340ns:(report note): addi
./source/control_unit.vhd:863:41:@11340ns:(report note): addi
./source/control_unit.vhd:863:41:@11360ns:(report note): addi
./source/control_unit.vhd:863:41:@11360ns:(report note): addi
./source/control_unit.vhd:863:41:@11360ns:(report note): addi
./source/control_unit.vhd:863:41:@11360ns:(report note): addi
./source/control_unit.vhd:863:41:@11380ns:(report note): addi
./source/control_unit.vhd:1112:45:@11380ns:(report note): rem
./source/control_unit.vhd:1112:45:@11380ns:(report note): rem
./source/control_unit.vhd:1112:45:@11380ns:(report note): rem
./source/control_unit.vhd:1112:45:@11420ns:(report note): rem
./source/control_unit.vhd:1241:41:@11420ns:(report note): bne
./source/control_unit.vhd:1241:41:@11420ns:(report note): bne
./source/control_unit.vhd:1241:41:@11420ns:(report note): bne
./source/control_unit.vhd:1241:41:@12100ns:(report note): bne
./source/control_unit.vhd:863:41:@12100ns:(report note): addi
./source/control_unit.vhd:863:41:@12100ns:(report note): addi
./source/control_unit.vhd:863:41:@12100ns:(report note): addi
./source/control_unit.vhd:863:41:@12120ns:(report note): addi
./source/control_unit.vhd:863:41:@12120ns:(report note): addi
./source/control_unit.vhd:863:41:@12120ns:(report note): addi
./source/control_unit.vhd:863:41:@12120ns:(report note): addi
./source/control_unit.vhd:863:41:@12140ns:(report note): addi
./source/control_unit.vhd:863:41:@12140ns:(report note): addi
./source/control_unit.vhd:863:41:@12140ns:(report note): addi
./source/control_unit.vhd:863:41:@12140ns:(report note): addi
./source/control_unit.vhd:863:41:@12160ns:(report note): addi
./source/control_unit.vhd:863:41:@12160ns:(report note): addi
./source/control_unit.vhd:863:41:@12160ns:(report note): addi
./source/control_unit.vhd:863:41:@12160ns:(report note): addi
./source/control_unit.vhd:863:41:@12180ns:(report note): addi
./source/control_unit.vhd:1119:45:@12180ns:(report note): remu
./source/control_unit.vhd:1119:45:@12180ns:(report note): remu
./source/control_unit.vhd:1119:45:@12180ns:(report note): remu
./source/control_unit.vhd:1119:45:@12220ns:(report note): remu
./source/control_unit.vhd:1241:41:@12220ns:(report note): bne
./source/control_unit.vhd:1241:41:@12220ns:(report note): bne
./source/control_unit.vhd:1241:41:@12220ns:(report note): bne
./source/control_unit.vhd:1241:41:@12900ns:(report note): bne
./source/control_unit.vhd:836:33:@12900ns:(report note): jal
./source/control_unit.vhd:836:33:@12900ns:(report note): jal
./source/control_unit.vhd:836:33:@12900ns:(report note): jal
./source/control_unit.vhd:836:33:@12920ns:(report note): jal
./source/control_unit.vhd:863:41:@12920ns:(report note): addi
./source/control_unit.vhd:863:41:@12920ns:(report note): addi
./source/control_unit.vhd:863:41:@12920ns:(report note): addi
./source/control_unit.vhd:863:41:@12940ns:(report note): addi
./source/control_unit.vhd:863:41:@12940ns:(report note): addi
./source/control_unit.vhd:863:41:@12940ns:(report note): addi
./source/control_unit.vhd:863:41:@12940ns:(report note): addi
./source/control_unit.vhd:863:41:@12960ns:(report note): addi
./source/control_unit.vhd:836:33:@12960ns:(report note): jal
./source/control_unit.vhd:836:33:@12960ns:(report note): jal
./source/control_unit.vhd:836:33:@12960ns:(report note): jal
./source/control_unit.vhd:836:33:@12980ns:(report note): jal
./source/control_unit.vhd:863:41:@12980ns:(report note): addi
./source/control_unit.vhd:863:41:@12980ns:(report note): addi
./source/control_unit.vhd:863:41:@12980ns:(report note): addi
./source/control_unit.vhd:863:41:@13us:(report note): addi
./source/control_unit.vhd:863:41:@13us:(report note): addi
./source/control_unit.vhd:863:41:@13us:(report note): addi
./source/control_unit.vhd:863:41:@13020ns:(report note): addi
./source/control_unit.vhd:1557:37:@13020ns:(report note): ebreak
./source/control_unit.vhd:1557:37:@13020ns:(report note): ebreak
./source/control_unit.vhd:1557:37:@13020ns:(report note): ebreak
./source/control_unit.vhd:1562:37:@13040ns:(report note): ecall
./source/control_unit.vhd:1577:25:@13040ns:(report note): Illegal Instruction (0xUUUUUUUUUUUUUUUUUUUUUUUUUUUUUUUU)
./source/control_unit.vhd:1577:25:@13040ns:(report note): Illegal Instruction (0xUUUUUUUUUUUUUUUUUUUUUUUUUUUUUUUU)
../../src/ieee2008/numeric_std-body.vhdl:3036:7:@13040ns:(assertion warning): NUMERIC_STD.TO_INTEGER: metavalue detected, returning 0
../../src/ieee2008/numeric_std-body.vhdl:3036:7:@13040ns:(assertion warning): NUMERIC_STD.TO_INTEGER: metavalue detected, returning 0
./source/control_unit.vhd:1577:25:@13040ns:(report note): Illegal Instruction (0xUUUUUUUUUUUUUUUUUUUUUUUUUUUUUUUU)
simulation finished @13100ns
