In clock cycle: 3
Register Write to Reg: 0x00 Val: 0x00000000
In clock cycle: 4
Register Write to Reg: 0x02 Val: 0x00000001
In clock cycle: 5
Register Write to Reg: 0x05 Val: 0x00000007
In clock cycle: 6
Register Write to Reg: 0x06 Val: 0x00000006
In clock cycle: 7
Register Write to Reg: 0x08 Val: 0x0000002A
In clock cycle: 9
Register Write to Reg: 0x07 Val: 0x0000002A
In clock cycle: 11
Register Write to Reg: 0x02 Val: 0x00000002
In clock cycle: 12
Register Write to Reg: 0x05 Val: 0xFFFFFFF9
In clock cycle: 13
Register Write to Reg: 0x06 Val: 0x00000006
In clock cycle: 14
Register Write to Reg: 0x08 Val: 0xFFFFFFD6
In clock cycle: 16
Register Write to Reg: 0x07 Val: 0xFFFFFFD6
In clock cycle: 18
Register Write to Reg: 0x02 Val: 0x00000003
In clock cycle: 19
Register Write to Reg: 0x05 Val: 0x80000000
In clock cycle: 20
Register Write to Reg: 0x05 Val: 0x80000000
In clock cycle: 21
Register Write to Reg: 0x06 Val: 0x00000002
In clock cycle: 22
Register Write to Reg: 0x08 Val: 0x00000000
In clock cycle: 24
Register Write to Reg: 0x07 Val: 0x00000000
In clock cycle: 26
Register Write to Reg: 0x02 Val: 0x00000004
In clock cycle: 27
Register Write to Reg: 0x05 Val: 0x40000000
In clock cycle: 28
Register Write to Reg: 0x05 Val: 0x40000000
In clock cycle: 29
Register Write to Reg: 0x06 Val: 0x40000000
In clock cycle: 30
Register Write to Reg: 0x06 Val: 0x40000000
In clock cycle: 31
Register Write to Reg: 0x08 Val: 0x10000000
In clock cycle: 32
Register Write to Reg: 0x08 Val: 0x10000000
In clock cycle: 33
Register Write to Reg: 0x07 Val: 0x10000000
In clock cycle: 36
Register Write to Reg: 0x02 Val: 0x00000005
In clock cycle: 37
Register Write to Reg: 0x05 Val: 0x80000000
In clock cycle: 38
Register Write to Reg: 0x05 Val: 0x80000000
In clock cycle: 39
Register Write to Reg: 0x06 Val: 0x00000002
In clock cycle: 40
Register Write to Reg: 0x08 Val: 0xFFFFFFFF
In clock cycle: 42
Register Write to Reg: 0x07 Val: 0xFFFFFFFF
In clock cycle: 44
Register Write to Reg: 0x02 Val: 0x00000006
In clock cycle: 45
Register Write to Reg: 0x05 Val: 0x80000000
In clock cycle: 46
Register Write to Reg: 0x05 Val: 0x7FFFFFFF
In clock cycle: 47
Register Write to Reg: 0x06 Val: 0xFFFFFFFF
In clock cycle: 48
Register Write to Reg: 0x08 Val: 0x80000000
In clock cycle: 49
Register Write to Reg: 0x08 Val: 0x7FFFFFFE
In clock cycle: 50
Register Write to Reg: 0x07 Val: 0x7FFFFFFE
In clock cycle: 53
Register Write to Reg: 0x02 Val: 0x00000007
In clock cycle: 54
Register Write to Reg: 0x05 Val: 0xFFFFFFFF
In clock cycle: 55
Register Write to Reg: 0x06 Val: 0xFFFFFFFF
In clock cycle: 56
Register Write to Reg: 0x08 Val: 0xFFFFFFFE
In clock cycle: 58
Register Write to Reg: 0x07 Val: 0xFFFFFFFE
In clock cycle: 60
Register Write to Reg: 0x02 Val: 0x00000008
In clock cycle: 61
Register Write to Reg: 0x05 Val: 0x00000014
In clock cycle: 62
Register Write to Reg: 0x06 Val: 0x00000005
In clock cycle: 71
Register Write to Reg: 0x08 Val: 0x00000004
In clock cycle: 73
Register Write to Reg: 0x07 Val: 0x00000000
In clock cycle: 76
Register Write to Reg: 0x00 Val: 0x00000000
In clock cycle: 77
Register Write to Reg: 0x01 Val: 0x00000001
In clock cycle: 78
Register Write to Reg: 0x00 Val: 0x0040020C
In clock cycle: 80
Register Write to Reg: 0x00 Val: 0x00000000
Execution stopped at cycle 81
