[inst #1] addi x2,x0,1
Register Write to Reg: 0x02 Val: 0x00000001
[inst #2] addi x5,x0,7
Register Write to Reg: 0x05 Val: 0x00000007
[inst #3] addi x6,x0,6
Register Write to Reg: 0x06 Val: 0x00000006
[inst #4] addi x8,x0,42
Register Write to Reg: 0x08 Val: 0x0000002A
[inst #5] mul x7,x5,x6
Register Write to Reg: 0x07 Val: 0x0000002A
[inst #6] bne x7,x8,544
[inst #7] addi x2,x0,2
Register Write to Reg: 0x02 Val: 0x00000002
[inst #8] addi x5,x0,-7
Register Write to Reg: 0x05 Val: 0xFFFFFFF9
[inst #9] addi x6,x0,6
Register Write to Reg: 0x06 Val: 0x00000006
[inst #10] addi x8,x0,-42
Register Write to Reg: 0x08 Val: 0xFFFFFFD6
[inst #11] mul x7,x5,x6
Register Write to Reg: 0x07 Val: 0xFFFFFFD6
[inst #12] bne x7,x8,520
[inst #13] addi x2,x0,3
Register Write to Reg: 0x02 Val: 0x00000003
[inst #14] lui x5,-524288
Register Write to Reg: 0x05 Val: 0x80000000
[inst #15] addi x5,x5,0
Register Write to Reg: 0x05 Val: 0x80000000
[inst #16] addi x6,x0,2
Register Write to Reg: 0x06 Val: 0x00000002
[inst #17] addi x8,x0,0
Register Write to Reg: 0x08 Val: 0x00000000
[inst #18] mul x7,x5,x6
Register Write to Reg: 0x07 Val: 0x00000000
[inst #19] bne x7,x8,492
[inst #20] addi x2,x0,4
Register Write to Reg: 0x02 Val: 0x00000004
[inst #21] lui x5,262144
Register Write to Reg: 0x05 Val: 0x40000000
[inst #22] addi x5,x5,0
Register Write to Reg: 0x05 Val: 0x40000000
[inst #23] lui x6,262144
Register Write to Reg: 0x06 Val: 0x40000000
[inst #24] addi x6,x6,0
Register Write to Reg: 0x06 Val: 0x40000000
[inst #25] lui x8,65536
Register Write to Reg: 0x08 Val: 0x10000000
[inst #26] addi x8,x8,0
Register Write to Reg: 0x08 Val: 0x10000000
[inst #27] mulh x7,x5,x6
Register Write to Reg: 0x07 Val: 0x10000000
[inst #28] bne x7,x8,456
[inst #29] addi x2,x0,5
Register Write to Reg: 0x02 Val: 0x00000005
[inst #30] lui x5,-524288
Register Write to Reg: 0x05 Val: 0x80000000
[inst #31] addi x5,x5,0
Register Write to Reg: 0x05 Val: 0x80000000
[inst #32] addi x6,x0,2
Register Write to Reg: 0x06 Val: 0x00000002
[inst #33] addi x8,x0,-1
Register Write to Reg: 0x08 Val: 0xFFFFFFFF
[inst #34] mulh x7,x5,x6
Register Write to Reg: 0x07 Val: 0xFFFFFFFF
[inst #35] bne x7,x8,428
[inst #36] addi x2,x0,6
Register Write to Reg: 0x02 Val: 0x00000006
[inst #37] lui x5,524288
Register Write to Reg: 0x05 Val: 0x80000000
[inst #38] addi x5,x5,-1
Register Write to Reg: 0x05 Val: 0x7FFFFFFF
[inst #39] addi x6,x0,-1
Register Write to Reg: 0x06 Val: 0xFFFFFFFF
[inst #40] lui x8,524288
Register Write to Reg: 0x08 Val: 0x80000000
[inst #41] addi x8,x8,-2
Register Write to Reg: 0x08 Val: 0x7FFFFFFE
[inst #42] mulhsu x7,x5,x6
Register Write to Reg: 0x07 Val: 0x7FFFFFFE
[inst #43] bne x7,x8,396
[inst #44] addi x2,x0,7
Register Write to Reg: 0x02 Val: 0x00000007
[inst #45] addi x5,x0,-1
Register Write to Reg: 0x05 Val: 0xFFFFFFFF
[inst #46] addi x6,x0,-1
Register Write to Reg: 0x06 Val: 0xFFFFFFFF
[inst #47] addi x8,x0,-2
Register Write to Reg: 0x08 Val: 0xFFFFFFFE
[inst #48] mulhu x7,x5,x6
Register Write to Reg: 0x07 Val: 0xFFFFFFFE
[inst #49] bne x7,x8,372
[inst #50] addi x2,x0,8
Register Write to Reg: 0x02 Val: 0x00000008
[inst #51] addi x5,x0,20
Register Write to Reg: 0x05 Val: 0x00000014
[inst #52] addi x6,x0,5
Register Write to Reg: 0x06 Val: 0x00000005
[inst #53] addi x8,x0,4
Register Write to Reg: 0x08 Val: 0x00000004
[inst #54] div x7,x5,x6
Register Write to Reg: 0x07 Val: 0x00000004
[inst #55] bne x7,x8,348
[inst #56] addi x2,x0,9
Register Write to Reg: 0x02 Val: 0x00000009
[inst #57] addi x5,x0,-20
Register Write to Reg: 0x05 Val: 0xFFFFFFEC
[inst #58] addi x6,x0,5
Register Write to Reg: 0x06 Val: 0x00000005
[inst #59] addi x8,x0,-4
Register Write to Reg: 0x08 Val: 0xFFFFFFFC
[inst #60] div x7,x5,x6
Register Write to Reg: 0x07 Val: 0xFFFFFFFC
[inst #61] bne x7,x8,324
[inst #62] addi x2,x0,10
Register Write to Reg: 0x02 Val: 0x0000000A
[inst #63] lui x5,-524288
Register Write to Reg: 0x05 Val: 0x80000000
[inst #64] addi x5,x5,0
Register Write to Reg: 0x05 Val: 0x80000000
[inst #65] addi x6,x0,-1
Register Write to Reg: 0x06 Val: 0xFFFFFFFF
[inst #66] lui x8,-524288
Register Write to Reg: 0x08 Val: 0x80000000
[inst #67] addi x8,x8,0
Register Write to Reg: 0x08 Val: 0x80000000
[inst #68] div x7,x5,x6
Register Write to Reg: 0x07 Val: 0x80000000
[inst #69] bne x7,x8,292
[inst #70] addi x2,x0,11
Register Write to Reg: 0x02 Val: 0x0000000B
[inst #71] addi x5,x0,123
Register Write to Reg: 0x05 Val: 0x0000007B
[inst #72] addi x6,x0,0
Register Write to Reg: 0x06 Val: 0x00000000
[inst #73] addi x8,x0,-1
Register Write to Reg: 0x08 Val: 0xFFFFFFFF
[inst #74] div x7,x5,x6
Register Write to Reg: 0x07 Val: 0xFFFFFFFF
[inst #75] bne x7,x8,268
[inst #76] addi x2,x0,12
Register Write to Reg: 0x02 Val: 0x0000000C
[inst #77] addi x5,x0,-2
Register Write to Reg: 0x05 Val: 0xFFFFFFFE
[inst #78] addi x6,x0,2
Register Write to Reg: 0x06 Val: 0x00000002
[inst #79] lui x8,524288
Register Write to Reg: 0x08 Val: 0x80000000
[inst #80] addi x8,x8,-1
Register Write to Reg: 0x08 Val: 0x7FFFFFFF
[inst #81] divu x7,x5,x6
Register Write to Reg: 0x07 Val: 0x7FFFFFFF
[inst #82] bne x7,x8,240
[inst #83] addi x2,x0,13
Register Write to Reg: 0x02 Val: 0x0000000D
[inst #84] lui x5,74565
Register Write to Reg: 0x05 Val: 0x12345000
[inst #85] addi x5,x5,1656
Register Write to Reg: 0x05 Val: 0x12345678
[inst #86] addi x6,x0,0
Register Write to Reg: 0x06 Val: 0x00000000
[inst #87] addi x8,x0,-1
Register Write to Reg: 0x08 Val: 0xFFFFFFFF
[inst #88] divu x7,x5,x6
Register Write to Reg: 0x07 Val: 0xFFFFFFFF
[inst #89] bne x7,x8,212
[inst #90] addi x2,x0,14
Register Write to Reg: 0x02 Val: 0x0000000E
[inst #91] addi x5,x0,20
Register Write to Reg: 0x05 Val: 0x00000014
[inst #92] addi x6,x0,6
Register Write to Reg: 0x06 Val: 0x00000006
[inst #93] addi x8,x0,2
Register Write to Reg: 0x08 Val: 0x00000002
[inst #94] rem x7,x5,x6
Register Write to Reg: 0x07 Val: 0x00000002
[inst #95] bne x7,x8,188
[inst #96] addi x2,x0,15
Register Write to Reg: 0x02 Val: 0x0000000F
[inst #97] addi x5,x0,-20
Register Write to Reg: 0x05 Val: 0xFFFFFFEC
[inst #98] addi x6,x0,6
Register Write to Reg: 0x06 Val: 0x00000006
[inst #99] addi x8,x0,-2
Register Write to Reg: 0x08 Val: 0xFFFFFFFE
[inst #100] rem x7,x5,x6
Register Write to Reg: 0x07 Val: 0xFFFFFFFE
[inst #101] bne x7,x8,164
[inst #102] addi x2,x0,16
Register Write to Reg: 0x02 Val: 0x00000010
[inst #103] lui x5,-524288
Register Write to Reg: 0x05 Val: 0x80000000
[inst #104] addi x5,x5,0
Register Write to Reg: 0x05 Val: 0x80000000
[inst #105] addi x6,x0,-1
Register Write to Reg: 0x06 Val: 0xFFFFFFFF
[inst #106] addi x8,x0,0
Register Write to Reg: 0x08 Val: 0x00000000
[inst #107] rem x7,x5,x6
Register Write to Reg: 0x07 Val: 0x00000000
[inst #108] bne x7,x8,136
[inst #109] addi x2,x0,17
Register Write to Reg: 0x02 Val: 0x00000011
[inst #110] addi x5,x0,-123
Register Write to Reg: 0x05 Val: 0xFFFFFF85
[inst #111] addi x6,x0,0
Register Write to Reg: 0x06 Val: 0x00000000
[inst #112] addi x8,x0,-123
Register Write to Reg: 0x08 Val: 0xFFFFFF85
[inst #113] rem x7,x5,x6
Register Write to Reg: 0x07 Val: 0xFFFFFF85
[inst #114] bne x7,x8,112
[inst #115] addi x2,x0,18
Register Write to Reg: 0x02 Val: 0x00000012
[inst #116] addi x5,x0,-2
Register Write to Reg: 0x05 Val: 0xFFFFFFFE
[inst #117] addi x6,x0,3
Register Write to Reg: 0x06 Val: 0x00000003
[inst #118] addi x8,x0,2
Register Write to Reg: 0x08 Val: 0x00000002
[inst #119] remu x7,x5,x6
Register Write to Reg: 0x07 Val: 0x00000002
[inst #120] bne x7,x8,88
[inst #121] addi x2,x0,19
Register Write to Reg: 0x02 Val: 0x00000013
[inst #122] lui x5,74565
Register Write to Reg: 0x05 Val: 0x12345000
[inst #123] addi x5,x5,1656
Register Write to Reg: 0x05 Val: 0x12345678
[inst #124] addi x6,x0,0
Register Write to Reg: 0x06 Val: 0x00000000
[inst #125] lui x8,74565
Register Write to Reg: 0x08 Val: 0x12345000
[inst #126] addi x8,x8,1656
Register Write to Reg: 0x08 Val: 0x12345678
[inst #127] remu x7,x5,x6
Register Write to Reg: 0x07 Val: 0x12345678
[inst #128] bne x7,x8,56
[inst #129] addi x2,x0,20
Register Write to Reg: 0x02 Val: 0x00000014
[inst #130] addi x5,x0,-20
Register Write to Reg: 0x05 Val: 0xFFFFFFEC
[inst #131] addi x6,x0,5
Register Write to Reg: 0x06 Val: 0x00000005
[inst #132] addi x8,x0,0
Register Write to Reg: 0x08 Val: 0x00000000
[inst #133] rem x7,x5,x6
Register Write to Reg: 0x07 Val: 0x00000000
[inst #134] bne x7,x8,32
[inst #135] addi x2,x0,21
Register Write to Reg: 0x02 Val: 0x00000015
[inst #136] addi x5,x0,20
Register Write to Reg: 0x05 Val: 0x00000014
[inst #137] addi x6,x0,-5
Register Write to Reg: 0x06 Val: 0xFFFFFFFB
[inst #138] addi x8,x0,0
Register Write to Reg: 0x08 Val: 0x00000000
[inst #139] remu x7,x5,x6
Register Write to Reg: 0x07 Val: 0x00000014
[inst #140] bne x7,x8,8
[inst #141] addi x1,x0,1
Register Write to Reg: 0x01 Val: 0x00000001
[inst #142] jal x0,8
Register Write to Reg: 0x00 Val: 0x0040023C
[inst #143] ebreak 

Program terminated by dropping off the bottom.
