[inst #6] auipc   s0,0xfc10
Register Write to Reg: 0x08 Val: 0x10010000
[inst #7] mv      s0,s0
Register Write to Reg: 0x08 Val: 0x10010000
[inst #8] auipc   s5,0xfc10
Register Write to Reg: 0x15 Val: 0x10010008
[inst #9] addi    s5,s5,68
Register Write to Reg: 0x15 Val: 0x1001004c
[inst #10] lw      s5,0(s5)
Register Write to Reg: 0x15 Val: 0x00000013
[inst #11] li      s2,1
Register Write to Reg: 0x12 Val: 0x00000001
[inst #12] sw      s2,0(s0)
Memory Write to Addr: 0x10010000 Val: 0x00000001
[inst #13] sw      s2,4(s0)
Memory Write to Addr: 0x10010004 Val: 0x00000001
[inst #14] addi    s1,s5,-2
Register Write to Reg: 0x09 Val: 0x00000011
[inst #15] lw      s3,0(s0)
Register Write to Reg: 0x13 Val: 0x00000001
[inst #16] lw      s4,4(s0)
Register Write to Reg: 0x14 Val: 0x00000001
[inst #17] add     s2,s3,s4
Register Write to Reg: 0x12 Val: 0x00000002
[inst #18] sw      s2,8(s0)
Memory Write to Addr: 0x10010008 Val: 0x00000002
[inst #19] addi    s0,s0,4
Register Write to Reg: 0x08 Val: 0x10010004
[inst #20] addi    s1,s1,-1
Register Write to Reg: 0x09 Val: 0x00000010
[inst #21] bnez    s1,pc - 24
[inst #22] lw      s3,0(s0)
Register Write to Reg: 0x13 Val: 0x00000001
[inst #23] lw      s4,4(s0)
Register Write to Reg: 0x14 Val: 0x00000002
[inst #24] add     s2,s3,s4
Register Write to Reg: 0x12 Val: 0x00000003
[inst #25] sw      s2,8(s0)
Memory Write to Addr: 0x1001000c Val: 0x00000003
[inst #26] addi    s0,s0,4
Register Write to Reg: 0x08 Val: 0x10010008
[inst #27] addi    s1,s1,-1
Register Write to Reg: 0x09 Val: 0x0000000f
[inst #28] bnez    s1,pc - 24
[inst #29] lw      s3,0(s0)
Register Write to Reg: 0x13 Val: 0x00000002
[inst #30] lw      s4,4(s0)
Register Write to Reg: 0x14 Val: 0x00000003
[inst #31] add     s2,s3,s4
Register Write to Reg: 0x12 Val: 0x00000005
[inst #32] sw      s2,8(s0)
Memory Write to Addr: 0x10010010 Val: 0x00000005
[inst #33] addi    s0,s0,4
Register Write to Reg: 0x08 Val: 0x1001000c
[inst #34] addi    s1,s1,-1
Register Write to Reg: 0x09 Val: 0x0000000e
[inst #35] bnez    s1,pc - 24
[inst #36] lw      s3,0(s0)
Register Write to Reg: 0x13 Val: 0x00000003
[inst #37] lw      s4,4(s0)
Register Write to Reg: 0x14 Val: 0x00000005
[inst #38] add     s2,s3,s4
Register Write to Reg: 0x12 Val: 0x00000008
[inst #39] sw      s2,8(s0)
Memory Write to Addr: 0x10010014 Val: 0x00000008
[inst #40] addi    s0,s0,4
Register Write to Reg: 0x08 Val: 0x10010010
[inst #41] addi    s1,s1,-1
Register Write to Reg: 0x09 Val: 0x0000000d
[inst #42] bnez    s1,pc - 24
[inst #43] lw      s3,0(s0)
Register Write to Reg: 0x13 Val: 0x00000005
[inst #44] lw      s4,4(s0)
Register Write to Reg: 0x14 Val: 0x00000008
[inst #45] add     s2,s3,s4
Register Write to Reg: 0x12 Val: 0x0000000d
[inst #46] sw      s2,8(s0)
Memory Write to Addr: 0x10010018 Val: 0x0000000d
[inst #47] addi    s0,s0,4
Register Write to Reg: 0x08 Val: 0x10010014
[inst #48] addi    s1,s1,-1
Register Write to Reg: 0x09 Val: 0x0000000c
[inst #49] bnez    s1,pc - 24
[inst #50] lw      s3,0(s0)
Register Write to Reg: 0x13 Val: 0x00000008
[inst #51] lw      s4,4(s0)
Register Write to Reg: 0x14 Val: 0x0000000d
[inst #52] add     s2,s3,s4
Register Write to Reg: 0x12 Val: 0x00000015
[inst #53] sw      s2,8(s0)
Memory Write to Addr: 0x1001001c Val: 0x00000015
[inst #54] addi    s0,s0,4
Register Write to Reg: 0x08 Val: 0x10010018
[inst #55] addi    s1,s1,-1
Register Write to Reg: 0x09 Val: 0x0000000b
[inst #56] bnez    s1,pc - 24
[inst #57] lw      s3,0(s0)
Register Write to Reg: 0x13 Val: 0x0000000d
[inst #58] lw      s4,4(s0)
Register Write to Reg: 0x14 Val: 0x00000015
[inst #59] add     s2,s3,s4
Register Write to Reg: 0x12 Val: 0x00000022
[inst #60] sw      s2,8(s0)
Memory Write to Addr: 0x10010020 Val: 0x00000022
[inst #61] addi    s0,s0,4
Register Write to Reg: 0x08 Val: 0x1001001c
[inst #62] addi    s1,s1,-1
Register Write to Reg: 0x09 Val: 0x0000000a
[inst #63] bnez    s1,pc - 24
[inst #64] lw      s3,0(s0)
Register Write to Reg: 0x13 Val: 0x00000015
[inst #65] lw      s4,4(s0)
Register Write to Reg: 0x14 Val: 0x00000022
[inst #66] add     s2,s3,s4
Register Write to Reg: 0x12 Val: 0x00000037
[inst #67] sw      s2,8(s0)
Memory Write to Addr: 0x10010024 Val: 0x00000037
[inst #68] addi    s0,s0,4
Register Write to Reg: 0x08 Val: 0x10010020
[inst #69] addi    s1,s1,-1
Register Write to Reg: 0x09 Val: 0x00000009
[inst #70] bnez    s1,pc - 24
[inst #71] lw      s3,0(s0)
Register Write to Reg: 0x13 Val: 0x00000022
[inst #72] lw      s4,4(s0)
Register Write to Reg: 0x14 Val: 0x00000037
[inst #73] add     s2,s3,s4
Register Write to Reg: 0x12 Val: 0x00000059
[inst #74] sw      s2,8(s0)
Memory Write to Addr: 0x10010028 Val: 0x00000059
[inst #75] addi    s0,s0,4
Register Write to Reg: 0x08 Val: 0x10010024
[inst #76] addi    s1,s1,-1
Register Write to Reg: 0x09 Val: 0x00000008
[inst #77] bnez    s1,pc - 24
[inst #78] lw      s3,0(s0)
Register Write to Reg: 0x13 Val: 0x00000037
[inst #79] lw      s4,4(s0)
Register Write to Reg: 0x14 Val: 0x00000059
[inst #80] add     s2,s3,s4
Register Write to Reg: 0x12 Val: 0x00000090
[inst #81] sw      s2,8(s0)
Memory Write to Addr: 0x1001002c Val: 0x00000090
[inst #82] addi    s0,s0,4
Register Write to Reg: 0x08 Val: 0x10010028
[inst #83] addi    s1,s1,-1
Register Write to Reg: 0x09 Val: 0x00000007
[inst #84] bnez    s1,pc - 24
[inst #85] lw      s3,0(s0)
Register Write to Reg: 0x13 Val: 0x00000059
[inst #86] lw      s4,4(s0)
Register Write to Reg: 0x14 Val: 0x00000090
[inst #87] add     s2,s3,s4
Register Write to Reg: 0x12 Val: 0x000000e9
[inst #88] sw      s2,8(s0)
Memory Write to Addr: 0x10010030 Val: 0x000000e9
[inst #89] addi    s0,s0,4
Register Write to Reg: 0x08 Val: 0x1001002c
[inst #90] addi    s1,s1,-1
Register Write to Reg: 0x09 Val: 0x00000006
[inst #91] bnez    s1,pc - 24
[inst #92] lw      s3,0(s0)
Register Write to Reg: 0x13 Val: 0x00000090
[inst #93] lw      s4,4(s0)
Register Write to Reg: 0x14 Val: 0x000000e9
[inst #94] add     s2,s3,s4
Register Write to Reg: 0x12 Val: 0x00000179
[inst #95] sw      s2,8(s0)
Memory Write to Addr: 0x10010034 Val: 0x00000179
[inst #96] addi    s0,s0,4
Register Write to Reg: 0x08 Val: 0x10010030
[inst #97] addi    s1,s1,-1
Register Write to Reg: 0x09 Val: 0x00000005
[inst #98] bnez    s1,pc - 24
[inst #99] lw      s3,0(s0)
Register Write to Reg: 0x13 Val: 0x000000e9
[inst #100] lw      s4,4(s0)
Register Write to Reg: 0x14 Val: 0x00000179
[inst #101] add     s2,s3,s4
Register Write to Reg: 0x12 Val: 0x00000262
[inst #102] sw      s2,8(s0)
Memory Write to Addr: 0x10010038 Val: 0x00000262
[inst #103] addi    s0,s0,4
Register Write to Reg: 0x08 Val: 0x10010034
[inst #104] addi    s1,s1,-1
Register Write to Reg: 0x09 Val: 0x00000004
[inst #105] bnez    s1,pc - 24
[inst #106] lw      s3,0(s0)
Register Write to Reg: 0x13 Val: 0x00000179
[inst #107] lw      s4,4(s0)
Register Write to Reg: 0x14 Val: 0x00000262
[inst #108] add     s2,s3,s4
Register Write to Reg: 0x12 Val: 0x000003db
[inst #109] sw      s2,8(s0)
Memory Write to Addr: 0x1001003c Val: 0x000003db
[inst #110] addi    s0,s0,4
Register Write to Reg: 0x08 Val: 0x10010038
[inst #111] addi    s1,s1,-1
Register Write to Reg: 0x09 Val: 0x00000003
[inst #112] bnez    s1,pc - 24
[inst #113] lw      s3,0(s0)
Register Write to Reg: 0x13 Val: 0x00000262
[inst #114] lw      s4,4(s0)
Register Write to Reg: 0x14 Val: 0x000003db
[inst #115] add     s2,s3,s4
Register Write to Reg: 0x12 Val: 0x0000063d
[inst #116] sw      s2,8(s0)
Memory Write to Addr: 0x10010040 Val: 0x0000063d
[inst #117] addi    s0,s0,4
Register Write to Reg: 0x08 Val: 0x1001003c
[inst #118] addi    s1,s1,-1
Register Write to Reg: 0x09 Val: 0x00000002
[inst #119] bnez    s1,pc - 24
[inst #120] lw      s3,0(s0)
Register Write to Reg: 0x13 Val: 0x000003db
[inst #121] lw      s4,4(s0)
Register Write to Reg: 0x14 Val: 0x0000063d
[inst #122] add     s2,s3,s4
Register Write to Reg: 0x12 Val: 0x00000a18
[inst #123] sw      s2,8(s0)
Memory Write to Addr: 0x10010044 Val: 0x00000a18
[inst #124] addi    s0,s0,4
Register Write to Reg: 0x08 Val: 0x10010040
[inst #125] addi    s1,s1,-1
Register Write to Reg: 0x09 Val: 0x00000001
[inst #126] bnez    s1,pc - 24
[inst #127] lw      s3,0(s0)
Register Write to Reg: 0x13 Val: 0x0000063d
[inst #128] lw      s4,4(s0)
Register Write to Reg: 0x14 Val: 0x00000a18
[inst #129] add     s2,s3,s4
Register Write to Reg: 0x12 Val: 0x00001055
[inst #130] sw      s2,8(s0)
Memory Write to Addr: 0x10010048 Val: 0x00001055
[inst #131] addi    s0,s0,4
Register Write to Reg: 0x08 Val: 0x10010044
[inst #132] addi    s1,s1,-1
Register Write to Reg: 0x09 Val: 0x00000000
[inst #133] bnez    s1,pc - 24
[inst #134] auipc   a0,0xfc10
Register Write to Reg: 0x0a Val: 0x10010040
[inst #135] addi    a0,a0,-64
Register Write to Reg: 0x0a Val: 0x10010000
[inst #136] add     a1,zero,s5
Register Write to Reg: 0x0b Val: 0x00000013
[inst #137] jal     pc + 0x8
Register Write to Reg: 0x01 Val: 0x00400050
[inst #138] add     t0,zero,a0
Register Write to Reg: 0x05 Val: 0x10010000
[inst #139] add     t1,zero,a1
Register Write to Reg: 0x06 Val: 0x00000013
[inst #140] auipc   a0,0xfc10
Register Write to Reg: 0x0a Val: 0x1001005c
[inst #141] addi    a0,a0,45
Register Write to Reg: 0x0a Val: 0x10010089
[inst #142] ori     a7,zero,4
Register Write to Reg: 0x11 Val: 0x00000004
[inst #143] lw      a0,0(t0)
Register Write to Reg: 0x0a Val: 0x00000001
[inst #144] ori     a7,zero,1
Register Write to Reg: 0x11 Val: 0x00000001
[inst #145] auipc   a0,0xfc10
Register Write to Reg: 0x0a Val: 0x10010070
[inst #146] addi    a0,a0,23
Register Write to Reg: 0x0a Val: 0x10010087
[inst #147] ori     a7,zero,4
Register Write to Reg: 0x11 Val: 0x00000004
[inst #148] addi    t0,t0,4
Register Write to Reg: 0x05 Val: 0x10010004
[inst #149] addi    t1,t1,-1
Register Write to Reg: 0x06 Val: 0x00000012
[inst #150] bnez    t1,pc - 28
[inst #151] lw      a0,0(t0)
Register Write to Reg: 0x0a Val: 0x00000001
[inst #152] ori     a7,zero,1
Register Write to Reg: 0x11 Val: 0x00000001
[inst #153] auipc   a0,0xfc10
Register Write to Reg: 0x0a Val: 0x10010070
[inst #154] addi    a0,a0,23
Register Write to Reg: 0x0a Val: 0x10010087
[inst #155] ori     a7,zero,4
Register Write to Reg: 0x11 Val: 0x00000004
[inst #156] addi    t0,t0,4
Register Write to Reg: 0x05 Val: 0x10010008
[inst #157] addi    t1,t1,-1
Register Write to Reg: 0x06 Val: 0x00000011
[inst #158] bnez    t1,pc - 28
[inst #159] lw      a0,0(t0)
Register Write to Reg: 0x0a Val: 0x00000002
[inst #160] ori     a7,zero,1
Register Write to Reg: 0x11 Val: 0x00000001
[inst #161] auipc   a0,0xfc10
Register Write to Reg: 0x0a Val: 0x10010070
[inst #162] addi    a0,a0,23
Register Write to Reg: 0x0a Val: 0x10010087
[inst #163] ori     a7,zero,4
Register Write to Reg: 0x11 Val: 0x00000004
[inst #164] addi    t0,t0,4
Register Write to Reg: 0x05 Val: 0x1001000c
[inst #165] addi    t1,t1,-1
Register Write to Reg: 0x06 Val: 0x00000010
[inst #166] bnez    t1,pc - 28
[inst #167] lw      a0,0(t0)
Register Write to Reg: 0x0a Val: 0x00000003
[inst #168] ori     a7,zero,1
Register Write to Reg: 0x11 Val: 0x00000001
[inst #169] auipc   a0,0xfc10
Register Write to Reg: 0x0a Val: 0x10010070
[inst #170] addi    a0,a0,23
Register Write to Reg: 0x0a Val: 0x10010087
[inst #171] ori     a7,zero,4
Register Write to Reg: 0x11 Val: 0x00000004
[inst #172] addi    t0,t0,4
Register Write to Reg: 0x05 Val: 0x10010010
[inst #173] addi    t1,t1,-1
Register Write to Reg: 0x06 Val: 0x0000000f
[inst #174] bnez    t1,pc - 28
[inst #175] lw      a0,0(t0)
Register Write to Reg: 0x0a Val: 0x00000005
[inst #176] ori     a7,zero,1
Register Write to Reg: 0x11 Val: 0x00000001
[inst #177] auipc   a0,0xfc10
Register Write to Reg: 0x0a Val: 0x10010070
[inst #178] addi    a0,a0,23
Register Write to Reg: 0x0a Val: 0x10010087
[inst #179] ori     a7,zero,4
Register Write to Reg: 0x11 Val: 0x00000004
[inst #180] addi    t0,t0,4
Register Write to Reg: 0x05 Val: 0x10010014
[inst #181] addi    t1,t1,-1
Register Write to Reg: 0x06 Val: 0x0000000e
[inst #182] bnez    t1,pc - 28
[inst #183] lw      a0,0(t0)
Register Write to Reg: 0x0a Val: 0x00000008
[inst #184] ori     a7,zero,1
Register Write to Reg: 0x11 Val: 0x00000001
[inst #185] auipc   a0,0xfc10
Register Write to Reg: 0x0a Val: 0x10010070
[inst #186] addi    a0,a0,23
Register Write to Reg: 0x0a Val: 0x10010087
[inst #187] ori     a7,zero,4
Register Write to Reg: 0x11 Val: 0x00000004
[inst #188] addi    t0,t0,4
Register Write to Reg: 0x05 Val: 0x10010018
[inst #189] addi    t1,t1,-1
Register Write to Reg: 0x06 Val: 0x0000000d
[inst #190] bnez    t1,pc - 28
[inst #191] lw      a0,0(t0)
Register Write to Reg: 0x0a Val: 0x0000000d
[inst #192] ori     a7,zero,1
Register Write to Reg: 0x11 Val: 0x00000001
[inst #193] auipc   a0,0xfc10
Register Write to Reg: 0x0a Val: 0x10010070
[inst #194] addi    a0,a0,23
Register Write to Reg: 0x0a Val: 0x10010087
[inst #195] ori     a7,zero,4
Register Write to Reg: 0x11 Val: 0x00000004
[inst #196] addi    t0,t0,4
Register Write to Reg: 0x05 Val: 0x1001001c
[inst #197] addi    t1,t1,-1
Register Write to Reg: 0x06 Val: 0x0000000c
[inst #198] bnez    t1,pc - 28
[inst #199] lw      a0,0(t0)
Register Write to Reg: 0x0a Val: 0x00000015
[inst #200] ori     a7,zero,1
Register Write to Reg: 0x11 Val: 0x00000001
[inst #201] auipc   a0,0xfc10
Register Write to Reg: 0x0a Val: 0x10010070
[inst #202] addi    a0,a0,23
Register Write to Reg: 0x0a Val: 0x10010087
[inst #203] ori     a7,zero,4
Register Write to Reg: 0x11 Val: 0x00000004
[inst #204] addi    t0,t0,4
Register Write to Reg: 0x05 Val: 0x10010020
[inst #205] addi    t1,t1,-1
Register Write to Reg: 0x06 Val: 0x0000000b
[inst #206] bnez    t1,pc - 28
[inst #207] lw      a0,0(t0)
Register Write to Reg: 0x0a Val: 0x00000022
[inst #208] ori     a7,zero,1
Register Write to Reg: 0x11 Val: 0x00000001
[inst #209] auipc   a0,0xfc10
Register Write to Reg: 0x0a Val: 0x10010070
[inst #210] addi    a0,a0,23
Register Write to Reg: 0x0a Val: 0x10010087
[inst #211] ori     a7,zero,4
Register Write to Reg: 0x11 Val: 0x00000004
[inst #212] addi    t0,t0,4
Register Write to Reg: 0x05 Val: 0x10010024
[inst #213] addi    t1,t1,-1
Register Write to Reg: 0x06 Val: 0x0000000a
[inst #214] bnez    t1,pc - 28
[inst #215] lw      a0,0(t0)
Register Write to Reg: 0x0a Val: 0x00000037
[inst #216] ori     a7,zero,1
Register Write to Reg: 0x11 Val: 0x00000001
[inst #217] auipc   a0,0xfc10
Register Write to Reg: 0x0a Val: 0x10010070
[inst #218] addi    a0,a0,23
Register Write to Reg: 0x0a Val: 0x10010087
[inst #219] ori     a7,zero,4
Register Write to Reg: 0x11 Val: 0x00000004
[inst #220] addi    t0,t0,4
Register Write to Reg: 0x05 Val: 0x10010028
[inst #221] addi    t1,t1,-1
Register Write to Reg: 0x06 Val: 0x00000009
[inst #222] bnez    t1,pc - 28
[inst #223] lw      a0,0(t0)
Register Write to Reg: 0x0a Val: 0x00000059
[inst #224] ori     a7,zero,1
Register Write to Reg: 0x11 Val: 0x00000001
[inst #225] auipc   a0,0xfc10
Register Write to Reg: 0x0a Val: 0x10010070
[inst #226] addi    a0,a0,23
Register Write to Reg: 0x0a Val: 0x10010087
[inst #227] ori     a7,zero,4
Register Write to Reg: 0x11 Val: 0x00000004
[inst #228] addi    t0,t0,4
Register Write to Reg: 0x05 Val: 0x1001002c
[inst #229] addi    t1,t1,-1
Register Write to Reg: 0x06 Val: 0x00000008
[inst #230] bnez    t1,pc - 28
[inst #231] lw      a0,0(t0)
Register Write to Reg: 0x0a Val: 0x00000090
[inst #232] ori     a7,zero,1
Register Write to Reg: 0x11 Val: 0x00000001
[inst #233] auipc   a0,0xfc10
Register Write to Reg: 0x0a Val: 0x10010070
[inst #234] addi    a0,a0,23
Register Write to Reg: 0x0a Val: 0x10010087
[inst #235] ori     a7,zero,4
Register Write to Reg: 0x11 Val: 0x00000004
[inst #236] addi    t0,t0,4
Register Write to Reg: 0x05 Val: 0x10010030
[inst #237] addi    t1,t1,-1
Register Write to Reg: 0x06 Val: 0x00000007
[inst #238] bnez    t1,pc - 28
[inst #239] lw      a0,0(t0)
Register Write to Reg: 0x0a Val: 0x000000e9
[inst #240] ori     a7,zero,1
Register Write to Reg: 0x11 Val: 0x00000001
[inst #241] auipc   a0,0xfc10
Register Write to Reg: 0x0a Val: 0x10010070
[inst #242] addi    a0,a0,23
Register Write to Reg: 0x0a Val: 0x10010087
[inst #243] ori     a7,zero,4
Register Write to Reg: 0x11 Val: 0x00000004
[inst #244] addi    t0,t0,4
Register Write to Reg: 0x05 Val: 0x10010034
[inst #245] addi    t1,t1,-1
Register Write to Reg: 0x06 Val: 0x00000006
[inst #246] bnez    t1,pc - 28
[inst #247] lw      a0,0(t0)
Register Write to Reg: 0x0a Val: 0x00000179
[inst #248] ori     a7,zero,1
Register Write to Reg: 0x11 Val: 0x00000001
[inst #249] auipc   a0,0xfc10
Register Write to Reg: 0x0a Val: 0x10010070
[inst #250] addi    a0,a0,23
Register Write to Reg: 0x0a Val: 0x10010087
[inst #251] ori     a7,zero,4
Register Write to Reg: 0x11 Val: 0x00000004
[inst #252] addi    t0,t0,4
Register Write to Reg: 0x05 Val: 0x10010038
[inst #253] addi    t1,t1,-1
Register Write to Reg: 0x06 Val: 0x00000005
[inst #254] bnez    t1,pc - 28
[inst #255] lw      a0,0(t0)
Register Write to Reg: 0x0a Val: 0x00000262
[inst #256] ori     a7,zero,1
Register Write to Reg: 0x11 Val: 0x00000001
[inst #257] auipc   a0,0xfc10
Register Write to Reg: 0x0a Val: 0x10010070
[inst #258] addi    a0,a0,23
Register Write to Reg: 0x0a Val: 0x10010087
[inst #259] ori     a7,zero,4
Register Write to Reg: 0x11 Val: 0x00000004
[inst #260] addi    t0,t0,4
Register Write to Reg: 0x05 Val: 0x1001003c
[inst #261] addi    t1,t1,-1
Register Write to Reg: 0x06 Val: 0x00000004
[inst #262] bnez    t1,pc - 28
[inst #263] lw      a0,0(t0)
Register Write to Reg: 0x0a Val: 0x000003db
[inst #264] ori     a7,zero,1
Register Write to Reg: 0x11 Val: 0x00000001
[inst #265] auipc   a0,0xfc10
Register Write to Reg: 0x0a Val: 0x10010070
[inst #266] addi    a0,a0,23
Register Write to Reg: 0x0a Val: 0x10010087
[inst #267] ori     a7,zero,4
Register Write to Reg: 0x11 Val: 0x00000004
[inst #268] addi    t0,t0,4
Register Write to Reg: 0x05 Val: 0x10010040
[inst #269] addi    t1,t1,-1
Register Write to Reg: 0x06 Val: 0x00000003
[inst #270] bnez    t1,pc - 28
[inst #271] lw      a0,0(t0)
Register Write to Reg: 0x0a Val: 0x0000063d
[inst #272] ori     a7,zero,1
Register Write to Reg: 0x11 Val: 0x00000001
[inst #273] auipc   a0,0xfc10
Register Write to Reg: 0x0a Val: 0x10010070
[inst #274] addi    a0,a0,23
Register Write to Reg: 0x0a Val: 0x10010087
[inst #275] ori     a7,zero,4
Register Write to Reg: 0x11 Val: 0x00000004
[inst #276] addi    t0,t0,4
Register Write to Reg: 0x05 Val: 0x10010044
[inst #277] addi    t1,t1,-1
Register Write to Reg: 0x06 Val: 0x00000002
[inst #278] bnez    t1,pc - 28
[inst #279] lw      a0,0(t0)
Register Write to Reg: 0x0a Val: 0x00000a18
[inst #280] ori     a7,zero,1
Register Write to Reg: 0x11 Val: 0x00000001
[inst #281] auipc   a0,0xfc10
Register Write to Reg: 0x0a Val: 0x10010070
[inst #282] addi    a0,a0,23
Register Write to Reg: 0x0a Val: 0x10010087
[inst #283] ori     a7,zero,4
Register Write to Reg: 0x11 Val: 0x00000004
[inst #284] addi    t0,t0,4
Register Write to Reg: 0x05 Val: 0x10010048
[inst #285] addi    t1,t1,-1
Register Write to Reg: 0x06 Val: 0x00000001
[inst #286] bnez    t1,pc - 28
[inst #287] lw      a0,0(t0)
Register Write to Reg: 0x0a Val: 0x00001055
[inst #288] ori     a7,zero,1
Register Write to Reg: 0x11 Val: 0x00000001
[inst #289] auipc   a0,0xfc10
Register Write to Reg: 0x0a Val: 0x10010070
[inst #290] addi    a0,a0,23
Register Write to Reg: 0x0a Val: 0x10010087
[inst #291] ori     a7,zero,4
Register Write to Reg: 0x11 Val: 0x00000004
[inst #292] addi    t0,t0,4
Register Write to Reg: 0x05 Val: 0x1001004c
[inst #293] addi    t1,t1,-1
Register Write to Reg: 0x06 Val: 0x00000000
[inst #294] bnez    t1,pc - 28
[inst #295] ret
[inst #296] j       pc + 0x3c
