In clock cycle: 4
Register Write to Reg: 0x08 Val: 0x10010000
In clock cycle: 5
Register Write to Reg: 0x08 Val: 0x10010000
In clock cycle: 6
Register Write to Reg: 0x15 Val: 0x10010008
In clock cycle: 7
Register Write to Reg: 0x15 Val: 0x1001004C
In clock cycle: 9
Register Write to Reg: 0x15 Val: 0x00000013
In clock cycle: 10
Register Write to Reg: 0x12 Val: 0x00000001
In clock cycle: 12
Memory Write to Addr: 0x10010000 Val: 0x00000001
In clock cycle: 13
Memory Write to Addr: 0x10010004 Val: 0x00000001
In clock cycle: 15
Register Write to Reg: 0x09 Val: 0x00000011
In clock cycle: 16
Register Write to Reg: 0x13 Val: 0x00000001
In clock cycle: 17
Register Write to Reg: 0x14 Val: 0x00000001
In clock cycle: 20
Register Write to Reg: 0x12 Val: 0x00000002
In clock cycle: 22
Memory Write to Addr: 0x10010008 Val: 0x00000002
In clock cycle: 25
Register Write to Reg: 0x08 Val: 0x10010004
In clock cycle: 26
Register Write to Reg: 0x09 Val: 0x00000010
In clock cycle: 29
Register Write to Reg: 0x00 Val: 0x00000000
In clock cycle: 30
Register Write to Reg: 0x13 Val: 0x00000001
In clock cycle: 31
Register Write to Reg: 0x14 Val: 0x00000002
In clock cycle: 34
Register Write to Reg: 0x12 Val: 0x00000003
In clock cycle: 36
Memory Write to Addr: 0x1001000C Val: 0x00000003
In clock cycle: 39
Register Write to Reg: 0x08 Val: 0x10010008
In clock cycle: 40
Register Write to Reg: 0x09 Val: 0x0000000F
In clock cycle: 43
Register Write to Reg: 0x00 Val: 0x00000000
In clock cycle: 44
Register Write to Reg: 0x13 Val: 0x00000002
In clock cycle: 45
Register Write to Reg: 0x14 Val: 0x00000003
In clock cycle: 48
Register Write to Reg: 0x12 Val: 0x00000005
In clock cycle: 50
Memory Write to Addr: 0x10010010 Val: 0x00000005
In clock cycle: 53
Register Write to Reg: 0x08 Val: 0x1001000C
In clock cycle: 54
Register Write to Reg: 0x09 Val: 0x0000000E
In clock cycle: 56
Register Write to Reg: 0x13 Val: 0x00000003
In clock cycle: 57
Register Write to Reg: 0x14 Val: 0x00000005
In clock cycle: 60
Register Write to Reg: 0x12 Val: 0x00000008
In clock cycle: 62
Memory Write to Addr: 0x10010014 Val: 0x00000008
In clock cycle: 65
Register Write to Reg: 0x08 Val: 0x10010010
In clock cycle: 66
Register Write to Reg: 0x09 Val: 0x0000000D
In clock cycle: 68
Register Write to Reg: 0x13 Val: 0x00000005
In clock cycle: 69
Register Write to Reg: 0x14 Val: 0x00000008
In clock cycle: 72
Register Write to Reg: 0x12 Val: 0x0000000D
In clock cycle: 74
Memory Write to Addr: 0x10010018 Val: 0x0000000D
In clock cycle: 77
Register Write to Reg: 0x08 Val: 0x10010014
In clock cycle: 78
Register Write to Reg: 0x09 Val: 0x0000000C
In clock cycle: 80
Register Write to Reg: 0x13 Val: 0x00000008
In clock cycle: 81
Register Write to Reg: 0x14 Val: 0x0000000D
In clock cycle: 84
Register Write to Reg: 0x12 Val: 0x00000015
In clock cycle: 86
Memory Write to Addr: 0x1001001C Val: 0x00000015
In clock cycle: 89
Register Write to Reg: 0x08 Val: 0x10010018
In clock cycle: 90
Register Write to Reg: 0x09 Val: 0x0000000B
In clock cycle: 92
Register Write to Reg: 0x13 Val: 0x0000000D
In clock cycle: 93
Register Write to Reg: 0x14 Val: 0x00000015
In clock cycle: 96
Register Write to Reg: 0x12 Val: 0x00000022
In clock cycle: 98
Memory Write to Addr: 0x10010020 Val: 0x00000022
In clock cycle: 101
Register Write to Reg: 0x08 Val: 0x1001001C
In clock cycle: 102
Register Write to Reg: 0x09 Val: 0x0000000A
In clock cycle: 104
Register Write to Reg: 0x13 Val: 0x00000015
In clock cycle: 105
Register Write to Reg: 0x14 Val: 0x00000022
In clock cycle: 108
Register Write to Reg: 0x12 Val: 0x00000037
In clock cycle: 110
Memory Write to Addr: 0x10010024 Val: 0x00000037
In clock cycle: 113
Register Write to Reg: 0x08 Val: 0x10010020
In clock cycle: 114
Register Write to Reg: 0x09 Val: 0x00000009
In clock cycle: 116
Register Write to Reg: 0x13 Val: 0x00000022
In clock cycle: 117
Register Write to Reg: 0x14 Val: 0x00000037
In clock cycle: 120
Register Write to Reg: 0x12 Val: 0x00000059
In clock cycle: 122
Memory Write to Addr: 0x10010028 Val: 0x00000059
In clock cycle: 125
Register Write to Reg: 0x08 Val: 0x10010024
In clock cycle: 126
Register Write to Reg: 0x09 Val: 0x00000008
In clock cycle: 128
Register Write to Reg: 0x13 Val: 0x00000037
In clock cycle: 129
Register Write to Reg: 0x14 Val: 0x00000059
In clock cycle: 132
Register Write to Reg: 0x12 Val: 0x00000090
In clock cycle: 134
Memory Write to Addr: 0x1001002C Val: 0x00000090
In clock cycle: 137
Register Write to Reg: 0x08 Val: 0x10010028
In clock cycle: 138
Register Write to Reg: 0x09 Val: 0x00000007
In clock cycle: 140
Register Write to Reg: 0x13 Val: 0x00000059
In clock cycle: 141
Register Write to Reg: 0x14 Val: 0x00000090
In clock cycle: 144
Register Write to Reg: 0x12 Val: 0x000000E9
In clock cycle: 146
Memory Write to Addr: 0x10010030 Val: 0x000000E9
In clock cycle: 149
Register Write to Reg: 0x08 Val: 0x1001002C
In clock cycle: 150
Register Write to Reg: 0x09 Val: 0x00000006
In clock cycle: 152
Register Write to Reg: 0x13 Val: 0x00000090
In clock cycle: 153
Register Write to Reg: 0x14 Val: 0x000000E9
In clock cycle: 156
Register Write to Reg: 0x12 Val: 0x00000179
In clock cycle: 158
Memory Write to Addr: 0x10010034 Val: 0x00000179
In clock cycle: 161
Register Write to Reg: 0x08 Val: 0x10010030
In clock cycle: 162
Register Write to Reg: 0x09 Val: 0x00000005
In clock cycle: 164
Register Write to Reg: 0x13 Val: 0x000000E9
In clock cycle: 165
Register Write to Reg: 0x14 Val: 0x00000179
In clock cycle: 168
Register Write to Reg: 0x12 Val: 0x00000262
In clock cycle: 170
Memory Write to Addr: 0x10010038 Val: 0x00000262
In clock cycle: 173
Register Write to Reg: 0x08 Val: 0x10010034
In clock cycle: 174
Register Write to Reg: 0x09 Val: 0x00000004
In clock cycle: 176
Register Write to Reg: 0x13 Val: 0x00000179
In clock cycle: 177
Register Write to Reg: 0x14 Val: 0x00000262
In clock cycle: 180
Register Write to Reg: 0x12 Val: 0x000003DB
In clock cycle: 182
Memory Write to Addr: 0x1001003C Val: 0x000003DB
In clock cycle: 185
Register Write to Reg: 0x08 Val: 0x10010038
In clock cycle: 186
Register Write to Reg: 0x09 Val: 0x00000003
In clock cycle: 188
Register Write to Reg: 0x13 Val: 0x00000262
In clock cycle: 189
Register Write to Reg: 0x14 Val: 0x000003DB
In clock cycle: 192
Register Write to Reg: 0x12 Val: 0x0000063D
In clock cycle: 194
Memory Write to Addr: 0x10010040 Val: 0x0000063D
In clock cycle: 197
Register Write to Reg: 0x08 Val: 0x1001003C
In clock cycle: 198
Register Write to Reg: 0x09 Val: 0x00000002
In clock cycle: 200
Register Write to Reg: 0x13 Val: 0x000003DB
In clock cycle: 201
Register Write to Reg: 0x14 Val: 0x0000063D
In clock cycle: 204
Register Write to Reg: 0x12 Val: 0x00000A18
In clock cycle: 206
Memory Write to Addr: 0x10010044 Val: 0x00000A18
In clock cycle: 209
Register Write to Reg: 0x08 Val: 0x10010040
In clock cycle: 210
Register Write to Reg: 0x09 Val: 0x00000001
In clock cycle: 212
Register Write to Reg: 0x13 Val: 0x0000063D
In clock cycle: 213
Register Write to Reg: 0x14 Val: 0x00000A18
In clock cycle: 216
Register Write to Reg: 0x12 Val: 0x00001055
In clock cycle: 218
Memory Write to Addr: 0x10010048 Val: 0x00001055
In clock cycle: 221
Register Write to Reg: 0x08 Val: 0x10010044
In clock cycle: 222
Register Write to Reg: 0x09 Val: 0x00000000
In clock cycle: 225
Register Write to Reg: 0x00 Val: 0x00000000
In clock cycle: 226
Register Write to Reg: 0x0A Val: 0x10010040
In clock cycle: 227
Register Write to Reg: 0x0A Val: 0x10010000
In clock cycle: 228
Register Write to Reg: 0x0B Val: 0x00000013
In clock cycle: 229
Register Write to Reg: 0x01 Val: 0x00400050
In clock cycle: 231
Register Write to Reg: 0x00 Val: 0x00000000
In clock cycle: 232
Register Write to Reg: 0x05 Val: 0x10010000
In clock cycle: 233
Register Write to Reg: 0x06 Val: 0x00000013
In clock cycle: 234
Register Write to Reg: 0x0A Val: 0x1001005C
In clock cycle: 235
Register Write to Reg: 0x0A Val: 0x10010089
In clock cycle: 236
Register Write to Reg: 0x11 Val: 0x00000004
In clock cycle: 237
Register Write to Reg: 0x0A Val: 0x00000001
In clock cycle: 238
Register Write to Reg: 0x11 Val: 0x00000001
In clock cycle: 239
Register Write to Reg: 0x0A Val: 0x10010070
In clock cycle: 240
Register Write to Reg: 0x0A Val: 0x10010087
In clock cycle: 241
Register Write to Reg: 0x11 Val: 0x00000004
In clock cycle: 242
Register Write to Reg: 0x05 Val: 0x10010004
In clock cycle: 243
Register Write to Reg: 0x06 Val: 0x00000012
In clock cycle: 246
Register Write to Reg: 0x00 Val: 0x00000000
In clock cycle: 247
Register Write to Reg: 0x0A Val: 0x00000001
In clock cycle: 248
Register Write to Reg: 0x11 Val: 0x00000001
In clock cycle: 249
Register Write to Reg: 0x0A Val: 0x10010070
In clock cycle: 250
Register Write to Reg: 0x0A Val: 0x10010087
In clock cycle: 251
Register Write to Reg: 0x11 Val: 0x00000004
In clock cycle: 252
Register Write to Reg: 0x05 Val: 0x10010008
In clock cycle: 253
Register Write to Reg: 0x06 Val: 0x00000011
In clock cycle: 256
Register Write to Reg: 0x00 Val: 0x00000000
In clock cycle: 257
Register Write to Reg: 0x0A Val: 0x00000002
In clock cycle: 258
Register Write to Reg: 0x11 Val: 0x00000001
In clock cycle: 259
Register Write to Reg: 0x0A Val: 0x10010070
In clock cycle: 260
Register Write to Reg: 0x0A Val: 0x10010087
In clock cycle: 261
Register Write to Reg: 0x11 Val: 0x00000004
In clock cycle: 262
Register Write to Reg: 0x05 Val: 0x1001000C
In clock cycle: 263
Register Write to Reg: 0x06 Val: 0x00000010
In clock cycle: 266
Register Write to Reg: 0x0A Val: 0x00000003
In clock cycle: 267
Register Write to Reg: 0x11 Val: 0x00000001
In clock cycle: 268
Register Write to Reg: 0x0A Val: 0x10010070
In clock cycle: 269
Register Write to Reg: 0x0A Val: 0x10010087
In clock cycle: 270
Register Write to Reg: 0x11 Val: 0x00000004
In clock cycle: 271
Register Write to Reg: 0x05 Val: 0x10010010
In clock cycle: 272
Register Write to Reg: 0x06 Val: 0x0000000F
In clock cycle: 275
Register Write to Reg: 0x0A Val: 0x00000005
In clock cycle: 276
Register Write to Reg: 0x11 Val: 0x00000001
In clock cycle: 277
Register Write to Reg: 0x0A Val: 0x10010070
In clock cycle: 278
Register Write to Reg: 0x0A Val: 0x10010087
In clock cycle: 279
Register Write to Reg: 0x11 Val: 0x00000004
In clock cycle: 280
Register Write to Reg: 0x05 Val: 0x10010014
In clock cycle: 281
Register Write to Reg: 0x06 Val: 0x0000000E
In clock cycle: 284
Register Write to Reg: 0x0A Val: 0x00000008
In clock cycle: 285
Register Write to Reg: 0x11 Val: 0x00000001
In clock cycle: 286
Register Write to Reg: 0x0A Val: 0x10010070
In clock cycle: 287
Register Write to Reg: 0x0A Val: 0x10010087
In clock cycle: 288
Register Write to Reg: 0x11 Val: 0x00000004
In clock cycle: 289
Register Write to Reg: 0x05 Val: 0x10010018
In clock cycle: 290
Register Write to Reg: 0x06 Val: 0x0000000D
In clock cycle: 293
Register Write to Reg: 0x0A Val: 0x0000000D
In clock cycle: 294
Register Write to Reg: 0x11 Val: 0x00000001
In clock cycle: 295
Register Write to Reg: 0x0A Val: 0x10010070
In clock cycle: 296
Register Write to Reg: 0x0A Val: 0x10010087
In clock cycle: 297
Register Write to Reg: 0x11 Val: 0x00000004
In clock cycle: 298
Register Write to Reg: 0x05 Val: 0x1001001C
In clock cycle: 299
Register Write to Reg: 0x06 Val: 0x0000000C
In clock cycle: 302
Register Write to Reg: 0x0A Val: 0x00000015
In clock cycle: 303
Register Write to Reg: 0x11 Val: 0x00000001
In clock cycle: 304
Register Write to Reg: 0x0A Val: 0x10010070
In clock cycle: 305
Register Write to Reg: 0x0A Val: 0x10010087
In clock cycle: 306
Register Write to Reg: 0x11 Val: 0x00000004
In clock cycle: 307
Register Write to Reg: 0x05 Val: 0x10010020
In clock cycle: 308
Register Write to Reg: 0x06 Val: 0x0000000B
In clock cycle: 311
Register Write to Reg: 0x0A Val: 0x00000022
In clock cycle: 312
Register Write to Reg: 0x11 Val: 0x00000001
In clock cycle: 313
Register Write to Reg: 0x0A Val: 0x10010070
In clock cycle: 314
Register Write to Reg: 0x0A Val: 0x10010087
In clock cycle: 315
Register Write to Reg: 0x11 Val: 0x00000004
In clock cycle: 316
Register Write to Reg: 0x05 Val: 0x10010024
In clock cycle: 317
Register Write to Reg: 0x06 Val: 0x0000000A
In clock cycle: 320
Register Write to Reg: 0x0A Val: 0x00000037
In clock cycle: 321
Register Write to Reg: 0x11 Val: 0x00000001
In clock cycle: 322
Register Write to Reg: 0x0A Val: 0x10010070
In clock cycle: 323
Register Write to Reg: 0x0A Val: 0x10010087
In clock cycle: 324
Register Write to Reg: 0x11 Val: 0x00000004
In clock cycle: 325
Register Write to Reg: 0x05 Val: 0x10010028
In clock cycle: 326
Register Write to Reg: 0x06 Val: 0x00000009
In clock cycle: 329
Register Write to Reg: 0x0A Val: 0x00000059
In clock cycle: 330
Register Write to Reg: 0x11 Val: 0x00000001
In clock cycle: 331
Register Write to Reg: 0x0A Val: 0x10010070
In clock cycle: 332
Register Write to Reg: 0x0A Val: 0x10010087
In clock cycle: 333
Register Write to Reg: 0x11 Val: 0x00000004
In clock cycle: 334
Register Write to Reg: 0x05 Val: 0x1001002C
In clock cycle: 335
Register Write to Reg: 0x06 Val: 0x00000008
In clock cycle: 338
Register Write to Reg: 0x0A Val: 0x00000090
In clock cycle: 339
Register Write to Reg: 0x11 Val: 0x00000001
In clock cycle: 340
Register Write to Reg: 0x0A Val: 0x10010070
In clock cycle: 341
Register Write to Reg: 0x0A Val: 0x10010087
In clock cycle: 342
Register Write to Reg: 0x11 Val: 0x00000004
In clock cycle: 343
Register Write to Reg: 0x05 Val: 0x10010030
In clock cycle: 344
Register Write to Reg: 0x06 Val: 0x00000007
In clock cycle: 347
Register Write to Reg: 0x0A Val: 0x000000E9
In clock cycle: 348
Register Write to Reg: 0x11 Val: 0x00000001
In clock cycle: 349
Register Write to Reg: 0x0A Val: 0x10010070
In clock cycle: 350
Register Write to Reg: 0x0A Val: 0x10010087
In clock cycle: 351
Register Write to Reg: 0x11 Val: 0x00000004
In clock cycle: 352
Register Write to Reg: 0x05 Val: 0x10010034
In clock cycle: 353
Register Write to Reg: 0x06 Val: 0x00000006
In clock cycle: 356
Register Write to Reg: 0x0A Val: 0x00000179
In clock cycle: 357
Register Write to Reg: 0x11 Val: 0x00000001
In clock cycle: 358
Register Write to Reg: 0x0A Val: 0x10010070
In clock cycle: 359
Register Write to Reg: 0x0A Val: 0x10010087
In clock cycle: 360
Register Write to Reg: 0x11 Val: 0x00000004
In clock cycle: 361
Register Write to Reg: 0x05 Val: 0x10010038
In clock cycle: 362
Register Write to Reg: 0x06 Val: 0x00000005
In clock cycle: 365
Register Write to Reg: 0x0A Val: 0x00000262
In clock cycle: 366
Register Write to Reg: 0x11 Val: 0x00000001
In clock cycle: 367
Register Write to Reg: 0x0A Val: 0x10010070
In clock cycle: 368
Register Write to Reg: 0x0A Val: 0x10010087
In clock cycle: 369
Register Write to Reg: 0x11 Val: 0x00000004
In clock cycle: 370
Register Write to Reg: 0x05 Val: 0x1001003C
In clock cycle: 371
Register Write to Reg: 0x06 Val: 0x00000004
In clock cycle: 374
Register Write to Reg: 0x0A Val: 0x000003DB
In clock cycle: 375
Register Write to Reg: 0x11 Val: 0x00000001
In clock cycle: 376
Register Write to Reg: 0x0A Val: 0x10010070
In clock cycle: 377
Register Write to Reg: 0x0A Val: 0x10010087
In clock cycle: 378
Register Write to Reg: 0x11 Val: 0x00000004
In clock cycle: 379
Register Write to Reg: 0x05 Val: 0x10010040
In clock cycle: 380
Register Write to Reg: 0x06 Val: 0x00000003
In clock cycle: 383
Register Write to Reg: 0x0A Val: 0x0000063D
In clock cycle: 384
Register Write to Reg: 0x11 Val: 0x00000001
In clock cycle: 385
Register Write to Reg: 0x0A Val: 0x10010070
In clock cycle: 386
Register Write to Reg: 0x0A Val: 0x10010087
In clock cycle: 387
Register Write to Reg: 0x11 Val: 0x00000004
In clock cycle: 388
Register Write to Reg: 0x05 Val: 0x10010044
In clock cycle: 389
Register Write to Reg: 0x06 Val: 0x00000002
In clock cycle: 392
Register Write to Reg: 0x0A Val: 0x00000A18
In clock cycle: 393
Register Write to Reg: 0x11 Val: 0x00000001
In clock cycle: 394
Register Write to Reg: 0x0A Val: 0x10010070
In clock cycle: 395
Register Write to Reg: 0x0A Val: 0x10010087
In clock cycle: 396
Register Write to Reg: 0x11 Val: 0x00000004
In clock cycle: 397
Register Write to Reg: 0x05 Val: 0x10010048
In clock cycle: 398
Register Write to Reg: 0x06 Val: 0x00000001
In clock cycle: 401
Register Write to Reg: 0x0A Val: 0x00001055
In clock cycle: 402
Register Write to Reg: 0x11 Val: 0x00000001
In clock cycle: 403
Register Write to Reg: 0x0A Val: 0x10010070
In clock cycle: 404
Register Write to Reg: 0x0A Val: 0x10010087
In clock cycle: 405
Register Write to Reg: 0x11 Val: 0x00000004
In clock cycle: 406
Register Write to Reg: 0x05 Val: 0x1001004C
In clock cycle: 407
Register Write to Reg: 0x06 Val: 0x00000000
In clock cycle: 410
Register Write to Reg: 0x00 Val: 0x00000000
In clock cycle: 411
Register Write to Reg: 0x00 Val: 0x0040008C
In clock cycle: 412
Register Write to Reg: 0x00 Val: 0x00400054
In clock cycle: 414
Register Write to Reg: 0x00 Val: 0x00000000
Execution stopped at cycle 415
