../../src/ieee2008/numeric_std-body.vhdl:3036:7:@0ms:(assertion warning): NUMERIC_STD.TO_INTEGER: metavalue detected, returning 0
../../src/ieee2008/numeric_std-body.vhdl:3036:7:@0ms:(assertion warning): NUMERIC_STD.TO_INTEGER: metavalue detected, returning 0
../../src/ieee2008/numeric_std-body.vhdl:3036:7:@0ms:(assertion warning): NUMERIC_STD.TO_INTEGER: metavalue detected, returning 0
../../src/ieee2008/numeric_std-body.vhdl:3036:7:@0ms:(assertion warning): NUMERIC_STD.TO_INTEGER: metavalue detected, returning 0
../../src/ieee2008/numeric_std-body.vhdl:3036:7:@0ms:(assertion warning): NUMERIC_STD.TO_INTEGER: metavalue detected, returning 0
./source/control_unit.vhd:1725:25:@0ms:(report note): Illegal Instruction (0xUUUUUUUUUUUUUUUUUUUUUUUUUUUUUUUU)
../../src/ieee2008/numeric_std-body.vhdl:3036:7:@0ms:(assertion warning): NUMERIC_STD.TO_INTEGER: metavalue detected, returning 0
../../src/ieee2008/numeric_std-body.vhdl:3036:7:@0ms:(assertion warning): NUMERIC_STD.TO_INTEGER: metavalue detected, returning 0
../../src/ieee2008/numeric_std-body.vhdl:1320:7:@0ms:(assertion warning): NUMERIC_STD."<": metavalue detected, returning FALSE
../../src/ieee2008/numeric_std-body.vhdl:1347:7:@0ms:(assertion warning): NUMERIC_STD."<": metavalue detected, returning FALSE
../../src/ieee2008/numeric_std-body.vhdl:1347:7:@0ms:(assertion warning): NUMERIC_STD."<": metavalue detected, returning FALSE
../../src/ieee2008/numeric_std-body.vhdl:1320:7:@0ms:(assertion warning): NUMERIC_STD."<": metavalue detected, returning FALSE
../../src/ieee2008/numeric_std-body.vhdl:1195:7:@0ms:(assertion warning): NUMERIC_STD.">": metavalue detected, returning FALSE
../../src/ieee2008/numeric_std-body.vhdl:1168:7:@0ms:(assertion warning): NUMERIC_STD.">": metavalue detected, returning FALSE
../../src/ieee2008/numeric_std-body.vhdl:1168:7:@0ms:(assertion warning): NUMERIC_STD.">": metavalue detected, returning FALSE
../../src/ieee2008/numeric_std-body.vhdl:1195:7:@0ms:(assertion warning): NUMERIC_STD.">": metavalue detected, returning FALSE
../../src/ieee2008/numeric_std-body.vhdl:1320:7:@0ms:(assertion warning): NUMERIC_STD."<": metavalue detected, returning FALSE
../../src/ieee2008/numeric_std-body.vhdl:1347:7:@0ms:(assertion warning): NUMERIC_STD."<": metavalue detected, returning FALSE
../../src/ieee2008/numeric_std-body.vhdl:1347:7:@0ms:(assertion warning): NUMERIC_STD."<": metavalue detected, returning FALSE
../../src/ieee2008/numeric_std-body.vhdl:1320:7:@0ms:(assertion warning): NUMERIC_STD."<": metavalue detected, returning FALSE
../../src/ieee2008/numeric_std-body.vhdl:3036:7:@0ms:(assertion warning): NUMERIC_STD.TO_INTEGER: metavalue detected, returning 0
../../src/ieee2008/numeric_std-body.vhdl:3036:7:@0ms:(assertion warning): NUMERIC_STD.TO_INTEGER: metavalue detected, returning 0
./source/control_unit.vhd:1725:25:@0ms:(report note): Illegal Instruction (0xUUUUUUUUUUUUUUUUUUUUUUUUUUUUUUUU)
../../src/ieee2008/numeric_std-body.vhdl:3036:7:@0ms:(assertion warning): NUMERIC_STD.TO_INTEGER: metavalue detected, returning 0
../../src/ieee2008/numeric_std-body.vhdl:3036:7:@0ms:(assertion warning): NUMERIC_STD.TO_INTEGER: metavalue detected, returning 0
./source/control_unit.vhd:1725:25:@0ms:(report note): Illegal Instruction (0xUUUUUUUUUUUUUUUUUUUUUUUUUUUUUUUU)
../../src/ieee2008/numeric_std-body.vhdl:3036:7:@15ns:(assertion warning): NUMERIC_STD.TO_INTEGER: metavalue detected, returning 0
../../src/ieee2008/numeric_std-body.vhdl:3036:7:@15ns:(assertion warning): NUMERIC_STD.TO_INTEGER: metavalue detected, returning 0
../../src/ieee2008/numeric_std-body.vhdl:3036:7:@15ns:(assertion warning): NUMERIC_STD.TO_INTEGER: metavalue detected, returning 0
../../src/ieee2008/numeric_std-body.vhdl:3036:7:@15ns:(assertion warning): NUMERIC_STD.TO_INTEGER: metavalue detected, returning 0
../../src/ieee2008/numeric_std-body.vhdl:1168:7:@15ns:(assertion warning): NUMERIC_STD.">": metavalue detected, returning FALSE
../../src/ieee2008/numeric_std-body.vhdl:1195:7:@15ns:(assertion warning): NUMERIC_STD.">": metavalue detected, returning FALSE
../../src/ieee2008/numeric_std-body.vhdl:1320:7:@15ns:(assertion warning): NUMERIC_STD."<": metavalue detected, returning FALSE
../../src/ieee2008/numeric_std-body.vhdl:1347:7:@15ns:(assertion warning): NUMERIC_STD."<": metavalue detected, returning FALSE
../../src/ieee2008/numeric_std-body.vhdl:1347:7:@15ns:(assertion warning): NUMERIC_STD."<": metavalue detected, returning FALSE
../../src/ieee2008/numeric_std-body.vhdl:1320:7:@15ns:(assertion warning): NUMERIC_STD."<": metavalue detected, returning FALSE
../../src/ieee2008/numeric_std-body.vhdl:3036:7:@20ns:(assertion warning): NUMERIC_STD.TO_INTEGER: metavalue detected, returning 0
../../src/ieee2008/numeric_std-body.vhdl:3036:7:@20ns:(assertion warning): NUMERIC_STD.TO_INTEGER: metavalue detected, returning 0
./source/control_unit.vhd:1011:41:@21220ns:(report note): addi
./source/control_unit.vhd:1011:41:@21240ns:(report note): addi
./source/control_unit.vhd:1673:33:@21240ns:(report note): auipc
./source/control_unit.vhd:1673:33:@21240ns:(report note): auipc
./source/control_unit.vhd:1673:33:@21240ns:(report note): auipc
./source/control_unit.vhd:1673:33:@21260ns:(report note): auipc
./source/control_unit.vhd:1011:41:@21260ns:(report note): addi
./source/control_unit.vhd:1011:41:@21260ns:(report note): addi
./source/control_unit.vhd:1011:41:@21260ns:(report note): addi
./source/control_unit.vhd:1011:41:@21280ns:(report note): addi
./source/control_unit.vhd:1673:33:@21280ns:(report note): auipc
./source/control_unit.vhd:1673:33:@21280ns:(report note): auipc
./source/control_unit.vhd:1673:33:@21280ns:(report note): auipc
./source/control_unit.vhd:1673:33:@21300ns:(report note): auipc
./source/control_unit.vhd:1011:41:@21300ns:(report note): addi
./source/control_unit.vhd:1011:41:@21300ns:(report note): addi
./source/control_unit.vhd:1011:41:@21300ns:(report note): addi
./source/control_unit.vhd:1011:41:@21320ns:(report note): addi
./source/control_unit.vhd:1112:41:@21320ns:(report note): lw
./source/control_unit.vhd:1112:41:@21320ns:(report note): lw
./source/control_unit.vhd:1112:41:@21320ns:(report note): lw
./source/control_unit.vhd:1112:41:@21360ns:(report note): lw
./source/control_unit.vhd:1011:41:@21360ns:(report note): addi
./source/control_unit.vhd:1011:41:@21360ns:(report note): addi
./source/control_unit.vhd:1011:41:@21360ns:(report note): addi
./source/control_unit.vhd:1011:41:@21380ns:(report note): addi
./source/control_unit.vhd:1187:41:@21380ns:(report note): sw
./source/control_unit.vhd:1187:41:@21380ns:(report note): sw
./source/control_unit.vhd:1187:41:@21380ns:(report note): sw
./source/control_unit.vhd:1187:41:@21440ns:(report note): sw
./source/control_unit.vhd:1187:41:@21440ns:(report note): sw
./source/control_unit.vhd:1187:41:@21440ns:(report note): sw
./source/control_unit.vhd:1187:41:@21460ns:(report note): sw
./source/control_unit.vhd:1011:41:@21460ns:(report note): addi
./source/control_unit.vhd:1011:41:@21460ns:(report note): addi
./source/control_unit.vhd:1011:41:@21460ns:(report note): addi
./source/control_unit.vhd:1011:41:@21480ns:(report note): addi
./source/control_unit.vhd:1112:41:@21480ns:(report note): lw
./source/control_unit.vhd:1112:41:@21480ns:(report note): lw
./source/control_unit.vhd:1112:41:@21480ns:(report note): lw
./source/control_unit.vhd:1112:41:@21500ns:(report note): lw
./source/control_unit.vhd:1112:41:@21500ns:(report note): lw
./source/control_unit.vhd:1112:41:@21500ns:(report note): lw
./source/control_unit.vhd:1112:41:@21500ns:(report note): lw
./source/control_unit.vhd:1112:41:@21520ns:(report note): lw
./source/control_unit.vhd:1293:49:@21520ns:(report note): add
./source/control_unit.vhd:1293:49:@21520ns:(report note): add
./source/control_unit.vhd:1293:49:@21520ns:(report note): add
./source/control_unit.vhd:1293:49:@21580ns:(report note): add
./source/control_unit.vhd:1187:41:@21580ns:(report note): sw
./source/control_unit.vhd:1187:41:@21580ns:(report note): sw
./source/control_unit.vhd:1187:41:@21580ns:(report note): sw
./source/control_unit.vhd:1187:41:@21640ns:(report note): sw
./source/control_unit.vhd:1011:41:@21640ns:(report note): addi
./source/control_unit.vhd:1011:41:@21640ns:(report note): addi
./source/control_unit.vhd:1011:41:@21640ns:(report note): addi
./source/control_unit.vhd:1011:41:@21680ns:(report note): addi
./source/control_unit.vhd:1011:41:@21680ns:(report note): addi
./source/control_unit.vhd:1011:41:@21680ns:(report note): addi
./source/control_unit.vhd:1011:41:@21680ns:(report note): addi
./source/control_unit.vhd:1011:41:@21700ns:(report note): addi
./source/control_unit.vhd:1389:41:@21700ns:(report note): bne
./source/control_unit.vhd:1389:41:@21700ns:(report note): bne
./source/control_unit.vhd:1389:41:@21700ns:(report note): bne
./source/control_unit.vhd:1389:41:@21720ns:(report note): bne
./source/control_unit.vhd:1673:33:@21720ns:(report note): auipc
./source/control_unit.vhd:1673:33:@21720ns:(report note): auipc
./source/control_unit.vhd:1673:33:@21720ns:(report note): auipc
./source/control_unit.vhd:1673:33:@21740ns:(report note): auipc
./source/control_unit.vhd:1011:41:@21740ns:(report note): addi
./source/control_unit.vhd:1011:41:@21740ns:(report note): addi
./source/control_unit.vhd:1011:41:@21740ns:(report note): addi
./source/control_unit.vhd:1011:41:@21760ns:(report note): addi
./source/control_unit.vhd:1112:41:@21760ns:(report note): lw
./source/control_unit.vhd:1112:41:@21760ns:(report note): lw
./source/control_unit.vhd:1112:41:@21760ns:(report note): lw
./source/control_unit.vhd:1112:41:@21780ns:(report note): lw
./source/control_unit.vhd:1112:41:@21780ns:(report note): lw
./source/control_unit.vhd:1112:41:@21780ns:(report note): lw
./source/control_unit.vhd:1112:41:@21780ns:(report note): lw
./source/control_unit.vhd:1112:41:@21800ns:(report note): lw
./source/control_unit.vhd:1293:49:@21800ns:(report note): add
./source/control_unit.vhd:1293:49:@21800ns:(report note): add
./source/control_unit.vhd:1293:49:@21800ns:(report note): add
./source/control_unit.vhd:1293:49:@21860ns:(report note): add
./source/control_unit.vhd:1187:41:@21860ns:(report note): sw
./source/control_unit.vhd:1187:41:@21860ns:(report note): sw
./source/control_unit.vhd:1187:41:@21860ns:(report note): sw
./source/control_unit.vhd:1187:41:@21920ns:(report note): sw
./source/control_unit.vhd:1011:41:@21920ns:(report note): addi
./source/control_unit.vhd:1011:41:@21920ns:(report note): addi
./source/control_unit.vhd:1011:41:@21920ns:(report note): addi
./source/control_unit.vhd:1011:41:@21960ns:(report note): addi
./source/control_unit.vhd:1011:41:@21960ns:(report note): addi
./source/control_unit.vhd:1011:41:@21960ns:(report note): addi
./source/control_unit.vhd:1011:41:@21960ns:(report note): addi
./source/control_unit.vhd:1011:41:@21980ns:(report note): addi
./source/control_unit.vhd:1389:41:@21980ns:(report note): bne
./source/control_unit.vhd:1389:41:@21980ns:(report note): bne
./source/control_unit.vhd:1389:41:@21980ns:(report note): bne
./source/control_unit.vhd:1389:41:@22us:(report note): bne
./source/control_unit.vhd:1673:33:@22us:(report note): auipc
./source/control_unit.vhd:1673:33:@22us:(report note): auipc
./source/control_unit.vhd:1673:33:@22us:(report note): auipc
./source/control_unit.vhd:1673:33:@22020ns:(report note): auipc
./source/control_unit.vhd:1011:41:@22020ns:(report note): addi
./source/control_unit.vhd:1011:41:@22020ns:(report note): addi
./source/control_unit.vhd:1011:41:@22020ns:(report note): addi
./source/control_unit.vhd:1011:41:@22040ns:(report note): addi
./source/control_unit.vhd:1112:41:@22040ns:(report note): lw
./source/control_unit.vhd:1112:41:@22040ns:(report note): lw
./source/control_unit.vhd:1112:41:@22040ns:(report note): lw
./source/control_unit.vhd:1112:41:@22060ns:(report note): lw
./source/control_unit.vhd:1112:41:@22060ns:(report note): lw
./source/control_unit.vhd:1112:41:@22060ns:(report note): lw
./source/control_unit.vhd:1112:41:@22060ns:(report note): lw
./source/control_unit.vhd:1112:41:@22080ns:(report note): lw
./source/control_unit.vhd:1293:49:@22080ns:(report note): add
./source/control_unit.vhd:1293:49:@22080ns:(report note): add
./source/control_unit.vhd:1293:49:@22080ns:(report note): add
./source/control_unit.vhd:1293:49:@22140ns:(report note): add
./source/control_unit.vhd:1187:41:@22140ns:(report note): sw
./source/control_unit.vhd:1187:41:@22140ns:(report note): sw
./source/control_unit.vhd:1187:41:@22140ns:(report note): sw
./source/control_unit.vhd:1187:41:@22200ns:(report note): sw
./source/control_unit.vhd:1011:41:@22200ns:(report note): addi
./source/control_unit.vhd:1011:41:@22200ns:(report note): addi
./source/control_unit.vhd:1011:41:@22200ns:(report note): addi
./source/control_unit.vhd:1011:41:@22240ns:(report note): addi
./source/control_unit.vhd:1011:41:@22240ns:(report note): addi
./source/control_unit.vhd:1011:41:@22240ns:(report note): addi
./source/control_unit.vhd:1011:41:@22240ns:(report note): addi
./source/control_unit.vhd:1011:41:@22260ns:(report note): addi
./source/control_unit.vhd:1389:41:@22260ns:(report note): bne
./source/control_unit.vhd:1389:41:@22260ns:(report note): bne
./source/control_unit.vhd:1389:41:@22260ns:(report note): bne
./source/control_unit.vhd:1389:41:@22280ns:(report note): bne
./source/control_unit.vhd:1112:41:@22280ns:(report note): lw
./source/control_unit.vhd:1112:41:@22280ns:(report note): lw
./source/control_unit.vhd:1112:41:@22280ns:(report note): lw
./source/control_unit.vhd:1112:41:@22300ns:(report note): lw
./source/control_unit.vhd:1112:41:@22300ns:(report note): lw
./source/control_unit.vhd:1112:41:@22300ns:(report note): lw
./source/control_unit.vhd:1112:41:@22300ns:(report note): lw
./source/control_unit.vhd:1112:41:@22320ns:(report note): lw
./source/control_unit.vhd:1293:49:@22320ns:(report note): add
./source/control_unit.vhd:1293:49:@22320ns:(report note): add
./source/control_unit.vhd:1293:49:@22320ns:(report note): add
./source/control_unit.vhd:1293:49:@22380ns:(report note): add
./source/control_unit.vhd:1187:41:@22380ns:(report note): sw
./source/control_unit.vhd:1187:41:@22380ns:(report note): sw
./source/control_unit.vhd:1187:41:@22380ns:(report note): sw
./source/control_unit.vhd:1187:41:@22440ns:(report note): sw
./source/control_unit.vhd:1011:41:@22440ns:(report note): addi
./source/control_unit.vhd:1011:41:@22440ns:(report note): addi
./source/control_unit.vhd:1011:41:@22440ns:(report note): addi
./source/control_unit.vhd:1011:41:@22480ns:(report note): addi
./source/control_unit.vhd:1011:41:@22480ns:(report note): addi
./source/control_unit.vhd:1011:41:@22480ns:(report note): addi
./source/control_unit.vhd:1011:41:@22480ns:(report note): addi
./source/control_unit.vhd:1011:41:@22500ns:(report note): addi
./source/control_unit.vhd:1389:41:@22500ns:(report note): bne
./source/control_unit.vhd:1389:41:@22500ns:(report note): bne
./source/control_unit.vhd:1389:41:@22500ns:(report note): bne
./source/control_unit.vhd:1389:41:@22520ns:(report note): bne
./source/control_unit.vhd:1112:41:@22520ns:(report note): lw
./source/control_unit.vhd:1112:41:@22520ns:(report note): lw
./source/control_unit.vhd:1112:41:@22520ns:(report note): lw
./source/control_unit.vhd:1112:41:@22540ns:(report note): lw
./source/control_unit.vhd:1112:41:@22540ns:(report note): lw
./source/control_unit.vhd:1112:41:@22540ns:(report note): lw
./source/control_unit.vhd:1112:41:@22540ns:(report note): lw
./source/control_unit.vhd:1112:41:@22560ns:(report note): lw
./source/control_unit.vhd:1293:49:@22560ns:(report note): add
./source/control_unit.vhd:1293:49:@22560ns:(report note): add
./source/control_unit.vhd:1293:49:@22560ns:(report note): add
./source/control_unit.vhd:1293:49:@22620ns:(report note): add
./source/control_unit.vhd:1187:41:@22620ns:(report note): sw
./source/control_unit.vhd:1187:41:@22620ns:(report note): sw
./source/control_unit.vhd:1187:41:@22620ns:(report note): sw
./source/control_unit.vhd:1187:41:@22680ns:(report note): sw
./source/control_unit.vhd:1011:41:@22680ns:(report note): addi
./source/control_unit.vhd:1011:41:@22680ns:(report note): addi
./source/control_unit.vhd:1011:41:@22680ns:(report note): addi
./source/control_unit.vhd:1011:41:@22720ns:(report note): addi
./source/control_unit.vhd:1011:41:@22720ns:(report note): addi
./source/control_unit.vhd:1011:41:@22720ns:(report note): addi
./source/control_unit.vhd:1011:41:@22720ns:(report note): addi
./source/control_unit.vhd:1011:41:@22740ns:(report note): addi
./source/control_unit.vhd:1389:41:@22740ns:(report note): bne
./source/control_unit.vhd:1389:41:@22740ns:(report note): bne
./source/control_unit.vhd:1389:41:@22740ns:(report note): bne
./source/control_unit.vhd:1389:41:@22760ns:(report note): bne
./source/control_unit.vhd:1112:41:@22760ns:(report note): lw
./source/control_unit.vhd:1112:41:@22760ns:(report note): lw
./source/control_unit.vhd:1112:41:@22760ns:(report note): lw
./source/control_unit.vhd:1112:41:@22780ns:(report note): lw
./source/control_unit.vhd:1112:41:@22780ns:(report note): lw
./source/control_unit.vhd:1112:41:@22780ns:(report note): lw
./source/control_unit.vhd:1112:41:@22780ns:(report note): lw
./source/control_unit.vhd:1112:41:@22800ns:(report note): lw
./source/control_unit.vhd:1293:49:@22800ns:(report note): add
./source/control_unit.vhd:1293:49:@22800ns:(report note): add
./source/control_unit.vhd:1293:49:@22800ns:(report note): add
./source/control_unit.vhd:1293:49:@22860ns:(report note): add
./source/control_unit.vhd:1187:41:@22860ns:(report note): sw
./source/control_unit.vhd:1187:41:@22860ns:(report note): sw
./source/control_unit.vhd:1187:41:@22860ns:(report note): sw
./source/control_unit.vhd:1187:41:@22920ns:(report note): sw
./source/control_unit.vhd:1011:41:@22920ns:(report note): addi
./source/control_unit.vhd:1011:41:@22920ns:(report note): addi
./source/control_unit.vhd:1011:41:@22920ns:(report note): addi
./source/control_unit.vhd:1011:41:@22960ns:(report note): addi
./source/control_unit.vhd:1011:41:@22960ns:(report note): addi
./source/control_unit.vhd:1011:41:@22960ns:(report note): addi
./source/control_unit.vhd:1011:41:@22960ns:(report note): addi
./source/control_unit.vhd:1011:41:@22980ns:(report note): addi
./source/control_unit.vhd:1389:41:@22980ns:(report note): bne
./source/control_unit.vhd:1389:41:@22980ns:(report note): bne
./source/control_unit.vhd:1389:41:@22980ns:(report note): bne
./source/control_unit.vhd:1389:41:@23us:(report note): bne
./source/control_unit.vhd:1112:41:@23us:(report note): lw
./source/control_unit.vhd:1112:41:@23us:(report note): lw
./source/control_unit.vhd:1112:41:@23us:(report note): lw
./source/control_unit.vhd:1112:41:@23020ns:(report note): lw
./source/control_unit.vhd:1112:41:@23020ns:(report note): lw
./source/control_unit.vhd:1112:41:@23020ns:(report note): lw
./source/control_unit.vhd:1112:41:@23020ns:(report note): lw
./source/control_unit.vhd:1112:41:@23040ns:(report note): lw
./source/control_unit.vhd:1293:49:@23040ns:(report note): add
./source/control_unit.vhd:1293:49:@23040ns:(report note): add
./source/control_unit.vhd:1293:49:@23040ns:(report note): add
./source/control_unit.vhd:1293:49:@23100ns:(report note): add
./source/control_unit.vhd:1187:41:@23100ns:(report note): sw
./source/control_unit.vhd:1187:41:@23100ns:(report note): sw
./source/control_unit.vhd:1187:41:@23100ns:(report note): sw
./source/control_unit.vhd:1187:41:@23160ns:(report note): sw
./source/control_unit.vhd:1011:41:@23160ns:(report note): addi
./source/control_unit.vhd:1011:41:@23160ns:(report note): addi
./source/control_unit.vhd:1011:41:@23160ns:(report note): addi
./source/control_unit.vhd:1011:41:@23200ns:(report note): addi
./source/control_unit.vhd:1011:41:@23200ns:(report note): addi
./source/control_unit.vhd:1011:41:@23200ns:(report note): addi
./source/control_unit.vhd:1011:41:@23200ns:(report note): addi
./source/control_unit.vhd:1011:41:@23220ns:(report note): addi
./source/control_unit.vhd:1389:41:@23220ns:(report note): bne
./source/control_unit.vhd:1389:41:@23220ns:(report note): bne
./source/control_unit.vhd:1389:41:@23220ns:(report note): bne
./source/control_unit.vhd:1389:41:@23240ns:(report note): bne
./source/control_unit.vhd:1112:41:@23240ns:(report note): lw
./source/control_unit.vhd:1112:41:@23240ns:(report note): lw
./source/control_unit.vhd:1112:41:@23240ns:(report note): lw
./source/control_unit.vhd:1112:41:@23260ns:(report note): lw
./source/control_unit.vhd:1112:41:@23260ns:(report note): lw
./source/control_unit.vhd:1112:41:@23260ns:(report note): lw
./source/control_unit.vhd:1112:41:@23260ns:(report note): lw
./source/control_unit.vhd:1112:41:@23280ns:(report note): lw
./source/control_unit.vhd:1293:49:@23280ns:(report note): add
./source/control_unit.vhd:1293:49:@23280ns:(report note): add
./source/control_unit.vhd:1293:49:@23280ns:(report note): add
./source/control_unit.vhd:1293:49:@23340ns:(report note): add
./source/control_unit.vhd:1187:41:@23340ns:(report note): sw
./source/control_unit.vhd:1187:41:@23340ns:(report note): sw
./source/control_unit.vhd:1187:41:@23340ns:(report note): sw
./source/control_unit.vhd:1187:41:@23400ns:(report note): sw
./source/control_unit.vhd:1011:41:@23400ns:(report note): addi
./source/control_unit.vhd:1011:41:@23400ns:(report note): addi
./source/control_unit.vhd:1011:41:@23400ns:(report note): addi
./source/control_unit.vhd:1011:41:@23440ns:(report note): addi
./source/control_unit.vhd:1011:41:@23440ns:(report note): addi
./source/control_unit.vhd:1011:41:@23440ns:(report note): addi
./source/control_unit.vhd:1011:41:@23440ns:(report note): addi
./source/control_unit.vhd:1011:41:@23460ns:(report note): addi
./source/control_unit.vhd:1389:41:@23460ns:(report note): bne
./source/control_unit.vhd:1389:41:@23460ns:(report note): bne
./source/control_unit.vhd:1389:41:@23460ns:(report note): bne
./source/control_unit.vhd:1389:41:@23480ns:(report note): bne
./source/control_unit.vhd:1112:41:@23480ns:(report note): lw
./source/control_unit.vhd:1112:41:@23480ns:(report note): lw
./source/control_unit.vhd:1112:41:@23480ns:(report note): lw
./source/control_unit.vhd:1112:41:@23500ns:(report note): lw
./source/control_unit.vhd:1112:41:@23500ns:(report note): lw
./source/control_unit.vhd:1112:41:@23500ns:(report note): lw
./source/control_unit.vhd:1112:41:@23500ns:(report note): lw
./source/control_unit.vhd:1112:41:@23520ns:(report note): lw
./source/control_unit.vhd:1293:49:@23520ns:(report note): add
./source/control_unit.vhd:1293:49:@23520ns:(report note): add
./source/control_unit.vhd:1293:49:@23520ns:(report note): add
./source/control_unit.vhd:1293:49:@23580ns:(report note): add
./source/control_unit.vhd:1187:41:@23580ns:(report note): sw
./source/control_unit.vhd:1187:41:@23580ns:(report note): sw
./source/control_unit.vhd:1187:41:@23580ns:(report note): sw
./source/control_unit.vhd:1187:41:@23640ns:(report note): sw
./source/control_unit.vhd:1011:41:@23640ns:(report note): addi
./source/control_unit.vhd:1011:41:@23640ns:(report note): addi
./source/control_unit.vhd:1011:41:@23640ns:(report note): addi
./source/control_unit.vhd:1011:41:@23680ns:(report note): addi
./source/control_unit.vhd:1011:41:@23680ns:(report note): addi
./source/control_unit.vhd:1011:41:@23680ns:(report note): addi
./source/control_unit.vhd:1011:41:@23680ns:(report note): addi
./source/control_unit.vhd:1011:41:@23700ns:(report note): addi
./source/control_unit.vhd:1389:41:@23700ns:(report note): bne
./source/control_unit.vhd:1389:41:@23700ns:(report note): bne
./source/control_unit.vhd:1389:41:@23700ns:(report note): bne
./source/control_unit.vhd:1389:41:@23720ns:(report note): bne
./source/control_unit.vhd:1112:41:@23720ns:(report note): lw
./source/control_unit.vhd:1112:41:@23720ns:(report note): lw
./source/control_unit.vhd:1112:41:@23720ns:(report note): lw
./source/control_unit.vhd:1112:41:@23740ns:(report note): lw
./source/control_unit.vhd:1112:41:@23740ns:(report note): lw
./source/control_unit.vhd:1112:41:@23740ns:(report note): lw
./source/control_unit.vhd:1112:41:@23740ns:(report note): lw
./source/control_unit.vhd:1112:41:@23760ns:(report note): lw
./source/control_unit.vhd:1293:49:@23760ns:(report note): add
./source/control_unit.vhd:1293:49:@23760ns:(report note): add
./source/control_unit.vhd:1293:49:@23760ns:(report note): add
./source/control_unit.vhd:1293:49:@23820ns:(report note): add
./source/control_unit.vhd:1187:41:@23820ns:(report note): sw
./source/control_unit.vhd:1187:41:@23820ns:(report note): sw
./source/control_unit.vhd:1187:41:@23820ns:(report note): sw
./source/control_unit.vhd:1187:41:@23880ns:(report note): sw
./source/control_unit.vhd:1011:41:@23880ns:(report note): addi
./source/control_unit.vhd:1011:41:@23880ns:(report note): addi
./source/control_unit.vhd:1011:41:@23880ns:(report note): addi
./source/control_unit.vhd:1011:41:@23920ns:(report note): addi
./source/control_unit.vhd:1011:41:@23920ns:(report note): addi
./source/control_unit.vhd:1011:41:@23920ns:(report note): addi
./source/control_unit.vhd:1011:41:@23920ns:(report note): addi
./source/control_unit.vhd:1011:41:@23940ns:(report note): addi
./source/control_unit.vhd:1389:41:@23940ns:(report note): bne
./source/control_unit.vhd:1389:41:@23940ns:(report note): bne
./source/control_unit.vhd:1389:41:@23940ns:(report note): bne
./source/control_unit.vhd:1389:41:@23960ns:(report note): bne
./source/control_unit.vhd:1112:41:@23960ns:(report note): lw
./source/control_unit.vhd:1112:41:@23960ns:(report note): lw
./source/control_unit.vhd:1112:41:@23960ns:(report note): lw
./source/control_unit.vhd:1112:41:@23980ns:(report note): lw
./source/control_unit.vhd:1112:41:@23980ns:(report note): lw
./source/control_unit.vhd:1112:41:@23980ns:(report note): lw
./source/control_unit.vhd:1112:41:@23980ns:(report note): lw
./source/control_unit.vhd:1112:41:@24us:(report note): lw
./source/control_unit.vhd:1293:49:@24us:(report note): add
./source/control_unit.vhd:1293:49:@24us:(report note): add
./source/control_unit.vhd:1293:49:@24us:(report note): add
./source/control_unit.vhd:1293:49:@24060ns:(report note): add
./source/control_unit.vhd:1187:41:@24060ns:(report note): sw
./source/control_unit.vhd:1187:41:@24060ns:(report note): sw
./source/control_unit.vhd:1187:41:@24060ns:(report note): sw
./source/control_unit.vhd:1187:41:@24120ns:(report note): sw
./source/control_unit.vhd:1011:41:@24120ns:(report note): addi
./source/control_unit.vhd:1011:41:@24120ns:(report note): addi
./source/control_unit.vhd:1011:41:@24120ns:(report note): addi
./source/control_unit.vhd:1011:41:@24160ns:(report note): addi
./source/control_unit.vhd:1011:41:@24160ns:(report note): addi
./source/control_unit.vhd:1011:41:@24160ns:(report note): addi
./source/control_unit.vhd:1011:41:@24160ns:(report note): addi
./source/control_unit.vhd:1011:41:@24180ns:(report note): addi
./source/control_unit.vhd:1389:41:@24180ns:(report note): bne
./source/control_unit.vhd:1389:41:@24180ns:(report note): bne
./source/control_unit.vhd:1389:41:@24180ns:(report note): bne
./source/control_unit.vhd:1389:41:@24200ns:(report note): bne
./source/control_unit.vhd:1112:41:@24200ns:(report note): lw
./source/control_unit.vhd:1112:41:@24200ns:(report note): lw
./source/control_unit.vhd:1112:41:@24200ns:(report note): lw
./source/control_unit.vhd:1112:41:@24220ns:(report note): lw
./source/control_unit.vhd:1112:41:@24220ns:(report note): lw
./source/control_unit.vhd:1112:41:@24220ns:(report note): lw
./source/control_unit.vhd:1112:41:@24220ns:(report note): lw
./source/control_unit.vhd:1112:41:@24240ns:(report note): lw
./source/control_unit.vhd:1293:49:@24240ns:(report note): add
./source/control_unit.vhd:1293:49:@24240ns:(report note): add
./source/control_unit.vhd:1293:49:@24240ns:(report note): add
./source/control_unit.vhd:1293:49:@24300ns:(report note): add
./source/control_unit.vhd:1187:41:@24300ns:(report note): sw
./source/control_unit.vhd:1187:41:@24300ns:(report note): sw
./source/control_unit.vhd:1187:41:@24300ns:(report note): sw
./source/control_unit.vhd:1187:41:@24360ns:(report note): sw
./source/control_unit.vhd:1011:41:@24360ns:(report note): addi
./source/control_unit.vhd:1011:41:@24360ns:(report note): addi
./source/control_unit.vhd:1011:41:@24360ns:(report note): addi
./source/control_unit.vhd:1011:41:@24400ns:(report note): addi
./source/control_unit.vhd:1011:41:@24400ns:(report note): addi
./source/control_unit.vhd:1011:41:@24400ns:(report note): addi
./source/control_unit.vhd:1011:41:@24400ns:(report note): addi
./source/control_unit.vhd:1011:41:@24420ns:(report note): addi
./source/control_unit.vhd:1389:41:@24420ns:(report note): bne
./source/control_unit.vhd:1389:41:@24420ns:(report note): bne
./source/control_unit.vhd:1389:41:@24420ns:(report note): bne
./source/control_unit.vhd:1389:41:@24440ns:(report note): bne
./source/control_unit.vhd:1112:41:@24440ns:(report note): lw
./source/control_unit.vhd:1112:41:@24440ns:(report note): lw
./source/control_unit.vhd:1112:41:@24440ns:(report note): lw
./source/control_unit.vhd:1112:41:@24460ns:(report note): lw
./source/control_unit.vhd:1112:41:@24460ns:(report note): lw
./source/control_unit.vhd:1112:41:@24460ns:(report note): lw
./source/control_unit.vhd:1112:41:@24460ns:(report note): lw
./source/control_unit.vhd:1112:41:@24480ns:(report note): lw
./source/control_unit.vhd:1293:49:@24480ns:(report note): add
./source/control_unit.vhd:1293:49:@24480ns:(report note): add
./source/control_unit.vhd:1293:49:@24480ns:(report note): add
./source/control_unit.vhd:1293:49:@24540ns:(report note): add
./source/control_unit.vhd:1187:41:@24540ns:(report note): sw
./source/control_unit.vhd:1187:41:@24540ns:(report note): sw
./source/control_unit.vhd:1187:41:@24540ns:(report note): sw
./source/control_unit.vhd:1187:41:@24600ns:(report note): sw
./source/control_unit.vhd:1011:41:@24600ns:(report note): addi
./source/control_unit.vhd:1011:41:@24600ns:(report note): addi
./source/control_unit.vhd:1011:41:@24600ns:(report note): addi
./source/control_unit.vhd:1011:41:@24640ns:(report note): addi
./source/control_unit.vhd:1011:41:@24640ns:(report note): addi
./source/control_unit.vhd:1011:41:@24640ns:(report note): addi
./source/control_unit.vhd:1011:41:@24640ns:(report note): addi
./source/control_unit.vhd:1011:41:@24660ns:(report note): addi
./source/control_unit.vhd:1389:41:@24660ns:(report note): bne
./source/control_unit.vhd:1389:41:@24660ns:(report note): bne
./source/control_unit.vhd:1389:41:@24660ns:(report note): bne
./source/control_unit.vhd:1389:41:@24680ns:(report note): bne
./source/control_unit.vhd:1112:41:@24680ns:(report note): lw
./source/control_unit.vhd:1112:41:@24680ns:(report note): lw
./source/control_unit.vhd:1112:41:@24680ns:(report note): lw
./source/control_unit.vhd:1112:41:@24700ns:(report note): lw
./source/control_unit.vhd:1112:41:@24700ns:(report note): lw
./source/control_unit.vhd:1112:41:@24700ns:(report note): lw
./source/control_unit.vhd:1112:41:@24700ns:(report note): lw
./source/control_unit.vhd:1112:41:@24720ns:(report note): lw
./source/control_unit.vhd:1293:49:@24720ns:(report note): add
./source/control_unit.vhd:1293:49:@24720ns:(report note): add
./source/control_unit.vhd:1293:49:@24720ns:(report note): add
./source/control_unit.vhd:1293:49:@24780ns:(report note): add
./source/control_unit.vhd:1187:41:@24780ns:(report note): sw
./source/control_unit.vhd:1187:41:@24780ns:(report note): sw
./source/control_unit.vhd:1187:41:@24780ns:(report note): sw
./source/control_unit.vhd:1187:41:@24840ns:(report note): sw
./source/control_unit.vhd:1011:41:@24840ns:(report note): addi
./source/control_unit.vhd:1011:41:@24840ns:(report note): addi
./source/control_unit.vhd:1011:41:@24840ns:(report note): addi
./source/control_unit.vhd:1011:41:@24880ns:(report note): addi
./source/control_unit.vhd:1011:41:@24880ns:(report note): addi
./source/control_unit.vhd:1011:41:@24880ns:(report note): addi
./source/control_unit.vhd:1011:41:@24880ns:(report note): addi
./source/control_unit.vhd:1011:41:@24900ns:(report note): addi
./source/control_unit.vhd:1389:41:@24900ns:(report note): bne
./source/control_unit.vhd:1389:41:@24900ns:(report note): bne
./source/control_unit.vhd:1389:41:@24900ns:(report note): bne
./source/control_unit.vhd:1389:41:@24920ns:(report note): bne
./source/control_unit.vhd:1112:41:@24920ns:(report note): lw
./source/control_unit.vhd:1112:41:@24920ns:(report note): lw
./source/control_unit.vhd:1112:41:@24920ns:(report note): lw
./source/control_unit.vhd:1112:41:@24940ns:(report note): lw
./source/control_unit.vhd:1112:41:@24940ns:(report note): lw
./source/control_unit.vhd:1112:41:@24940ns:(report note): lw
./source/control_unit.vhd:1112:41:@24940ns:(report note): lw
./source/control_unit.vhd:1112:41:@24960ns:(report note): lw
./source/control_unit.vhd:1293:49:@24960ns:(report note): add
./source/control_unit.vhd:1293:49:@24960ns:(report note): add
./source/control_unit.vhd:1293:49:@24960ns:(report note): add
./source/control_unit.vhd:1293:49:@25020ns:(report note): add
./source/control_unit.vhd:1187:41:@25020ns:(report note): sw
./source/control_unit.vhd:1187:41:@25020ns:(report note): sw
./source/control_unit.vhd:1187:41:@25020ns:(report note): sw
./source/control_unit.vhd:1187:41:@25080ns:(report note): sw
./source/control_unit.vhd:1011:41:@25080ns:(report note): addi
./source/control_unit.vhd:1011:41:@25080ns:(report note): addi
./source/control_unit.vhd:1011:41:@25080ns:(report note): addi
./source/control_unit.vhd:1011:41:@25120ns:(report note): addi
./source/control_unit.vhd:1011:41:@25120ns:(report note): addi
./source/control_unit.vhd:1011:41:@25120ns:(report note): addi
./source/control_unit.vhd:1011:41:@25120ns:(report note): addi
./source/control_unit.vhd:1011:41:@25140ns:(report note): addi
./source/control_unit.vhd:1389:41:@25140ns:(report note): bne
./source/control_unit.vhd:1389:41:@25140ns:(report note): bne
./source/control_unit.vhd:1389:41:@25140ns:(report note): bne
./source/control_unit.vhd:1389:41:@25160ns:(report note): bne
./source/control_unit.vhd:1112:41:@25160ns:(report note): lw
./source/control_unit.vhd:1112:41:@25160ns:(report note): lw
./source/control_unit.vhd:1112:41:@25160ns:(report note): lw
./source/control_unit.vhd:1112:41:@25180ns:(report note): lw
./source/control_unit.vhd:1112:41:@25180ns:(report note): lw
./source/control_unit.vhd:1112:41:@25180ns:(report note): lw
./source/control_unit.vhd:1112:41:@25180ns:(report note): lw
./source/control_unit.vhd:1112:41:@25200ns:(report note): lw
./source/control_unit.vhd:1293:49:@25200ns:(report note): add
./source/control_unit.vhd:1293:49:@25200ns:(report note): add
./source/control_unit.vhd:1293:49:@25200ns:(report note): add
./source/control_unit.vhd:1293:49:@25260ns:(report note): add
./source/control_unit.vhd:1187:41:@25260ns:(report note): sw
./source/control_unit.vhd:1187:41:@25260ns:(report note): sw
./source/control_unit.vhd:1187:41:@25260ns:(report note): sw
./source/control_unit.vhd:1187:41:@25320ns:(report note): sw
./source/control_unit.vhd:1011:41:@25320ns:(report note): addi
./source/control_unit.vhd:1011:41:@25320ns:(report note): addi
./source/control_unit.vhd:1011:41:@25320ns:(report note): addi
./source/control_unit.vhd:1011:41:@25360ns:(report note): addi
./source/control_unit.vhd:1011:41:@25360ns:(report note): addi
./source/control_unit.vhd:1011:41:@25360ns:(report note): addi
./source/control_unit.vhd:1011:41:@25360ns:(report note): addi
./source/control_unit.vhd:1011:41:@25380ns:(report note): addi
./source/control_unit.vhd:1389:41:@25380ns:(report note): bne
./source/control_unit.vhd:1389:41:@25380ns:(report note): bne
./source/control_unit.vhd:1389:41:@25380ns:(report note): bne
./source/control_unit.vhd:1389:41:@25400ns:(report note): bne
./source/control_unit.vhd:1112:41:@25400ns:(report note): lw
./source/control_unit.vhd:1112:41:@25400ns:(report note): lw
./source/control_unit.vhd:1112:41:@25400ns:(report note): lw
./source/control_unit.vhd:1112:41:@25420ns:(report note): lw
./source/control_unit.vhd:1112:41:@25420ns:(report note): lw
./source/control_unit.vhd:1112:41:@25420ns:(report note): lw
./source/control_unit.vhd:1112:41:@25420ns:(report note): lw
./source/control_unit.vhd:1112:41:@25440ns:(report note): lw
./source/control_unit.vhd:1293:49:@25440ns:(report note): add
./source/control_unit.vhd:1293:49:@25440ns:(report note): add
./source/control_unit.vhd:1293:49:@25440ns:(report note): add
./source/control_unit.vhd:1293:49:@25500ns:(report note): add
./source/control_unit.vhd:1187:41:@25500ns:(report note): sw
./source/control_unit.vhd:1187:41:@25500ns:(report note): sw
./source/control_unit.vhd:1187:41:@25500ns:(report note): sw
./source/control_unit.vhd:1187:41:@25560ns:(report note): sw
./source/control_unit.vhd:1011:41:@25560ns:(report note): addi
./source/control_unit.vhd:1011:41:@25560ns:(report note): addi
./source/control_unit.vhd:1011:41:@25560ns:(report note): addi
./source/control_unit.vhd:1011:41:@25600ns:(report note): addi
./source/control_unit.vhd:1011:41:@25600ns:(report note): addi
./source/control_unit.vhd:1011:41:@25600ns:(report note): addi
./source/control_unit.vhd:1011:41:@25600ns:(report note): addi
./source/control_unit.vhd:1011:41:@25620ns:(report note): addi
./source/control_unit.vhd:1389:41:@25620ns:(report note): bne
./source/control_unit.vhd:1389:41:@25620ns:(report note): bne
./source/control_unit.vhd:1389:41:@25620ns:(report note): bne
./source/control_unit.vhd:1389:41:@25640ns:(report note): bne
./source/control_unit.vhd:1112:41:@25640ns:(report note): lw
./source/control_unit.vhd:1112:41:@25640ns:(report note): lw
./source/control_unit.vhd:1112:41:@25640ns:(report note): lw
./source/control_unit.vhd:1112:41:@25660ns:(report note): lw
./source/control_unit.vhd:1011:41:@25660ns:(report note): addi
./source/control_unit.vhd:1011:41:@25660ns:(report note): addi
./source/control_unit.vhd:1011:41:@25660ns:(report note): addi
./source/control_unit.vhd:1011:41:@25680ns:(report note): addi
./source/control_unit.vhd:1673:33:@25680ns:(report note): auipc
./source/control_unit.vhd:1673:33:@25680ns:(report note): auipc
./source/control_unit.vhd:1673:33:@25680ns:(report note): auipc
./source/control_unit.vhd:1673:33:@25700ns:(report note): auipc
./source/control_unit.vhd:1011:41:@25700ns:(report note): addi
./source/control_unit.vhd:1011:41:@25700ns:(report note): addi
./source/control_unit.vhd:1011:41:@25700ns:(report note): addi
./source/control_unit.vhd:1011:41:@25720ns:(report note): addi
./source/control_unit.vhd:1293:49:@25720ns:(report note): add
./source/control_unit.vhd:1293:49:@25720ns:(report note): add
./source/control_unit.vhd:1293:49:@25720ns:(report note): add
./source/control_unit.vhd:1293:49:@25740ns:(report note): add
./source/control_unit.vhd:984:33:@25740ns:(report note): jal
./source/control_unit.vhd:984:33:@25740ns:(report note): jal
./source/control_unit.vhd:984:33:@25740ns:(report note): jal
./source/control_unit.vhd:984:33:@25760ns:(report note): jal
./source/control_unit.vhd:984:33:@25760ns:(report note): jal
./source/control_unit.vhd:984:33:@25760ns:(report note): jal
./source/control_unit.vhd:984:33:@25760ns:(report note): jal
./source/control_unit.vhd:984:33:@25780ns:(report note): jal
./source/control_unit.vhd:1011:41:@25780ns:(report note): addi
./source/control_unit.vhd:1011:41:@25780ns:(report note): addi
./source/control_unit.vhd:1011:41:@25780ns:(report note): addi
./source/control_unit.vhd:1011:41:@25800ns:(report note): addi
./source/control_unit.vhd:1293:49:@25800ns:(report note): add
./source/control_unit.vhd:1293:49:@25800ns:(report note): add
./source/control_unit.vhd:1293:49:@25800ns:(report note): add
./source/control_unit.vhd:1293:49:@25820ns:(report note): add
./source/control_unit.vhd:1293:49:@25820ns:(report note): add
./source/control_unit.vhd:1293:49:@25820ns:(report note): add
./source/control_unit.vhd:1293:49:@25820ns:(report note): add
./source/control_unit.vhd:1293:49:@25840ns:(report note): add
./source/control_unit.vhd:1673:33:@25840ns:(report note): auipc
./source/control_unit.vhd:1673:33:@25840ns:(report note): auipc
./source/control_unit.vhd:1673:33:@25840ns:(report note): auipc
./source/control_unit.vhd:1673:33:@25860ns:(report note): auipc
./source/control_unit.vhd:1011:41:@25860ns:(report note): addi
./source/control_unit.vhd:1011:41:@25860ns:(report note): addi
./source/control_unit.vhd:1011:41:@25860ns:(report note): addi
./source/control_unit.vhd:1011:41:@25880ns:(report note): addi
./source/control_unit.vhd:1067:41:@25880ns:(report note): ori
./source/control_unit.vhd:1067:41:@25880ns:(report note): ori
./source/control_unit.vhd:1067:41:@25880ns:(report note): ori
./source/control_unit.vhd:1067:41:@25900ns:(report note): ori
./source/control_unit.vhd:1112:41:@25900ns:(report note): lw
./source/control_unit.vhd:1112:41:@25900ns:(report note): lw
./source/control_unit.vhd:1112:41:@25900ns:(report note): lw
./source/control_unit.vhd:1112:41:@25920ns:(report note): lw
./source/control_unit.vhd:1067:41:@25920ns:(report note): ori
./source/control_unit.vhd:1067:41:@25920ns:(report note): ori
./source/control_unit.vhd:1067:41:@25920ns:(report note): ori
./source/control_unit.vhd:1067:41:@25940ns:(report note): ori
./source/control_unit.vhd:1673:33:@25940ns:(report note): auipc
./source/control_unit.vhd:1673:33:@25940ns:(report note): auipc
./source/control_unit.vhd:1673:33:@25940ns:(report note): auipc
./source/control_unit.vhd:1673:33:@25960ns:(report note): auipc
./source/control_unit.vhd:1011:41:@25960ns:(report note): addi
./source/control_unit.vhd:1011:41:@25960ns:(report note): addi
./source/control_unit.vhd:1011:41:@25960ns:(report note): addi
./source/control_unit.vhd:1011:41:@25980ns:(report note): addi
./source/control_unit.vhd:1067:41:@25980ns:(report note): ori
./source/control_unit.vhd:1067:41:@25980ns:(report note): ori
./source/control_unit.vhd:1067:41:@25980ns:(report note): ori
./source/control_unit.vhd:1067:41:@26us:(report note): ori
./source/control_unit.vhd:1011:41:@26us:(report note): addi
./source/control_unit.vhd:1011:41:@26us:(report note): addi
./source/control_unit.vhd:1011:41:@26us:(report note): addi
./source/control_unit.vhd:1011:41:@26020ns:(report note): addi
./source/control_unit.vhd:1011:41:@26020ns:(report note): addi
./source/control_unit.vhd:1011:41:@26020ns:(report note): addi
./source/control_unit.vhd:1011:41:@26020ns:(report note): addi
./source/control_unit.vhd:1011:41:@26040ns:(report note): addi
./source/control_unit.vhd:1389:41:@26040ns:(report note): bne
./source/control_unit.vhd:1389:41:@26040ns:(report note): bne
./source/control_unit.vhd:1389:41:@26040ns:(report note): bne
./source/control_unit.vhd:1389:41:@26060ns:(report note): bne
./source/control_unit.vhd:997:33:@26060ns:(report note): jalr
./source/control_unit.vhd:997:33:@26060ns:(report note): jalr
./source/control_unit.vhd:997:33:@26060ns:(report note): jalr
./source/control_unit.vhd:997:33:@26080ns:(report note): jalr
./source/control_unit.vhd:1011:41:@26080ns:(report note): addi
./source/control_unit.vhd:1011:41:@26080ns:(report note): addi
./source/control_unit.vhd:1011:41:@26080ns:(report note): addi
./source/control_unit.vhd:1011:41:@26100ns:(report note): addi
./source/control_unit.vhd:1112:41:@26100ns:(report note): lw
./source/control_unit.vhd:1112:41:@26100ns:(report note): lw
./source/control_unit.vhd:1112:41:@26100ns:(report note): lw
./source/control_unit.vhd:1112:41:@26120ns:(report note): lw
./source/control_unit.vhd:1067:41:@26120ns:(report note): ori
./source/control_unit.vhd:1067:41:@26120ns:(report note): ori
./source/control_unit.vhd:1067:41:@26120ns:(report note): ori
./source/control_unit.vhd:1067:41:@26140ns:(report note): ori
./source/control_unit.vhd:1673:33:@26140ns:(report note): auipc
./source/control_unit.vhd:1673:33:@26140ns:(report note): auipc
./source/control_unit.vhd:1673:33:@26140ns:(report note): auipc
./source/control_unit.vhd:1673:33:@26160ns:(report note): auipc
./source/control_unit.vhd:1011:41:@26160ns:(report note): addi
./source/control_unit.vhd:1011:41:@26160ns:(report note): addi
./source/control_unit.vhd:1011:41:@26160ns:(report note): addi
./source/control_unit.vhd:1011:41:@26180ns:(report note): addi
./source/control_unit.vhd:1067:41:@26180ns:(report note): ori
./source/control_unit.vhd:1067:41:@26180ns:(report note): ori
./source/control_unit.vhd:1067:41:@26180ns:(report note): ori
./source/control_unit.vhd:1067:41:@26200ns:(report note): ori
./source/control_unit.vhd:1011:41:@26200ns:(report note): addi
./source/control_unit.vhd:1011:41:@26200ns:(report note): addi
./source/control_unit.vhd:1011:41:@26200ns:(report note): addi
./source/control_unit.vhd:1011:41:@26220ns:(report note): addi
./source/control_unit.vhd:1011:41:@26220ns:(report note): addi
./source/control_unit.vhd:1011:41:@26220ns:(report note): addi
./source/control_unit.vhd:1011:41:@26220ns:(report note): addi
./source/control_unit.vhd:1011:41:@26240ns:(report note): addi
./source/control_unit.vhd:1389:41:@26240ns:(report note): bne
./source/control_unit.vhd:1389:41:@26240ns:(report note): bne
./source/control_unit.vhd:1389:41:@26240ns:(report note): bne
./source/control_unit.vhd:1389:41:@26260ns:(report note): bne
./source/control_unit.vhd:997:33:@26260ns:(report note): jalr
./source/control_unit.vhd:997:33:@26260ns:(report note): jalr
./source/control_unit.vhd:997:33:@26260ns:(report note): jalr
./source/control_unit.vhd:997:33:@26280ns:(report note): jalr
./source/control_unit.vhd:1011:41:@26280ns:(report note): addi
./source/control_unit.vhd:1011:41:@26280ns:(report note): addi
./source/control_unit.vhd:1011:41:@26280ns:(report note): addi
./source/control_unit.vhd:1011:41:@26300ns:(report note): addi
./source/control_unit.vhd:1112:41:@26300ns:(report note): lw
./source/control_unit.vhd:1112:41:@26300ns:(report note): lw
./source/control_unit.vhd:1112:41:@26300ns:(report note): lw
./source/control_unit.vhd:1112:41:@26320ns:(report note): lw
./source/control_unit.vhd:1067:41:@26320ns:(report note): ori
./source/control_unit.vhd:1067:41:@26320ns:(report note): ori
./source/control_unit.vhd:1067:41:@26320ns:(report note): ori
./source/control_unit.vhd:1067:41:@26340ns:(report note): ori
./source/control_unit.vhd:1673:33:@26340ns:(report note): auipc
./source/control_unit.vhd:1673:33:@26340ns:(report note): auipc
./source/control_unit.vhd:1673:33:@26340ns:(report note): auipc
./source/control_unit.vhd:1673:33:@26360ns:(report note): auipc
./source/control_unit.vhd:1011:41:@26360ns:(report note): addi
./source/control_unit.vhd:1011:41:@26360ns:(report note): addi
./source/control_unit.vhd:1011:41:@26360ns:(report note): addi
./source/control_unit.vhd:1011:41:@26380ns:(report note): addi
./source/control_unit.vhd:1067:41:@26380ns:(report note): ori
./source/control_unit.vhd:1067:41:@26380ns:(report note): ori
./source/control_unit.vhd:1067:41:@26380ns:(report note): ori
./source/control_unit.vhd:1067:41:@26400ns:(report note): ori
./source/control_unit.vhd:1011:41:@26400ns:(report note): addi
./source/control_unit.vhd:1011:41:@26400ns:(report note): addi
./source/control_unit.vhd:1011:41:@26400ns:(report note): addi
./source/control_unit.vhd:1011:41:@26420ns:(report note): addi
./source/control_unit.vhd:1011:41:@26420ns:(report note): addi
./source/control_unit.vhd:1011:41:@26420ns:(report note): addi
./source/control_unit.vhd:1011:41:@26420ns:(report note): addi
./source/control_unit.vhd:1011:41:@26440ns:(report note): addi
./source/control_unit.vhd:1389:41:@26440ns:(report note): bne
./source/control_unit.vhd:1389:41:@26440ns:(report note): bne
./source/control_unit.vhd:1389:41:@26440ns:(report note): bne
./source/control_unit.vhd:1389:41:@26460ns:(report note): bne
./source/control_unit.vhd:1112:41:@26460ns:(report note): lw
./source/control_unit.vhd:1112:41:@26460ns:(report note): lw
./source/control_unit.vhd:1112:41:@26460ns:(report note): lw
./source/control_unit.vhd:1112:41:@26500ns:(report note): lw
./source/control_unit.vhd:1067:41:@26500ns:(report note): ori
./source/control_unit.vhd:1067:41:@26500ns:(report note): ori
./source/control_unit.vhd:1067:41:@26500ns:(report note): ori
./source/control_unit.vhd:1067:41:@26520ns:(report note): ori
./source/control_unit.vhd:1673:33:@26520ns:(report note): auipc
./source/control_unit.vhd:1673:33:@26520ns:(report note): auipc
./source/control_unit.vhd:1673:33:@26520ns:(report note): auipc
./source/control_unit.vhd:1673:33:@26540ns:(report note): auipc
./source/control_unit.vhd:1011:41:@26540ns:(report note): addi
./source/control_unit.vhd:1011:41:@26540ns:(report note): addi
./source/control_unit.vhd:1011:41:@26540ns:(report note): addi
./source/control_unit.vhd:1011:41:@26560ns:(report note): addi
./source/control_unit.vhd:1067:41:@26560ns:(report note): ori
./source/control_unit.vhd:1067:41:@26560ns:(report note): ori
./source/control_unit.vhd:1067:41:@26560ns:(report note): ori
./source/control_unit.vhd:1067:41:@26580ns:(report note): ori
./source/control_unit.vhd:1011:41:@26580ns:(report note): addi
./source/control_unit.vhd:1011:41:@26580ns:(report note): addi
./source/control_unit.vhd:1011:41:@26580ns:(report note): addi
./source/control_unit.vhd:1011:41:@26600ns:(report note): addi
./source/control_unit.vhd:1011:41:@26600ns:(report note): addi
./source/control_unit.vhd:1011:41:@26600ns:(report note): addi
./source/control_unit.vhd:1011:41:@26600ns:(report note): addi
./source/control_unit.vhd:1011:41:@26620ns:(report note): addi
./source/control_unit.vhd:1389:41:@26620ns:(report note): bne
./source/control_unit.vhd:1389:41:@26620ns:(report note): bne
./source/control_unit.vhd:1389:41:@26620ns:(report note): bne
./source/control_unit.vhd:1389:41:@26640ns:(report note): bne
./source/control_unit.vhd:1112:41:@26640ns:(report note): lw
./source/control_unit.vhd:1112:41:@26640ns:(report note): lw
./source/control_unit.vhd:1112:41:@26640ns:(report note): lw
./source/control_unit.vhd:1112:41:@26680ns:(report note): lw
./source/control_unit.vhd:1067:41:@26680ns:(report note): ori
./source/control_unit.vhd:1067:41:@26680ns:(report note): ori
./source/control_unit.vhd:1067:41:@26680ns:(report note): ori
./source/control_unit.vhd:1067:41:@26700ns:(report note): ori
./source/control_unit.vhd:1673:33:@26700ns:(report note): auipc
./source/control_unit.vhd:1673:33:@26700ns:(report note): auipc
./source/control_unit.vhd:1673:33:@26700ns:(report note): auipc
./source/control_unit.vhd:1673:33:@26720ns:(report note): auipc
./source/control_unit.vhd:1011:41:@26720ns:(report note): addi
./source/control_unit.vhd:1011:41:@26720ns:(report note): addi
./source/control_unit.vhd:1011:41:@26720ns:(report note): addi
./source/control_unit.vhd:1011:41:@26740ns:(report note): addi
./source/control_unit.vhd:1067:41:@26740ns:(report note): ori
./source/control_unit.vhd:1067:41:@26740ns:(report note): ori
./source/control_unit.vhd:1067:41:@26740ns:(report note): ori
./source/control_unit.vhd:1067:41:@26760ns:(report note): ori
./source/control_unit.vhd:1011:41:@26760ns:(report note): addi
./source/control_unit.vhd:1011:41:@26760ns:(report note): addi
./source/control_unit.vhd:1011:41:@26760ns:(report note): addi
./source/control_unit.vhd:1011:41:@26780ns:(report note): addi
./source/control_unit.vhd:1011:41:@26780ns:(report note): addi
./source/control_unit.vhd:1011:41:@26780ns:(report note): addi
./source/control_unit.vhd:1011:41:@26780ns:(report note): addi
./source/control_unit.vhd:1011:41:@26800ns:(report note): addi
./source/control_unit.vhd:1389:41:@26800ns:(report note): bne
./source/control_unit.vhd:1389:41:@26800ns:(report note): bne
./source/control_unit.vhd:1389:41:@26800ns:(report note): bne
./source/control_unit.vhd:1389:41:@26820ns:(report note): bne
./source/control_unit.vhd:1112:41:@26820ns:(report note): lw
./source/control_unit.vhd:1112:41:@26820ns:(report note): lw
./source/control_unit.vhd:1112:41:@26820ns:(report note): lw
./source/control_unit.vhd:1112:41:@26860ns:(report note): lw
./source/control_unit.vhd:1067:41:@26860ns:(report note): ori
./source/control_unit.vhd:1067:41:@26860ns:(report note): ori
./source/control_unit.vhd:1067:41:@26860ns:(report note): ori
./source/control_unit.vhd:1067:41:@26880ns:(report note): ori
./source/control_unit.vhd:1673:33:@26880ns:(report note): auipc
./source/control_unit.vhd:1673:33:@26880ns:(report note): auipc
./source/control_unit.vhd:1673:33:@26880ns:(report note): auipc
./source/control_unit.vhd:1673:33:@26900ns:(report note): auipc
./source/control_unit.vhd:1011:41:@26900ns:(report note): addi
./source/control_unit.vhd:1011:41:@26900ns:(report note): addi
./source/control_unit.vhd:1011:41:@26900ns:(report note): addi
./source/control_unit.vhd:1011:41:@26920ns:(report note): addi
./source/control_unit.vhd:1067:41:@26920ns:(report note): ori
./source/control_unit.vhd:1067:41:@26920ns:(report note): ori
./source/control_unit.vhd:1067:41:@26920ns:(report note): ori
./source/control_unit.vhd:1067:41:@26940ns:(report note): ori
./source/control_unit.vhd:1011:41:@26940ns:(report note): addi
./source/control_unit.vhd:1011:41:@26940ns:(report note): addi
./source/control_unit.vhd:1011:41:@26940ns:(report note): addi
./source/control_unit.vhd:1011:41:@26960ns:(report note): addi
./source/control_unit.vhd:1011:41:@26960ns:(report note): addi
./source/control_unit.vhd:1011:41:@26960ns:(report note): addi
./source/control_unit.vhd:1011:41:@26960ns:(report note): addi
./source/control_unit.vhd:1011:41:@26980ns:(report note): addi
./source/control_unit.vhd:1389:41:@26980ns:(report note): bne
./source/control_unit.vhd:1389:41:@26980ns:(report note): bne
./source/control_unit.vhd:1389:41:@26980ns:(report note): bne
./source/control_unit.vhd:1389:41:@27us:(report note): bne
./source/control_unit.vhd:1112:41:@27us:(report note): lw
./source/control_unit.vhd:1112:41:@27us:(report note): lw
./source/control_unit.vhd:1112:41:@27us:(report note): lw
./source/control_unit.vhd:1112:41:@27040ns:(report note): lw
./source/control_unit.vhd:1067:41:@27040ns:(report note): ori
./source/control_unit.vhd:1067:41:@27040ns:(report note): ori
./source/control_unit.vhd:1067:41:@27040ns:(report note): ori
./source/control_unit.vhd:1067:41:@27060ns:(report note): ori
./source/control_unit.vhd:1673:33:@27060ns:(report note): auipc
./source/control_unit.vhd:1673:33:@27060ns:(report note): auipc
./source/control_unit.vhd:1673:33:@27060ns:(report note): auipc
./source/control_unit.vhd:1673:33:@27080ns:(report note): auipc
./source/control_unit.vhd:1011:41:@27080ns:(report note): addi
./source/control_unit.vhd:1011:41:@27080ns:(report note): addi
./source/control_unit.vhd:1011:41:@27080ns:(report note): addi
./source/control_unit.vhd:1011:41:@27100ns:(report note): addi
./source/control_unit.vhd:1067:41:@27100ns:(report note): ori
./source/control_unit.vhd:1067:41:@27100ns:(report note): ori
./source/control_unit.vhd:1067:41:@27100ns:(report note): ori
./source/control_unit.vhd:1067:41:@27120ns:(report note): ori
./source/control_unit.vhd:1011:41:@27120ns:(report note): addi
./source/control_unit.vhd:1011:41:@27120ns:(report note): addi
./source/control_unit.vhd:1011:41:@27120ns:(report note): addi
./source/control_unit.vhd:1011:41:@27140ns:(report note): addi
./source/control_unit.vhd:1011:41:@27140ns:(report note): addi
./source/control_unit.vhd:1011:41:@27140ns:(report note): addi
./source/control_unit.vhd:1011:41:@27140ns:(report note): addi
./source/control_unit.vhd:1011:41:@27160ns:(report note): addi
./source/control_unit.vhd:1389:41:@27160ns:(report note): bne
./source/control_unit.vhd:1389:41:@27160ns:(report note): bne
./source/control_unit.vhd:1389:41:@27160ns:(report note): bne
./source/control_unit.vhd:1389:41:@27180ns:(report note): bne
./source/control_unit.vhd:1112:41:@27180ns:(report note): lw
./source/control_unit.vhd:1112:41:@27180ns:(report note): lw
./source/control_unit.vhd:1112:41:@27180ns:(report note): lw
./source/control_unit.vhd:1112:41:@27220ns:(report note): lw
./source/control_unit.vhd:1067:41:@27220ns:(report note): ori
./source/control_unit.vhd:1067:41:@27220ns:(report note): ori
./source/control_unit.vhd:1067:41:@27220ns:(report note): ori
./source/control_unit.vhd:1067:41:@27240ns:(report note): ori
./source/control_unit.vhd:1673:33:@27240ns:(report note): auipc
./source/control_unit.vhd:1673:33:@27240ns:(report note): auipc
./source/control_unit.vhd:1673:33:@27240ns:(report note): auipc
./source/control_unit.vhd:1673:33:@27260ns:(report note): auipc
./source/control_unit.vhd:1011:41:@27260ns:(report note): addi
./source/control_unit.vhd:1011:41:@27260ns:(report note): addi
./source/control_unit.vhd:1011:41:@27260ns:(report note): addi
./source/control_unit.vhd:1011:41:@27280ns:(report note): addi
./source/control_unit.vhd:1067:41:@27280ns:(report note): ori
./source/control_unit.vhd:1067:41:@27280ns:(report note): ori
./source/control_unit.vhd:1067:41:@27280ns:(report note): ori
./source/control_unit.vhd:1067:41:@27300ns:(report note): ori
./source/control_unit.vhd:1011:41:@27300ns:(report note): addi
./source/control_unit.vhd:1011:41:@27300ns:(report note): addi
./source/control_unit.vhd:1011:41:@27300ns:(report note): addi
./source/control_unit.vhd:1011:41:@27320ns:(report note): addi
./source/control_unit.vhd:1011:41:@27320ns:(report note): addi
./source/control_unit.vhd:1011:41:@27320ns:(report note): addi
./source/control_unit.vhd:1011:41:@27320ns:(report note): addi
./source/control_unit.vhd:1011:41:@27340ns:(report note): addi
./source/control_unit.vhd:1389:41:@27340ns:(report note): bne
./source/control_unit.vhd:1389:41:@27340ns:(report note): bne
./source/control_unit.vhd:1389:41:@27340ns:(report note): bne
./source/control_unit.vhd:1389:41:@27360ns:(report note): bne
./source/control_unit.vhd:1112:41:@27360ns:(report note): lw
./source/control_unit.vhd:1112:41:@27360ns:(report note): lw
./source/control_unit.vhd:1112:41:@27360ns:(report note): lw
./source/control_unit.vhd:1112:41:@27400ns:(report note): lw
./source/control_unit.vhd:1067:41:@27400ns:(report note): ori
./source/control_unit.vhd:1067:41:@27400ns:(report note): ori
./source/control_unit.vhd:1067:41:@27400ns:(report note): ori
./source/control_unit.vhd:1067:41:@27420ns:(report note): ori
./source/control_unit.vhd:1673:33:@27420ns:(report note): auipc
./source/control_unit.vhd:1673:33:@27420ns:(report note): auipc
./source/control_unit.vhd:1673:33:@27420ns:(report note): auipc
./source/control_unit.vhd:1673:33:@27440ns:(report note): auipc
./source/control_unit.vhd:1011:41:@27440ns:(report note): addi
./source/control_unit.vhd:1011:41:@27440ns:(report note): addi
./source/control_unit.vhd:1011:41:@27440ns:(report note): addi
./source/control_unit.vhd:1011:41:@27460ns:(report note): addi
./source/control_unit.vhd:1067:41:@27460ns:(report note): ori
./source/control_unit.vhd:1067:41:@27460ns:(report note): ori
./source/control_unit.vhd:1067:41:@27460ns:(report note): ori
./source/control_unit.vhd:1067:41:@27480ns:(report note): ori
./source/control_unit.vhd:1011:41:@27480ns:(report note): addi
./source/control_unit.vhd:1011:41:@27480ns:(report note): addi
./source/control_unit.vhd:1011:41:@27480ns:(report note): addi
./source/control_unit.vhd:1011:41:@27500ns:(report note): addi
./source/control_unit.vhd:1011:41:@27500ns:(report note): addi
./source/control_unit.vhd:1011:41:@27500ns:(report note): addi
./source/control_unit.vhd:1011:41:@27500ns:(report note): addi
./source/control_unit.vhd:1011:41:@27520ns:(report note): addi
./source/control_unit.vhd:1389:41:@27520ns:(report note): bne
./source/control_unit.vhd:1389:41:@27520ns:(report note): bne
./source/control_unit.vhd:1389:41:@27520ns:(report note): bne
./source/control_unit.vhd:1389:41:@27540ns:(report note): bne
./source/control_unit.vhd:1112:41:@27540ns:(report note): lw
./source/control_unit.vhd:1112:41:@27540ns:(report note): lw
./source/control_unit.vhd:1112:41:@27540ns:(report note): lw
./source/control_unit.vhd:1112:41:@27580ns:(report note): lw
./source/control_unit.vhd:1067:41:@27580ns:(report note): ori
./source/control_unit.vhd:1067:41:@27580ns:(report note): ori
./source/control_unit.vhd:1067:41:@27580ns:(report note): ori
./source/control_unit.vhd:1067:41:@27600ns:(report note): ori
./source/control_unit.vhd:1673:33:@27600ns:(report note): auipc
./source/control_unit.vhd:1673:33:@27600ns:(report note): auipc
./source/control_unit.vhd:1673:33:@27600ns:(report note): auipc
./source/control_unit.vhd:1673:33:@27620ns:(report note): auipc
./source/control_unit.vhd:1011:41:@27620ns:(report note): addi
./source/control_unit.vhd:1011:41:@27620ns:(report note): addi
./source/control_unit.vhd:1011:41:@27620ns:(report note): addi
./source/control_unit.vhd:1011:41:@27640ns:(report note): addi
./source/control_unit.vhd:1067:41:@27640ns:(report note): ori
./source/control_unit.vhd:1067:41:@27640ns:(report note): ori
./source/control_unit.vhd:1067:41:@27640ns:(report note): ori
./source/control_unit.vhd:1067:41:@27660ns:(report note): ori
./source/control_unit.vhd:1011:41:@27660ns:(report note): addi
./source/control_unit.vhd:1011:41:@27660ns:(report note): addi
./source/control_unit.vhd:1011:41:@27660ns:(report note): addi
./source/control_unit.vhd:1011:41:@27680ns:(report note): addi
./source/control_unit.vhd:1011:41:@27680ns:(report note): addi
./source/control_unit.vhd:1011:41:@27680ns:(report note): addi
./source/control_unit.vhd:1011:41:@27680ns:(report note): addi
./source/control_unit.vhd:1011:41:@27700ns:(report note): addi
./source/control_unit.vhd:1389:41:@27700ns:(report note): bne
./source/control_unit.vhd:1389:41:@27700ns:(report note): bne
./source/control_unit.vhd:1389:41:@27700ns:(report note): bne
./source/control_unit.vhd:1389:41:@27720ns:(report note): bne
./source/control_unit.vhd:1112:41:@27720ns:(report note): lw
./source/control_unit.vhd:1112:41:@27720ns:(report note): lw
./source/control_unit.vhd:1112:41:@27720ns:(report note): lw
./source/control_unit.vhd:1112:41:@27760ns:(report note): lw
./source/control_unit.vhd:1067:41:@27760ns:(report note): ori
./source/control_unit.vhd:1067:41:@27760ns:(report note): ori
./source/control_unit.vhd:1067:41:@27760ns:(report note): ori
./source/control_unit.vhd:1067:41:@27780ns:(report note): ori
./source/control_unit.vhd:1673:33:@27780ns:(report note): auipc
./source/control_unit.vhd:1673:33:@27780ns:(report note): auipc
./source/control_unit.vhd:1673:33:@27780ns:(report note): auipc
./source/control_unit.vhd:1673:33:@27800ns:(report note): auipc
./source/control_unit.vhd:1011:41:@27800ns:(report note): addi
./source/control_unit.vhd:1011:41:@27800ns:(report note): addi
./source/control_unit.vhd:1011:41:@27800ns:(report note): addi
./source/control_unit.vhd:1011:41:@27820ns:(report note): addi
./source/control_unit.vhd:1067:41:@27820ns:(report note): ori
./source/control_unit.vhd:1067:41:@27820ns:(report note): ori
./source/control_unit.vhd:1067:41:@27820ns:(report note): ori
./source/control_unit.vhd:1067:41:@27840ns:(report note): ori
./source/control_unit.vhd:1011:41:@27840ns:(report note): addi
./source/control_unit.vhd:1011:41:@27840ns:(report note): addi
./source/control_unit.vhd:1011:41:@27840ns:(report note): addi
./source/control_unit.vhd:1011:41:@27860ns:(report note): addi
./source/control_unit.vhd:1011:41:@27860ns:(report note): addi
./source/control_unit.vhd:1011:41:@27860ns:(report note): addi
./source/control_unit.vhd:1011:41:@27860ns:(report note): addi
./source/control_unit.vhd:1011:41:@27880ns:(report note): addi
./source/control_unit.vhd:1389:41:@27880ns:(report note): bne
./source/control_unit.vhd:1389:41:@27880ns:(report note): bne
./source/control_unit.vhd:1389:41:@27880ns:(report note): bne
./source/control_unit.vhd:1389:41:@27900ns:(report note): bne
./source/control_unit.vhd:1112:41:@27900ns:(report note): lw
./source/control_unit.vhd:1112:41:@27900ns:(report note): lw
./source/control_unit.vhd:1112:41:@27900ns:(report note): lw
./source/control_unit.vhd:1112:41:@27940ns:(report note): lw
./source/control_unit.vhd:1067:41:@27940ns:(report note): ori
./source/control_unit.vhd:1067:41:@27940ns:(report note): ori
./source/control_unit.vhd:1067:41:@27940ns:(report note): ori
./source/control_unit.vhd:1067:41:@27960ns:(report note): ori
./source/control_unit.vhd:1673:33:@27960ns:(report note): auipc
./source/control_unit.vhd:1673:33:@27960ns:(report note): auipc
./source/control_unit.vhd:1673:33:@27960ns:(report note): auipc
./source/control_unit.vhd:1673:33:@27980ns:(report note): auipc
./source/control_unit.vhd:1011:41:@27980ns:(report note): addi
./source/control_unit.vhd:1011:41:@27980ns:(report note): addi
./source/control_unit.vhd:1011:41:@27980ns:(report note): addi
./source/control_unit.vhd:1011:41:@28us:(report note): addi
./source/control_unit.vhd:1067:41:@28us:(report note): ori
./source/control_unit.vhd:1067:41:@28us:(report note): ori
./source/control_unit.vhd:1067:41:@28us:(report note): ori
./source/control_unit.vhd:1067:41:@28020ns:(report note): ori
./source/control_unit.vhd:1011:41:@28020ns:(report note): addi
./source/control_unit.vhd:1011:41:@28020ns:(report note): addi
./source/control_unit.vhd:1011:41:@28020ns:(report note): addi
./source/control_unit.vhd:1011:41:@28040ns:(report note): addi
./source/control_unit.vhd:1011:41:@28040ns:(report note): addi
./source/control_unit.vhd:1011:41:@28040ns:(report note): addi
./source/control_unit.vhd:1011:41:@28040ns:(report note): addi
./source/control_unit.vhd:1011:41:@28060ns:(report note): addi
./source/control_unit.vhd:1389:41:@28060ns:(report note): bne
./source/control_unit.vhd:1389:41:@28060ns:(report note): bne
./source/control_unit.vhd:1389:41:@28060ns:(report note): bne
./source/control_unit.vhd:1389:41:@28080ns:(report note): bne
./source/control_unit.vhd:1112:41:@28080ns:(report note): lw
./source/control_unit.vhd:1112:41:@28080ns:(report note): lw
./source/control_unit.vhd:1112:41:@28080ns:(report note): lw
./source/control_unit.vhd:1112:41:@28120ns:(report note): lw
./source/control_unit.vhd:1067:41:@28120ns:(report note): ori
./source/control_unit.vhd:1067:41:@28120ns:(report note): ori
./source/control_unit.vhd:1067:41:@28120ns:(report note): ori
./source/control_unit.vhd:1067:41:@28140ns:(report note): ori
./source/control_unit.vhd:1673:33:@28140ns:(report note): auipc
./source/control_unit.vhd:1673:33:@28140ns:(report note): auipc
./source/control_unit.vhd:1673:33:@28140ns:(report note): auipc
./source/control_unit.vhd:1673:33:@28160ns:(report note): auipc
./source/control_unit.vhd:1011:41:@28160ns:(report note): addi
./source/control_unit.vhd:1011:41:@28160ns:(report note): addi
./source/control_unit.vhd:1011:41:@28160ns:(report note): addi
./source/control_unit.vhd:1011:41:@28180ns:(report note): addi
./source/control_unit.vhd:1067:41:@28180ns:(report note): ori
./source/control_unit.vhd:1067:41:@28180ns:(report note): ori
./source/control_unit.vhd:1067:41:@28180ns:(report note): ori
./source/control_unit.vhd:1067:41:@28200ns:(report note): ori
./source/control_unit.vhd:1011:41:@28200ns:(report note): addi
./source/control_unit.vhd:1011:41:@28200ns:(report note): addi
./source/control_unit.vhd:1011:41:@28200ns:(report note): addi
./source/control_unit.vhd:1011:41:@28220ns:(report note): addi
./source/control_unit.vhd:1011:41:@28220ns:(report note): addi
./source/control_unit.vhd:1011:41:@28220ns:(report note): addi
./source/control_unit.vhd:1011:41:@28220ns:(report note): addi
./source/control_unit.vhd:1011:41:@28240ns:(report note): addi
./source/control_unit.vhd:1389:41:@28240ns:(report note): bne
./source/control_unit.vhd:1389:41:@28240ns:(report note): bne
./source/control_unit.vhd:1389:41:@28240ns:(report note): bne
./source/control_unit.vhd:1389:41:@28260ns:(report note): bne
./source/control_unit.vhd:1112:41:@28260ns:(report note): lw
./source/control_unit.vhd:1112:41:@28260ns:(report note): lw
./source/control_unit.vhd:1112:41:@28260ns:(report note): lw
./source/control_unit.vhd:1112:41:@28300ns:(report note): lw
./source/control_unit.vhd:1067:41:@28300ns:(report note): ori
./source/control_unit.vhd:1067:41:@28300ns:(report note): ori
./source/control_unit.vhd:1067:41:@28300ns:(report note): ori
./source/control_unit.vhd:1067:41:@28320ns:(report note): ori
./source/control_unit.vhd:1673:33:@28320ns:(report note): auipc
./source/control_unit.vhd:1673:33:@28320ns:(report note): auipc
./source/control_unit.vhd:1673:33:@28320ns:(report note): auipc
./source/control_unit.vhd:1673:33:@28340ns:(report note): auipc
./source/control_unit.vhd:1011:41:@28340ns:(report note): addi
./source/control_unit.vhd:1011:41:@28340ns:(report note): addi
./source/control_unit.vhd:1011:41:@28340ns:(report note): addi
./source/control_unit.vhd:1011:41:@28360ns:(report note): addi
./source/control_unit.vhd:1067:41:@28360ns:(report note): ori
./source/control_unit.vhd:1067:41:@28360ns:(report note): ori
./source/control_unit.vhd:1067:41:@28360ns:(report note): ori
./source/control_unit.vhd:1067:41:@28380ns:(report note): ori
./source/control_unit.vhd:1011:41:@28380ns:(report note): addi
./source/control_unit.vhd:1011:41:@28380ns:(report note): addi
./source/control_unit.vhd:1011:41:@28380ns:(report note): addi
./source/control_unit.vhd:1011:41:@28400ns:(report note): addi
./source/control_unit.vhd:1011:41:@28400ns:(report note): addi
./source/control_unit.vhd:1011:41:@28400ns:(report note): addi
./source/control_unit.vhd:1011:41:@28400ns:(report note): addi
./source/control_unit.vhd:1011:41:@28420ns:(report note): addi
./source/control_unit.vhd:1389:41:@28420ns:(report note): bne
./source/control_unit.vhd:1389:41:@28420ns:(report note): bne
./source/control_unit.vhd:1389:41:@28420ns:(report note): bne
./source/control_unit.vhd:1389:41:@28440ns:(report note): bne
./source/control_unit.vhd:1112:41:@28440ns:(report note): lw
./source/control_unit.vhd:1112:41:@28440ns:(report note): lw
./source/control_unit.vhd:1112:41:@28440ns:(report note): lw
./source/control_unit.vhd:1112:41:@28480ns:(report note): lw
./source/control_unit.vhd:1067:41:@28480ns:(report note): ori
./source/control_unit.vhd:1067:41:@28480ns:(report note): ori
./source/control_unit.vhd:1067:41:@28480ns:(report note): ori
./source/control_unit.vhd:1067:41:@28500ns:(report note): ori
./source/control_unit.vhd:1673:33:@28500ns:(report note): auipc
./source/control_unit.vhd:1673:33:@28500ns:(report note): auipc
./source/control_unit.vhd:1673:33:@28500ns:(report note): auipc
./source/control_unit.vhd:1673:33:@28520ns:(report note): auipc
./source/control_unit.vhd:1011:41:@28520ns:(report note): addi
./source/control_unit.vhd:1011:41:@28520ns:(report note): addi
./source/control_unit.vhd:1011:41:@28520ns:(report note): addi
./source/control_unit.vhd:1011:41:@28540ns:(report note): addi
./source/control_unit.vhd:1067:41:@28540ns:(report note): ori
./source/control_unit.vhd:1067:41:@28540ns:(report note): ori
./source/control_unit.vhd:1067:41:@28540ns:(report note): ori
./source/control_unit.vhd:1067:41:@28560ns:(report note): ori
./source/control_unit.vhd:1011:41:@28560ns:(report note): addi
./source/control_unit.vhd:1011:41:@28560ns:(report note): addi
./source/control_unit.vhd:1011:41:@28560ns:(report note): addi
./source/control_unit.vhd:1011:41:@28580ns:(report note): addi
./source/control_unit.vhd:1011:41:@28580ns:(report note): addi
./source/control_unit.vhd:1011:41:@28580ns:(report note): addi
./source/control_unit.vhd:1011:41:@28580ns:(report note): addi
./source/control_unit.vhd:1011:41:@28600ns:(report note): addi
./source/control_unit.vhd:1389:41:@28600ns:(report note): bne
./source/control_unit.vhd:1389:41:@28600ns:(report note): bne
./source/control_unit.vhd:1389:41:@28600ns:(report note): bne
./source/control_unit.vhd:1389:41:@28620ns:(report note): bne
./source/control_unit.vhd:1112:41:@28620ns:(report note): lw
./source/control_unit.vhd:1112:41:@28620ns:(report note): lw
./source/control_unit.vhd:1112:41:@28620ns:(report note): lw
./source/control_unit.vhd:1112:41:@28660ns:(report note): lw
./source/control_unit.vhd:1067:41:@28660ns:(report note): ori
./source/control_unit.vhd:1067:41:@28660ns:(report note): ori
./source/control_unit.vhd:1067:41:@28660ns:(report note): ori
./source/control_unit.vhd:1067:41:@28680ns:(report note): ori
./source/control_unit.vhd:1673:33:@28680ns:(report note): auipc
./source/control_unit.vhd:1673:33:@28680ns:(report note): auipc
./source/control_unit.vhd:1673:33:@28680ns:(report note): auipc
./source/control_unit.vhd:1673:33:@28700ns:(report note): auipc
./source/control_unit.vhd:1011:41:@28700ns:(report note): addi
./source/control_unit.vhd:1011:41:@28700ns:(report note): addi
./source/control_unit.vhd:1011:41:@28700ns:(report note): addi
./source/control_unit.vhd:1011:41:@28720ns:(report note): addi
./source/control_unit.vhd:1067:41:@28720ns:(report note): ori
./source/control_unit.vhd:1067:41:@28720ns:(report note): ori
./source/control_unit.vhd:1067:41:@28720ns:(report note): ori
./source/control_unit.vhd:1067:41:@28740ns:(report note): ori
./source/control_unit.vhd:1011:41:@28740ns:(report note): addi
./source/control_unit.vhd:1011:41:@28740ns:(report note): addi
./source/control_unit.vhd:1011:41:@28740ns:(report note): addi
./source/control_unit.vhd:1011:41:@28760ns:(report note): addi
./source/control_unit.vhd:1011:41:@28760ns:(report note): addi
./source/control_unit.vhd:1011:41:@28760ns:(report note): addi
./source/control_unit.vhd:1011:41:@28760ns:(report note): addi
./source/control_unit.vhd:1011:41:@28780ns:(report note): addi
./source/control_unit.vhd:1389:41:@28780ns:(report note): bne
./source/control_unit.vhd:1389:41:@28780ns:(report note): bne
./source/control_unit.vhd:1389:41:@28780ns:(report note): bne
./source/control_unit.vhd:1389:41:@28800ns:(report note): bne
./source/control_unit.vhd:1112:41:@28800ns:(report note): lw
./source/control_unit.vhd:1112:41:@28800ns:(report note): lw
./source/control_unit.vhd:1112:41:@28800ns:(report note): lw
./source/control_unit.vhd:1112:41:@28840ns:(report note): lw
./source/control_unit.vhd:1067:41:@28840ns:(report note): ori
./source/control_unit.vhd:1067:41:@28840ns:(report note): ori
./source/control_unit.vhd:1067:41:@28840ns:(report note): ori
./source/control_unit.vhd:1067:41:@28860ns:(report note): ori
./source/control_unit.vhd:1673:33:@28860ns:(report note): auipc
./source/control_unit.vhd:1673:33:@28860ns:(report note): auipc
./source/control_unit.vhd:1673:33:@28860ns:(report note): auipc
./source/control_unit.vhd:1673:33:@28880ns:(report note): auipc
./source/control_unit.vhd:1011:41:@28880ns:(report note): addi
./source/control_unit.vhd:1011:41:@28880ns:(report note): addi
./source/control_unit.vhd:1011:41:@28880ns:(report note): addi
./source/control_unit.vhd:1011:41:@28900ns:(report note): addi
./source/control_unit.vhd:1067:41:@28900ns:(report note): ori
./source/control_unit.vhd:1067:41:@28900ns:(report note): ori
./source/control_unit.vhd:1067:41:@28900ns:(report note): ori
./source/control_unit.vhd:1067:41:@28920ns:(report note): ori
./source/control_unit.vhd:1011:41:@28920ns:(report note): addi
./source/control_unit.vhd:1011:41:@28920ns:(report note): addi
./source/control_unit.vhd:1011:41:@28920ns:(report note): addi
./source/control_unit.vhd:1011:41:@28940ns:(report note): addi
./source/control_unit.vhd:1011:41:@28940ns:(report note): addi
./source/control_unit.vhd:1011:41:@28940ns:(report note): addi
./source/control_unit.vhd:1011:41:@28940ns:(report note): addi
./source/control_unit.vhd:1011:41:@28960ns:(report note): addi
./source/control_unit.vhd:1389:41:@28960ns:(report note): bne
./source/control_unit.vhd:1389:41:@28960ns:(report note): bne
./source/control_unit.vhd:1389:41:@28960ns:(report note): bne
./source/control_unit.vhd:1389:41:@28980ns:(report note): bne
./source/control_unit.vhd:1112:41:@28980ns:(report note): lw
./source/control_unit.vhd:1112:41:@28980ns:(report note): lw
./source/control_unit.vhd:1112:41:@28980ns:(report note): lw
./source/control_unit.vhd:1112:41:@29020ns:(report note): lw
./source/control_unit.vhd:1067:41:@29020ns:(report note): ori
./source/control_unit.vhd:1067:41:@29020ns:(report note): ori
./source/control_unit.vhd:1067:41:@29020ns:(report note): ori
./source/control_unit.vhd:1067:41:@29040ns:(report note): ori
./source/control_unit.vhd:1673:33:@29040ns:(report note): auipc
./source/control_unit.vhd:1673:33:@29040ns:(report note): auipc
./source/control_unit.vhd:1673:33:@29040ns:(report note): auipc
./source/control_unit.vhd:1673:33:@29060ns:(report note): auipc
./source/control_unit.vhd:1011:41:@29060ns:(report note): addi
./source/control_unit.vhd:1011:41:@29060ns:(report note): addi
./source/control_unit.vhd:1011:41:@29060ns:(report note): addi
./source/control_unit.vhd:1011:41:@29080ns:(report note): addi
./source/control_unit.vhd:1067:41:@29080ns:(report note): ori
./source/control_unit.vhd:1067:41:@29080ns:(report note): ori
./source/control_unit.vhd:1067:41:@29080ns:(report note): ori
./source/control_unit.vhd:1067:41:@29100ns:(report note): ori
./source/control_unit.vhd:1011:41:@29100ns:(report note): addi
./source/control_unit.vhd:1011:41:@29100ns:(report note): addi
./source/control_unit.vhd:1011:41:@29100ns:(report note): addi
./source/control_unit.vhd:1011:41:@29120ns:(report note): addi
./source/control_unit.vhd:1011:41:@29120ns:(report note): addi
./source/control_unit.vhd:1011:41:@29120ns:(report note): addi
./source/control_unit.vhd:1011:41:@29120ns:(report note): addi
./source/control_unit.vhd:1011:41:@29140ns:(report note): addi
./source/control_unit.vhd:1389:41:@29140ns:(report note): bne
./source/control_unit.vhd:1389:41:@29140ns:(report note): bne
./source/control_unit.vhd:1389:41:@29140ns:(report note): bne
./source/control_unit.vhd:1389:41:@29160ns:(report note): bne
./source/control_unit.vhd:1112:41:@29160ns:(report note): lw
./source/control_unit.vhd:1112:41:@29160ns:(report note): lw
./source/control_unit.vhd:1112:41:@29160ns:(report note): lw
./source/control_unit.vhd:1112:41:@29200ns:(report note): lw
./source/control_unit.vhd:1067:41:@29200ns:(report note): ori
./source/control_unit.vhd:1067:41:@29200ns:(report note): ori
./source/control_unit.vhd:1067:41:@29200ns:(report note): ori
./source/control_unit.vhd:1067:41:@29220ns:(report note): ori
./source/control_unit.vhd:1673:33:@29220ns:(report note): auipc
./source/control_unit.vhd:1673:33:@29220ns:(report note): auipc
./source/control_unit.vhd:1673:33:@29220ns:(report note): auipc
./source/control_unit.vhd:1673:33:@29240ns:(report note): auipc
./source/control_unit.vhd:1011:41:@29240ns:(report note): addi
./source/control_unit.vhd:1011:41:@29240ns:(report note): addi
./source/control_unit.vhd:1011:41:@29240ns:(report note): addi
./source/control_unit.vhd:1011:41:@29260ns:(report note): addi
./source/control_unit.vhd:1067:41:@29260ns:(report note): ori
./source/control_unit.vhd:1067:41:@29260ns:(report note): ori
./source/control_unit.vhd:1067:41:@29260ns:(report note): ori
./source/control_unit.vhd:1067:41:@29280ns:(report note): ori
./source/control_unit.vhd:1011:41:@29280ns:(report note): addi
./source/control_unit.vhd:1011:41:@29280ns:(report note): addi
./source/control_unit.vhd:1011:41:@29280ns:(report note): addi
./source/control_unit.vhd:1011:41:@29300ns:(report note): addi
./source/control_unit.vhd:1011:41:@29300ns:(report note): addi
./source/control_unit.vhd:1011:41:@29300ns:(report note): addi
./source/control_unit.vhd:1011:41:@29300ns:(report note): addi
./source/control_unit.vhd:1011:41:@29320ns:(report note): addi
./source/control_unit.vhd:1389:41:@29320ns:(report note): bne
./source/control_unit.vhd:1389:41:@29320ns:(report note): bne
./source/control_unit.vhd:1389:41:@29320ns:(report note): bne
./source/control_unit.vhd:1389:41:@29340ns:(report note): bne
./source/control_unit.vhd:1112:41:@29340ns:(report note): lw
./source/control_unit.vhd:1112:41:@29340ns:(report note): lw
./source/control_unit.vhd:1112:41:@29340ns:(report note): lw
./source/control_unit.vhd:1112:41:@29360ns:(report note): lw
./source/control_unit.vhd:1011:41:@29360ns:(report note): addi
./source/control_unit.vhd:1011:41:@29360ns:(report note): addi
./source/control_unit.vhd:1011:41:@29360ns:(report note): addi
./source/control_unit.vhd:1011:41:@29380ns:(report note): addi
./source/control_unit.vhd:997:33:@29380ns:(report note): jalr
./source/control_unit.vhd:997:33:@29380ns:(report note): jalr
./source/control_unit.vhd:997:33:@29380ns:(report note): jalr
./source/control_unit.vhd:997:33:@29400ns:(report note): jalr
./source/control_unit.vhd:984:33:@29400ns:(report note): jal
./source/control_unit.vhd:984:33:@29400ns:(report note): jal
./source/control_unit.vhd:984:33:@29400ns:(report note): jal
./source/control_unit.vhd:984:33:@29420ns:(report note): jal
./source/control_unit.vhd:1293:49:@29420ns:(report note): add
./source/control_unit.vhd:1293:49:@29420ns:(report note): add
./source/control_unit.vhd:1293:49:@29420ns:(report note): add
./source/control_unit.vhd:1293:49:@29440ns:(report note): add
./source/control_unit.vhd:1011:41:@29440ns:(report note): addi
./source/control_unit.vhd:1011:41:@29440ns:(report note): addi
./source/control_unit.vhd:1011:41:@29440ns:(report note): addi
./source/control_unit.vhd:1011:41:@29460ns:(report note): addi
./source/control_unit.vhd:1705:37:@29460ns:(report note): ebreak
./source/control_unit.vhd:1705:37:@29460ns:(report note): ebreak
./source/control_unit.vhd:1705:37:@29460ns:(report note): ebreak
./source/control_unit.vhd:1710:37:@29480ns:(report note): ecall
./source/control_unit.vhd:1725:25:@29480ns:(report note): Illegal Instruction (0xUUUUUUUUUUUUUUUUUUUUUUUUUUUUUUUU)
./source/control_unit.vhd:1725:25:@29480ns:(report note): Illegal Instruction (0xUUUUUUUUUUUUUUUUUUUUUUUUUUUUUUUU)
../../src/ieee2008/numeric_std-body.vhdl:3036:7:@29480ns:(assertion warning): NUMERIC_STD.TO_INTEGER: metavalue detected, returning 0
../../src/ieee2008/numeric_std-body.vhdl:3036:7:@29480ns:(assertion warning): NUMERIC_STD.TO_INTEGER: metavalue detected, returning 0
./source/control_unit.vhd:1725:25:@29480ns:(report note): Illegal Instruction (0xUUUUUUUUUUUUUUUUUUUUUUUUUUUUUUUU)
simulation finished @29540ns
