../../src/ieee2008/numeric_std-body.vhdl:3036:7:@0ms:(assertion warning): NUMERIC_STD.TO_INTEGER: metavalue detected, returning 0
../../src/ieee2008/numeric_std-body.vhdl:3036:7:@0ms:(assertion warning): NUMERIC_STD.TO_INTEGER: metavalue detected, returning 0
../../src/ieee2008/numeric_std-body.vhdl:3036:7:@0ms:(assertion warning): NUMERIC_STD.TO_INTEGER: metavalue detected, returning 0
../../src/ieee2008/numeric_std-body.vhdl:3036:7:@0ms:(assertion warning): NUMERIC_STD.TO_INTEGER: metavalue detected, returning 0
../../src/ieee2008/numeric_std-body.vhdl:3036:7:@0ms:(assertion warning): NUMERIC_STD.TO_INTEGER: metavalue detected, returning 0
./source/control_unit.vhd:1577:25:@0ms:(report note): Illegal Instruction (0xUUUUUUUUUUUUUUUUUUUUUUUUUUUUUUUU)
../../src/ieee2008/numeric_std-body.vhdl:3036:7:@0ms:(assertion warning): NUMERIC_STD.TO_INTEGER: metavalue detected, returning 0
../../src/ieee2008/numeric_std-body.vhdl:3036:7:@0ms:(assertion warning): NUMERIC_STD.TO_INTEGER: metavalue detected, returning 0
../../src/ieee2008/numeric_std-body.vhdl:1320:7:@0ms:(assertion warning): NUMERIC_STD."<": metavalue detected, returning FALSE
../../src/ieee2008/numeric_std-body.vhdl:1347:7:@0ms:(assertion warning): NUMERIC_STD."<": metavalue detected, returning FALSE
../../src/ieee2008/numeric_std-body.vhdl:1347:7:@0ms:(assertion warning): NUMERIC_STD."<": metavalue detected, returning FALSE
../../src/ieee2008/numeric_std-body.vhdl:1320:7:@0ms:(assertion warning): NUMERIC_STD."<": metavalue detected, returning FALSE
../../src/ieee2008/numeric_std-body.vhdl:1195:7:@0ms:(assertion warning): NUMERIC_STD.">": metavalue detected, returning FALSE
../../src/ieee2008/numeric_std-body.vhdl:1168:7:@0ms:(assertion warning): NUMERIC_STD.">": metavalue detected, returning FALSE
../../src/ieee2008/numeric_std-body.vhdl:1168:7:@0ms:(assertion warning): NUMERIC_STD.">": metavalue detected, returning FALSE
../../src/ieee2008/numeric_std-body.vhdl:1195:7:@0ms:(assertion warning): NUMERIC_STD.">": metavalue detected, returning FALSE
../../src/ieee2008/numeric_std-body.vhdl:1320:7:@0ms:(assertion warning): NUMERIC_STD."<": metavalue detected, returning FALSE
../../src/ieee2008/numeric_std-body.vhdl:1347:7:@0ms:(assertion warning): NUMERIC_STD."<": metavalue detected, returning FALSE
../../src/ieee2008/numeric_std-body.vhdl:1347:7:@0ms:(assertion warning): NUMERIC_STD."<": metavalue detected, returning FALSE
../../src/ieee2008/numeric_std-body.vhdl:1320:7:@0ms:(assertion warning): NUMERIC_STD."<": metavalue detected, returning FALSE
../../src/ieee2008/numeric_std-body.vhdl:3036:7:@0ms:(assertion warning): NUMERIC_STD.TO_INTEGER: metavalue detected, returning 0
../../src/ieee2008/numeric_std-body.vhdl:3036:7:@0ms:(assertion warning): NUMERIC_STD.TO_INTEGER: metavalue detected, returning 0
./source/control_unit.vhd:1577:25:@0ms:(report note): Illegal Instruction (0xUUUUUUUUUUUUUUUUUUUUUUUUUUUUUUUU)
../../src/ieee2008/numeric_std-body.vhdl:3036:7:@0ms:(assertion warning): NUMERIC_STD.TO_INTEGER: metavalue detected, returning 0
../../src/ieee2008/numeric_std-body.vhdl:3036:7:@0ms:(assertion warning): NUMERIC_STD.TO_INTEGER: metavalue detected, returning 0
./source/control_unit.vhd:1577:25:@0ms:(report note): Illegal Instruction (0xUUUUUUUUUUUUUUUUUUUUUUUUUUUUUUUU)
../../src/ieee2008/numeric_std-body.vhdl:3036:7:@15ns:(assertion warning): NUMERIC_STD.TO_INTEGER: metavalue detected, returning 0
../../src/ieee2008/numeric_std-body.vhdl:3036:7:@15ns:(assertion warning): NUMERIC_STD.TO_INTEGER: metavalue detected, returning 0
../../src/ieee2008/numeric_std-body.vhdl:3036:7:@15ns:(assertion warning): NUMERIC_STD.TO_INTEGER: metavalue detected, returning 0
../../src/ieee2008/numeric_std-body.vhdl:3036:7:@15ns:(assertion warning): NUMERIC_STD.TO_INTEGER: metavalue detected, returning 0
../../src/ieee2008/numeric_std-body.vhdl:1168:7:@15ns:(assertion warning): NUMERIC_STD.">": metavalue detected, returning FALSE
../../src/ieee2008/numeric_std-body.vhdl:1195:7:@15ns:(assertion warning): NUMERIC_STD.">": metavalue detected, returning FALSE
../../src/ieee2008/numeric_std-body.vhdl:1320:7:@15ns:(assertion warning): NUMERIC_STD."<": metavalue detected, returning FALSE
../../src/ieee2008/numeric_std-body.vhdl:1347:7:@15ns:(assertion warning): NUMERIC_STD."<": metavalue detected, returning FALSE
../../src/ieee2008/numeric_std-body.vhdl:1347:7:@15ns:(assertion warning): NUMERIC_STD."<": metavalue detected, returning FALSE
../../src/ieee2008/numeric_std-body.vhdl:1320:7:@15ns:(assertion warning): NUMERIC_STD."<": metavalue detected, returning FALSE
./source/control_unit.vhd:863:41:@26060ns:(report note): addi
./source/control_unit.vhd:863:41:@26080ns:(report note): addi
./source/control_unit.vhd:1514:33:@26080ns:(report note): lui
./source/control_unit.vhd:1514:33:@26080ns:(report note): lui
./source/control_unit.vhd:1514:33:@26080ns:(report note): lui
./source/control_unit.vhd:1514:33:@26100ns:(report note): lui
./source/control_unit.vhd:863:41:@26100ns:(report note): addi
./source/control_unit.vhd:863:41:@26100ns:(report note): addi
./source/control_unit.vhd:863:41:@26100ns:(report note): addi
./source/control_unit.vhd:863:41:@26120ns:(report note): addi
./source/control_unit.vhd:863:41:@26120ns:(report note): addi
./source/control_unit.vhd:863:41:@26120ns:(report note): addi
./source/control_unit.vhd:863:41:@26120ns:(report note): addi
./source/control_unit.vhd:863:41:@26140ns:(report note): addi
./source/control_unit.vhd:1525:33:@26140ns:(report note): auipc
./source/control_unit.vhd:1525:33:@26140ns:(report note): auipc
./source/control_unit.vhd:1525:33:@26160ns:(report note): auipc
./source/control_unit.vhd:863:41:@26160ns:(report note): addi
./source/control_unit.vhd:863:41:@26160ns:(report note): addi
./source/control_unit.vhd:863:41:@26160ns:(report note): addi
./source/control_unit.vhd:863:41:@26180ns:(report note): addi
./source/control_unit.vhd:836:33:@26180ns:(report note): jal
./source/control_unit.vhd:836:33:@26180ns:(report note): jal
./source/control_unit.vhd:836:33:@26180ns:(report note): jal
./source/control_unit.vhd:836:33:@26200ns:(report note): jal
./source/control_unit.vhd:836:33:@26200ns:(report note): jal
./source/control_unit.vhd:836:33:@26200ns:(report note): jal
./source/control_unit.vhd:836:33:@26200ns:(report note): jal
./source/control_unit.vhd:836:33:@26220ns:(report note): jal
./source/control_unit.vhd:863:41:@26220ns:(report note): addi
./source/control_unit.vhd:863:41:@26220ns:(report note): addi
./source/control_unit.vhd:863:41:@26220ns:(report note): addi
./source/control_unit.vhd:863:41:@26240ns:(report note): addi
./source/control_unit.vhd:863:41:@26240ns:(report note): addi
./source/control_unit.vhd:863:41:@26240ns:(report note): addi
./source/control_unit.vhd:863:41:@26240ns:(report note): addi
./source/control_unit.vhd:863:41:@26260ns:(report note): addi
./source/control_unit.vhd:1039:41:@26260ns:(report note): sw
./source/control_unit.vhd:1039:41:@26260ns:(report note): sw
./source/control_unit.vhd:1039:41:@26260ns:(report note): sw
./source/control_unit.vhd:1039:41:@26320ns:(report note): sw
./source/control_unit.vhd:1039:41:@26320ns:(report note): sw
./source/control_unit.vhd:1039:41:@26320ns:(report note): sw
./source/control_unit.vhd:1039:41:@26320ns:(report note): sw
./source/control_unit.vhd:1039:41:@26340ns:(report note): sw
./source/control_unit.vhd:1145:49:@26340ns:(report note): add
./source/control_unit.vhd:1145:49:@26340ns:(report note): add
./source/control_unit.vhd:1145:49:@26340ns:(report note): add
./source/control_unit.vhd:1145:49:@26360ns:(report note): add
./source/control_unit.vhd:1039:41:@26360ns:(report note): sw
./source/control_unit.vhd:1039:41:@26360ns:(report note): sw
./source/control_unit.vhd:1039:41:@26360ns:(report note): sw
./source/control_unit.vhd:1039:41:@26380ns:(report note): sw
./source/control_unit.vhd:836:33:@26380ns:(report note): jal
./source/control_unit.vhd:836:33:@26380ns:(report note): jal
./source/control_unit.vhd:836:33:@26380ns:(report note): jal
./source/control_unit.vhd:836:33:@26400ns:(report note): jal
./source/control_unit.vhd:964:41:@26400ns:(report note): lw
./source/control_unit.vhd:964:41:@26400ns:(report note): lw
./source/control_unit.vhd:964:41:@26400ns:(report note): lw
./source/control_unit.vhd:964:41:@26420ns:(report note): lw
./source/control_unit.vhd:863:41:@26420ns:(report note): addi
./source/control_unit.vhd:863:41:@26420ns:(report note): addi
./source/control_unit.vhd:863:41:@26420ns:(report note): addi
./source/control_unit.vhd:863:41:@26440ns:(report note): addi
./source/control_unit.vhd:964:41:@26440ns:(report note): lw
./source/control_unit.vhd:964:41:@26440ns:(report note): lw
./source/control_unit.vhd:964:41:@26440ns:(report note): lw
./source/control_unit.vhd:964:41:@26460ns:(report note): lw
./source/control_unit.vhd:878:41:@26460ns:(report note): slti
./source/control_unit.vhd:878:41:@26460ns:(report note): slti
./source/control_unit.vhd:878:41:@26460ns:(report note): slti
./source/control_unit.vhd:878:41:@26500ns:(report note): slti
./source/control_unit.vhd:1234:41:@26500ns:(report note): beq
./source/control_unit.vhd:1234:41:@26500ns:(report note): beq
./source/control_unit.vhd:1234:41:@26500ns:(report note): beq
./source/control_unit.vhd:1234:41:@26520ns:(report note): beq
./source/control_unit.vhd:836:33:@26520ns:(report note): jal
./source/control_unit.vhd:836:33:@26520ns:(report note): jal
./source/control_unit.vhd:836:33:@26520ns:(report note): jal
./source/control_unit.vhd:836:33:@26540ns:(report note): jal
./source/control_unit.vhd:1039:41:@26540ns:(report note): sw
./source/control_unit.vhd:1039:41:@26540ns:(report note): sw
./source/control_unit.vhd:1039:41:@26540ns:(report note): sw
./source/control_unit.vhd:1039:41:@26560ns:(report note): sw
./source/control_unit.vhd:863:41:@26560ns:(report note): addi
./source/control_unit.vhd:863:41:@26560ns:(report note): addi
./source/control_unit.vhd:863:41:@26560ns:(report note): addi
./source/control_unit.vhd:863:41:@26580ns:(report note): addi
./source/control_unit.vhd:964:41:@26580ns:(report note): lw
./source/control_unit.vhd:964:41:@26580ns:(report note): lw
./source/control_unit.vhd:964:41:@26580ns:(report note): lw
./source/control_unit.vhd:964:41:@26600ns:(report note): lw
./source/control_unit.vhd:1525:33:@26600ns:(report note): auipc
./source/control_unit.vhd:1525:33:@26600ns:(report note): auipc
./source/control_unit.vhd:1525:33:@26600ns:(report note): auipc
./source/control_unit.vhd:1525:33:@26620ns:(report note): auipc
./source/control_unit.vhd:863:41:@26620ns:(report note): addi
./source/control_unit.vhd:863:41:@26620ns:(report note): addi
./source/control_unit.vhd:863:41:@26620ns:(report note): addi
./source/control_unit.vhd:863:41:@26640ns:(report note): addi
./source/control_unit.vhd:836:33:@26640ns:(report note): jal
./source/control_unit.vhd:836:33:@26640ns:(report note): jal
./source/control_unit.vhd:836:33:@26640ns:(report note): jal
./source/control_unit.vhd:836:33:@26660ns:(report note): jal
./source/control_unit.vhd:892:41:@26660ns:(report note): xori
./source/control_unit.vhd:892:41:@26660ns:(report note): xori
./source/control_unit.vhd:892:41:@26660ns:(report note): xori
./source/control_unit.vhd:892:41:@26680ns:(report note): xori
./source/control_unit.vhd:863:41:@26680ns:(report note): addi
./source/control_unit.vhd:863:41:@26680ns:(report note): addi
./source/control_unit.vhd:863:41:@26680ns:(report note): addi
./source/control_unit.vhd:863:41:@26700ns:(report note): addi
./source/control_unit.vhd:926:41:@26700ns:(report note): andi
./source/control_unit.vhd:926:41:@26700ns:(report note): andi
./source/control_unit.vhd:926:41:@26700ns:(report note): andi
./source/control_unit.vhd:926:41:@26720ns:(report note): andi
./source/control_unit.vhd:1234:41:@26720ns:(report note): beq
./source/control_unit.vhd:1234:41:@26720ns:(report note): beq
./source/control_unit.vhd:1234:41:@26720ns:(report note): beq
./source/control_unit.vhd:1234:41:@26740ns:(report note): beq
./source/control_unit.vhd:964:41:@26740ns:(report note): lw
./source/control_unit.vhd:964:41:@26740ns:(report note): lw
./source/control_unit.vhd:964:41:@26740ns:(report note): lw
./source/control_unit.vhd:964:41:@26760ns:(report note): lw
./source/control_unit.vhd:1525:33:@26760ns:(report note): auipc
./source/control_unit.vhd:1525:33:@26760ns:(report note): auipc
./source/control_unit.vhd:1525:33:@26760ns:(report note): auipc
./source/control_unit.vhd:1525:33:@26780ns:(report note): auipc
./source/control_unit.vhd:863:41:@26780ns:(report note): addi
./source/control_unit.vhd:863:41:@26780ns:(report note): addi
./source/control_unit.vhd:863:41:@26780ns:(report note): addi
./source/control_unit.vhd:863:41:@26800ns:(report note): addi
./source/control_unit.vhd:836:33:@26800ns:(report note): jal
./source/control_unit.vhd:836:33:@26800ns:(report note): jal
./source/control_unit.vhd:836:33:@26800ns:(report note): jal
./source/control_unit.vhd:836:33:@26820ns:(report note): jal
./source/control_unit.vhd:964:41:@26820ns:(report note): lw
./source/control_unit.vhd:964:41:@26820ns:(report note): lw
./source/control_unit.vhd:964:41:@26820ns:(report note): lw
./source/control_unit.vhd:964:41:@26840ns:(report note): lw
./source/control_unit.vhd:863:41:@26840ns:(report note): addi
./source/control_unit.vhd:863:41:@26840ns:(report note): addi
./source/control_unit.vhd:863:41:@26840ns:(report note): addi
./source/control_unit.vhd:863:41:@26860ns:(report note): addi
./source/control_unit.vhd:863:41:@26860ns:(report note): addi
./source/control_unit.vhd:863:41:@26860ns:(report note): addi
./source/control_unit.vhd:863:41:@26860ns:(report note): addi
./source/control_unit.vhd:863:41:@26880ns:(report note): addi
./source/control_unit.vhd:1039:41:@26880ns:(report note): sw
./source/control_unit.vhd:1039:41:@26880ns:(report note): sw
./source/control_unit.vhd:1039:41:@26880ns:(report note): sw
./source/control_unit.vhd:1039:41:@26940ns:(report note): sw
./source/control_unit.vhd:1039:41:@26940ns:(report note): sw
./source/control_unit.vhd:1039:41:@26940ns:(report note): sw
./source/control_unit.vhd:1039:41:@26940ns:(report note): sw
./source/control_unit.vhd:1039:41:@26960ns:(report note): sw
./source/control_unit.vhd:1145:49:@26960ns:(report note): add
./source/control_unit.vhd:1145:49:@26960ns:(report note): add
./source/control_unit.vhd:1145:49:@26960ns:(report note): add
./source/control_unit.vhd:1145:49:@26980ns:(report note): add
./source/control_unit.vhd:1039:41:@26980ns:(report note): sw
./source/control_unit.vhd:1039:41:@26980ns:(report note): sw
./source/control_unit.vhd:1039:41:@26980ns:(report note): sw
./source/control_unit.vhd:1039:41:@27040ns:(report note): sw
./source/control_unit.vhd:964:41:@27040ns:(report note): lw
./source/control_unit.vhd:964:41:@27040ns:(report note): lw
./source/control_unit.vhd:964:41:@27040ns:(report note): lw
./source/control_unit.vhd:964:41:@27060ns:(report note): lw
./source/control_unit.vhd:1525:33:@27060ns:(report note): auipc
./source/control_unit.vhd:1525:33:@27060ns:(report note): auipc
./source/control_unit.vhd:1525:33:@27060ns:(report note): auipc
./source/control_unit.vhd:1525:33:@27080ns:(report note): auipc
./source/control_unit.vhd:863:41:@27080ns:(report note): addi
./source/control_unit.vhd:863:41:@27080ns:(report note): addi
./source/control_unit.vhd:863:41:@27080ns:(report note): addi
./source/control_unit.vhd:863:41:@27100ns:(report note): addi
./source/control_unit.vhd:836:33:@27100ns:(report note): jal
./source/control_unit.vhd:836:33:@27100ns:(report note): jal
./source/control_unit.vhd:836:33:@27100ns:(report note): jal
./source/control_unit.vhd:836:33:@27120ns:(report note): jal
./source/control_unit.vhd:863:41:@27120ns:(report note): addi
./source/control_unit.vhd:863:41:@27120ns:(report note): addi
./source/control_unit.vhd:863:41:@27120ns:(report note): addi
./source/control_unit.vhd:863:41:@27140ns:(report note): addi
./source/control_unit.vhd:863:41:@27140ns:(report note): addi
./source/control_unit.vhd:863:41:@27140ns:(report note): addi
./source/control_unit.vhd:863:41:@27140ns:(report note): addi
./source/control_unit.vhd:863:41:@27160ns:(report note): addi
./source/control_unit.vhd:863:41:@27160ns:(report note): addi
./source/control_unit.vhd:863:41:@27160ns:(report note): addi
./source/control_unit.vhd:863:41:@27160ns:(report note): addi
./source/control_unit.vhd:863:41:@27180ns:(report note): addi
./source/control_unit.vhd:1039:41:@27180ns:(report note): sw
./source/control_unit.vhd:1039:41:@27180ns:(report note): sw
./source/control_unit.vhd:1039:41:@27180ns:(report note): sw
./source/control_unit.vhd:1039:41:@27240ns:(report note): sw
./source/control_unit.vhd:1145:49:@27240ns:(report note): add
./source/control_unit.vhd:1145:49:@27240ns:(report note): add
./source/control_unit.vhd:1145:49:@27240ns:(report note): add
./source/control_unit.vhd:1145:49:@27260ns:(report note): add
./source/control_unit.vhd:1039:41:@27260ns:(report note): sw
./source/control_unit.vhd:1039:41:@27260ns:(report note): sw
./source/control_unit.vhd:1039:41:@27260ns:(report note): sw
./source/control_unit.vhd:1039:41:@27320ns:(report note): sw
./source/control_unit.vhd:863:41:@27320ns:(report note): addi
./source/control_unit.vhd:863:41:@27320ns:(report note): addi
./source/control_unit.vhd:863:41:@27320ns:(report note): addi
./source/control_unit.vhd:863:41:@27340ns:(report note): addi
./source/control_unit.vhd:1039:41:@27340ns:(report note): sw
./source/control_unit.vhd:1039:41:@27340ns:(report note): sw
./source/control_unit.vhd:1039:41:@27340ns:(report note): sw
./source/control_unit.vhd:1039:41:@27400ns:(report note): sw
./source/control_unit.vhd:1039:41:@27400ns:(report note): sw
./source/control_unit.vhd:1039:41:@27400ns:(report note): sw
./source/control_unit.vhd:1039:41:@27400ns:(report note): sw
./source/control_unit.vhd:1039:41:@27420ns:(report note): sw
./source/control_unit.vhd:836:33:@27420ns:(report note): jal
./source/control_unit.vhd:836:33:@27420ns:(report note): jal
./source/control_unit.vhd:836:33:@27420ns:(report note): jal
./source/control_unit.vhd:836:33:@27440ns:(report note): jal
./source/control_unit.vhd:964:41:@27440ns:(report note): lw
./source/control_unit.vhd:964:41:@27440ns:(report note): lw
./source/control_unit.vhd:964:41:@27440ns:(report note): lw
./source/control_unit.vhd:964:41:@27460ns:(report note): lw
./source/control_unit.vhd:863:41:@27460ns:(report note): addi
./source/control_unit.vhd:863:41:@27460ns:(report note): addi
./source/control_unit.vhd:863:41:@27460ns:(report note): addi
./source/control_unit.vhd:863:41:@27480ns:(report note): addi
./source/control_unit.vhd:964:41:@27480ns:(report note): lw
./source/control_unit.vhd:964:41:@27480ns:(report note): lw
./source/control_unit.vhd:964:41:@27480ns:(report note): lw
./source/control_unit.vhd:964:41:@27500ns:(report note): lw
./source/control_unit.vhd:964:41:@27500ns:(report note): lw
./source/control_unit.vhd:964:41:@27500ns:(report note): lw
./source/control_unit.vhd:964:41:@27500ns:(report note): lw
./source/control_unit.vhd:964:41:@27520ns:(report note): lw
./source/control_unit.vhd:1161:45:@27520ns:(report note): slt
./source/control_unit.vhd:1161:45:@27520ns:(report note): slt
./source/control_unit.vhd:1161:45:@27520ns:(report note): slt
./source/control_unit.vhd:1161:45:@27580ns:(report note): slt
./source/control_unit.vhd:1234:41:@27580ns:(report note): beq
./source/control_unit.vhd:1234:41:@27580ns:(report note): beq
./source/control_unit.vhd:1234:41:@27580ns:(report note): beq
./source/control_unit.vhd:1234:41:@27600ns:(report note): beq
./source/control_unit.vhd:836:33:@27600ns:(report note): jal
./source/control_unit.vhd:836:33:@27600ns:(report note): jal
./source/control_unit.vhd:836:33:@27600ns:(report note): jal
./source/control_unit.vhd:836:33:@27620ns:(report note): jal
./source/control_unit.vhd:863:41:@27620ns:(report note): addi
./source/control_unit.vhd:863:41:@27620ns:(report note): addi
./source/control_unit.vhd:863:41:@27620ns:(report note): addi
./source/control_unit.vhd:863:41:@27640ns:(report note): addi
./source/control_unit.vhd:1525:33:@27640ns:(report note): auipc
./source/control_unit.vhd:1525:33:@27640ns:(report note): auipc
./source/control_unit.vhd:1525:33:@27640ns:(report note): auipc
./source/control_unit.vhd:1525:33:@27660ns:(report note): auipc
./source/control_unit.vhd:863:41:@27660ns:(report note): addi
./source/control_unit.vhd:863:41:@27660ns:(report note): addi
./source/control_unit.vhd:863:41:@27660ns:(report note): addi
./source/control_unit.vhd:863:41:@27680ns:(report note): addi
./source/control_unit.vhd:1039:41:@27680ns:(report note): sw
./source/control_unit.vhd:1039:41:@27680ns:(report note): sw
./source/control_unit.vhd:1039:41:@27680ns:(report note): sw
./source/control_unit.vhd:1039:41:@27740ns:(report note): sw
./source/control_unit.vhd:964:41:@27740ns:(report note): lw
./source/control_unit.vhd:964:41:@27740ns:(report note): lw
./source/control_unit.vhd:964:41:@27740ns:(report note): lw
./source/control_unit.vhd:964:41:@27760ns:(report note): lw
./source/control_unit.vhd:964:41:@27760ns:(report note): lw
./source/control_unit.vhd:964:41:@27760ns:(report note): lw
./source/control_unit.vhd:964:41:@27760ns:(report note): lw
./source/control_unit.vhd:964:41:@27780ns:(report note): lw
./source/control_unit.vhd:964:41:@27780ns:(report note): lw
./source/control_unit.vhd:964:41:@27780ns:(report note): lw
./source/control_unit.vhd:964:41:@27780ns:(report note): lw
./source/control_unit.vhd:964:41:@27820ns:(report note): lw
./source/control_unit.vhd:1200:45:@27820ns:(report note): or
./source/control_unit.vhd:1200:45:@27820ns:(report note): or
./source/control_unit.vhd:1200:45:@27820ns:(report note): or
./source/control_unit.vhd:1200:45:@27880ns:(report note): or
./source/control_unit.vhd:964:41:@27880ns:(report note): lw
./source/control_unit.vhd:964:41:@27880ns:(report note): lw
./source/control_unit.vhd:964:41:@27880ns:(report note): lw
./source/control_unit.vhd:964:41:@27900ns:(report note): lw
./source/control_unit.vhd:1039:41:@27900ns:(report note): sw
./source/control_unit.vhd:1039:41:@27900ns:(report note): sw
./source/control_unit.vhd:1039:41:@27900ns:(report note): sw
./source/control_unit.vhd:1039:41:@27960ns:(report note): sw
./source/control_unit.vhd:1145:49:@27960ns:(report note): add
./source/control_unit.vhd:1145:49:@27960ns:(report note): add
./source/control_unit.vhd:1145:49:@27960ns:(report note): add
./source/control_unit.vhd:1145:49:@27980ns:(report note): add
./source/control_unit.vhd:964:41:@27980ns:(report note): lw
./source/control_unit.vhd:964:41:@27980ns:(report note): lw
./source/control_unit.vhd:964:41:@27980ns:(report note): lw
./source/control_unit.vhd:964:41:@28020ns:(report note): lw
./source/control_unit.vhd:863:41:@28020ns:(report note): addi
./source/control_unit.vhd:863:41:@28020ns:(report note): addi
./source/control_unit.vhd:863:41:@28020ns:(report note): addi
./source/control_unit.vhd:863:41:@28040ns:(report note): addi
./source/control_unit.vhd:849:33:@28040ns:(report note): jalr
./source/control_unit.vhd:849:33:@28040ns:(report note): jalr
./source/control_unit.vhd:849:33:@28040ns:(report note): jalr
./source/control_unit.vhd:849:33:@28060ns:(report note): jalr
./source/control_unit.vhd:863:41:@28060ns:(report note): addi
./source/control_unit.vhd:863:41:@28060ns:(report note): addi
./source/control_unit.vhd:863:41:@28060ns:(report note): addi
./source/control_unit.vhd:863:41:@28080ns:(report note): addi
./source/control_unit.vhd:863:41:@28080ns:(report note): addi
./source/control_unit.vhd:863:41:@28080ns:(report note): addi
./source/control_unit.vhd:863:41:@28080ns:(report note): addi
./source/control_unit.vhd:863:41:@28100ns:(report note): addi
./source/control_unit.vhd:1039:41:@28100ns:(report note): sw
./source/control_unit.vhd:1039:41:@28100ns:(report note): sw
./source/control_unit.vhd:1039:41:@28100ns:(report note): sw
./source/control_unit.vhd:1039:41:@28120ns:(report note): sw
./source/control_unit.vhd:1145:49:@28120ns:(report note): add
./source/control_unit.vhd:1145:49:@28120ns:(report note): add
./source/control_unit.vhd:1145:49:@28120ns:(report note): add
./source/control_unit.vhd:1145:49:@28140ns:(report note): add
./source/control_unit.vhd:1039:41:@28140ns:(report note): sw
./source/control_unit.vhd:1039:41:@28140ns:(report note): sw
./source/control_unit.vhd:1039:41:@28140ns:(report note): sw
./source/control_unit.vhd:1039:41:@28200ns:(report note): sw
./source/control_unit.vhd:919:41:@28200ns:(report note): ori
./source/control_unit.vhd:919:41:@28200ns:(report note): ori
./source/control_unit.vhd:919:41:@28200ns:(report note): ori
./source/control_unit.vhd:919:41:@28220ns:(report note): ori
./source/control_unit.vhd:1039:41:@28220ns:(report note): sw
./source/control_unit.vhd:1039:41:@28220ns:(report note): sw
./source/control_unit.vhd:1039:41:@28220ns:(report note): sw
./source/control_unit.vhd:1039:41:@28280ns:(report note): sw
./source/control_unit.vhd:1039:41:@28280ns:(report note): sw
./source/control_unit.vhd:1039:41:@28280ns:(report note): sw
./source/control_unit.vhd:1039:41:@28280ns:(report note): sw
./source/control_unit.vhd:1039:41:@28300ns:(report note): sw
./source/control_unit.vhd:836:33:@28300ns:(report note): jal
./source/control_unit.vhd:836:33:@28300ns:(report note): jal
./source/control_unit.vhd:836:33:@28300ns:(report note): jal
./source/control_unit.vhd:836:33:@28320ns:(report note): jal
./source/control_unit.vhd:964:41:@28320ns:(report note): lw
./source/control_unit.vhd:964:41:@28320ns:(report note): lw
./source/control_unit.vhd:964:41:@28320ns:(report note): lw
./source/control_unit.vhd:964:41:@28340ns:(report note): lw
./source/control_unit.vhd:863:41:@28340ns:(report note): addi
./source/control_unit.vhd:863:41:@28340ns:(report note): addi
./source/control_unit.vhd:863:41:@28340ns:(report note): addi
./source/control_unit.vhd:863:41:@28360ns:(report note): addi
./source/control_unit.vhd:964:41:@28360ns:(report note): lw
./source/control_unit.vhd:964:41:@28360ns:(report note): lw
./source/control_unit.vhd:964:41:@28360ns:(report note): lw
./source/control_unit.vhd:964:41:@28380ns:(report note): lw
./source/control_unit.vhd:964:41:@28380ns:(report note): lw
./source/control_unit.vhd:964:41:@28380ns:(report note): lw
./source/control_unit.vhd:964:41:@28380ns:(report note): lw
./source/control_unit.vhd:964:41:@28400ns:(report note): lw
./source/control_unit.vhd:1161:45:@28400ns:(report note): slt
./source/control_unit.vhd:1161:45:@28400ns:(report note): slt
./source/control_unit.vhd:1161:45:@28400ns:(report note): slt
./source/control_unit.vhd:1161:45:@28460ns:(report note): slt
./source/control_unit.vhd:1234:41:@28460ns:(report note): beq
./source/control_unit.vhd:1234:41:@28460ns:(report note): beq
./source/control_unit.vhd:1234:41:@28460ns:(report note): beq
./source/control_unit.vhd:1234:41:@28480ns:(report note): beq
./source/control_unit.vhd:836:33:@28480ns:(report note): jal
./source/control_unit.vhd:836:33:@28480ns:(report note): jal
./source/control_unit.vhd:836:33:@28480ns:(report note): jal
./source/control_unit.vhd:836:33:@28500ns:(report note): jal
./source/control_unit.vhd:863:41:@28500ns:(report note): addi
./source/control_unit.vhd:863:41:@28500ns:(report note): addi
./source/control_unit.vhd:863:41:@28500ns:(report note): addi
./source/control_unit.vhd:863:41:@28520ns:(report note): addi
./source/control_unit.vhd:1525:33:@28520ns:(report note): auipc
./source/control_unit.vhd:1525:33:@28520ns:(report note): auipc
./source/control_unit.vhd:1525:33:@28520ns:(report note): auipc
./source/control_unit.vhd:1525:33:@28540ns:(report note): auipc
./source/control_unit.vhd:863:41:@28540ns:(report note): addi
./source/control_unit.vhd:863:41:@28540ns:(report note): addi
./source/control_unit.vhd:863:41:@28540ns:(report note): addi
./source/control_unit.vhd:863:41:@28560ns:(report note): addi
./source/control_unit.vhd:964:41:@28560ns:(report note): lw
./source/control_unit.vhd:964:41:@28560ns:(report note): lw
./source/control_unit.vhd:964:41:@28560ns:(report note): lw
./source/control_unit.vhd:964:41:@28600ns:(report note): lw
./source/control_unit.vhd:1039:41:@28600ns:(report note): sw
./source/control_unit.vhd:1039:41:@28600ns:(report note): sw
./source/control_unit.vhd:1039:41:@28600ns:(report note): sw
./source/control_unit.vhd:1039:41:@28620ns:(report note): sw
./source/control_unit.vhd:964:41:@28620ns:(report note): lw
./source/control_unit.vhd:964:41:@28620ns:(report note): lw
./source/control_unit.vhd:964:41:@28620ns:(report note): lw
./source/control_unit.vhd:964:41:@28660ns:(report note): lw
./source/control_unit.vhd:964:41:@28660ns:(report note): lw
./source/control_unit.vhd:964:41:@28660ns:(report note): lw
./source/control_unit.vhd:964:41:@28660ns:(report note): lw
./source/control_unit.vhd:964:41:@28680ns:(report note): lw
./source/control_unit.vhd:1207:45:@28680ns:(report note): and
./source/control_unit.vhd:1207:45:@28680ns:(report note): and
./source/control_unit.vhd:1207:45:@28680ns:(report note): and
./source/control_unit.vhd:1207:45:@28740ns:(report note): and
./source/control_unit.vhd:1161:45:@28740ns:(report note): slt
./source/control_unit.vhd:1161:45:@28740ns:(report note): slt
./source/control_unit.vhd:1161:45:@28740ns:(report note): slt
./source/control_unit.vhd:1161:45:@28760ns:(report note): slt
./source/control_unit.vhd:926:41:@28760ns:(report note): andi
./source/control_unit.vhd:926:41:@28760ns:(report note): andi
./source/control_unit.vhd:926:41:@28760ns:(report note): andi
./source/control_unit.vhd:926:41:@28780ns:(report note): andi
./source/control_unit.vhd:1145:49:@28780ns:(report note): add
./source/control_unit.vhd:1145:49:@28780ns:(report note): add
./source/control_unit.vhd:1145:49:@28780ns:(report note): add
./source/control_unit.vhd:1145:49:@28800ns:(report note): add
./source/control_unit.vhd:964:41:@28800ns:(report note): lw
./source/control_unit.vhd:964:41:@28800ns:(report note): lw
./source/control_unit.vhd:964:41:@28800ns:(report note): lw
./source/control_unit.vhd:964:41:@28840ns:(report note): lw
./source/control_unit.vhd:863:41:@28840ns:(report note): addi
./source/control_unit.vhd:863:41:@28840ns:(report note): addi
./source/control_unit.vhd:863:41:@28840ns:(report note): addi
./source/control_unit.vhd:863:41:@28860ns:(report note): addi
./source/control_unit.vhd:849:33:@28860ns:(report note): jalr
./source/control_unit.vhd:849:33:@28860ns:(report note): jalr
./source/control_unit.vhd:849:33:@28860ns:(report note): jalr
./source/control_unit.vhd:849:33:@28880ns:(report note): jalr
./source/control_unit.vhd:1557:37:@28880ns:(report note): ebreak
./source/control_unit.vhd:1557:37:@28880ns:(report note): ebreak
./source/control_unit.vhd:1557:37:@28880ns:(report note): ebreak
./source/control_unit.vhd:1562:37:@28900ns:(report note): ecall
./source/control_unit.vhd:863:41:@28900ns:(report note): addi
./source/control_unit.vhd:863:41:@28900ns:(report note): addi
./source/control_unit.vhd:863:41:@28900ns:(report note): addi
./source/control_unit.vhd:863:41:@28920ns:(report note): addi
./source/control_unit.vhd:1577:25:@28920ns:(report note): Illegal Instruction (0xUUUUUUUUUUUUUUUUUUUUUUUUUUUUUUUU)
./source/control_unit.vhd:1577:25:@28920ns:(report note): Illegal Instruction (0xUUUUUUUUUUUUUUUUUUUUUUUUUUUUUUUU)
../../src/ieee2008/numeric_std-body.vhdl:3036:7:@28920ns:(assertion warning): NUMERIC_STD.TO_INTEGER: metavalue detected, returning 0
../../src/ieee2008/numeric_std-body.vhdl:3036:7:@28920ns:(assertion warning): NUMERIC_STD.TO_INTEGER: metavalue detected, returning 0
./source/control_unit.vhd:1577:25:@28920ns:(report note): Illegal Instruction (0xUUUUUUUUUUUUUUUUUUUUUUUUUUUUUUUU)
simulation finished @29us
