In clock cycle: 3
Register Write to Reg: 0x00 Val: 0x00000000
In clock cycle: 4
Register Write to Reg: 0x02 Val: 0x10011000
In clock cycle: 5
Register Write to Reg: 0x02 Val: 0x10011000
In clock cycle: 6
Register Write to Reg: 0x08 Val: 0x00000000
In clock cycle: 7
Register Write to Reg: 0x01 Val: 0x0040000C
In clock cycle: 8
Register Write to Reg: 0x01 Val: 0x00400018
In clock cycle: 9
Register Write to Reg: 0x00 Val: 0x00400018
In clock cycle: 11
Register Write to Reg: 0x00 Val: 0x00000000
In clock cycle: 12
Register Write to Reg: 0x02 Val: 0x10010FD8
In clock cycle: 14
Memory Write to Addr: 0x10010FFC Val: 0x00400018
In clock cycle: 15
Memory Write to Addr: 0x10010FF8 Val: 0x00000000
In clock cycle: 17
Register Write to Reg: 0x08 Val: 0x10010FD8
In clock cycle: 17
Memory Write to Addr: 0x10010FF0 Val: 0x00000000
In clock cycle: 19
Register Write to Reg: 0x00 Val: 0x00400038
In clock cycle: 21
Register Write to Reg: 0x00 Val: 0x00000000
In clock cycle: 22
Register Write to Reg: 0x07 Val: 0x00000000
In clock cycle: 24
Register Write to Reg: 0x07 Val: 0x00000001
In clock cycle: 26
Register Write to Reg: 0x00 Val: 0x00400080
In clock cycle: 28
Register Write to Reg: 0x00 Val: 0x00000000
In clock cycle: 29
Register Write to Reg: 0x1D Val: 0x00000000
In clock cycle: 30
Register Write to Reg: 0x01 Val: 0x0040003C
In clock cycle: 31
Register Write to Reg: 0x01 Val: 0x00400048
In clock cycle: 32
Register Write to Reg: 0x00 Val: 0x00400048
In clock cycle: 34
Register Write to Reg: 0x00 Val: 0x00000000
In clock cycle: 35
Register Write to Reg: 0x07 Val: 0x00000001
In clock cycle: 37
Register Write to Reg: 0x1D Val: 0x00000000
In clock cycle: 38
Register Write to Reg: 0x01 Val: 0x00400058
In clock cycle: 39
Register Write to Reg: 0x01 Val: 0x00400064
In clock cycle: 40
Register Write to Reg: 0x00 Val: 0x00400064
In clock cycle: 42
Register Write to Reg: 0x00 Val: 0x00000000
In clock cycle: 43
Register Write to Reg: 0x02 Val: 0x10010FA8
In clock cycle: 45
Memory Write to Addr: 0x10010FD4 Val: 0x00400064
In clock cycle: 46
Memory Write to Addr: 0x10010FD0 Val: 0x10010FD8
In clock cycle: 48
Register Write to Reg: 0x08 Val: 0x10010FA8
In clock cycle: 50
Memory Write to Addr: 0x10010FD8 Val: 0x00000000
In clock cycle: 52
Register Write to Reg: 0x1D Val: 0x00000000
In clock cycle: 53
Register Write to Reg: 0x01 Val: 0x004001A0
In clock cycle: 54
Register Write to Reg: 0x01 Val: 0x004001AC
In clock cycle: 55
Register Write to Reg: 0x00 Val: 0x004001AC
In clock cycle: 57
Register Write to Reg: 0x00 Val: 0x00000000
In clock cycle: 58
Register Write to Reg: 0x02 Val: 0x10010F88
In clock cycle: 60
Memory Write to Addr: 0x10010FA4 Val: 0x10010FA8
In clock cycle: 62
Register Write to Reg: 0x08 Val: 0x10010F88
In clock cycle: 64
Memory Write to Addr: 0x10010FA8 Val: 0x00000000
In clock cycle: 66
Register Write to Reg: 0x07 Val: 0x00000001
In clock cycle: 68
Memory Write to Addr: 0x10010F90 Val: 0x00000001
In clock cycle: 69
Memory Write to Addr: 0x10010F94 Val: 0x00000000
In clock cycle: 71
Register Write to Reg: 0x00 Val: 0x00400374
In clock cycle: 73
Register Write to Reg: 0x00 Val: 0x00000000
In clock cycle: 74
Register Write to Reg: 0x1C Val: 0x00000000
In clock cycle: 75
Register Write to Reg: 0x07 Val: 0x00000000
In clock cycle: 78
Register Write to Reg: 0x07 Val: 0x00000000
In clock cycle: 81
Register Write to Reg: 0x00 Val: 0x00000000
In clock cycle: 82
Register Write to Reg: 0x07 Val: 0x100103A0
In clock cycle: 83
Register Write to Reg: 0x07 Val: 0x10010024
In clock cycle: 85
Memory Write to Addr: 0x10010F98 Val: 0x10010024
In clock cycle: 87
Register Write to Reg: 0x07 Val: 0x10010024
In clock cycle: 89
Register Write to Reg: 0x1C Val: 0x00000000
In clock cycle: 90
Register Write to Reg: 0x07 Val: 0x00000001
In clock cycle: 93
Register Write to Reg: 0x1C Val: 0x00000001
In clock cycle: 94
Register Write to Reg: 0x07 Val: 0x10010024
In clock cycle: 96
Memory Write to Addr: 0x10010024 Val: 0x00000001
In clock cycle: 98
Register Write to Reg: 0x02 Val: 0x10010F88
In clock cycle: 100
Register Write to Reg: 0x08 Val: 0x10010FA8
In clock cycle: 101
Register Write to Reg: 0x02 Val: 0x10010FA8
In clock cycle: 102
Register Write to Reg: 0x00 Val: 0x004003D4
In clock cycle: 104
Register Write to Reg: 0x00 Val: 0x00000000
In clock cycle: 104
Memory Write to Addr: 0x10010FC4 Val: 0x10010FA8
In clock cycle: 106
Register Write to Reg: 0x08 Val: 0x10010FA8
In clock cycle: 108
Memory Write to Addr: 0x10010FC8 Val: 0x00000000
In clock cycle: 110
Register Write to Reg: 0x07 Val: 0x00000001
In clock cycle: 112
Memory Write to Addr: 0x10010FB0 Val: 0x00000001
In clock cycle: 113
Memory Write to Addr: 0x10010FB4 Val: 0x00000000
In clock cycle: 115
Register Write to Reg: 0x00 Val: 0x004003F4
In clock cycle: 117
Register Write to Reg: 0x00 Val: 0x00000000
In clock cycle: 118
Register Write to Reg: 0x1C Val: 0x00000000
In clock cycle: 119
Register Write to Reg: 0x07 Val: 0x00000000
In clock cycle: 122
Register Write to Reg: 0x07 Val: 0x00000000
In clock cycle: 125
Register Write to Reg: 0x00 Val: 0x00000000
In clock cycle: 126
Register Write to Reg: 0x07 Val: 0x10010420
In clock cycle: 127
Register Write to Reg: 0x07 Val: 0x10010024
In clock cycle: 129
Register Write to Reg: 0x07 Val: 0x00000001
In clock cycle: 130
Memory Write to Addr: 0x10010FB8 Val: 0x00000001
In clock cycle: 132
Register Write to Reg: 0x1C Val: 0x00000001
In clock cycle: 133
Register Write to Reg: 0x07 Val: 0x00000001
In clock cycle: 136
Register Write to Reg: 0x07 Val: 0x00000001
In clock cycle: 137
Register Write to Reg: 0x07 Val: 0x00000001
In clock cycle: 138
Register Write to Reg: 0x07 Val: 0x00000001
In clock cycle: 139
Register Write to Reg: 0x02 Val: 0x10010FA8
In clock cycle: 141
Register Write to Reg: 0x08 Val: 0x10010FA8
In clock cycle: 142
Register Write to Reg: 0x02 Val: 0x10010FC8
In clock cycle: 143
Register Write to Reg: 0x00 Val: 0x00400454
In clock cycle: 145
Register Write to Reg: 0x00 Val: 0x00000000
Execution stopped at cycle 146
