[inst #6] li      ra,1
Register Write to Reg: 0x01 Val: 0x00000001
[inst #7] li      sp,2
Register Write to Reg: 0x02 Val: 0x00000002
[inst #8] li      gp,3
Register Write to Reg: 0x03 Val: 0x00000003
[inst #9] li      tp,4
Register Write to Reg: 0x04 Val: 0x00000004
[inst #10] li      t0,5
Register Write to Reg: 0x05 Val: 0x00000005
[inst #11] li      t1,6
Register Write to Reg: 0x06 Val: 0x00000006
[inst #12] li      t2,7
Register Write to Reg: 0x07 Val: 0x00000007
[inst #13] li      s0,8
Register Write to Reg: 0x08 Val: 0x00000008
[inst #14] li      s1,9
Register Write to Reg: 0x09 Val: 0x00000009
[inst #15] li      a0,10
Register Write to Reg: 0x0a Val: 0x0000000a
[inst #16] add     a1,ra,sp
Register Write to Reg: 0x0b Val: 0x00000003
[inst #17] sub     a2,a1,gp
Register Write to Reg: 0x0c Val: 0x00000000
[inst #18] add     a3,a2,tp
Register Write to Reg: 0x0d Val: 0x00000004
[inst #19] sub     a4,a3,t0
Register Write to Reg: 0x0e Val: 0xffffffff
[inst #20] add     a5,a4,t1
Register Write to Reg: 0x0f Val: 0x00000005
[inst #21] sub     a6,a5,t2
Register Write to Reg: 0x10 Val: 0xfffffffe
[inst #22] add     a7,a6,s0
Register Write to Reg: 0x11 Val: 0x00000006
[inst #23] sub     s2,a7,s1
Register Write to Reg: 0x12 Val: 0xfffffffd
[inst #24] add     s3,s2,a0
Register Write to Reg: 0x13 Val: 0x00000007
[inst #25] li      s4,35
Register Write to Reg: 0x14 Val: 0x00000023
[inst #26] add     s5,s3,s4
Register Write to Reg: 0x15 Val: 0x0000002a
