../../src/ieee2008/numeric_std-body.vhdl:3036:7:@0ms:(assertion warning): NUMERIC_STD.TO_INTEGER: metavalue detected, returning 0
../../src/ieee2008/numeric_std-body.vhdl:3036:7:@0ms:(assertion warning): NUMERIC_STD.TO_INTEGER: metavalue detected, returning 0
../../src/ieee2008/numeric_std-body.vhdl:3036:7:@0ms:(assertion warning): NUMERIC_STD.TO_INTEGER: metavalue detected, returning 0
../../src/ieee2008/numeric_std-body.vhdl:3036:7:@0ms:(assertion warning): NUMERIC_STD.TO_INTEGER: metavalue detected, returning 0
../../src/ieee2008/numeric_std-body.vhdl:3036:7:@0ms:(assertion warning): NUMERIC_STD.TO_INTEGER: metavalue detected, returning 0
./source/control_unit.vhd:1725:25:@0ms:(report note): Illegal Instruction (0xUUUUUUUUUUUUUUUUUUUUUUUUUUUUUUUU)
../../src/ieee2008/numeric_std-body.vhdl:3036:7:@0ms:(assertion warning): NUMERIC_STD.TO_INTEGER: metavalue detected, returning 0
../../src/ieee2008/numeric_std-body.vhdl:3036:7:@0ms:(assertion warning): NUMERIC_STD.TO_INTEGER: metavalue detected, returning 0
../../src/ieee2008/numeric_std-body.vhdl:1320:7:@0ms:(assertion warning): NUMERIC_STD."<": metavalue detected, returning FALSE
../../src/ieee2008/numeric_std-body.vhdl:1347:7:@0ms:(assertion warning): NUMERIC_STD."<": metavalue detected, returning FALSE
../../src/ieee2008/numeric_std-body.vhdl:1347:7:@0ms:(assertion warning): NUMERIC_STD."<": metavalue detected, returning FALSE
../../src/ieee2008/numeric_std-body.vhdl:1320:7:@0ms:(assertion warning): NUMERIC_STD."<": metavalue detected, returning FALSE
../../src/ieee2008/numeric_std-body.vhdl:1195:7:@0ms:(assertion warning): NUMERIC_STD.">": metavalue detected, returning FALSE
../../src/ieee2008/numeric_std-body.vhdl:1168:7:@0ms:(assertion warning): NUMERIC_STD.">": metavalue detected, returning FALSE
../../src/ieee2008/numeric_std-body.vhdl:1168:7:@0ms:(assertion warning): NUMERIC_STD.">": metavalue detected, returning FALSE
../../src/ieee2008/numeric_std-body.vhdl:1195:7:@0ms:(assertion warning): NUMERIC_STD.">": metavalue detected, returning FALSE
../../src/ieee2008/numeric_std-body.vhdl:1320:7:@0ms:(assertion warning): NUMERIC_STD."<": metavalue detected, returning FALSE
../../src/ieee2008/numeric_std-body.vhdl:1347:7:@0ms:(assertion warning): NUMERIC_STD."<": metavalue detected, returning FALSE
../../src/ieee2008/numeric_std-body.vhdl:1347:7:@0ms:(assertion warning): NUMERIC_STD."<": metavalue detected, returning FALSE
../../src/ieee2008/numeric_std-body.vhdl:1320:7:@0ms:(assertion warning): NUMERIC_STD."<": metavalue detected, returning FALSE
../../src/ieee2008/numeric_std-body.vhdl:3036:7:@0ms:(assertion warning): NUMERIC_STD.TO_INTEGER: metavalue detected, returning 0
../../src/ieee2008/numeric_std-body.vhdl:3036:7:@0ms:(assertion warning): NUMERIC_STD.TO_INTEGER: metavalue detected, returning 0
./source/control_unit.vhd:1725:25:@0ms:(report note): Illegal Instruction (0xUUUUUUUUUUUUUUUUUUUUUUUUUUUUUUUU)
../../src/ieee2008/numeric_std-body.vhdl:3036:7:@0ms:(assertion warning): NUMERIC_STD.TO_INTEGER: metavalue detected, returning 0
../../src/ieee2008/numeric_std-body.vhdl:3036:7:@0ms:(assertion warning): NUMERIC_STD.TO_INTEGER: metavalue detected, returning 0
./source/control_unit.vhd:1725:25:@0ms:(report note): Illegal Instruction (0xUUUUUUUUUUUUUUUUUUUUUUUUUUUUUUUU)
../../src/ieee2008/numeric_std-body.vhdl:3036:7:@15ns:(assertion warning): NUMERIC_STD.TO_INTEGER: metavalue detected, returning 0
../../src/ieee2008/numeric_std-body.vhdl:3036:7:@15ns:(assertion warning): NUMERIC_STD.TO_INTEGER: metavalue detected, returning 0
../../src/ieee2008/numeric_std-body.vhdl:3036:7:@15ns:(assertion warning): NUMERIC_STD.TO_INTEGER: metavalue detected, returning 0
../../src/ieee2008/numeric_std-body.vhdl:3036:7:@15ns:(assertion warning): NUMERIC_STD.TO_INTEGER: metavalue detected, returning 0
../../src/ieee2008/numeric_std-body.vhdl:1168:7:@15ns:(assertion warning): NUMERIC_STD.">": metavalue detected, returning FALSE
../../src/ieee2008/numeric_std-body.vhdl:1195:7:@15ns:(assertion warning): NUMERIC_STD.">": metavalue detected, returning FALSE
../../src/ieee2008/numeric_std-body.vhdl:1320:7:@15ns:(assertion warning): NUMERIC_STD."<": metavalue detected, returning FALSE
../../src/ieee2008/numeric_std-body.vhdl:1347:7:@15ns:(assertion warning): NUMERIC_STD."<": metavalue detected, returning FALSE
../../src/ieee2008/numeric_std-body.vhdl:1347:7:@15ns:(assertion warning): NUMERIC_STD."<": metavalue detected, returning FALSE
../../src/ieee2008/numeric_std-body.vhdl:1320:7:@15ns:(assertion warning): NUMERIC_STD."<": metavalue detected, returning FALSE
../../src/ieee2008/numeric_std-body.vhdl:3036:7:@20ns:(assertion warning): NUMERIC_STD.TO_INTEGER: metavalue detected, returning 0
../../src/ieee2008/numeric_std-body.vhdl:3036:7:@20ns:(assertion warning): NUMERIC_STD.TO_INTEGER: metavalue detected, returning 0
./source/control_unit.vhd:1011:41:@20940ns:(report note): addi
./source/control_unit.vhd:1011:41:@20960ns:(report note): addi
./source/control_unit.vhd:1011:41:@20960ns:(report note): addi
./source/control_unit.vhd:1011:41:@20960ns:(report note): addi
./source/control_unit.vhd:1011:41:@20960ns:(report note): addi
./source/control_unit.vhd:1011:41:@20980ns:(report note): addi
./source/control_unit.vhd:1011:41:@20980ns:(report note): addi
./source/control_unit.vhd:1011:41:@20980ns:(report note): addi
./source/control_unit.vhd:1011:41:@20980ns:(report note): addi
./source/control_unit.vhd:1011:41:@21us:(report note): addi
./source/control_unit.vhd:1011:41:@21us:(report note): addi
./source/control_unit.vhd:1011:41:@21us:(report note): addi
./source/control_unit.vhd:1011:41:@21us:(report note): addi
./source/control_unit.vhd:1011:41:@21020ns:(report note): addi
./source/control_unit.vhd:1011:41:@21020ns:(report note): addi
./source/control_unit.vhd:1011:41:@21020ns:(report note): addi
./source/control_unit.vhd:1011:41:@21020ns:(report note): addi
./source/control_unit.vhd:1011:41:@21040ns:(report note): addi
./source/control_unit.vhd:1011:41:@21040ns:(report note): addi
./source/control_unit.vhd:1011:41:@21040ns:(report note): addi
./source/control_unit.vhd:1011:41:@21040ns:(report note): addi
./source/control_unit.vhd:1011:41:@21060ns:(report note): addi
./source/control_unit.vhd:1011:41:@21060ns:(report note): addi
./source/control_unit.vhd:1011:41:@21060ns:(report note): addi
./source/control_unit.vhd:1011:41:@21060ns:(report note): addi
./source/control_unit.vhd:1011:41:@21080ns:(report note): addi
./source/control_unit.vhd:1011:41:@21080ns:(report note): addi
./source/control_unit.vhd:1011:41:@21080ns:(report note): addi
./source/control_unit.vhd:1011:41:@21080ns:(report note): addi
./source/control_unit.vhd:1011:41:@21100ns:(report note): addi
./source/control_unit.vhd:1011:41:@21100ns:(report note): addi
./source/control_unit.vhd:1011:41:@21100ns:(report note): addi
./source/control_unit.vhd:1011:41:@21100ns:(report note): addi
./source/control_unit.vhd:1011:41:@21120ns:(report note): addi
./source/control_unit.vhd:1011:41:@21120ns:(report note): addi
./source/control_unit.vhd:1011:41:@21120ns:(report note): addi
./source/control_unit.vhd:1011:41:@21120ns:(report note): addi
./source/control_unit.vhd:1011:41:@21140ns:(report note): addi
./source/control_unit.vhd:1011:41:@21140ns:(report note): addi
./source/control_unit.vhd:1011:41:@21140ns:(report note): addi
./source/control_unit.vhd:1011:41:@21140ns:(report note): addi
./source/control_unit.vhd:1011:41:@21160ns:(report note): addi
./source/control_unit.vhd:1293:49:@21160ns:(report note): add
./source/control_unit.vhd:1293:49:@21160ns:(report note): add
./source/control_unit.vhd:1293:49:@21160ns:(report note): add
./source/control_unit.vhd:1293:49:@21180ns:(report note): add
./source/control_unit.vhd:1286:49:@21180ns:(report note): sub
./source/control_unit.vhd:1286:49:@21180ns:(report note): sub
./source/control_unit.vhd:1286:49:@21180ns:(report note): sub
./source/control_unit.vhd:1286:49:@21200ns:(report note): sub
./source/control_unit.vhd:1293:49:@21200ns:(report note): add
./source/control_unit.vhd:1293:49:@21200ns:(report note): add
./source/control_unit.vhd:1293:49:@21200ns:(report note): add
./source/control_unit.vhd:1293:49:@21220ns:(report note): add
./source/control_unit.vhd:1286:49:@21220ns:(report note): sub
./source/control_unit.vhd:1286:49:@21220ns:(report note): sub
./source/control_unit.vhd:1286:49:@21220ns:(report note): sub
./source/control_unit.vhd:1286:49:@21240ns:(report note): sub
./source/control_unit.vhd:1293:49:@21240ns:(report note): add
./source/control_unit.vhd:1293:49:@21240ns:(report note): add
./source/control_unit.vhd:1293:49:@21240ns:(report note): add
./source/control_unit.vhd:1293:49:@21260ns:(report note): add
./source/control_unit.vhd:1286:49:@21260ns:(report note): sub
./source/control_unit.vhd:1286:49:@21260ns:(report note): sub
./source/control_unit.vhd:1286:49:@21260ns:(report note): sub
./source/control_unit.vhd:1286:49:@21280ns:(report note): sub
./source/control_unit.vhd:1293:49:@21280ns:(report note): add
./source/control_unit.vhd:1293:49:@21280ns:(report note): add
./source/control_unit.vhd:1293:49:@21280ns:(report note): add
./source/control_unit.vhd:1293:49:@21300ns:(report note): add
./source/control_unit.vhd:1286:49:@21300ns:(report note): sub
./source/control_unit.vhd:1286:49:@21300ns:(report note): sub
./source/control_unit.vhd:1286:49:@21300ns:(report note): sub
./source/control_unit.vhd:1286:49:@21320ns:(report note): sub
./source/control_unit.vhd:1293:49:@21320ns:(report note): add
./source/control_unit.vhd:1293:49:@21320ns:(report note): add
./source/control_unit.vhd:1293:49:@21320ns:(report note): add
./source/control_unit.vhd:1293:49:@21340ns:(report note): add
./source/control_unit.vhd:1011:41:@21340ns:(report note): addi
./source/control_unit.vhd:1011:41:@21340ns:(report note): addi
./source/control_unit.vhd:1011:41:@21340ns:(report note): addi
./source/control_unit.vhd:1011:41:@21360ns:(report note): addi
./source/control_unit.vhd:1293:49:@21360ns:(report note): add
./source/control_unit.vhd:1293:49:@21360ns:(report note): add
./source/control_unit.vhd:1293:49:@21360ns:(report note): add
./source/control_unit.vhd:1293:49:@21380ns:(report note): add
./source/control_unit.vhd:1705:37:@21380ns:(report note): ebreak
./source/control_unit.vhd:1705:37:@21380ns:(report note): ebreak
./source/control_unit.vhd:1705:37:@21380ns:(report note): ebreak
./source/control_unit.vhd:1710:37:@21400ns:(report note): ecall
./source/control_unit.vhd:1725:25:@21400ns:(report note): Illegal Instruction (0xUUUUUUUUUUUUUUUUUUUUUUUUUUUUUUUU)
./source/control_unit.vhd:1725:25:@21400ns:(report note): Illegal Instruction (0xUUUUUUUUUUUUUUUUUUUUUUUUUUUUUUUU)
../../src/ieee2008/numeric_std-body.vhdl:3036:7:@21400ns:(assertion warning): NUMERIC_STD.TO_INTEGER: metavalue detected, returning 0
../../src/ieee2008/numeric_std-body.vhdl:3036:7:@21400ns:(assertion warning): NUMERIC_STD.TO_INTEGER: metavalue detected, returning 0
./source/control_unit.vhd:1725:25:@21400ns:(report note): Illegal Instruction (0xUUUUUUUUUUUUUUUUUUUUUUUUUUUUUUUU)
../../src/ieee2008/numeric_std-body.vhdl:3036:7:@21410ns:(assertion warning): NUMERIC_STD.TO_INTEGER: metavalue detected, returning 0
../../src/ieee2008/numeric_std-body.vhdl:3036:7:@21410ns:(assertion warning): NUMERIC_STD.TO_INTEGER: metavalue detected, returning 0
../../src/ieee2008/numeric_std-body.vhdl:3036:7:@21430ns:(assertion warning): NUMERIC_STD.TO_INTEGER: metavalue detected, returning 0
../../src/ieee2008/numeric_std-body.vhdl:3036:7:@21430ns:(assertion warning): NUMERIC_STD.TO_INTEGER: metavalue detected, returning 0
simulation finished @21460ns
